#
# There is insufficient memory for the Java Runtime Environment to continue.
# Native memory allocation (mmap) failed to map 256901120 bytes for Failed to commit area from 0x00000000b1000000 to 0x00000000c0500000 of length 256901120.
# Possible reasons:
#   The system is out of physical RAM or swap space
#   The process is running with CompressedOops enabled, and the Java Heap may be blocking the growth of the native heap
# Possible solutions:
#   Reduce memory load on the system
#   Increase physical memory or swap space
#   Check if swap backing store is full
#   Decrease Java heap size (-Xmx/-Xms)
#   Decrease number of Java threads
#   Decrease Java thread stack sizes (-Xss)
#   Set larger code cache with -XX:ReservedCodeCacheSize=
#   JVM is running with Unscaled Compressed Oops mode in which the Java heap is
#     placed in the first 4GB address space. The Java Heap base address is the
#     maximum limit for the native heap growth. Please use -XX:HeapBaseMinAddress
#     to set the Java Heap base and to place the Java Heap above 4GB virtual address.
# This output file may be truncated or incomplete.
#
#  Out of Memory Error (./src/hotspot/os/windows/os_windows.cpp:3301), pid=25452, tid=12728
#
# JRE version: OpenJDK Runtime Environment (11.0.10) (build 11.0.10+0-b96-7249189)
# Java VM: OpenJDK 64-Bit Server VM (11.0.10+0-b96-7249189, mixed mode, tiered, compressed oops, g1 gc, windows-amd64)
# No core dump will be written. Minidumps are not enabled by default on client versions of Windows
#

---------------  S U M M A R Y ------------

Command Line: --add-opens=java.base/java.util=ALL-UNNAMED --add-opens=java.base/java.lang=ALL-UNNAMED --add-opens=java.base/java.lang.invoke=ALL-UNNAMED --add-opens=java.base/java.util=ALL-UNNAMED --add-opens=java.prefs/java.util.prefs=ALL-UNNAMED --add-opens=java.prefs/java.util.prefs=ALL-UNNAMED --add-opens=java.base/java.nio.charset=ALL-UNNAMED --add-opens=java.base/java.net=ALL-UNNAMED --add-opens=java.base/java.util.concurrent.atomic=ALL-UNNAMED -Xmx1536m -Dfile.encoding=windows-1252 -Duser.country=ES -Duser.language=es -Duser.variant org.gradle.launcher.daemon.bootstrap.GradleDaemon 7.0.2

Host: Intel(R) Core(TM) i5-10210U CPU @ 1.60GHz, 8 cores, 7G,  Windows 10 , 64 bit Build 19041 (10.0.19041.1503)
Time: Wed Feb 23 02:25:14 2022 Hora estándar del Centro elapsed time: 31.812708 seconds (0d 0h 0m 31s)

---------------  T H R E A D  ---------------

Current thread (0x00000200cf433000):  VMThread "VM Thread" [stack: 0x0000003294000000,0x0000003294100000] [id=12728]

Stack: [0x0000003294000000,0x0000003294100000]
[error occurred during error reporting (printing stack bounds), id 0xc0000005, EXCEPTION_ACCESS_VIOLATION (0xc0000005) at pc=0x00000200b9690f2d]

Native frames: (J=compiled Java code, j=interpreted, Vv=VM code, C=native code)
V  [jvm.dll+0x5ecfaa]
V  [jvm.dll+0x722bd5]
V  [jvm.dll+0x72412d]
V  [jvm.dll+0x724745]
V  [jvm.dll+0x7246fb]
V  [jvm.dll+0x5ec348]
V  [jvm.dll+0x5ecad8]
C  [ntdll.dll+0xa20cf]
C  [ntdll.dll+0x51454]
C  [ntdll.dll+0xa0bfe]
C  0x00000200b9690f2d

VM_Operation (0x00000032993fd820): G1CollectForAllocation, mode: safepoint, requested by thread 0x00000200d93b1800


---------------  P R O C E S S  ---------------

Threads class SMR info:
_java_thread_list=0x00000200d8edcfa0, length=78, elements={
0x00000200b5b9c800, 0x00000200cf435800, 0x00000200cf444800, 0x00000200cfde3800,
0x00000200cfde5800, 0x00000200cfde7000, 0x00000200cfde8000, 0x00000200cfde9000,
0x00000200cfdf0800, 0x00000200cff32800, 0x00000200d20b5000, 0x00000200d131f800,
0x00000200d1e7d000, 0x00000200d1e6f800, 0x00000200d1e71000, 0x00000200d18c3000,
0x00000200d18b4800, 0x00000200d214c000, 0x00000200d18c1800, 0x00000200d21e7000,
0x00000200d21e7800, 0x00000200d21eb000, 0x00000200d21ea000, 0x00000200d21e8800,
0x00000200d21e9800, 0x00000200d21ec000, 0x00000200d21e6000, 0x00000200d21ec800,
0x00000200d2cae800, 0x00000200d2cb0000, 0x00000200d2caf800, 0x00000200d2cad800,
0x00000200d2caa800, 0x00000200d2cb2000, 0x00000200d2cac000, 0x00000200d2cb8800,
0x00000200d2cb6000, 0x00000200d2cb7800, 0x00000200d2cb6800, 0x00000200d2cb2800,
0x00000200d2cb4000, 0x00000200d2cb9000, 0x00000200d2cb3800, 0x00000200d2cb5000,
0x00000200d5f99000, 0x00000200d5f95800, 0x00000200d5f94000, 0x00000200d5f93800,
0x00000200d5f96800, 0x00000200d5f9a800, 0x00000200d5f95000, 0x00000200d5f9b800,
0x00000200d5f9c800, 0x00000200d5f9a000, 0x00000200d5f9d000, 0x00000200d5f97800,
0x00000200d5f98000, 0x00000200d5f9e000, 0x00000200d5fa0800, 0x00000200d5f9e800,
0x00000200d5f9f800, 0x00000200d5fa1000, 0x00000200d5fa2000, 0x00000200d44ce000,
0x00000200d44cd800, 0x00000200d44d1800, 0x00000200d44d3000, 0x00000200d44d0800,
0x00000200d44cf800, 0x00000200d44d4000, 0x00000200d44d2000, 0x00000200d44cf000,
0x00000200d93b2000, 0x00000200d93b0800, 0x00000200d93b1800, 0x00000200d93af000,
0x00000200d93b3000, 0x00000200d93ad000
}

Java Threads: ( => current thread )
  0x00000200b5b9c800 JavaThread "main" [_thread_blocked, id=13632, stack(0x0000003293a00000,0x0000003293b00000)]
  0x00000200cf435800 JavaThread "Reference Handler" daemon [_thread_blocked, id=15092, stack(0x0000003294100000,0x0000003294200000)]
  0x00000200cf444800 JavaThread "Finalizer" daemon [_thread_blocked, id=33068, stack(0x0000003294200000,0x0000003294300000)]
  0x00000200cfde3800 JavaThread "Signal Dispatcher" daemon [_thread_blocked, id=25680, stack(0x0000003294300000,0x0000003294400000)]
  0x00000200cfde5800 JavaThread "Attach Listener" daemon [_thread_blocked, id=11664, stack(0x0000003294400000,0x0000003294500000)]
  0x00000200cfde7000 JavaThread "Service Thread" daemon [_thread_blocked, id=30304, stack(0x0000003294500000,0x0000003294600000)]
  0x00000200cfde8000 JavaThread "C2 CompilerThread0" daemon [_thread_in_native, id=33216, stack(0x0000003294600000,0x0000003294700000)]
  0x00000200cfde9000 JavaThread "C1 CompilerThread0" daemon [_thread_blocked, id=31792, stack(0x0000003294700000,0x0000003294800000)]
  0x00000200cfdf0800 JavaThread "Sweeper thread" daemon [_thread_blocked, id=32912, stack(0x0000003294800000,0x0000003294900000)]
  0x00000200cff32800 JavaThread "Common-Cleaner" daemon [_thread_blocked, id=27120, stack(0x0000003294900000,0x0000003294a00000)]
  0x00000200d20b5000 JavaThread "Daemon health stats" [_thread_blocked, id=20656, stack(0x0000003294d00000,0x0000003294e00000)]
  0x00000200d131f800 JavaThread "Incoming local TCP Connector on port 58027" [_thread_in_native, id=34052, stack(0x0000003294e00000,0x0000003294f00000)]
  0x00000200d1e7d000 JavaThread "Daemon periodic checks" [_thread_blocked, id=27272, stack(0x0000003294f00000,0x0000003295000000)]
  0x00000200d1e6f800 JavaThread "Daemon" [_thread_blocked, id=24560, stack(0x0000003295000000,0x0000003295100000)]
  0x00000200d1e71000 JavaThread "Handler for socket connection from /127.0.0.1:58027 to /127.0.0.1:58029" [_thread_in_native, id=23476, stack(0x0000003295100000,0x0000003295200000)]
  0x00000200d18c3000 JavaThread "Cancel handler" [_thread_blocked, id=15296, stack(0x0000003295200000,0x0000003295300000)]
  0x00000200d18b4800 JavaThread "Daemon worker" [_thread_blocked, id=13816, stack(0x0000003295300000,0x0000003295400000)]
  0x00000200d214c000 JavaThread "Asynchronous log dispatcher for DefaultDaemonConnection: socket connection from /127.0.0.1:58027 to /127.0.0.1:58029" [_thread_blocked, id=2280, stack(0x0000003295400000,0x0000003295500000)]
  0x00000200d18c1800 JavaThread "Stdin handler" [_thread_blocked, id=24052, stack(0x0000003295500000,0x0000003295600000)]
  0x00000200d21e7000 JavaThread "Daemon client event forwarder" [_thread_blocked, id=8884, stack(0x0000003295600000,0x0000003295700000)]
  0x00000200d21e7800 JavaThread "Cache worker for file hash cache (C:\Users\migue\.gradle\caches\7.0.2\fileHashes)" [_thread_blocked, id=28336, stack(0x0000003295c00000,0x0000003295d00000)]
  0x00000200d21eb000 JavaThread "File lock request listener" [_thread_in_native, id=25628, stack(0x0000003295d00000,0x0000003295e00000)]
  0x00000200d21ea000 JavaThread "Cache worker for journal cache (C:\Users\migue\.gradle\caches\journal-1)" [_thread_blocked, id=28756, stack(0x0000003295f00000,0x0000003296000000)]
  0x00000200d21e8800 JavaThread "Cache worker for file hash cache (C:\Users\migue\AndroidStudioProjects\MiguelD330\GuessTheWord\.gradle\7.0.2\fileHashes)" [_thread_blocked, id=768, stack(0x0000003296000000,0x0000003296100000)]
  0x00000200d21e9800 JavaThread "File watcher server" daemon [_thread_blocked, id=32460, stack(0x0000003296100000,0x0000003296200000)]
  0x00000200d21ec000 JavaThread "File watcher consumer" daemon [_thread_blocked, id=27964, stack(0x0000003296200000,0x0000003296300000)]
  0x00000200d21e6000 JavaThread "Cache worker for checksums cache (C:\Users\migue\AndroidStudioProjects\MiguelD330\GuessTheWord\.gradle\checksums)" [_thread_blocked, id=29700, stack(0x0000003296300000,0x0000003296400000)]
  0x00000200d21ec800 JavaThread "Cache worker for cache directory md-supplier (C:\Users\migue\.gradle\caches\7.0.2\md-supplier)" [_thread_blocked, id=4044, stack(0x0000003296400000,0x0000003296500000)]
  0x00000200d2cae800 JavaThread "Cache worker for cache directory md-rule (C:\Users\migue\.gradle\caches\7.0.2\md-rule)" [_thread_blocked, id=29460, stack(0x0000003296500000,0x0000003296600000)]
  0x00000200d2cb0000 JavaThread "Cache worker for execution history cache (C:\Users\migue\.gradle\caches\7.0.2\executionHistory)" [_thread_blocked, id=32240, stack(0x0000003296600000,0x0000003296700000)]
  0x00000200d2caf800 JavaThread "jar transforms" [_thread_blocked, id=33244, stack(0x0000003296700000,0x0000003296800000)]
  0x00000200d2cad800 JavaThread "jar transforms Thread 2" [_thread_blocked, id=5240, stack(0x0000003296800000,0x0000003296900000)]
  0x00000200d2caa800 JavaThread "Cache worker for file content cache (C:\Users\migue\.gradle\caches\7.0.2\fileContent)" [_thread_blocked, id=6288, stack(0x0000003296900000,0x0000003296a00000)]
  0x00000200d2cb2000 JavaThread "Cache worker for dependencies-accessors (C:\Users\migue\AndroidStudioProjects\MiguelD330\GuessTheWord\.gradle\7.0.2\dependencies-accessors)" [_thread_blocked, id=5204, stack(0x0000003296a00000,0x0000003296b00000)]
  0x00000200d2cac000 JavaThread "jar transforms Thread 3" [_thread_blocked, id=21812, stack(0x0000003296b00000,0x0000003296c00000)]
  0x00000200d2cb8800 JavaThread "Cache worker for Build Output Cleanup Cache (C:\Users\migue\AndroidStudioProjects\MiguelD330\GuessTheWord\.gradle\buildOutputCleanup)" [_thread_blocked, id=26124, stack(0x0000003296c00000,0x0000003296d00000)]
  0x00000200d2cb6000 JavaThread "Build operations" [_thread_blocked, id=31236, stack(0x0000003296d00000,0x0000003296e00000)]
  0x00000200d2cb7800 JavaThread "Build operations Thread 2" [_thread_blocked, id=30024, stack(0x0000003296e00000,0x0000003296f00000)]
  0x00000200d2cb6800 JavaThread "Build operations Thread 3" [_thread_blocked, id=21256, stack(0x0000003296f00000,0x0000003297000000)]
  0x00000200d2cb2800 JavaThread "Build operations Thread 4" [_thread_blocked, id=23296, stack(0x0000003297000000,0x0000003297100000)]
  0x00000200d2cb4000 JavaThread "Build operations Thread 5" [_thread_blocked, id=13172, stack(0x0000003297100000,0x0000003297200000)]
  0x00000200d2cb9000 JavaThread "Build operations Thread 6" [_thread_blocked, id=23732, stack(0x0000003297200000,0x0000003297300000)]
  0x00000200d2cb3800 JavaThread "Build operations Thread 7" [_thread_blocked, id=15124, stack(0x0000003297300000,0x0000003297400000)]
  0x00000200d2cb5000 JavaThread "Build operations Thread 8" [_thread_blocked, id=2020, stack(0x0000003297400000,0x0000003297500000)]
  0x00000200d5f99000 JavaThread "jar transforms Thread 4" [_thread_blocked, id=28204, stack(0x0000003297500000,0x0000003297600000)]
  0x00000200d5f95800 JavaThread "jar transforms Thread 5" [_thread_blocked, id=8696, stack(0x0000003297600000,0x0000003297700000)]
  0x00000200d5f94000 JavaThread "jar transforms Thread 6" [_thread_blocked, id=6940, stack(0x0000003297700000,0x0000003297800000)]
  0x00000200d5f93800 JavaThread "jar transforms Thread 7" [_thread_blocked, id=22176, stack(0x0000003297800000,0x0000003297900000)]
  0x00000200d5f96800 JavaThread "jar transforms Thread 8" [_thread_blocked, id=33036, stack(0x0000003297900000,0x0000003297a00000)]
  0x00000200d5f9a800 JavaThread "Memory manager" [_thread_blocked, id=17784, stack(0x0000003297a00000,0x0000003297b00000)]
  0x00000200d5f95000 JavaThread "build event listener" [_thread_blocked, id=23064, stack(0x0000003297b00000,0x0000003297c00000)]
  0x00000200d5f9b800 JavaThread "build event listener" [_thread_blocked, id=13140, stack(0x0000003297c00000,0x0000003297d00000)]
  0x00000200d5f9c800 JavaThread "Execution worker for ':'" [_thread_blocked, id=27708, stack(0x0000003297d00000,0x0000003297e00000)]
  0x00000200d5f9a000 JavaThread "Execution worker for ':' Thread 2" [_thread_blocked, id=34616, stack(0x0000003297e00000,0x0000003297f00000)]
  0x00000200d5f9d000 JavaThread "Execution worker for ':' Thread 3" [_thread_blocked, id=15196, stack(0x0000003297f00000,0x0000003298000000)]
  0x00000200d5f97800 JavaThread "Execution worker for ':' Thread 4" [_thread_blocked, id=30400, stack(0x0000003298000000,0x0000003298100000)]
  0x00000200d5f98000 JavaThread "Execution worker for ':' Thread 5" [_thread_blocked, id=7208, stack(0x0000003298100000,0x0000003298200000)]
  0x00000200d5f9e000 JavaThread "Execution worker for ':' Thread 6" [_thread_blocked, id=29900, stack(0x0000003298200000,0x0000003298300000)]
  0x00000200d5fa0800 JavaThread "Execution worker for ':' Thread 7" [_thread_blocked, id=22648, stack(0x0000003298300000,0x0000003298400000)]
  0x00000200d5f9e800 JavaThread "Cache worker for execution history cache (C:\Users\migue\AndroidStudioProjects\MiguelD330\GuessTheWord\.gradle\7.0.2\executionHistory)" [_thread_blocked, id=6380, stack(0x0000003298400000,0x0000003298500000)]
  0x00000200d5f9f800 JavaThread "Cache worker for Java compile cache (C:\Users\migue\.gradle\caches\7.0.2\javaCompile)" [_thread_blocked, id=29364, stack(0x0000003298500000,0x0000003298600000)]
  0x00000200d5fa1000 JavaThread "Cache worker for Java compile cache (C:\Users\migue\AndroidStudioProjects\MiguelD330\GuessTheWord\.gradle\7.0.2\javaCompile)" [_thread_blocked, id=32868, stack(0x0000003298600000,0x0000003298700000)]
  0x00000200d5fa2000 JavaThread "WorkerExecutor Queue" [_thread_blocked, id=31588, stack(0x0000003298700000,0x0000003298800000)]
  0x00000200d44ce000 JavaThread "WorkerExecutor Queue Thread 2" [_thread_blocked, id=34028, stack(0x0000003298800000,0x0000003298900000)]
  0x00000200d44cd800 JavaThread "WorkerExecutor Queue Thread 3" [_thread_blocked, id=29068, stack(0x0000003298900000,0x0000003298a00000)]
  0x00000200d44d1800 JavaThread "WorkerExecutor Queue Thread 4" [_thread_blocked, id=5884, stack(0x0000003298a00000,0x0000003298b00000)]
  0x00000200d44d3000 JavaThread "WorkerExecutor Queue Thread 5" [_thread_blocked, id=6872, stack(0x0000003298b00000,0x0000003298c00000)]
  0x00000200d44d0800 JavaThread "WorkerExecutor Queue Thread 6" [_thread_blocked, id=12544, stack(0x0000003298c00000,0x0000003298d00000)]
  0x00000200d44cf800 JavaThread "WorkerExecutor Queue Thread 8" [_thread_blocked, id=24320, stack(0x0000003298e00000,0x0000003298f00000)]
  0x00000200d44d4000 JavaThread "WorkerExecutor Queue Thread 9" [_thread_blocked, id=15748, stack(0x0000003298f00000,0x0000003299000000)]
  0x00000200d44d2000 JavaThread "ForkJoinPool-1-worker-3" daemon [_thread_blocked, id=25612, stack(0x0000003298d00000,0x0000003298e00000)]
  0x00000200d44cf000 JavaThread "ForkJoinPool-1-worker-5" daemon [_thread_blocked, id=28440, stack(0x0000003299000000,0x0000003299100000)]
  0x00000200d93b2000 JavaThread "ForkJoinPool-1-worker-7" daemon [_thread_blocked, id=16788, stack(0x0000003299100000,0x0000003299200000)]
  0x00000200d93b0800 JavaThread "ForkJoinPool-1-worker-9" daemon [_thread_blocked, id=34752, stack(0x0000003299200000,0x0000003299300000)]
  0x00000200d93b1800 JavaThread "ForkJoinPool-1-worker-11" daemon [_thread_blocked, id=15056, stack(0x0000003299300000,0x0000003299400000)]
  0x00000200d93af000 JavaThread "ForkJoinPool-1-worker-13" daemon [_thread_blocked, id=32624, stack(0x0000003299400000,0x0000003299500000)]
  0x00000200d93b3000 JavaThread "ForkJoinPool-1-worker-15" daemon [_thread_blocked, id=15508, stack(0x0000003299500000,0x0000003299600000)]
  0x00000200d93ad000 JavaThread "ForkJoinPool-1-worker-1" daemon [_thread_blocked, id=14640, stack(0x0000003299600000,0x0000003299700000)]

Other Threads:
=>0x00000200cf433000 VMThread "VM Thread" [stack: 0x0000003294000000,0x0000003294100000] [id=12728]
  0x00000200cff6f000 WatcherThread [stack: 0x0000003294a00000,0x0000003294b00000] [id=32344]
  0x00000200b5bb5800 GCTaskThread "GC Thread#0" [stack: 0x0000003293b00000,0x0000003293c00000] [id=29444]
  0x00000200d080b800 GCTaskThread "GC Thread#1" [stack: 0x0000003294b00000,0x0000003294c00000] [id=25260]
  0x00000200d09e2800 GCTaskThread "GC Thread#2" [stack: 0x0000003294c00000,0x0000003294d00000] [id=28024]
  0x00000200d1909000 GCTaskThread "GC Thread#3" [stack: 0x0000003295700000,0x0000003295800000] [id=1736]
  0x00000200d1908800 GCTaskThread "GC Thread#4" [stack: 0x0000003295800000,0x0000003295900000] [id=12724]
  0x00000200d190c800 GCTaskThread "GC Thread#5" [stack: 0x0000003295900000,0x0000003295a00000] [id=30396]
  0x00000200d1907000 GCTaskThread "GC Thread#6" [stack: 0x0000003295a00000,0x0000003295b00000] [id=11240]
  0x00000200d190a800 GCTaskThread "GC Thread#7" [stack: 0x0000003295b00000,0x0000003295c00000] [id=14680]
  0x00000200b5bdd800 ConcurrentGCThread "G1 Main Marker" [stack: 0x0000003293c00000,0x0000003293d00000] [id=25484]
  0x00000200b5bde800 ConcurrentGCThread "G1 Conc#0" [stack: 0x0000003293d00000,0x0000003293e00000] [id=8064]
  0x00000200d190a000 ConcurrentGCThread "G1 Conc#1" [stack: 0x0000003295e00000,0x0000003295f00000] [id=31568]
  0x00000200b5c7a000 ConcurrentGCThread "G1 Refine#0" [stack: 0x0000003293e00000,0x0000003293f00000] [id=21796]
  0x00000200d8aee800 ConcurrentGCThread "G1 Refine#1" [stack: 0x0000003299700000,0x0000003299800000] [id=1648]
  0x00000200dbca0800 ConcurrentGCThread "G1 Refine#2" [stack: 0x0000003299800000,0x0000003299900000] [id=27704]
  0x00000200b5c7d800 ConcurrentGCThread "G1 Young RemSet Sampling" [stack: 0x0000003293f00000,0x0000003294000000] [id=20700]

Threads with active compile tasks:
C2 CompilerThread0  31855 15447 %     4       com.android.tools.r8.dex.j::a @ 315 (1038 bytes)

VM state:at safepoint (normal execution)

VM Mutex/Monitor currently owned by a thread:  ([mutex/lock_event])
[0x00000200b5b97d50] Threads_lock - owner thread: 0x00000200cf433000
[0x00000200b5b98b60] Heap_lock - owner thread: 0x00000200d93b1800

Heap address: 0x00000000a0000000, size: 1536 MB, Compressed Oops mode: 32-bit
Narrow klass base: 0x0000000000000000, Narrow klass shift: 3
Compressed class space size: 1073741824 Address: 0x0000000100000000

Heap:
 garbage-first heap   total 529408K, used 217088K [0x00000000a0000000, 0x0000000100000000)
  region size 1024K, 4 young (4096K), 4 survivors (4096K)
 Metaspace       used 117218K, capacity 120871K, committed 121036K, reserved 1153024K
  class space    used 15485K, capacity 16996K, committed 17100K, reserved 1048576K
Heap Regions: E=young(eden), S=young(survivor), O=old, HS=humongous(starts), HC=humongous(continues), CS=collection set, F=free, A=archive, TAMS=top-at-mark-start (previous, next)
|   0|0x00000000a0000000, 0x00000000a0100000, 0x00000000a0100000|100%| O|  |TAMS 0x00000000a0100000, 0x00000000a0000000| Untracked 
|   1|0x00000000a0100000, 0x00000000a0200000, 0x00000000a0200000|100%| O|  |TAMS 0x00000000a0200000, 0x00000000a0100000| Untracked 
|   2|0x00000000a0200000, 0x00000000a0300000, 0x00000000a0300000|100%| O|  |TAMS 0x00000000a0300000, 0x00000000a0200000| Untracked 
|   3|0x00000000a0300000, 0x00000000a0400000, 0x00000000a0400000|100%|HS|  |TAMS 0x00000000a0400000, 0x00000000a0300000| Complete 
|   4|0x00000000a0400000, 0x00000000a0500000, 0x00000000a0500000|100%|HC|  |TAMS 0x00000000a0500000, 0x00000000a0400000| Complete 
|   5|0x00000000a0500000, 0x00000000a0600000, 0x00000000a0600000|100%|HC|  |TAMS 0x00000000a0600000, 0x00000000a0500000| Complete 
|   6|0x00000000a0600000, 0x00000000a0700000, 0x00000000a0700000|100%| O|  |TAMS 0x00000000a0700000, 0x00000000a0600000| Untracked 
|   7|0x00000000a0700000, 0x00000000a0800000, 0x00000000a0800000|100%| O|  |TAMS 0x00000000a0800000, 0x00000000a0700000| Untracked 
|   8|0x00000000a0800000, 0x00000000a0900000, 0x00000000a0900000|100%| O|  |TAMS 0x00000000a0900000, 0x00000000a0800000| Untracked 
|   9|0x00000000a0900000, 0x00000000a0a00000, 0x00000000a0a00000|100%| O|  |TAMS 0x00000000a0a00000, 0x00000000a0900000| Untracked 
|  10|0x00000000a0a00000, 0x00000000a0b00000, 0x00000000a0b00000|100%| O|  |TAMS 0x00000000a0b00000, 0x00000000a0a00000| Untracked 
|  11|0x00000000a0b00000, 0x00000000a0c00000, 0x00000000a0c00000|100%| O|  |TAMS 0x00000000a0c00000, 0x00000000a0b00000| Untracked 
|  12|0x00000000a0c00000, 0x00000000a0d00000, 0x00000000a0d00000|100%| O|  |TAMS 0x00000000a0d00000, 0x00000000a0c00000| Untracked 
|  13|0x00000000a0d00000, 0x00000000a0e00000, 0x00000000a0e00000|100%| O|  |TAMS 0x00000000a0e00000, 0x00000000a0d00000| Untracked 
|  14|0x00000000a0e00000, 0x00000000a0f00000, 0x00000000a0f00000|100%| O|  |TAMS 0x00000000a0f00000, 0x00000000a0e00000| Untracked 
|  15|0x00000000a0f00000, 0x00000000a1000000, 0x00000000a1000000|100%| O|  |TAMS 0x00000000a1000000, 0x00000000a0f00000| Untracked 
|  16|0x00000000a1000000, 0x00000000a1100000, 0x00000000a1100000|100%| O|  |TAMS 0x00000000a1100000, 0x00000000a1000000| Untracked 
|  17|0x00000000a1100000, 0x00000000a1200000, 0x00000000a1200000|100%|HS|  |TAMS 0x00000000a1200000, 0x00000000a1100000| Complete 
|  18|0x00000000a1200000, 0x00000000a1300000, 0x00000000a1300000|100%| O|  |TAMS 0x00000000a1300000, 0x00000000a1200000| Untracked 
|  19|0x00000000a1300000, 0x00000000a1400000, 0x00000000a1400000|100%| O|  |TAMS 0x00000000a1400000, 0x00000000a1300000| Untracked 
|  20|0x00000000a1400000, 0x00000000a1500000, 0x00000000a1500000|100%| O|  |TAMS 0x00000000a1500000, 0x00000000a1400000| Untracked 
|  21|0x00000000a1500000, 0x00000000a1600000, 0x00000000a1600000|100%| O|  |TAMS 0x00000000a1600000, 0x00000000a1500000| Untracked 
|  22|0x00000000a1600000, 0x00000000a1700000, 0x00000000a1700000|100%| O|  |TAMS 0x00000000a1700000, 0x00000000a1600000| Untracked 
|  23|0x00000000a1700000, 0x00000000a1800000, 0x00000000a1800000|100%| O|  |TAMS 0x00000000a1800000, 0x00000000a1700000| Untracked 
|  24|0x00000000a1800000, 0x00000000a1900000, 0x00000000a1900000|100%|HS|  |TAMS 0x00000000a1900000, 0x00000000a1800000| Complete 
|  25|0x00000000a1900000, 0x00000000a1a00000, 0x00000000a1a00000|100%|HS|  |TAMS 0x00000000a1a00000, 0x00000000a1900000| Complete 
|  26|0x00000000a1a00000, 0x00000000a1b00000, 0x00000000a1b00000|100%|HS|  |TAMS 0x00000000a1b00000, 0x00000000a1a00000| Complete 
|  27|0x00000000a1b00000, 0x00000000a1c00000, 0x00000000a1c00000|100%|HC|  |TAMS 0x00000000a1c00000, 0x00000000a1b00000| Complete 
|  28|0x00000000a1c00000, 0x00000000a1d00000, 0x00000000a1d00000|100%|HC|  |TAMS 0x00000000a1d00000, 0x00000000a1c00000| Complete 
|  29|0x00000000a1d00000, 0x00000000a1e00000, 0x00000000a1e00000|100%| O|  |TAMS 0x00000000a1e00000, 0x00000000a1d00000| Untracked 
|  30|0x00000000a1e00000, 0x00000000a1f00000, 0x00000000a1f00000|100%| O|  |TAMS 0x00000000a1f00000, 0x00000000a1e00000| Untracked 
|  31|0x00000000a1f00000, 0x00000000a2000000, 0x00000000a2000000|100%| O|  |TAMS 0x00000000a2000000, 0x00000000a1f00000| Untracked 
|  32|0x00000000a2000000, 0x00000000a2100000, 0x00000000a2100000|100%| O|  |TAMS 0x00000000a2100000, 0x00000000a2000000| Untracked 
|  33|0x00000000a2100000, 0x00000000a2200000, 0x00000000a2200000|100%| O|  |TAMS 0x00000000a2200000, 0x00000000a2100000| Untracked 
|  34|0x00000000a2200000, 0x00000000a2300000, 0x00000000a2300000|100%| O|  |TAMS 0x00000000a22c2c00, 0x00000000a2200000| Untracked 
|  35|0x00000000a2300000, 0x00000000a2400000, 0x00000000a2400000|100%| O|  |TAMS 0x00000000a2400000, 0x00000000a2300000| Untracked 
|  36|0x00000000a2400000, 0x00000000a2500000, 0x00000000a2500000|100%|HS|  |TAMS 0x00000000a2500000, 0x00000000a2400000| Complete 
|  37|0x00000000a2500000, 0x00000000a2600000, 0x00000000a2600000|100%|HC|  |TAMS 0x00000000a2600000, 0x00000000a2500000| Complete 
|  38|0x00000000a2600000, 0x00000000a2700000, 0x00000000a2700000|100%| O|  |TAMS 0x00000000a2700000, 0x00000000a2600000| Untracked 
|  39|0x00000000a2700000, 0x00000000a2800000, 0x00000000a2800000|100%| O|  |TAMS 0x00000000a2800000, 0x00000000a2700000| Untracked 
|  40|0x00000000a2800000, 0x00000000a2900000, 0x00000000a2900000|100%| O|  |TAMS 0x00000000a2900000, 0x00000000a2800000| Untracked 
|  41|0x00000000a2900000, 0x00000000a2a00000, 0x00000000a2a00000|100%| O|  |TAMS 0x00000000a2a00000, 0x00000000a2900000| Untracked 
|  42|0x00000000a2a00000, 0x00000000a2b00000, 0x00000000a2b00000|100%| O|  |TAMS 0x00000000a2b00000, 0x00000000a2a00000| Untracked 
|  43|0x00000000a2b00000, 0x00000000a2c00000, 0x00000000a2c00000|100%| O|  |TAMS 0x00000000a2c00000, 0x00000000a2b00000| Untracked 
|  44|0x00000000a2c00000, 0x00000000a2d00000, 0x00000000a2d00000|100%| O|  |TAMS 0x00000000a2d00000, 0x00000000a2c00000| Untracked 
|  45|0x00000000a2d00000, 0x00000000a2e00000, 0x00000000a2e00000|100%| O|  |TAMS 0x00000000a2e00000, 0x00000000a2d00000| Untracked 
|  46|0x00000000a2e00000, 0x00000000a2f00000, 0x00000000a2f00000|100%| O|  |TAMS 0x00000000a2f00000, 0x00000000a2e00000| Untracked 
|  47|0x00000000a2f00000, 0x00000000a3000000, 0x00000000a3000000|100%| O|  |TAMS 0x00000000a3000000, 0x00000000a2f00000| Untracked 
|  48|0x00000000a3000000, 0x00000000a3100000, 0x00000000a3100000|100%| O|  |TAMS 0x00000000a3100000, 0x00000000a3000000| Untracked 
|  49|0x00000000a3100000, 0x00000000a3200000, 0x00000000a3200000|100%| O|  |TAMS 0x00000000a3200000, 0x00000000a3100000| Untracked 
|  50|0x00000000a3200000, 0x00000000a3300000, 0x00000000a3300000|100%| O|  |TAMS 0x00000000a3300000, 0x00000000a3200000| Untracked 
|  51|0x00000000a3300000, 0x00000000a3400000, 0x00000000a3400000|100%| O|  |TAMS 0x00000000a3400000, 0x00000000a3300000| Untracked 
|  52|0x00000000a3400000, 0x00000000a3500000, 0x00000000a3500000|100%| O|  |TAMS 0x00000000a3500000, 0x00000000a3400000| Untracked 
|  53|0x00000000a3500000, 0x00000000a3600000, 0x00000000a3600000|100%| O|  |TAMS 0x00000000a3600000, 0x00000000a3500000| Untracked 
|  54|0x00000000a3600000, 0x00000000a3700000, 0x00000000a3700000|100%| O|  |TAMS 0x00000000a3700000, 0x00000000a3600000| Untracked 
|  55|0x00000000a3700000, 0x00000000a3800000, 0x00000000a3800000|100%| O|  |TAMS 0x00000000a3800000, 0x00000000a3700000| Untracked 
|  56|0x00000000a3800000, 0x00000000a3900000, 0x00000000a3900000|100%| O|  |TAMS 0x00000000a3900000, 0x00000000a3800000| Untracked 
|  57|0x00000000a3900000, 0x00000000a3a00000, 0x00000000a3a00000|100%| O|  |TAMS 0x00000000a3a00000, 0x00000000a3900000| Untracked 
|  58|0x00000000a3a00000, 0x00000000a3b00000, 0x00000000a3b00000|100%| O|  |TAMS 0x00000000a3b00000, 0x00000000a3a00000| Untracked 
|  59|0x00000000a3b00000, 0x00000000a3c00000, 0x00000000a3c00000|100%| O|  |TAMS 0x00000000a3c00000, 0x00000000a3b00000| Untracked 
|  60|0x00000000a3c00000, 0x00000000a3d00000, 0x00000000a3d00000|100%| O|  |TAMS 0x00000000a3d00000, 0x00000000a3c00000| Untracked 
|  61|0x00000000a3d00000, 0x00000000a3e00000, 0x00000000a3e00000|100%| O|  |TAMS 0x00000000a3e00000, 0x00000000a3d00000| Untracked 
|  62|0x00000000a3e00000, 0x00000000a3f00000, 0x00000000a3f00000|100%| O|  |TAMS 0x00000000a3f00000, 0x00000000a3e00000| Untracked 
|  63|0x00000000a3f00000, 0x00000000a4000000, 0x00000000a4000000|100%| O|  |TAMS 0x00000000a4000000, 0x00000000a3f00000| Untracked 
|  64|0x00000000a4000000, 0x00000000a4100000, 0x00000000a4100000|100%| O|  |TAMS 0x00000000a4100000, 0x00000000a4000000| Untracked 
|  65|0x00000000a4100000, 0x00000000a4200000, 0x00000000a4200000|100%| O|  |TAMS 0x00000000a4200000, 0x00000000a4100000| Untracked 
|  66|0x00000000a4200000, 0x00000000a4300000, 0x00000000a4300000|100%| O|  |TAMS 0x00000000a4300000, 0x00000000a4200000| Untracked 
|  67|0x00000000a4300000, 0x00000000a4400000, 0x00000000a4400000|100%| O|  |TAMS 0x00000000a4400000, 0x00000000a4300000| Untracked 
|  68|0x00000000a4400000, 0x00000000a4500000, 0x00000000a4500000|100%| O|  |TAMS 0x00000000a4500000, 0x00000000a4400000| Untracked 
|  69|0x00000000a4500000, 0x00000000a4600000, 0x00000000a4600000|100%| O|  |TAMS 0x00000000a4600000, 0x00000000a4500000| Untracked 
|  70|0x00000000a4600000, 0x00000000a4700000, 0x00000000a4700000|100%| O|  |TAMS 0x00000000a4700000, 0x00000000a4600000| Untracked 
|  71|0x00000000a4700000, 0x00000000a4800000, 0x00000000a4800000|100%| O|  |TAMS 0x00000000a4800000, 0x00000000a4700000| Untracked 
|  72|0x00000000a4800000, 0x00000000a4900000, 0x00000000a4900000|100%| O|  |TAMS 0x00000000a4900000, 0x00000000a4800000| Untracked 
|  73|0x00000000a4900000, 0x00000000a4a00000, 0x00000000a4a00000|100%| O|  |TAMS 0x00000000a4a00000, 0x00000000a4900000| Untracked 
|  74|0x00000000a4a00000, 0x00000000a4b00000, 0x00000000a4b00000|100%| O|  |TAMS 0x00000000a4b00000, 0x00000000a4a00000| Untracked 
|  75|0x00000000a4b00000, 0x00000000a4c00000, 0x00000000a4c00000|100%| O|  |TAMS 0x00000000a4b00000, 0x00000000a4b00000| Untracked 
|  76|0x00000000a4c00000, 0x00000000a4d00000, 0x00000000a4d00000|100%| O|  |TAMS 0x00000000a4d00000, 0x00000000a4c00000| Untracked 
|  77|0x00000000a4d00000, 0x00000000a4e00000, 0x00000000a4e00000|100%| O|  |TAMS 0x00000000a4e00000, 0x00000000a4d00000| Untracked 
|  78|0x00000000a4e00000, 0x00000000a4f00000, 0x00000000a4f00000|100%| O|  |TAMS 0x00000000a4f00000, 0x00000000a4e00000| Untracked 
|  79|0x00000000a4f00000, 0x00000000a5000000, 0x00000000a5000000|100%| O|  |TAMS 0x00000000a5000000, 0x00000000a4f00000| Untracked 
|  80|0x00000000a5000000, 0x00000000a5100000, 0x00000000a5100000|100%| O|  |TAMS 0x00000000a5100000, 0x00000000a5000000| Untracked 
|  81|0x00000000a5100000, 0x00000000a5200000, 0x00000000a5200000|100%| O|  |TAMS 0x00000000a5200000, 0x00000000a5100000| Untracked 
|  82|0x00000000a5200000, 0x00000000a5300000, 0x00000000a5300000|100%| O|  |TAMS 0x00000000a5200000, 0x00000000a5200000| Untracked 
|  83|0x00000000a5300000, 0x00000000a5400000, 0x00000000a5400000|100%| O|  |TAMS 0x00000000a5400000, 0x00000000a5300000| Untracked 
|  84|0x00000000a5400000, 0x00000000a5500000, 0x00000000a5500000|100%| O|  |TAMS 0x00000000a5500000, 0x00000000a5400000| Untracked 
|  85|0x00000000a5500000, 0x00000000a5600000, 0x00000000a5600000|100%| O|  |TAMS 0x00000000a5600000, 0x00000000a5500000| Untracked 
|  86|0x00000000a5600000, 0x00000000a5700000, 0x00000000a5700000|100%| O|  |TAMS 0x00000000a5600000, 0x00000000a5600000| Untracked 
|  87|0x00000000a5700000, 0x00000000a5800000, 0x00000000a5800000|100%| O|  |TAMS 0x00000000a5700000, 0x00000000a5700000| Untracked 
|  88|0x00000000a5800000, 0x00000000a5900000, 0x00000000a5900000|100%| O|  |TAMS 0x00000000a5900000, 0x00000000a5800000| Untracked 
|  89|0x00000000a5900000, 0x00000000a5a00000, 0x00000000a5a00000|100%| O|  |TAMS 0x00000000a5a00000, 0x00000000a5900000| Untracked 
|  90|0x00000000a5a00000, 0x00000000a5b00000, 0x00000000a5b00000|100%| O|  |TAMS 0x00000000a5a00000, 0x00000000a5a00000| Untracked 
|  91|0x00000000a5b00000, 0x00000000a5c00000, 0x00000000a5c00000|100%| O|  |TAMS 0x00000000a5b00000, 0x00000000a5b00000| Untracked 
|  92|0x00000000a5c00000, 0x00000000a5d00000, 0x00000000a5d00000|100%| O|  |TAMS 0x00000000a5c00000, 0x00000000a5c00000| Untracked 
|  93|0x00000000a5d00000, 0x00000000a5e00000, 0x00000000a5e00000|100%| O|  |TAMS 0x00000000a5e00000, 0x00000000a5d00000| Untracked 
|  94|0x00000000a5e00000, 0x00000000a5f00000, 0x00000000a5f00000|100%| O|  |TAMS 0x00000000a5f00000, 0x00000000a5e00000| Untracked 
|  95|0x00000000a5f00000, 0x00000000a6000000, 0x00000000a6000000|100%| O|  |TAMS 0x00000000a5f00000, 0x00000000a5f00000| Untracked 
|  96|0x00000000a6000000, 0x00000000a6100000, 0x00000000a6100000|100%| O|  |TAMS 0x00000000a6000000, 0x00000000a6000000| Untracked 
|  97|0x00000000a6100000, 0x00000000a6200000, 0x00000000a6200000|100%| O|  |TAMS 0x00000000a6100000, 0x00000000a6100000| Untracked 
|  98|0x00000000a6200000, 0x00000000a6300000, 0x00000000a6300000|100%| O|  |TAMS 0x00000000a6200000, 0x00000000a6200000| Untracked 
|  99|0x00000000a6300000, 0x00000000a6400000, 0x00000000a6400000|100%| O|  |TAMS 0x00000000a6300000, 0x00000000a6300000| Untracked 
| 100|0x00000000a6400000, 0x00000000a6500000, 0x00000000a6500000|100%| O|  |TAMS 0x00000000a6400000, 0x00000000a6400000| Untracked 
| 101|0x00000000a6500000, 0x00000000a6600000, 0x00000000a6600000|100%| O|  |TAMS 0x00000000a6500000, 0x00000000a6500000| Untracked 
| 102|0x00000000a6600000, 0x00000000a6700000, 0x00000000a6700000|100%| O|  |TAMS 0x00000000a6600000, 0x00000000a6600000| Untracked 
| 103|0x00000000a6700000, 0x00000000a6800000, 0x00000000a6800000|100%| O|  |TAMS 0x00000000a6800000, 0x00000000a6700000| Untracked 
| 104|0x00000000a6800000, 0x00000000a6900000, 0x00000000a6900000|100%| O|  |TAMS 0x00000000a6900000, 0x00000000a6800000| Untracked 
| 105|0x00000000a6900000, 0x00000000a6a00000, 0x00000000a6a00000|100%| O|  |TAMS 0x00000000a6a00000, 0x00000000a6900000| Untracked 
| 106|0x00000000a6a00000, 0x00000000a6b00000, 0x00000000a6b00000|100%| O|  |TAMS 0x00000000a6b00000, 0x00000000a6a00000| Untracked 
| 107|0x00000000a6b00000, 0x00000000a6c00000, 0x00000000a6c00000|100%| O|  |TAMS 0x00000000a6c00000, 0x00000000a6b00000| Untracked 
| 108|0x00000000a6c00000, 0x00000000a6d00000, 0x00000000a6d00000|100%| O|  |TAMS 0x00000000a6c00000, 0x00000000a6c00000| Untracked 
| 109|0x00000000a6d00000, 0x00000000a6e00000, 0x00000000a6e00000|100%| O|  |TAMS 0x00000000a6d00000, 0x00000000a6d00000| Untracked 
| 110|0x00000000a6e00000, 0x00000000a6f00000, 0x00000000a6f00000|100%| O|  |TAMS 0x00000000a6f00000, 0x00000000a6e00000| Untracked 
| 111|0x00000000a6f00000, 0x00000000a7000000, 0x00000000a7000000|100%| O|  |TAMS 0x00000000a7000000, 0x00000000a6f00000| Untracked 
| 112|0x00000000a7000000, 0x00000000a7100000, 0x00000000a7100000|100%| O|  |TAMS 0x00000000a7100000, 0x00000000a7000000| Untracked 
| 113|0x00000000a7100000, 0x00000000a7200000, 0x00000000a7200000|100%| O|  |TAMS 0x00000000a7200000, 0x00000000a7100000| Untracked 
| 114|0x00000000a7200000, 0x00000000a7300000, 0x00000000a7300000|100%| O|  |TAMS 0x00000000a7300000, 0x00000000a7200000| Untracked 
| 115|0x00000000a7300000, 0x00000000a7400000, 0x00000000a7400000|100%| O|  |TAMS 0x00000000a7400000, 0x00000000a7300000| Untracked 
| 116|0x00000000a7400000, 0x00000000a7500000, 0x00000000a7500000|100%| O|  |TAMS 0x00000000a7400000, 0x00000000a7400000| Untracked 
| 117|0x00000000a7500000, 0x00000000a7600000, 0x00000000a7600000|100%| O|  |TAMS 0x00000000a7500000, 0x00000000a7500000| Untracked 
| 118|0x00000000a7600000, 0x00000000a7700000, 0x00000000a7700000|100%|HS|  |TAMS 0x00000000a7600000, 0x00000000a7600000| Complete 
| 119|0x00000000a7700000, 0x00000000a7800000, 0x00000000a7800000|100%|HC|  |TAMS 0x00000000a7700000, 0x00000000a7700000| Complete 
| 120|0x00000000a7800000, 0x00000000a7900000, 0x00000000a7900000|100%|HC|  |TAMS 0x00000000a7800000, 0x00000000a7800000| Complete 
| 121|0x00000000a7900000, 0x00000000a7a00000, 0x00000000a7a00000|100%|HC|  |TAMS 0x00000000a7900000, 0x00000000a7900000| Complete 
| 122|0x00000000a7a00000, 0x00000000a7b00000, 0x00000000a7b00000|100%|HC|  |TAMS 0x00000000a7a00000, 0x00000000a7a00000| Complete 
| 123|0x00000000a7b00000, 0x00000000a7c00000, 0x00000000a7c00000|100%|HC|  |TAMS 0x00000000a7b00000, 0x00000000a7b00000| Complete 
| 124|0x00000000a7c00000, 0x00000000a7d00000, 0x00000000a7d00000|100%|HC|  |TAMS 0x00000000a7c00000, 0x00000000a7c00000| Complete 
| 125|0x00000000a7d00000, 0x00000000a7e00000, 0x00000000a7e00000|100%|HC|  |TAMS 0x00000000a7d00000, 0x00000000a7d00000| Complete 
| 126|0x00000000a7e00000, 0x00000000a7f00000, 0x00000000a7f00000|100%|HC|  |TAMS 0x00000000a7e00000, 0x00000000a7e00000| Complete 
| 127|0x00000000a7f00000, 0x00000000a8000000, 0x00000000a8000000|100%|HC|  |TAMS 0x00000000a7f00000, 0x00000000a7f00000| Complete 
| 128|0x00000000a8000000, 0x00000000a8100000, 0x00000000a8100000|100%|HS|  |TAMS 0x00000000a8000000, 0x00000000a8000000| Complete 
| 129|0x00000000a8100000, 0x00000000a8200000, 0x00000000a8200000|100%| O|  |TAMS 0x00000000a8100000, 0x00000000a8100000| Untracked 
| 130|0x00000000a8200000, 0x00000000a8300000, 0x00000000a8300000|100%| O|  |TAMS 0x00000000a8200000, 0x00000000a8200000| Untracked 
| 131|0x00000000a8300000, 0x00000000a8400000, 0x00000000a8400000|100%| O|  |TAMS 0x00000000a8300000, 0x00000000a8300000| Untracked 
| 132|0x00000000a8400000, 0x00000000a8500000, 0x00000000a8500000|100%| O|  |TAMS 0x00000000a8400000, 0x00000000a8400000| Untracked 
| 133|0x00000000a8500000, 0x00000000a8600000, 0x00000000a8600000|100%| O|  |TAMS 0x00000000a8500000, 0x00000000a8500000| Untracked 
| 134|0x00000000a8600000, 0x00000000a8700000, 0x00000000a8700000|100%| O|  |TAMS 0x00000000a8600000, 0x00000000a8600000| Untracked 
| 135|0x00000000a8700000, 0x00000000a8800000, 0x00000000a8800000|100%| O|  |TAMS 0x00000000a8700000, 0x00000000a8700000| Untracked 
| 136|0x00000000a8800000, 0x00000000a8900000, 0x00000000a8900000|100%| O|  |TAMS 0x00000000a8800000, 0x00000000a8800000| Untracked 
| 137|0x00000000a8900000, 0x00000000a8a00000, 0x00000000a8a00000|100%| O|  |TAMS 0x00000000a8900000, 0x00000000a8900000| Untracked 
| 138|0x00000000a8a00000, 0x00000000a8b00000, 0x00000000a8b00000|100%|HS|  |TAMS 0x00000000a8a00000, 0x00000000a8a00000| Complete 
| 139|0x00000000a8b00000, 0x00000000a8c00000, 0x00000000a8c00000|100%| O|  |TAMS 0x00000000a8b00000, 0x00000000a8b00000| Untracked 
| 140|0x00000000a8c00000, 0x00000000a8d00000, 0x00000000a8d00000|100%| O|  |TAMS 0x00000000a8c00000, 0x00000000a8c00000| Untracked 
| 141|0x00000000a8d00000, 0x00000000a8e00000, 0x00000000a8e00000|100%| O|  |TAMS 0x00000000a8d00000, 0x00000000a8d00000| Untracked 
| 142|0x00000000a8e00000, 0x00000000a8f00000, 0x00000000a8f00000|100%| O|  |TAMS 0x00000000a8e00000, 0x00000000a8e00000| Untracked 
| 143|0x00000000a8f00000, 0x00000000a9000000, 0x00000000a9000000|100%| O|  |TAMS 0x00000000a8f00000, 0x00000000a8f00000| Untracked 
| 144|0x00000000a9000000, 0x00000000a9100000, 0x00000000a9100000|100%| O|  |TAMS 0x00000000a9000000, 0x00000000a9000000| Untracked 
| 145|0x00000000a9100000, 0x00000000a9200000, 0x00000000a9200000|100%| O|  |TAMS 0x00000000a9100000, 0x00000000a9100000| Untracked 
| 146|0x00000000a9200000, 0x00000000a9300000, 0x00000000a9300000|100%| O|  |TAMS 0x00000000a9200000, 0x00000000a9200000| Untracked 
| 147|0x00000000a9300000, 0x00000000a9400000, 0x00000000a9400000|100%| O|  |TAMS 0x00000000a9300000, 0x00000000a9300000| Untracked 
| 148|0x00000000a9400000, 0x00000000a9500000, 0x00000000a9500000|100%| O|  |TAMS 0x00000000a9400000, 0x00000000a9400000| Untracked 
| 149|0x00000000a9500000, 0x00000000a9600000, 0x00000000a9600000|100%| O|  |TAMS 0x00000000a9500000, 0x00000000a9500000| Untracked 
| 150|0x00000000a9600000, 0x00000000a9700000, 0x00000000a9700000|100%| O|  |TAMS 0x00000000a9600000, 0x00000000a9600000| Untracked 
| 151|0x00000000a9700000, 0x00000000a9800000, 0x00000000a9800000|100%| O|  |TAMS 0x00000000a9700000, 0x00000000a9700000| Untracked 
| 152|0x00000000a9800000, 0x00000000a9900000, 0x00000000a9900000|100%| O|  |TAMS 0x00000000a9800000, 0x00000000a9800000| Untracked 
| 153|0x00000000a9900000, 0x00000000a9a00000, 0x00000000a9a00000|100%| O|  |TAMS 0x00000000a9900000, 0x00000000a9900000| Untracked 
| 154|0x00000000a9a00000, 0x00000000a9b00000, 0x00000000a9b00000|100%|HS|  |TAMS 0x00000000a9a00000, 0x00000000a9a00000| Complete 
| 155|0x00000000a9b00000, 0x00000000a9c00000, 0x00000000a9c00000|100%|HC|  |TAMS 0x00000000a9b00000, 0x00000000a9b00000| Complete 
| 156|0x00000000a9c00000, 0x00000000a9d00000, 0x00000000a9d00000|100%|HC|  |TAMS 0x00000000a9c00000, 0x00000000a9c00000| Complete 
| 157|0x00000000a9d00000, 0x00000000a9e00000, 0x00000000a9e00000|100%|HC|  |TAMS 0x00000000a9d00000, 0x00000000a9d00000| Complete 
| 158|0x00000000a9e00000, 0x00000000a9f00000, 0x00000000a9f00000|100%|HC|  |TAMS 0x00000000a9e00000, 0x00000000a9e00000| Complete 
| 159|0x00000000a9f00000, 0x00000000aa000000, 0x00000000aa000000|100%|HC|  |TAMS 0x00000000a9f00000, 0x00000000a9f00000| Complete 
| 160|0x00000000aa000000, 0x00000000aa100000, 0x00000000aa100000|100%|HC|  |TAMS 0x00000000aa000000, 0x00000000aa000000| Complete 
| 161|0x00000000aa100000, 0x00000000aa200000, 0x00000000aa200000|100%|HC|  |TAMS 0x00000000aa100000, 0x00000000aa100000| Complete 
| 162|0x00000000aa200000, 0x00000000aa300000, 0x00000000aa300000|100%|HC|  |TAMS 0x00000000aa200000, 0x00000000aa200000| Complete 
| 163|0x00000000aa300000, 0x00000000aa400000, 0x00000000aa400000|100%|HC|  |TAMS 0x00000000aa300000, 0x00000000aa300000| Complete 
| 164|0x00000000aa400000, 0x00000000aa500000, 0x00000000aa500000|100%| O|  |TAMS 0x00000000aa400000, 0x00000000aa400000| Untracked 
| 165|0x00000000aa500000, 0x00000000aa600000, 0x00000000aa600000|100%| O|  |TAMS 0x00000000aa500000, 0x00000000aa500000| Untracked 
| 166|0x00000000aa600000, 0x00000000aa700000, 0x00000000aa700000|100%| O|  |TAMS 0x00000000aa600000, 0x00000000aa600000| Untracked 
| 167|0x00000000aa700000, 0x00000000aa800000, 0x00000000aa800000|100%| O|  |TAMS 0x00000000aa700000, 0x00000000aa700000| Untracked 
| 168|0x00000000aa800000, 0x00000000aa900000, 0x00000000aa900000|100%| O|  |TAMS 0x00000000aa800000, 0x00000000aa800000| Untracked 
| 169|0x00000000aa900000, 0x00000000aaa00000, 0x00000000aaa00000|100%| O|  |TAMS 0x00000000aa900000, 0x00000000aa900000| Untracked 
| 170|0x00000000aaa00000, 0x00000000aab00000, 0x00000000aab00000|100%| O|  |TAMS 0x00000000aaa00000, 0x00000000aaa00000| Untracked 
| 171|0x00000000aab00000, 0x00000000aac00000, 0x00000000aac00000|100%| O|  |TAMS 0x00000000aab00000, 0x00000000aab00000| Untracked 
| 172|0x00000000aac00000, 0x00000000aad00000, 0x00000000aad00000|100%| O|  |TAMS 0x00000000aac00000, 0x00000000aac00000| Untracked 
| 173|0x00000000aad00000, 0x00000000aae00000, 0x00000000aae00000|100%| O|  |TAMS 0x00000000aad00000, 0x00000000aad00000| Untracked 
| 174|0x00000000aae00000, 0x00000000aaf00000, 0x00000000aaf00000|100%| O|  |TAMS 0x00000000aae00000, 0x00000000aae00000| Untracked 
| 175|0x00000000aaf00000, 0x00000000ab000000, 0x00000000ab000000|100%| O|  |TAMS 0x00000000aaf00000, 0x00000000aaf00000| Untracked 
| 176|0x00000000ab000000, 0x00000000ab100000, 0x00000000ab100000|100%| O|  |TAMS 0x00000000ab000000, 0x00000000ab000000| Untracked 
| 177|0x00000000ab100000, 0x00000000ab200000, 0x00000000ab200000|100%| O|  |TAMS 0x00000000ab100000, 0x00000000ab100000| Untracked 
| 178|0x00000000ab200000, 0x00000000ab300000, 0x00000000ab300000|100%| O|  |TAMS 0x00000000ab200000, 0x00000000ab200000| Untracked 
| 179|0x00000000ab300000, 0x00000000ab400000, 0x00000000ab400000|100%| O|  |TAMS 0x00000000ab300000, 0x00000000ab300000| Untracked 
| 180|0x00000000ab400000, 0x00000000ab500000, 0x00000000ab500000|100%| O|  |TAMS 0x00000000ab400000, 0x00000000ab400000| Untracked 
| 181|0x00000000ab500000, 0x00000000ab600000, 0x00000000ab600000|100%| O|  |TAMS 0x00000000ab500000, 0x00000000ab500000| Untracked 
| 182|0x00000000ab600000, 0x00000000ab700000, 0x00000000ab700000|100%| O|  |TAMS 0x00000000ab600000, 0x00000000ab600000| Untracked 
| 183|0x00000000ab700000, 0x00000000ab800000, 0x00000000ab800000|100%| O|  |TAMS 0x00000000ab700000, 0x00000000ab700000| Untracked 
| 184|0x00000000ab800000, 0x00000000ab900000, 0x00000000ab900000|100%| O|  |TAMS 0x00000000ab800000, 0x00000000ab800000| Untracked 
| 185|0x00000000ab900000, 0x00000000aba00000, 0x00000000aba00000|100%| O|  |TAMS 0x00000000ab900000, 0x00000000ab900000| Untracked 
| 186|0x00000000aba00000, 0x00000000abb00000, 0x00000000abb00000|100%| O|  |TAMS 0x00000000aba00000, 0x00000000aba00000| Untracked 
| 187|0x00000000abb00000, 0x00000000abc00000, 0x00000000abc00000|100%| O|  |TAMS 0x00000000abb00000, 0x00000000abb00000| Untracked 
| 188|0x00000000abc00000, 0x00000000abd00000, 0x00000000abd00000|100%| O|  |TAMS 0x00000000abc00000, 0x00000000abc00000| Untracked 
| 189|0x00000000abd00000, 0x00000000abe00000, 0x00000000abe00000|100%| O|  |TAMS 0x00000000abd00000, 0x00000000abd00000| Untracked 
| 190|0x00000000abe00000, 0x00000000abf00000, 0x00000000abf00000|100%| O|  |TAMS 0x00000000abe00000, 0x00000000abe00000| Untracked 
| 191|0x00000000abf00000, 0x00000000ac000000, 0x00000000ac000000|100%| O|  |TAMS 0x00000000abf00000, 0x00000000abf00000| Untracked 
| 192|0x00000000ac000000, 0x00000000ac100000, 0x00000000ac100000|100%|HS|  |TAMS 0x00000000ac000000, 0x00000000ac000000| Complete 
| 193|0x00000000ac100000, 0x00000000ac200000, 0x00000000ac200000|100%|HS|  |TAMS 0x00000000ac100000, 0x00000000ac100000| Complete 
| 194|0x00000000ac200000, 0x00000000ac300000, 0x00000000ac300000|100%| O|  |TAMS 0x00000000ac200000, 0x00000000ac200000| Untracked 
| 195|0x00000000ac300000, 0x00000000ac400000, 0x00000000ac400000|100%| O|  |TAMS 0x00000000ac300000, 0x00000000ac300000| Untracked 
| 196|0x00000000ac400000, 0x00000000ac500000, 0x00000000ac500000|100%| O|  |TAMS 0x00000000ac400000, 0x00000000ac400000| Untracked 
| 197|0x00000000ac500000, 0x00000000ac600000, 0x00000000ac600000|100%| O|  |TAMS 0x00000000ac500000, 0x00000000ac500000| Untracked 
| 198|0x00000000ac600000, 0x00000000ac700000, 0x00000000ac700000|100%| O|  |TAMS 0x00000000ac600000, 0x00000000ac600000| Untracked 
| 199|0x00000000ac700000, 0x00000000ac800000, 0x00000000ac800000|100%| O|  |TAMS 0x00000000ac700000, 0x00000000ac700000| Untracked 
| 200|0x00000000ac800000, 0x00000000ac900000, 0x00000000ac900000|100%| O|  |TAMS 0x00000000ac800000, 0x00000000ac800000| Untracked 
| 201|0x00000000ac900000, 0x00000000aca00000, 0x00000000aca00000|100%| O|  |TAMS 0x00000000ac900000, 0x00000000ac900000| Untracked 
| 202|0x00000000aca00000, 0x00000000acb00000, 0x00000000acb00000|100%| O|  |TAMS 0x00000000aca00000, 0x00000000aca00000| Untracked 
| 203|0x00000000acb00000, 0x00000000acc00000, 0x00000000acc00000|100%| O|  |TAMS 0x00000000acb00000, 0x00000000acb00000| Untracked 
| 204|0x00000000acc00000, 0x00000000acd00000, 0x00000000acd00000|100%| O|  |TAMS 0x00000000acc00000, 0x00000000acc00000| Untracked 
| 205|0x00000000acd00000, 0x00000000ace00000, 0x00000000ace00000|100%| O|  |TAMS 0x00000000acd00000, 0x00000000acd00000| Untracked 
| 206|0x00000000ace00000, 0x00000000acf00000, 0x00000000acf00000|100%| O|  |TAMS 0x00000000ace00000, 0x00000000ace00000| Untracked 
| 207|0x00000000acf00000, 0x00000000ad000000, 0x00000000ad000000|100%| O|  |TAMS 0x00000000acf00000, 0x00000000acf00000| Untracked 
| 208|0x00000000ad000000, 0x00000000ad000000, 0x00000000ad100000|  0%| F|  |TAMS 0x00000000ad000000, 0x00000000ad000000| Untracked 
| 209|0x00000000ad100000, 0x00000000ad100000, 0x00000000ad200000|  0%| F|  |TAMS 0x00000000ad100000, 0x00000000ad100000| Untracked 
| 210|0x00000000ad200000, 0x00000000ad200000, 0x00000000ad300000|  0%| F|  |TAMS 0x00000000ad200000, 0x00000000ad200000| Untracked 
| 211|0x00000000ad300000, 0x00000000ad300000, 0x00000000ad400000|  0%| F|  |TAMS 0x00000000ad300000, 0x00000000ad300000| Untracked 
| 212|0x00000000ad400000, 0x00000000ad400000, 0x00000000ad500000|  0%| F|  |TAMS 0x00000000ad400000, 0x00000000ad400000| Untracked 
| 213|0x00000000ad500000, 0x00000000ad500000, 0x00000000ad600000|  0%| F|  |TAMS 0x00000000ad500000, 0x00000000ad500000| Untracked 
| 214|0x00000000ad600000, 0x00000000ad600000, 0x00000000ad700000|  0%| F|  |TAMS 0x00000000ad600000, 0x00000000ad600000| Untracked 
| 215|0x00000000ad700000, 0x00000000ad700000, 0x00000000ad800000|  0%| F|  |TAMS 0x00000000ad700000, 0x00000000ad700000| Untracked 
| 216|0x00000000ad800000, 0x00000000ad800000, 0x00000000ad900000|  0%| F|  |TAMS 0x00000000ad800000, 0x00000000ad800000| Untracked 
| 217|0x00000000ad900000, 0x00000000ad900000, 0x00000000ada00000|  0%| F|  |TAMS 0x00000000ad900000, 0x00000000ad900000| Untracked 
| 218|0x00000000ada00000, 0x00000000ada00000, 0x00000000adb00000|  0%| F|  |TAMS 0x00000000ada00000, 0x00000000ada00000| Untracked 
| 219|0x00000000adb00000, 0x00000000adb00000, 0x00000000adc00000|  0%| F|  |TAMS 0x00000000adb00000, 0x00000000adb00000| Untracked 
| 220|0x00000000adc00000, 0x00000000adc00000, 0x00000000add00000|  0%| F|  |TAMS 0x00000000adc00000, 0x00000000adc00000| Untracked 
| 221|0x00000000add00000, 0x00000000add00000, 0x00000000ade00000|  0%| F|  |TAMS 0x00000000add00000, 0x00000000add00000| Untracked 
| 222|0x00000000ade00000, 0x00000000ade00000, 0x00000000adf00000|  0%| F|  |TAMS 0x00000000ade00000, 0x00000000ade00000| Untracked 
| 223|0x00000000adf00000, 0x00000000adf00000, 0x00000000ae000000|  0%| F|  |TAMS 0x00000000adf00000, 0x00000000adf00000| Untracked 
| 224|0x00000000ae000000, 0x00000000ae000000, 0x00000000ae100000|  0%| F|  |TAMS 0x00000000ae000000, 0x00000000ae000000| Untracked 
| 225|0x00000000ae100000, 0x00000000ae100000, 0x00000000ae200000|  0%| F|  |TAMS 0x00000000ae100000, 0x00000000ae100000| Untracked 
| 226|0x00000000ae200000, 0x00000000ae200000, 0x00000000ae300000|  0%| F|  |TAMS 0x00000000ae200000, 0x00000000ae200000| Untracked 
| 227|0x00000000ae300000, 0x00000000ae300000, 0x00000000ae400000|  0%| F|  |TAMS 0x00000000ae300000, 0x00000000ae300000| Untracked 
| 228|0x00000000ae400000, 0x00000000ae400000, 0x00000000ae500000|  0%| F|  |TAMS 0x00000000ae400000, 0x00000000ae400000| Untracked 
| 229|0x00000000ae500000, 0x00000000ae500000, 0x00000000ae600000|  0%| F|  |TAMS 0x00000000ae500000, 0x00000000ae500000| Untracked 
| 230|0x00000000ae600000, 0x00000000ae600000, 0x00000000ae700000|  0%| F|  |TAMS 0x00000000ae600000, 0x00000000ae600000| Untracked 
| 231|0x00000000ae700000, 0x00000000ae700000, 0x00000000ae800000|  0%| F|  |TAMS 0x00000000ae700000, 0x00000000ae700000| Untracked 
| 232|0x00000000ae800000, 0x00000000ae800000, 0x00000000ae900000|  0%| F|  |TAMS 0x00000000ae800000, 0x00000000ae800000| Untracked 
| 233|0x00000000ae900000, 0x00000000ae900000, 0x00000000aea00000|  0%| F|  |TAMS 0x00000000ae900000, 0x00000000ae900000| Untracked 
| 234|0x00000000aea00000, 0x00000000aea00000, 0x00000000aeb00000|  0%| F|  |TAMS 0x00000000aea00000, 0x00000000aea00000| Untracked 
| 235|0x00000000aeb00000, 0x00000000aeb00000, 0x00000000aec00000|  0%| F|  |TAMS 0x00000000aeb00000, 0x00000000aeb00000| Untracked 
| 236|0x00000000aec00000, 0x00000000aec00000, 0x00000000aed00000|  0%| F|  |TAMS 0x00000000aec00000, 0x00000000aec00000| Untracked 
| 237|0x00000000aed00000, 0x00000000aed00000, 0x00000000aee00000|  0%| F|  |TAMS 0x00000000aed00000, 0x00000000aed00000| Untracked 
| 238|0x00000000aee00000, 0x00000000aee00000, 0x00000000aef00000|  0%| F|  |TAMS 0x00000000aee00000, 0x00000000aee00000| Untracked 
| 239|0x00000000aef00000, 0x00000000aef00000, 0x00000000af000000|  0%| F|  |TAMS 0x00000000aef00000, 0x00000000aef00000| Untracked 
| 240|0x00000000af000000, 0x00000000af000000, 0x00000000af100000|  0%| F|  |TAMS 0x00000000af000000, 0x00000000af000000| Untracked 
| 241|0x00000000af100000, 0x00000000af100000, 0x00000000af200000|  0%| F|  |TAMS 0x00000000af100000, 0x00000000af100000| Untracked 
| 242|0x00000000af200000, 0x00000000af200000, 0x00000000af300000|  0%| F|  |TAMS 0x00000000af200000, 0x00000000af200000| Untracked 
| 243|0x00000000af300000, 0x00000000af300000, 0x00000000af400000|  0%| F|  |TAMS 0x00000000af300000, 0x00000000af300000| Untracked 
| 244|0x00000000af400000, 0x00000000af400000, 0x00000000af500000|  0%| F|  |TAMS 0x00000000af400000, 0x00000000af400000| Untracked 
| 245|0x00000000af500000, 0x00000000af600000, 0x00000000af600000|100%| S|CS|TAMS 0x00000000af500000, 0x00000000af500000| Complete 
| 246|0x00000000af600000, 0x00000000af700000, 0x00000000af700000|100%| S|CS|TAMS 0x00000000af600000, 0x00000000af600000| Complete 
| 247|0x00000000af700000, 0x00000000af800000, 0x00000000af800000|100%| S|CS|TAMS 0x00000000af700000, 0x00000000af700000| Complete 
| 248|0x00000000af800000, 0x00000000af900000, 0x00000000af900000|100%| S|CS|TAMS 0x00000000af800000, 0x00000000af800000| Complete 
| 249|0x00000000af900000, 0x00000000af900000, 0x00000000afa00000|  0%| F|  |TAMS 0x00000000af900000, 0x00000000af900000| Untracked 
| 250|0x00000000afa00000, 0x00000000afa00000, 0x00000000afb00000|  0%| F|  |TAMS 0x00000000afa00000, 0x00000000afa00000| Untracked 
| 251|0x00000000afb00000, 0x00000000afb00000, 0x00000000afc00000|  0%| F|  |TAMS 0x00000000afb00000, 0x00000000afb00000| Untracked 
| 252|0x00000000afc00000, 0x00000000afc00000, 0x00000000afd00000|  0%| F|  |TAMS 0x00000000afc00000, 0x00000000afc00000| Untracked 
| 253|0x00000000afd00000, 0x00000000afd00000, 0x00000000afe00000|  0%| F|  |TAMS 0x00000000afd00000, 0x00000000afd00000| Untracked 
| 254|0x00000000afe00000, 0x00000000afe00000, 0x00000000aff00000|  0%| F|  |TAMS 0x00000000afe00000, 0x00000000afe00000| Untracked 
| 255|0x00000000aff00000, 0x00000000aff00000, 0x00000000b0000000|  0%| F|  |TAMS 0x00000000aff00000, 0x00000000aff00000| Untracked 
| 256|0x00000000b0000000, 0x00000000b0000000, 0x00000000b0100000|  0%| F|  |TAMS 0x00000000b0000000, 0x00000000b0000000| Untracked 
| 257|0x00000000b0100000, 0x00000000b0100000, 0x00000000b0200000|  0%| F|  |TAMS 0x00000000b0100000, 0x00000000b0100000| Untracked 
| 258|0x00000000b0200000, 0x00000000b0200000, 0x00000000b0300000|  0%| F|  |TAMS 0x00000000b0200000, 0x00000000b0200000| Untracked 
| 259|0x00000000b0300000, 0x00000000b0300000, 0x00000000b0400000|  0%| F|  |TAMS 0x00000000b0300000, 0x00000000b0300000| Untracked 
| 260|0x00000000b0400000, 0x00000000b0400000, 0x00000000b0500000|  0%| F|  |TAMS 0x00000000b0400000, 0x00000000b0400000| Untracked 
| 261|0x00000000b0500000, 0x00000000b0500000, 0x00000000b0600000|  0%| F|  |TAMS 0x00000000b0500000, 0x00000000b0500000| Untracked 
| 262|0x00000000b0600000, 0x00000000b0600000, 0x00000000b0700000|  0%| F|  |TAMS 0x00000000b0600000, 0x00000000b0600000| Untracked 
| 263|0x00000000b0700000, 0x00000000b0700000, 0x00000000b0800000|  0%| F|  |TAMS 0x00000000b0700000, 0x00000000b0700000| Untracked 
| 264|0x00000000b0800000, 0x00000000b0800000, 0x00000000b0900000|  0%| F|  |TAMS 0x00000000b0800000, 0x00000000b0800000| Untracked 
| 265|0x00000000b0900000, 0x00000000b0900000, 0x00000000b0a00000|  0%| F|  |TAMS 0x00000000b0900000, 0x00000000b0900000| Untracked 
| 266|0x00000000b0a00000, 0x00000000b0a00000, 0x00000000b0b00000|  0%| F|  |TAMS 0x00000000b0a00000, 0x00000000b0a00000| Untracked 
| 267|0x00000000b0b00000, 0x00000000b0b00000, 0x00000000b0c00000|  0%| F|  |TAMS 0x00000000b0b00000, 0x00000000b0b00000| Untracked 
| 268|0x00000000b0c00000, 0x00000000b0c00000, 0x00000000b0d00000|  0%| F|  |TAMS 0x00000000b0c00000, 0x00000000b0c00000| Untracked 
| 269|0x00000000b0d00000, 0x00000000b0d00000, 0x00000000b0e00000|  0%| F|  |TAMS 0x00000000b0d00000, 0x00000000b0d00000| Untracked 
| 270|0x00000000b0e00000, 0x00000000b0e00000, 0x00000000b0f00000|  0%| F|  |TAMS 0x00000000b0e00000, 0x00000000b0e00000| Untracked 
| 271|0x00000000b0f00000, 0x00000000b0f00000, 0x00000000b1000000|  0%| F|  |TAMS 0x00000000b0f00000, 0x00000000b0f00000| Untracked 

Card table byte_map: [0x00000200c9400000,0x00000200c9700000] _byte_map_base: 0x00000200c8f00000

Marking Bits (Prev, Next): (CMBitMap*) 0x00000200b5bd68e8, (CMBitMap*) 0x00000200b5bd6920
 Prev Bits: [0x00000200c9a00000, 0x00000200cb200000)
 Next Bits: [0x00000200cb200000, 0x00000200cca00000)

Polling page: 0x00000200b4300000

Metaspace:

Usage:
  Non-class:    101.44 MB capacity,    99.35 MB ( 98%) used,     1.66 MB (  2%) free+waste,   442.13 KB ( <1%) overhead. 
      Class:     16.60 MB capacity,    15.12 MB ( 91%) used,     1.26 MB (  8%) free+waste,   215.94 KB (  1%) overhead. 
       Both:    118.04 MB capacity,   114.47 MB ( 97%) used,     2.92 MB (  2%) free+waste,   658.06 KB ( <1%) overhead. 

Virtual space:
  Non-class space:      102.00 MB reserved,     101.50 MB (>99%) committed 
      Class space:        1.00 GB reserved,      16.70 MB (  2%) committed 
             Both:        1.10 GB reserved,     118.20 MB ( 10%) committed 

Chunk freelists:
   Non-Class:  0 bytes
       Class:  28.00 KB
        Both:  28.00 KB

MaxMetaspaceSize: 17179869184.00 GB
CompressedClassSpaceSize: 1.00 GB

CodeHeap 'non-profiled nmethods': size=120000Kb used=5439Kb max_used=5439Kb free=114560Kb
 bounds [0x00000200c1160000, 0x00000200c16b0000, 0x00000200c8690000]
CodeHeap 'profiled nmethods': size=120000Kb used=28360Kb max_used=28360Kb free=91639Kb
 bounds [0x00000200b9c30000, 0x00000200bb7f0000, 0x00000200c1160000]
CodeHeap 'non-nmethods': size=5760Kb used=2329Kb max_used=2357Kb free=3430Kb
 bounds [0x00000200b9690000, 0x00000200b9900000, 0x00000200b9c30000]
 total_blobs=15762 nmethods=14814 adapters=858
 compilation: enabled
              stopped_count=0, restarted_count=0
 full_count=0

Compilation events (20 events):
Event: 31.531 Thread 0x00000200cfde9000 15538       2       com.android.tools.r8.code.r::<init> (7 bytes)
Event: 31.531 Thread 0x00000200cfde9000 nmethod 15538 0x00000200bb7dbd90 code [0x00000200bb7dbf40, 0x00000200bb7dc098]
Event: 31.598 Thread 0x00000200cfde9000 15539 %     3       com.android.tools.r8.graph.u::a @ 11 (56 bytes)
Event: 31.599 Thread 0x00000200cfde9000 nmethod 15539% 0x00000200bb7dc190 code [0x00000200bb7dc3e0, 0x00000200bb7dce68]
Event: 31.605 Thread 0x00000200cfde9000 15541 %     3       com.android.tools.r8.dex.j$d::a @ 0 (102 bytes)
Event: 31.606 Thread 0x00000200cfde9000 nmethod 15541% 0x00000200bb7dd210 code [0x00000200bb7dd440, 0x00000200bb7ddc08]
Event: 31.612 Thread 0x00000200cfde9000 15543       3       com.android.tools.r8.dex.j$d::a (102 bytes)
Event: 31.613 Thread 0x00000200cfde9000 nmethod 15543 0x00000200bb7ddf10 code [0x00000200bb7de140, 0x00000200bb7de8a8]
Event: 31.655 Thread 0x00000200cfde9000 15544       3       com.android.tools.r8.graph.u::a (56 bytes)
Event: 31.657 Thread 0x00000200cfde9000 nmethod 15544 0x00000200bb7deb90 code [0x00000200bb7dee00, 0x00000200bb7df8e8]
Event: 31.689 Thread 0x00000200cfde9000 15546       2       com.android.tools.r8.code.M0::<init> (34 bytes)
Event: 31.689 Thread 0x00000200cfde9000 nmethod 15546 0x00000200bb7dfc90 code [0x00000200bb7dfe60, 0x00000200bb7e0028]
Event: 31.689 Thread 0x00000200cfde9000 15547       2       com.android.tools.r8.code.M0::hashCode (28 bytes)
Event: 31.689 Thread 0x00000200cfde9000 nmethod 15547 0x00000200bb7e0190 code [0x00000200bb7e0340, 0x00000200bb7e0488]
Event: 31.713 Thread 0x00000200cfde9000 15548       2       com.android.tools.r8.code.L2::<init> (7 bytes)
Event: 31.714 Thread 0x00000200cfde9000 nmethod 15548 0x00000200bb7e0510 code [0x00000200bb7e06c0, 0x00000200bb7e0818]
Event: 31.734 Thread 0x00000200cfde9000 15549       2       com.android.tools.r8.code.z2::<init> (7 bytes)
Event: 31.735 Thread 0x00000200cfde9000 nmethod 15549 0x00000200bb7e0910 code [0x00000200bb7e0ae0, 0x00000200bb7e0d18]
Event: 31.766 Thread 0x00000200cfde9000 15551 %     3       com.android.tools.r8.dex.j::f @ 34 (109 bytes)
Event: 31.767 Thread 0x00000200cfde9000 nmethod 15551% 0x00000200bb7e0f10 code [0x00000200bb7e11a0, 0x00000200bb7e1d98]

GC Heap History (20 events):
Event: 27.713 GC heap after
{Heap after GC invocations=43 (full 0):
 garbage-first heap   total 155648K, used 111144K [0x00000000a0000000, 0x0000000100000000)
  region size 1024K, 3 young (3072K), 3 survivors (3072K)
 Metaspace       used 104425K, capacity 106919K, committed 107212K, reserved 1142784K
  class space    used 13340K, capacity 14245K, committed 14284K, reserved 1048576K
}
Event: 27.951 GC heap before
{Heap before GC invocations=44 (full 0):
 garbage-first heap   total 155648K, used 129576K [0x00000000a0000000, 0x0000000100000000)
  region size 1024K, 22 young (22528K), 3 survivors (3072K)
 Metaspace       used 106180K, capacity 108745K, committed 108876K, reserved 1142784K
  class space    used 13615K, capacity 14548K, committed 14668K, reserved 1048576K
}
Event: 27.959 GC heap after
{Heap after GC invocations=45 (full 0):
 garbage-first heap   total 155648K, used 114090K [0x00000000a0000000, 0x0000000100000000)
  region size 1024K, 3 young (3072K), 3 survivors (3072K)
 Metaspace       used 106180K, capacity 108745K, committed 108876K, reserved 1142784K
  class space    used 13615K, capacity 14548K, committed 14668K, reserved 1048576K
}
Event: 28.003 GC heap before
{Heap before GC invocations=45 (full 0):
 garbage-first heap   total 155648K, used 118186K [0x00000000a0000000, 0x0000000100000000)
  region size 1024K, 7 young (7168K), 3 survivors (3072K)
 Metaspace       used 106406K, capacity 108993K, committed 109132K, reserved 1144832K
  class space    used 13657K, capacity 14611K, committed 14668K, reserved 1048576K
}
Event: 28.013 GC heap after
{Heap after GC invocations=46 (full 0):
 garbage-first heap   total 187392K, used 114396K [0x00000000a0000000, 0x0000000100000000)
  region size 1024K, 1 young (1024K), 1 survivors (1024K)
 Metaspace       used 106406K, capacity 108993K, committed 109132K, reserved 1144832K
  class space    used 13657K, capacity 14611K, committed 14668K, reserved 1048576K
}
Event: 28.369 GC heap before
{Heap before GC invocations=46 (full 0):
 garbage-first heap   total 187392K, used 144092K [0x00000000a0000000, 0x0000000100000000)
  region size 1024K, 31 young (31744K), 1 survivors (1024K)
 Metaspace       used 109145K, capacity 112062K, committed 112332K, reserved 1146880K
  class space    used 14105K, capacity 15202K, committed 15308K, reserved 1048576K
}
Event: 28.384 GC heap after
{Heap after GC invocations=47 (full 0):
 garbage-first heap   total 187392K, used 120575K [0x00000000a0000000, 0x0000000100000000)
  region size 1024K, 4 young (4096K), 4 survivors (4096K)
 Metaspace       used 109145K, capacity 112062K, committed 112332K, reserved 1146880K
  class space    used 14105K, capacity 15202K, committed 15308K, reserved 1048576K
}
Event: 28.824 GC heap before
{Heap before GC invocations=47 (full 0):
 garbage-first heap   total 187392K, used 148223K [0x00000000a0000000, 0x0000000100000000)
  region size 1024K, 32 young (32768K), 4 survivors (4096K)
 Metaspace       used 113703K, capacity 116988K, committed 117196K, reserved 1150976K
  class space    used 14964K, capacity 16274K, committed 16332K, reserved 1048576K
}
Event: 28.837 GC heap after
{Heap after GC invocations=48 (full 0):
 garbage-first heap   total 187392K, used 122677K [0x00000000a0000000, 0x0000000100000000)
  region size 1024K, 2 young (2048K), 2 survivors (2048K)
 Metaspace       used 113703K, capacity 116988K, committed 117196K, reserved 1150976K
  class space    used 14964K, capacity 16274K, committed 16332K, reserved 1048576K
}
Event: 29.211 GC heap before
{Heap before GC invocations=48 (full 0):
 garbage-first heap   total 187392K, used 150325K [0x00000000a0000000, 0x0000000100000000)
  region size 1024K, 30 young (30720K), 2 survivors (2048K)
 Metaspace       used 115540K, capacity 119152K, committed 119372K, reserved 1153024K
  class space    used 15261K, capacity 16710K, committed 16716K, reserved 1048576K
}
Event: 29.218 GC heap after
{Heap after GC invocations=49 (full 0):
 garbage-first heap   total 187392K, used 121810K [0x00000000a0000000, 0x0000000100000000)
  region size 1024K, 4 young (4096K), 4 survivors (4096K)
 Metaspace       used 115540K, capacity 119152K, committed 119372K, reserved 1153024K
  class space    used 15261K, capacity 16710K, committed 16716K, reserved 1048576K
}
Event: 29.479 GC heap before
{Heap before GC invocations=49 (full 0):
 garbage-first heap   total 187392K, used 150482K [0x00000000a0000000, 0x0000000100000000)
  region size 1024K, 33 young (33792K), 4 survivors (4096K)
 Metaspace       used 115610K, capacity 119222K, committed 119372K, reserved 1153024K
  class space    used 15265K, capacity 16711K, committed 16716K, reserved 1048576K
}
Event: 29.492 GC heap after
{Heap after GC invocations=50 (full 0):
 garbage-first heap   total 278528K, used 123865K [0x00000000a0000000, 0x0000000100000000)
  region size 1024K, 4 young (4096K), 4 survivors (4096K)
 Metaspace       used 115610K, capacity 119222K, committed 119372K, reserved 1153024K
  class space    used 15265K, capacity 16711K, committed 16716K, reserved 1048576K
}
Event: 30.294 GC heap before
{Heap before GC invocations=50 (full 0):
 garbage-first heap   total 278528K, used 220121K [0x00000000a0000000, 0x0000000100000000)
  region size 1024K, 66 young (67584K), 4 survivors (4096K)
 Metaspace       used 116436K, capacity 120026K, committed 120268K, reserved 1153024K
  class space    used 15359K, capacity 16822K, committed 16844K, reserved 1048576K
}
Event: 30.326 GC heap after
{Heap after GC invocations=51 (full 0):
 garbage-first heap   total 278528K, used 159132K [0x00000000a0000000, 0x0000000100000000)
  region size 1024K, 9 young (9216K), 9 survivors (9216K)
 Metaspace       used 116436K, capacity 120026K, committed 120268K, reserved 1153024K
  class space    used 15359K, capacity 16822K, committed 16844K, reserved 1048576K
}
Event: 31.016 GC heap before
{Heap before GC invocations=51 (full 0):
 garbage-first heap   total 278528K, used 209308K [0x00000000a0000000, 0x0000000100000000)
  region size 1024K, 57 young (58368K), 9 survivors (9216K)
 Metaspace       used 117186K, capacity 120868K, committed 121036K, reserved 1153024K
  class space    used 15485K, capacity 16996K, committed 17100K, reserved 1048576K
}
Event: 31.068 GC heap after
{Heap after GC invocations=52 (full 0):
 garbage-first heap   total 278528K, used 182755K [0x00000000a0000000, 0x0000000100000000)
  region size 1024K, 8 young (8192K), 8 survivors (8192K)
 Metaspace       used 117186K, capacity 120868K, committed 121036K, reserved 1153024K
  class space    used 15485K, capacity 16996K, committed 17100K, reserved 1048576K
}
Event: 31.461 GC heap before
{Heap before GC invocations=52 (full 0):
 garbage-first heap   total 278528K, used 216547K [0x00000000a0000000, 0x0000000100000000)
  region size 1024K, 42 young (43008K), 8 survivors (8192K)
 Metaspace       used 117217K, capacity 120871K, committed 121036K, reserved 1153024K
  class space    used 15485K, capacity 16996K, committed 17100K, reserved 1048576K
}
Event: 31.511 GC heap after
{Heap after GC invocations=53 (full 0):
 garbage-first heap   total 278528K, used 202752K [0x00000000a0000000, 0x0000000100000000)
  region size 1024K, 6 young (6144K), 6 survivors (6144K)
 Metaspace       used 117217K, capacity 120871K, committed 121036K, reserved 1153024K
  class space    used 15485K, capacity 16996K, committed 17100K, reserved 1048576K
}
Event: 31.768 GC heap before
{Heap before GC invocations=53 (full 0):
 garbage-first heap   total 278528K, used 228352K [0x00000000a0000000, 0x0000000100000000)
  region size 1024K, 29 young (29696K), 6 survivors (6144K)
 Metaspace       used 117218K, capacity 120871K, committed 121036K, reserved 1153024K
  class space    used 15485K, capacity 16996K, committed 17100K, reserved 1048576K
}

Deoptimization events (20 events):
Event: 30.265 Thread 0x00000200d44d0800 Uncommon trap: trap_request=0xffffff4d fr.pc=0x00000200c1692c58 relative=0x0000000000001278
Event: 30.265 Thread 0x00000200d44d0800 Uncommon trap: reason=unstable_if action=reinterpret pc=0x00000200c1692c58 method=com.android.tools.r8.dex.j.m()V @ 22 c2
Event: 30.265 Thread 0x00000200d44d0800 DEOPT PACKING pc=0x00000200c1692c58 sp=0x0000003298cfd960
Event: 30.265 Thread 0x00000200d44d0800 DEOPT UNPACKING pc=0x00000200b96b78af sp=0x0000003298cfd928 mode 2
Event: 30.511 Thread 0x00000200d44d0800 Uncommon trap: trap_request=0xffffff4d fr.pc=0x00000200c1694eac relative=0x0000000000000dec
Event: 30.511 Thread 0x00000200d44d0800 Uncommon trap: reason=unstable_if action=reinterpret pc=0x00000200c1694eac method=com.android.tools.r8.dex.j.m()V @ 22 c2
Event: 30.511 Thread 0x00000200d44d0800 DEOPT PACKING pc=0x00000200c1694eac sp=0x0000003298cfd950
Event: 30.511 Thread 0x00000200d44d0800 DEOPT UNPACKING pc=0x00000200b96b78af sp=0x0000003298cfd918 mode 2
Event: 30.649 Thread 0x00000200d93b3000 DEOPT PACKING pc=0x00000200bb5729c7 sp=0x00000032995fe5b0
Event: 30.649 Thread 0x00000200d93b3000 DEOPT UNPACKING pc=0x00000200b96b76ce sp=0x00000032995fda18 mode 0
Event: 30.711 Thread 0x00000200d93b1800 DEOPT PACKING pc=0x00000200bb55c6fe sp=0x00000032993fe500
Event: 30.711 Thread 0x00000200d93b1800 DEOPT UNPACKING pc=0x00000200b96b76ce sp=0x00000032993fda88 mode 0
Event: 30.766 Thread 0x00000200d93b1800 DEOPT PACKING pc=0x00000200bb6a5ae0 sp=0x00000032993fe760
Event: 30.766 Thread 0x00000200d93b1800 DEOPT UNPACKING pc=0x00000200b96b76ce sp=0x00000032993fdd88 mode 0
Event: 30.874 Thread 0x00000200d93b1800 DEOPT PACKING pc=0x00000200bb6cca78 sp=0x00000032993fdf60
Event: 30.874 Thread 0x00000200d93b1800 DEOPT UNPACKING pc=0x00000200b96b76ce sp=0x00000032993fdbc0 mode 0
Event: 30.900 Thread 0x00000200d93b1800 DEOPT PACKING pc=0x00000200bb6ea239 sp=0x00000032993fe410
Event: 30.900 Thread 0x00000200d93b1800 DEOPT UNPACKING pc=0x00000200b96b76ce sp=0x00000032993fdad0 mode 0
Event: 30.902 Thread 0x00000200d93b1800 DEOPT PACKING pc=0x00000200bb6cca78 sp=0x00000032993fdf60
Event: 30.902 Thread 0x00000200d93b1800 DEOPT UNPACKING pc=0x00000200b96b76ce sp=0x00000032993fdbc0 mode 0

Classes redefined (0 events):
No events

Internal exceptions (20 events):
Event: 29.115 Thread 0x00000200d44cd800 Exception <a 'sun/nio/fs/WindowsException'{0x00000000aa1e64d0}> (0x00000000aa1e64d0) thrown at [./src/hotspot/share/prims/jni.cpp, line 615]
Event: 29.119 Thread 0x00000200d44d3000 Exception <a 'sun/nio/fs/WindowsException'{0x00000000aa1fc8b8}> (0x00000000aa1fc8b8) thrown at [./src/hotspot/share/prims/jni.cpp, line 615]
Event: 29.120 Thread 0x00000200d44cd800 Exception <a 'sun/nio/fs/WindowsException'{0x00000000aa0c2000}> (0x00000000aa0c2000) thrown at [./src/hotspot/share/prims/jni.cpp, line 615]
Event: 29.127 Thread 0x00000200d44d3000 Exception <a 'sun/nio/fs/WindowsException'{0x00000000aa0e5ce0}> (0x00000000aa0e5ce0) thrown at [./src/hotspot/share/prims/jni.cpp, line 615]
Event: 29.128 Thread 0x00000200d44cd800 Exception <a 'sun/nio/fs/WindowsException'{0x00000000aa0f6de8}> (0x00000000aa0f6de8) thrown at [./src/hotspot/share/prims/jni.cpp, line 615]
Event: 29.133 Thread 0x00000200d44cd800 Exception <a 'sun/nio/fs/WindowsException'{0x00000000aa0feaf8}> (0x00000000aa0feaf8) thrown at [./src/hotspot/share/prims/jni.cpp, line 615]
Event: 29.133 Thread 0x00000200d44cd800 Exception <a 'sun/nio/fs/WindowsException'{0x00000000aa0ff5c0}> (0x00000000aa0ff5c0) thrown at [./src/hotspot/share/prims/jni.cpp, line 615]
Event: 29.133 Thread 0x00000200d44cd800 Exception <a 'sun/nio/fs/WindowsException'{0x00000000aa0ff790}> (0x00000000aa0ff790) thrown at [./src/hotspot/share/prims/jni.cpp, line 615]
Event: 29.133 Thread 0x00000200d44cd800 Exception <a 'sun/nio/fs/WindowsException'{0x00000000a9fc32b8}> (0x00000000a9fc32b8) thrown at [./src/hotspot/share/prims/jni.cpp, line 615]
Event: 29.136 Thread 0x00000200d44cd800 Exception <a 'sun/nio/fs/WindowsException'{0x00000000a9fcb0a8}> (0x00000000a9fcb0a8) thrown at [./src/hotspot/share/prims/jni.cpp, line 615]
Event: 29.139 Thread 0x00000200d44cd800 Exception <a 'sun/nio/fs/WindowsException'{0x00000000a9fd2100}> (0x00000000a9fd2100) thrown at [./src/hotspot/share/prims/jni.cpp, line 615]
Event: 29.143 Thread 0x00000200d44cd800 Exception <a 'sun/nio/fs/WindowsException'{0x00000000a9ec6f68}> (0x00000000a9ec6f68) thrown at [./src/hotspot/share/prims/jni.cpp, line 615]
Event: 29.147 Thread 0x00000200d44cd800 Exception <a 'sun/nio/fs/WindowsException'{0x00000000a9ecde38}> (0x00000000a9ecde38) thrown at [./src/hotspot/share/prims/jni.cpp, line 615]
Event: 29.152 Thread 0x00000200d44cd800 Exception <a 'sun/nio/fs/WindowsException'{0x00000000a9edd370}> (0x00000000a9edd370) thrown at [./src/hotspot/share/prims/jni.cpp, line 615]
Event: 29.156 Thread 0x00000200d44cd800 Exception <a 'sun/nio/fs/WindowsException'{0x00000000a9ee6f10}> (0x00000000a9ee6f10) thrown at [./src/hotspot/share/prims/jni.cpp, line 615]
Event: 29.160 Thread 0x00000200d44cd800 Exception <a 'sun/nio/fs/WindowsException'{0x00000000a9eee220}> (0x00000000a9eee220) thrown at [./src/hotspot/share/prims/jni.cpp, line 615]
Event: 29.342 Thread 0x00000200d2cb4000 Implicit null exception at 0x00000200c166a827 to 0x00000200c166bc84
Event: 29.618 Thread 0x00000200d2cb9000 Implicit null exception at 0x00000200c167cd59 to 0x00000200c167d1e8
Event: 29.762 Thread 0x00000200d5f98000 Exception <a 'java/lang/NoSuchMethodError'{0x00000000afd41478}: <clinit>> (0x00000000afd41478) thrown at [./src/hotspot/share/prims/jni.cpp, line 1362]
Event: 29.951 Thread 0x00000200d44d0800 Exception <a 'sun/nio/fs/WindowsException'{0x00000000aea6a788}> (0x00000000aea6a788) thrown at [./src/hotspot/share/prims/jni.cpp, line 615]

Events (20 events):
Event: 30.645 Executing VM operation: RevokeBias
Event: 30.645 Executing VM operation: RevokeBias done
Event: 30.645 Executing VM operation: RevokeBias
Event: 30.645 Executing VM operation: RevokeBias done
Event: 30.646 Executing VM operation: RevokeBias
Event: 30.646 loading class java/util/AbstractList$SubList
Event: 30.647 loading class java/util/AbstractList$SubList done
Event: 30.647 Executing VM operation: RevokeBias done
Event: 30.647 loading class java/util/AbstractList$RandomAccessSubList done
Event: 30.647 loading class java/util/AbstractList$SubList$1
Event: 30.648 loading class com/android/tools/r8/internal/Sg
Event: 30.648 loading class com/android/tools/r8/internal/Sg done
Event: 30.648 loading class java/util/AbstractList$SubList$1 done
Event: 30.656 Executing VM operation: RevokeBias
Event: 30.656 Executing VM operation: RevokeBias done
Event: 31.016 Executing VM operation: G1CollectForAllocation
Event: 31.068 Executing VM operation: G1CollectForAllocation done
Event: 31.461 Executing VM operation: G1CollectForAllocation
Event: 31.512 Executing VM operation: G1CollectForAllocation done
Event: 31.768 Executing VM operation: G1CollectForAllocation


Dynamic libraries:
0x00007ff7c5d50000 - 0x00007ff7c5d5a000 	C:\Program Files\Android\Android Studio\jre\bin\java.exe
0x00007ffb699f0000 - 0x00007ffb69be5000 	C:\WINDOWS\SYSTEM32\ntdll.dll
0x00007ffb67db0000 - 0x00007ffb67e6e000 	C:\WINDOWS\System32\KERNEL32.DLL
0x00007ffb67420000 - 0x00007ffb676e8000 	C:\WINDOWS\System32\KERNELBASE.dll
0x00007ffb671d0000 - 0x00007ffb672d0000 	C:\WINDOWS\System32\ucrtbase.dll
0x00007ffb56f50000 - 0x00007ffb56f69000 	C:\Program Files\Android\Android Studio\jre\bin\jli.dll
0x00007ffb56f70000 - 0x00007ffb56f87000 	C:\Program Files\Android\Android Studio\jre\bin\VCRUNTIME140.dll
0x00007ffb68910000 - 0x00007ffb68ab0000 	C:\WINDOWS\System32\USER32.dll
0x00007ffb676f0000 - 0x00007ffb67712000 	C:\WINDOWS\System32\win32u.dll
0x00007ffb67af0000 - 0x00007ffb67b1b000 	C:\WINDOWS\System32\GDI32.dll
0x00007ffb5c970000 - 0x00007ffb5cc0a000 	C:\WINDOWS\WinSxS\amd64_microsoft.windows.common-controls_6595b64144ccf1df_6.0.19041.1110_none_60b5254171f9507e\COMCTL32.dll
0x00007ffb67880000 - 0x00007ffb6798d000 	C:\WINDOWS\System32\gdi32full.dll
0x00007ffb69900000 - 0x00007ffb6999e000 	C:\WINDOWS\System32\msvcrt.dll
0x00007ffb67130000 - 0x00007ffb671cd000 	C:\WINDOWS\System32\msvcp_win.dll
0x00007ffb67f90000 - 0x00007ffb67fc0000 	C:\WINDOWS\System32\IMM32.DLL
0x00007ffb54290000 - 0x00007ffb5432d000 	C:\Program Files\Android\Android Studio\jre\bin\msvcp140.dll
0x00007ffac8000000 - 0x00007ffac8acf000 	C:\Program Files\Android\Android Studio\jre\bin\server\jvm.dll
0x00007ffb67d00000 - 0x00007ffb67dae000 	C:\WINDOWS\System32\ADVAPI32.dll
0x00007ffb67b20000 - 0x00007ffb67bbc000 	C:\WINDOWS\System32\sechost.dll
0x00007ffb68510000 - 0x00007ffb68635000 	C:\WINDOWS\System32\RPCRT4.dll
0x00007ffb699a0000 - 0x00007ffb699a8000 	C:\WINDOWS\System32\PSAPI.DLL
0x00007ffb4a320000 - 0x00007ffb4a329000 	C:\WINDOWS\SYSTEM32\WSOCK32.dll
0x00007ffb68640000 - 0x00007ffb686ab000 	C:\WINDOWS\System32\WS2_32.dll
0x00007ffb5f0c0000 - 0x00007ffb5f0ca000 	C:\WINDOWS\SYSTEM32\VERSION.dll
0x00007ffb485c0000 - 0x00007ffb485e7000 	C:\WINDOWS\SYSTEM32\WINMM.dll
0x00007ffb65980000 - 0x00007ffb65992000 	C:\WINDOWS\SYSTEM32\kernel.appcore.dll
0x00007ffb50410000 - 0x00007ffb50421000 	C:\Program Files\Android\Android Studio\jre\bin\verify.dll
0x00007ffb65690000 - 0x00007ffb65874000 	C:\WINDOWS\SYSTEM32\DBGHELP.DLL
0x00007ffb5c900000 - 0x00007ffb5c92c000 	C:\WINDOWS\SYSTEM32\dbgcore.DLL
0x00007ffb67320000 - 0x00007ffb673a2000 	C:\WINDOWS\System32\bcryptPrimitives.dll
0x00007ffb35070000 - 0x00007ffb35099000 	C:\Program Files\Android\Android Studio\jre\bin\java.dll
0x00007ffb61310000 - 0x00007ffb6131b000 	C:\Program Files\Android\Android Studio\jre\bin\jimage.dll
0x00007ffb503f0000 - 0x00007ffb50408000 	C:\Program Files\Android\Android Studio\jre\bin\zip.dll
0x00007ffb68c10000 - 0x00007ffb69354000 	C:\WINDOWS\System32\SHELL32.dll
0x00007ffb64e30000 - 0x00007ffb655c4000 	C:\WINDOWS\SYSTEM32\windows.storage.dll
0x00007ffb69520000 - 0x00007ffb69875000 	C:\WINDOWS\System32\combase.dll
0x00007ffb66b50000 - 0x00007ffb66b7e000 	C:\WINDOWS\SYSTEM32\Wldp.dll
0x00007ffb67a40000 - 0x00007ffb67aed000 	C:\WINDOWS\System32\SHCORE.dll
0x00007ffb68020000 - 0x00007ffb68075000 	C:\WINDOWS\System32\shlwapi.dll
0x00007ffb67040000 - 0x00007ffb6705f000 	C:\WINDOWS\SYSTEM32\profapi.dll
0x00007ffb34fa0000 - 0x00007ffb34fba000 	C:\Program Files\Android\Android Studio\jre\bin\net.dll
0x00007ffb62100000 - 0x00007ffb6220c000 	C:\WINDOWS\SYSTEM32\WINHTTP.dll
0x00007ffb668b0000 - 0x00007ffb6691a000 	C:\WINDOWS\system32\mswsock.dll
0x00007ffb34f80000 - 0x00007ffb34f94000 	C:\Program Files\Android\Android Studio\jre\bin\nio.dll
0x00007ffb4cd50000 - 0x00007ffb4cd77000 	C:\Users\migue\.gradle\native\8bec1ad78214c89d9ad589b4d07fe93259594b29d510b10fafb7a158f7737e5d\windows-amd64\native-platform.dll
0x00007ffad9360000 - 0x00007ffad949d000 	C:\Users\migue\.gradle\native\53dbd7edfb1c66fb8903c78663c9afc45aea4f116125fa6feffd364cf09443e8\windows-amd64\native-platform-file-events.dll
0x00007ffb61220000 - 0x00007ffb6122a000 	C:\Program Files\Android\Android Studio\jre\bin\management.dll
0x00007ffb60240000 - 0x00007ffb6024c000 	C:\Program Files\Android\Android Studio\jre\bin\management_ext.dll
0x00007ffb66aa0000 - 0x00007ffb66ab8000 	C:\WINDOWS\SYSTEM32\CRYPTSP.dll
0x00007ffb661c0000 - 0x00007ffb661f4000 	C:\WINDOWS\system32\rsaenh.dll
0x00007ffb67100000 - 0x00007ffb67127000 	C:\WINDOWS\System32\bcrypt.dll
0x00007ffb67000000 - 0x00007ffb6702e000 	C:\WINDOWS\SYSTEM32\USERENV.dll
0x00007ffb66ac0000 - 0x00007ffb66acc000 	C:\WINDOWS\SYSTEM32\CRYPTBASE.dll
0x00007ffb66550000 - 0x00007ffb6658b000 	C:\WINDOWS\SYSTEM32\IPHLPAPI.DLL
0x00007ffb69360000 - 0x00007ffb69368000 	C:\WINDOWS\System32\NSI.dll
0x00007ffb5e680000 - 0x00007ffb5e697000 	C:\WINDOWS\SYSTEM32\dhcpcsvc6.DLL
0x00007ffb5f320000 - 0x00007ffb5f33d000 	C:\WINDOWS\SYSTEM32\dhcpcsvc.DLL
0x00007ffb665e0000 - 0x00007ffb666ab000 	C:\WINDOWS\SYSTEM32\DNSAPI.dll

dbghelp: loaded successfully - version: 4.0.5 - missing functions: none
symbol engine: initialized successfully - sym options: 0x614 - pdb path: .;C:\Program Files\Android\Android Studio\jre\bin;C:\WINDOWS\SYSTEM32;C:\WINDOWS\WinSxS\amd64_microsoft.windows.common-controls_6595b64144ccf1df_6.0.19041.1110_none_60b5254171f9507e;C:\Program Files\Android\Android Studio\jre\bin\server;C:\Users\migue\.gradle\native\8bec1ad78214c89d9ad589b4d07fe93259594b29d510b10fafb7a158f7737e5d\windows-amd64;C:\Users\migue\.gradle\native\53dbd7edfb1c66fb8903c78663c9afc45aea4f116125fa6feffd364cf09443e8\windows-amd64

VM Arguments:
jvm_args: --add-opens=java.base/java.util=ALL-UNNAMED --add-opens=java.base/java.lang=ALL-UNNAMED --add-opens=java.base/java.lang.invoke=ALL-UNNAMED --add-opens=java.base/java.util=ALL-UNNAMED --add-opens=java.prefs/java.util.prefs=ALL-UNNAMED --add-opens=java.prefs/java.util.prefs=ALL-UNNAMED --add-opens=java.base/java.nio.charset=ALL-UNNAMED --add-opens=java.base/java.net=ALL-UNNAMED --add-opens=java.base/java.util.concurrent.atomic=ALL-UNNAMED -Xmx1536m -Dfile.encoding=windows-1252 -Duser.country=ES -Duser.language=es -Duser.variant 
java_command: org.gradle.launcher.daemon.bootstrap.GradleDaemon 7.0.2
java_class_path (initial): C:\Users\migue\.gradle\wrapper\dists\gradle-7.0.2-all\7era6s5ay7zsbhuvl0oc9g94s\gradle-7.0.2\lib\gradle-launcher-7.0.2.jar
Launcher Type: SUN_STANDARD

[Global flags]
     intx CICompilerCount                          = 4                                         {product} {ergonomic}
     uint ConcGCThreads                            = 2                                         {product} {ergonomic}
     uint G1ConcRefinementThreads                  = 8                                         {product} {ergonomic}
   size_t G1HeapRegionSize                         = 1048576                                   {product} {ergonomic}
    uintx GCDrainStackTargetSize                   = 64                                        {product} {ergonomic}
   size_t InitialHeapSize                          = 132120576                                 {product} {ergonomic}
   size_t MarkStackSize                            = 4194304                                   {product} {ergonomic}
   size_t MaxHeapSize                              = 1610612736                                {product} {command line}
   size_t MaxNewSize                               = 965738496                                 {product} {ergonomic}
   size_t MinHeapDeltaBytes                        = 1048576                                   {product} {ergonomic}
    uintx NonNMethodCodeHeapSize                   = 5836300                                {pd product} {ergonomic}
    uintx NonProfiledCodeHeapSize                  = 122910970                              {pd product} {ergonomic}
    uintx ProfiledCodeHeapSize                     = 122910970                              {pd product} {ergonomic}
    uintx ReservedCodeCacheSize                    = 251658240                              {pd product} {ergonomic}
     bool SegmentedCodeCache                       = true                                      {product} {ergonomic}
     bool UseCompressedClassPointers               = true                                 {lp64_product} {ergonomic}
     bool UseCompressedOops                        = true                                 {lp64_product} {ergonomic}
     bool UseG1GC                                  = true                                      {product} {ergonomic}
     bool UseLargePagesIndividualAllocation        = false                                  {pd product} {ergonomic}

Logging:
Log output configuration:
 #0: stdout all=warning uptime,level,tags
 #1: stderr all=off uptime,level,tags

Environment Variables:
PATH=C:\Program Files\Common Files\Oracle\Java\javapath;C:\windows\system32;C:\windows;C:\windows\System32\Wbem;C:\windows\System32\WindowsPowerShell\v1.0\;C:\windows\System32\OpenSSH\;C:\Program Files (x86)\NVIDIA Corporation\PhysX\Common;C:\Program Files\NVIDIA Corporation\NVIDIA NvDLISR;C:\Program Files\Microsoft SQL Server\130\Tools\Binn\;C:\Program Files\Microsoft SQL Server\Client SDK\ODBC\170\Tools\Binn\;C:\Program Files\dotnet\;C:\PHP;C:\WINDOWS\system32;C:\WINDOWS;C:\WINDOWS\System32\Wbem;C:\WINDOWS\System32\WindowsPowerShell\v1.0\;C:\WINDOWS\System32\OpenSSH\;C:\Program Files\Git\cmd;C:\Program Files\Java\jdk-17.0.1\bin;C:\Users\migue\AppData\Local\Programs\Python\Python38-32\Scripts\;C:\Users\migue\AppData\Local\Programs\Python\Python38-32\;C:\Users\migue\AppData\Local\Microsoft\WindowsApps;C:\Users\migue\AppData\Local\Programs\Microsoft VS Code\bin;C:\Users\migue\.dotnet\tools;C:\Users\migue\AppData\Local\atom\bin;C:\Users\migue\.dotnet\tools;C:\Users\migue\AppData\Local\Microsoft\WindowsApps;
USERNAME=migue
OS=Windows_NT
PROCESSOR_IDENTIFIER=Intel64 Family 6 Model 142 Stepping 12, GenuineIntel



---------------  S Y S T E M  ---------------

OS: Windows 10 , 64 bit Build 19041 (10.0.19041.1503)
OS uptime: 11 days 20:29 hours

CPU:total 8 (initial active 8) (4 cores per cpu, 2 threads per core) family 6 model 142 stepping 12 microcode 0xde, cmov, cx8, fxsr, mmx, sse, sse2, sse3, ssse3, sse4.1, sse4.2, popcnt, avx, avx2, aes, clmul, erms, 3dnowpref, lzcnt, ht, tsc, tscinvbit, bmi1, bmi2, adx, fma

Memory: 4k page, system-wide physical 7977M (95M free)
TotalPageFile size 32553M (AvailPageFile size 177M)
current process WorkingSet (physical memory assigned to process): 415M, peak: 445M
current process commit charge ("private bytes"): 613M, peak: 858M

vm_info: OpenJDK 64-Bit Server VM (11.0.10+0-b96-7249189) for windows-amd64 JRE (11.0.10+0-b96-7249189), built on Mar 31 2021 21:44:00 by "builder" with MS VC++ 14.0 (VS2015)

END.
