#
# There is insufficient memory for the Java Runtime Environment to continue.
# Native memory allocation (mmap) failed to map 60817408 bytes for Failed to commit area from 0x00000000b4700000 to 0x00000000b8100000 of length 60817408.
# Possible reasons:
#   The system is out of physical RAM or swap space
#   The process is running with CompressedOops enabled, and the Java Heap may be blocking the growth of the native heap
# Possible solutions:
#   Reduce memory load on the system
#   Increase physical memory or swap space
#   Check if swap backing store is full
#   Decrease Java heap size (-Xmx/-Xms)
#   Decrease number of Java threads
#   Decrease Java thread stack sizes (-Xss)
#   Set larger code cache with -XX:ReservedCodeCacheSize=
#   JVM is running with Unscaled Compressed Oops mode in which the Java heap is
#     placed in the first 4GB address space. The Java Heap base address is the
#     maximum limit for the native heap growth. Please use -XX:HeapBaseMinAddress
#     to set the Java Heap base and to place the Java Heap above 4GB virtual address.
# This output file may be truncated or incomplete.
#
#  Out of Memory Error (./src/hotspot/os/windows/os_windows.cpp:3301), pid=20856, tid=14104
#
# JRE version: OpenJDK Runtime Environment (11.0.10) (build 11.0.10+0-b96-7249189)
# Java VM: OpenJDK 64-Bit Server VM (11.0.10+0-b96-7249189, mixed mode, tiered, compressed oops, g1 gc, windows-amd64)
# No core dump will be written. Minidumps are not enabled by default on client versions of Windows
#

---------------  S U M M A R Y ------------

Command Line: --add-opens=java.base/java.util=ALL-UNNAMED --add-opens=java.base/java.lang=ALL-UNNAMED --add-opens=java.base/java.lang.invoke=ALL-UNNAMED --add-opens=java.base/java.util=ALL-UNNAMED --add-opens=java.prefs/java.util.prefs=ALL-UNNAMED --add-opens=java.prefs/java.util.prefs=ALL-UNNAMED --add-opens=java.base/java.nio.charset=ALL-UNNAMED --add-opens=java.base/java.net=ALL-UNNAMED --add-opens=java.base/java.util.concurrent.atomic=ALL-UNNAMED -Xmx1536m -Dfile.encoding=windows-1252 -Duser.country=ES -Duser.language=es -Duser.variant org.gradle.launcher.daemon.bootstrap.GradleDaemon 7.0.2

Host: Intel(R) Core(TM) i5-10210U CPU @ 1.60GHz, 8 cores, 7G,  Windows 10 , 64 bit Build 19041 (10.0.19041.1503)
Time: Wed Feb 23 02:36:21 2022 Hora estándar del Centro elapsed time: 62.583759 seconds (0d 0h 1m 2s)

---------------  T H R E A D  ---------------

Current thread (0x0000024e19846000):  VMThread "VM Thread" [stack: 0x0000005b33000000,0x0000005b33100000] [id=14104]

Stack: [0x0000005b33000000,0x0000005b33100000]
[error occurred during error reporting (printing stack bounds), id 0xc0000005, EXCEPTION_ACCESS_VIOLATION (0xc0000005) at pc=0x0000024e03a30f2d]

Native frames: (J=compiled Java code, j=interpreted, Vv=VM code, C=native code)
V  [jvm.dll+0x5ecfaa]
V  [jvm.dll+0x722bd5]
V  [jvm.dll+0x72412d]
V  [jvm.dll+0x724745]
V  [jvm.dll+0x7246fb]
V  [jvm.dll+0x5ec348]
V  [jvm.dll+0x5ecad8]
C  [ntdll.dll+0xa20cf]
C  [ntdll.dll+0x51454]
C  [ntdll.dll+0xa0bfe]
C  0x0000024e03a30f2d

VM_Operation (0x0000005b389fcb00): G1CollectForAllocation, mode: safepoint, requested by thread 0x0000024e1de51800


---------------  P R O C E S S  ---------------

Threads class SMR info:
_java_thread_list=0x0000024e221e08c0, length=83, elements={
0x0000024e7cb18000, 0x0000024e1986c000, 0x0000024e1986d000, 0x0000024e1988c000,
0x0000024e1988d000, 0x0000024e1988e000, 0x0000024e19894000, 0x0000024e1989d800,
0x0000024e198a5800, 0x0000024e1a37f000, 0x0000024e1ae4f000, 0x0000024e1ad70000,
0x0000024e1b90f800, 0x0000024e1c8e2800, 0x0000024e1b912000, 0x0000024e1b2b5800,
0x0000024e1cbdb000, 0x0000024e1c3ff000, 0x0000024e1c8f9000, 0x0000024e1c8fb000,
0x0000024e1c8fb800, 0x0000024e1c8fc800, 0x0000024e1c8f7800, 0x0000024e1c8fa000,
0x0000024e1c8f6800, 0x0000024e1c8fd800, 0x0000024e1c8f8800, 0x0000024e1c6e0800,
0x0000024e1c6e1800, 0x0000024e1c6e3000, 0x0000024e1c6e2800, 0x0000024e1c6dd800,
0x0000024e1c6e0000, 0x0000024e1c6e7000, 0x0000024e1c6e5000, 0x0000024e1c6e4000,
0x0000024e1c6e6800, 0x0000024e1c6eb800, 0x0000024e1c6e8000, 0x0000024e1c6e9000,
0x0000024e1c6e5800, 0x0000024e1c6e9800, 0x0000024e1c6ec000, 0x0000024e1c6ea800,
0x0000024e1cc0d000, 0x0000024e1cc11800, 0x0000024e1cc0e000, 0x0000024e1cc0f800,
0x0000024e1cc0c800, 0x0000024e1cc14800, 0x0000024e1cc13800, 0x0000024e1cc10800,
0x0000024e1cc15800, 0x0000024e1cc18000, 0x0000024e1cc16000, 0x0000024e1cc17000,
0x0000024e1cc12000, 0x0000024e1cc18800, 0x0000024e1cc13000, 0x0000024e1cc1b000,
0x0000024e24151000, 0x0000024e2414d000, 0x0000024e2414f800, 0x0000024e24150000,
0x0000024e24153800, 0x0000024e24152800, 0x0000024e2414e000, 0x0000024e2414e800,
0x0000024e1de4e000, 0x0000024e1de4f000, 0x0000024e1de4f800, 0x0000024e1c757800,
0x0000024e1de51800, 0x0000024e1de4b800, 0x0000024e1de52000, 0x0000024e1de4c800,
0x0000024e1de53000, 0x0000024e1de57000, 0x0000024e1de53800, 0x0000024e1de56000,
0x0000024e1de58000, 0x0000024e1de58800, 0x0000024e1de59800
}

Java Threads: ( => current thread )
  0x0000024e7cb18000 JavaThread "main" [_thread_blocked, id=34716, stack(0x0000005b32a00000,0x0000005b32b00000)]
  0x0000024e1986c000 JavaThread "Reference Handler" daemon [_thread_blocked, id=29252, stack(0x0000005b33100000,0x0000005b33200000)]
  0x0000024e1986d000 JavaThread "Finalizer" daemon [_thread_blocked, id=28964, stack(0x0000005b33200000,0x0000005b33300000)]
  0x0000024e1988c000 JavaThread "Signal Dispatcher" daemon [_thread_blocked, id=15508, stack(0x0000005b33300000,0x0000005b33400000)]
  0x0000024e1988d000 JavaThread "Attach Listener" daemon [_thread_blocked, id=8056, stack(0x0000005b33400000,0x0000005b33500000)]
  0x0000024e1988e000 JavaThread "Service Thread" daemon [_thread_blocked, id=25652, stack(0x0000005b33500000,0x0000005b33600000)]
  0x0000024e19894000 JavaThread "C2 CompilerThread0" daemon [_thread_blocked, id=31956, stack(0x0000005b33600000,0x0000005b33700000)]
  0x0000024e1989d800 JavaThread "C1 CompilerThread0" daemon [_thread_blocked, id=13632, stack(0x0000005b33700000,0x0000005b33800000)]
  0x0000024e198a5800 JavaThread "Sweeper thread" daemon [_thread_blocked, id=30584, stack(0x0000005b33800000,0x0000005b33900000)]
  0x0000024e1a37f000 JavaThread "Common-Cleaner" daemon [_thread_blocked, id=6348, stack(0x0000005b33900000,0x0000005b33a00000)]
  0x0000024e1ae4f000 JavaThread "Daemon health stats" [_thread_blocked, id=20560, stack(0x0000005b34000000,0x0000005b34100000)]
  0x0000024e1ad70000 JavaThread "Incoming local TCP Connector on port 59927" [_thread_in_native, id=28880, stack(0x0000005b33b00000,0x0000005b33c00000)]
  0x0000024e1b90f800 JavaThread "Daemon periodic checks" [_thread_blocked, id=13824, stack(0x0000005b34100000,0x0000005b34200000)]
  0x0000024e1c8e2800 JavaThread "Daemon" [_thread_blocked, id=10332, stack(0x0000005b34200000,0x0000005b34300000)]
  0x0000024e1b912000 JavaThread "Handler for socket connection from /127.0.0.1:59927 to /127.0.0.1:59928" [_thread_in_native, id=29448, stack(0x0000005b34300000,0x0000005b34400000)]
  0x0000024e1b2b5800 JavaThread "Cancel handler" [_thread_blocked, id=9168, stack(0x0000005b34400000,0x0000005b34500000)]
  0x0000024e1cbdb000 JavaThread "Daemon worker" [_thread_blocked, id=20648, stack(0x0000005b34500000,0x0000005b34600000)]
  0x0000024e1c3ff000 JavaThread "Asynchronous log dispatcher for DefaultDaemonConnection: socket connection from /127.0.0.1:59927 to /127.0.0.1:59928" [_thread_blocked, id=9500, stack(0x0000005b34600000,0x0000005b34700000)]
  0x0000024e1c8f9000 JavaThread "Stdin handler" [_thread_blocked, id=34784, stack(0x0000005b34700000,0x0000005b34800000)]
  0x0000024e1c8fb000 JavaThread "Daemon client event forwarder" [_thread_blocked, id=29908, stack(0x0000005b34800000,0x0000005b34900000)]
  0x0000024e1c8fb800 JavaThread "Cache worker for file hash cache (C:\Users\migue\.gradle\caches\7.0.2\fileHashes)" [_thread_blocked, id=17004, stack(0x0000005b34900000,0x0000005b34a00000)]
  0x0000024e1c8fc800 JavaThread "File lock request listener" [_thread_in_native, id=28336, stack(0x0000005b34a00000,0x0000005b34b00000)]
  0x0000024e1c8f7800 JavaThread "Cache worker for journal cache (C:\Users\migue\.gradle\caches\journal-1)" [_thread_blocked, id=30052, stack(0x0000005b35100000,0x0000005b35200000)]
  0x0000024e1c8fa000 JavaThread "Cache worker for file hash cache (C:\Users\migue\AndroidStudioProjects\MiguelD330\GuessTheWord\.gradle\7.0.2\fileHashes)" [_thread_blocked, id=24924, stack(0x0000005b35300000,0x0000005b35400000)]
  0x0000024e1c8f6800 JavaThread "File watcher server" daemon [_thread_blocked, id=28032, stack(0x0000005b35400000,0x0000005b35500000)]
  0x0000024e1c8fd800 JavaThread "File watcher consumer" daemon [_thread_blocked, id=28432, stack(0x0000005b35500000,0x0000005b35600000)]
  0x0000024e1c8f8800 JavaThread "Cache worker for checksums cache (C:\Users\migue\AndroidStudioProjects\MiguelD330\GuessTheWord\.gradle\checksums)" [_thread_blocked, id=21224, stack(0x0000005b35600000,0x0000005b35700000)]
  0x0000024e1c6e0800 JavaThread "Cache worker for cache directory md-supplier (C:\Users\migue\.gradle\caches\7.0.2\md-supplier)" [_thread_blocked, id=1732, stack(0x0000005b35700000,0x0000005b35800000)]
  0x0000024e1c6e1800 JavaThread "Cache worker for cache directory md-rule (C:\Users\migue\.gradle\caches\7.0.2\md-rule)" [_thread_blocked, id=34288, stack(0x0000005b35800000,0x0000005b35900000)]
  0x0000024e1c6e3000 JavaThread "Cache worker for execution history cache (C:\Users\migue\.gradle\caches\7.0.2\executionHistory)" [_thread_blocked, id=1664, stack(0x0000005b35900000,0x0000005b35a00000)]
  0x0000024e1c6e2800 JavaThread "jar transforms" [_thread_blocked, id=33560, stack(0x0000005b35a00000,0x0000005b35b00000)]
  0x0000024e1c6dd800 JavaThread "jar transforms Thread 2" [_thread_blocked, id=15296, stack(0x0000005b35b00000,0x0000005b35c00000)]
  0x0000024e1c6e0000 JavaThread "Cache worker for file content cache (C:\Users\migue\.gradle\caches\7.0.2\fileContent)" [_thread_blocked, id=28988, stack(0x0000005b35c00000,0x0000005b35d00000)]
  0x0000024e1c6e7000 JavaThread "Cache worker for dependencies-accessors (C:\Users\migue\AndroidStudioProjects\MiguelD330\GuessTheWord\.gradle\7.0.2\dependencies-accessors)" [_thread_blocked, id=3548, stack(0x0000005b35d00000,0x0000005b35e00000)]
  0x0000024e1c6e5000 JavaThread "jar transforms Thread 3" [_thread_blocked, id=17276, stack(0x0000005b35e00000,0x0000005b35f00000)]
  0x0000024e1c6e4000 JavaThread "Cache worker for Build Output Cleanup Cache (C:\Users\migue\AndroidStudioProjects\MiguelD330\GuessTheWord\.gradle\buildOutputCleanup)" [_thread_blocked, id=32864, stack(0x0000005b35f00000,0x0000005b36000000)]
  0x0000024e1c6e6800 JavaThread "Build operations" [_thread_blocked, id=14588, stack(0x0000005b36000000,0x0000005b36100000)]
  0x0000024e1c6eb800 JavaThread "Build operations Thread 2" [_thread_blocked, id=20312, stack(0x0000005b36100000,0x0000005b36200000)]
  0x0000024e1c6e8000 JavaThread "Build operations Thread 3" [_thread_blocked, id=11240, stack(0x0000005b36200000,0x0000005b36300000)]
  0x0000024e1c6e9000 JavaThread "Build operations Thread 4" [_thread_blocked, id=3868, stack(0x0000005b36300000,0x0000005b36400000)]
  0x0000024e1c6e5800 JavaThread "Build operations Thread 5" [_thread_blocked, id=34532, stack(0x0000005b36400000,0x0000005b36500000)]
  0x0000024e1c6e9800 JavaThread "Build operations Thread 6" [_thread_blocked, id=34420, stack(0x0000005b36500000,0x0000005b36600000)]
  0x0000024e1c6ec000 JavaThread "Build operations Thread 7" [_thread_blocked, id=30660, stack(0x0000005b36600000,0x0000005b36700000)]
  0x0000024e1c6ea800 JavaThread "Build operations Thread 8" [_thread_blocked, id=9576, stack(0x0000005b36700000,0x0000005b36800000)]
  0x0000024e1cc0d000 JavaThread "jar transforms Thread 4" [_thread_blocked, id=8500, stack(0x0000005b36800000,0x0000005b36900000)]
  0x0000024e1cc11800 JavaThread "jar transforms Thread 5" [_thread_blocked, id=12636, stack(0x0000005b36900000,0x0000005b36a00000)]
  0x0000024e1cc0e000 JavaThread "jar transforms Thread 6" [_thread_blocked, id=27792, stack(0x0000005b36a00000,0x0000005b36b00000)]
  0x0000024e1cc0f800 JavaThread "jar transforms Thread 7" [_thread_blocked, id=28740, stack(0x0000005b36b00000,0x0000005b36c00000)]
  0x0000024e1cc0c800 JavaThread "jar transforms Thread 8" [_thread_blocked, id=26028, stack(0x0000005b36c00000,0x0000005b36d00000)]
  0x0000024e1cc14800 JavaThread "Memory manager" [_thread_blocked, id=20980, stack(0x0000005b36d00000,0x0000005b36e00000)]
  0x0000024e1cc13800 JavaThread "build event listener" [_thread_blocked, id=672, stack(0x0000005b36e00000,0x0000005b36f00000)]
  0x0000024e1cc10800 JavaThread "build event listener" [_thread_blocked, id=32912, stack(0x0000005b36f00000,0x0000005b37000000)]
  0x0000024e1cc15800 JavaThread "Execution worker for ':'" [_thread_blocked, id=33068, stack(0x0000005b37000000,0x0000005b37100000)]
  0x0000024e1cc18000 JavaThread "Execution worker for ':' Thread 2" [_thread_blocked, id=32992, stack(0x0000005b37100000,0x0000005b37200000)]
  0x0000024e1cc16000 JavaThread "Execution worker for ':' Thread 3" [_thread_blocked, id=6652, stack(0x0000005b37200000,0x0000005b37300000)]
  0x0000024e1cc17000 JavaThread "Execution worker for ':' Thread 4" [_thread_blocked, id=14948, stack(0x0000005b37300000,0x0000005b37400000)]
  0x0000024e1cc12000 JavaThread "Execution worker for ':' Thread 5" [_thread_blocked, id=16792, stack(0x0000005b37400000,0x0000005b37500000)]
  0x0000024e1cc18800 JavaThread "Execution worker for ':' Thread 6" [_thread_blocked, id=32192, stack(0x0000005b37500000,0x0000005b37600000)]
  0x0000024e1cc13000 JavaThread "Execution worker for ':' Thread 7" [_thread_blocked, id=27196, stack(0x0000005b37600000,0x0000005b37700000)]
  0x0000024e1cc1b000 JavaThread "Cache worker for execution history cache (C:\Users\migue\AndroidStudioProjects\MiguelD330\GuessTheWord\.gradle\7.0.2\executionHistory)" [_thread_blocked, id=24792, stack(0x0000005b37700000,0x0000005b37800000)]
  0x0000024e24151000 JavaThread "pool-3-thread-1" [_thread_blocked, id=2868, stack(0x0000005b37a00000,0x0000005b37b00000)]
  0x0000024e2414d000 JavaThread "stderr" [_thread_in_native, id=30204, stack(0x0000005b37b00000,0x0000005b37c00000)]
  0x0000024e2414f800 JavaThread "stdout" [_thread_in_native, id=3556, stack(0x0000005b37c00000,0x0000005b37d00000)]
  0x0000024e24150000 JavaThread "RMI Scheduler(0)" daemon [_thread_blocked, id=19080, stack(0x0000005b37f00000,0x0000005b38000000)]
  0x0000024e24153800 JavaThread "RMI GC Daemon" daemon [_thread_blocked, id=25176, stack(0x0000005b38100000,0x0000005b38200000)]
  0x0000024e24152800 JavaThread "RMI TCP Accept-0" daemon [_thread_in_native, id=18876, stack(0x0000005b38200000,0x0000005b38300000)]
  0x0000024e2414e000 JavaThread "RMI Reaper" [_thread_blocked, id=13028, stack(0x0000005b38300000,0x0000005b38400000)]
  0x0000024e2414e800 JavaThread "RMI TCP Connection(1)-127.0.0.1" daemon [_thread_in_native, id=24080, stack(0x0000005b38400000,0x0000005b38500000)]
  0x0000024e1de4e000 JavaThread "RMI TCP Connection(2)-127.0.0.1" daemon [_thread_in_native, id=32676, stack(0x0000005b38000000,0x0000005b38100000)]
  0x0000024e1de4f000 JavaThread "Cache worker for Java compile cache (C:\Users\migue\.gradle\caches\7.0.2\javaCompile)" [_thread_blocked, id=24136, stack(0x0000005b35200000,0x0000005b35300000)]
  0x0000024e1de4f800 JavaThread "Cache worker for Java compile cache (C:\Users\migue\AndroidStudioProjects\MiguelD330\GuessTheWord\.gradle\7.0.2\javaCompile)" [_thread_blocked, id=19452, stack(0x0000005b38600000,0x0000005b38700000)]
  0x0000024e1c757800 JavaThread "C2 CompilerThread1" daemon [_thread_blocked, id=29164, stack(0x0000005b37800000,0x0000005b37900000)]
  0x0000024e1de51800 JavaThread "WorkerExecutor Queue Thread 6" [_thread_blocked, id=28180, stack(0x0000005b38900000,0x0000005b38a00000)]
  0x0000024e1de4b800 JavaThread "WorkerExecutor Queue Thread 7" [_thread_blocked, id=2100, stack(0x0000005b38a00000,0x0000005b38b00000)]
  0x0000024e1de52000 JavaThread "WorkerExecutor Queue Thread 11" [_thread_blocked, id=31672, stack(0x0000005b38b00000,0x0000005b38c00000)]
  0x0000024e1de4c800 JavaThread "ForkJoinPool-1-worker-3" daemon [_thread_blocked, id=31584, stack(0x0000005b38e00000,0x0000005b38f00000)]
  0x0000024e1de53000 JavaThread "ForkJoinPool-1-worker-5" daemon [_thread_blocked, id=31876, stack(0x0000005b38f00000,0x0000005b39000000)]
  0x0000024e1de57000 JavaThread "ForkJoinPool-1-worker-7" daemon [_thread_blocked, id=648, stack(0x0000005b39000000,0x0000005b39100000)]
  0x0000024e1de53800 JavaThread "ForkJoinPool-1-worker-9" daemon [_thread_blocked, id=25160, stack(0x0000005b39100000,0x0000005b39200000)]
  0x0000024e1de56000 JavaThread "ForkJoinPool-1-worker-11" daemon [_thread_blocked, id=21144, stack(0x0000005b39200000,0x0000005b39300000)]
  0x0000024e1de58000 JavaThread "ForkJoinPool-1-worker-13" daemon [_thread_blocked, id=21064, stack(0x0000005b39300000,0x0000005b39400000)]
  0x0000024e1de58800 JavaThread "ForkJoinPool-1-worker-15" daemon [_thread_blocked, id=20496, stack(0x0000005b39400000,0x0000005b39500000)]
  0x0000024e1de59800 JavaThread "ForkJoinPool-1-worker-1" daemon [_thread_blocked, id=29304, stack(0x0000005b39500000,0x0000005b39600000)]

Other Threads:
=>0x0000024e19846000 VMThread "VM Thread" [stack: 0x0000005b33000000,0x0000005b33100000] [id=14104]
  0x0000024e1a38c000 WatcherThread [stack: 0x0000005b33a00000,0x0000005b33b00000] [id=13280]
  0x0000024e7cb34800 GCTaskThread "GC Thread#0" [stack: 0x0000005b32b00000,0x0000005b32c00000] [id=33448]
  0x0000024e1adc3800 GCTaskThread "GC Thread#1" [stack: 0x0000005b33c00000,0x0000005b33d00000] [id=15036]
  0x0000024e1ab08000 GCTaskThread "GC Thread#2" [stack: 0x0000005b33d00000,0x0000005b33e00000] [id=1096]
  0x0000024e1baff800 GCTaskThread "GC Thread#3" [stack: 0x0000005b34b00000,0x0000005b34c00000] [id=10668]
  0x0000024e1b480000 GCTaskThread "GC Thread#4" [stack: 0x0000005b34c00000,0x0000005b34d00000] [id=2144]
  0x0000024e1b13a000 GCTaskThread "GC Thread#5" [stack: 0x0000005b34d00000,0x0000005b34e00000] [id=32224]
  0x0000024e1cd19800 GCTaskThread "GC Thread#6" [stack: 0x0000005b34e00000,0x0000005b34f00000] [id=25576]
  0x0000024e1cc2b800 GCTaskThread "GC Thread#7" [stack: 0x0000005b34f00000,0x0000005b35000000] [id=25048]
  0x0000024e7cb5b800 ConcurrentGCThread "G1 Main Marker" [stack: 0x0000005b32c00000,0x0000005b32d00000] [id=21084]
  0x0000024e7cb5d000 ConcurrentGCThread "G1 Conc#0" [stack: 0x0000005b32d00000,0x0000005b32e00000] [id=28684]
  0x0000024e1ba4b000 ConcurrentGCThread "G1 Conc#1" [stack: 0x0000005b35000000,0x0000005b35100000] [id=28476]
  0x0000024e196c0800 ConcurrentGCThread "G1 Refine#0" [stack: 0x0000005b32e00000,0x0000005b32f00000] [id=12804]
  0x0000024e1ad70800 ConcurrentGCThread "G1 Refine#1" [stack: 0x0000005b33e00000,0x0000005b33f00000] [id=21448]
  0x0000024e1b765800 ConcurrentGCThread "G1 Refine#2" [stack: 0x0000005b33f00000,0x0000005b34000000] [id=6356]
  0x0000024e196c1800 ConcurrentGCThread "G1 Young RemSet Sampling" [stack: 0x0000005b32f00000,0x0000005b33000000] [id=25776]

Threads with active compile tasks:
C2 CompilerThread0  62624 18965       4       com.android.tools.r8.internal.mp::a (286 bytes)
C2 CompilerThread1  62624 18966       4       com.android.tools.r8.internal.mp::a (368 bytes)

VM state:at safepoint (normal execution)

VM Mutex/Monitor currently owned by a thread:  ([mutex/lock_event])
[0x0000024e7cb15c90] Threads_lock - owner thread: 0x0000024e19846000
[0x0000024e7cb14a00] Heap_lock - owner thread: 0x0000024e1de51800

Heap address: 0x00000000a0000000, size: 1536 MB, Compressed Oops mode: 32-bit
Narrow klass base: 0x0000000000000000, Narrow klass shift: 3
Compressed class space size: 1073741824 Address: 0x0000000100000000

Heap:
 garbage-first heap   total 394240K, used 245888K [0x00000000a0000000, 0x0000000100000000)
  region size 1024K, 5 young (5120K), 5 survivors (5120K)
 Metaspace       used 136681K, capacity 140139K, committed 141132K, reserved 1171456K
  class space    used 17301K, capacity 18649K, committed 19020K, reserved 1048576K
Heap Regions: E=young(eden), S=young(survivor), O=old, HS=humongous(starts), HC=humongous(continues), CS=collection set, F=free, A=archive, TAMS=top-at-mark-start (previous, next)
|   0|0x00000000a0000000, 0x00000000a0100000, 0x00000000a0100000|100%| O|  |TAMS 0x00000000a0100000, 0x00000000a0000000| Updating 
|   1|0x00000000a0100000, 0x00000000a0200000, 0x00000000a0200000|100%| O|  |TAMS 0x00000000a0200000, 0x00000000a0100000| Updating 
|   2|0x00000000a0200000, 0x00000000a0300000, 0x00000000a0300000|100%| O|  |TAMS 0x00000000a0300000, 0x00000000a0200000| Updating 
|   3|0x00000000a0300000, 0x00000000a0400000, 0x00000000a0400000|100%|HS|  |TAMS 0x00000000a0400000, 0x00000000a0300000| Complete 
|   4|0x00000000a0400000, 0x00000000a0500000, 0x00000000a0500000|100%|HC|  |TAMS 0x00000000a0500000, 0x00000000a0400000| Complete 
|   5|0x00000000a0500000, 0x00000000a0600000, 0x00000000a0600000|100%|HC|  |TAMS 0x00000000a0600000, 0x00000000a0500000| Complete 
|   6|0x00000000a0600000, 0x00000000a0700000, 0x00000000a0700000|100%| O|  |TAMS 0x00000000a0700000, 0x00000000a0600000| Updating 
|   7|0x00000000a0700000, 0x00000000a0800000, 0x00000000a0800000|100%| O|  |TAMS 0x00000000a0800000, 0x00000000a0700000| Updating 
|   8|0x00000000a0800000, 0x00000000a0900000, 0x00000000a0900000|100%| O|  |TAMS 0x00000000a0900000, 0x00000000a0800000| Updating 
|   9|0x00000000a0900000, 0x00000000a0a00000, 0x00000000a0a00000|100%| O|  |TAMS 0x00000000a0a00000, 0x00000000a0900000| Updating 
|  10|0x00000000a0a00000, 0x00000000a0b00000, 0x00000000a0b00000|100%| O|  |TAMS 0x00000000a0b00000, 0x00000000a0a00000| Updating 
|  11|0x00000000a0b00000, 0x00000000a0c00000, 0x00000000a0c00000|100%| O|  |TAMS 0x00000000a0c00000, 0x00000000a0b00000| Updating 
|  12|0x00000000a0c00000, 0x00000000a0d00000, 0x00000000a0d00000|100%| O|  |TAMS 0x00000000a0d00000, 0x00000000a0c00000| Updating 
|  13|0x00000000a0d00000, 0x00000000a0e00000, 0x00000000a0e00000|100%| O|  |TAMS 0x00000000a0e00000, 0x00000000a0d00000| Updating 
|  14|0x00000000a0e00000, 0x00000000a0f00000, 0x00000000a0f00000|100%| O|  |TAMS 0x00000000a0f00000, 0x00000000a0e00000| Updating 
|  15|0x00000000a0f00000, 0x00000000a1000000, 0x00000000a1000000|100%| O|  |TAMS 0x00000000a1000000, 0x00000000a0f00000| Updating 
|  16|0x00000000a1000000, 0x00000000a1100000, 0x00000000a1100000|100%|HS|  |TAMS 0x00000000a1100000, 0x00000000a1000000| Complete 
|  17|0x00000000a1100000, 0x00000000a1200000, 0x00000000a1200000|100%| O|  |TAMS 0x00000000a1200000, 0x00000000a1100000| Updating 
|  18|0x00000000a1200000, 0x00000000a1300000, 0x00000000a1300000|100%| O|  |TAMS 0x00000000a1300000, 0x00000000a1200000| Updating 
|  19|0x00000000a1300000, 0x00000000a1400000, 0x00000000a1400000|100%| O|  |TAMS 0x00000000a1400000, 0x00000000a1300000| Updating 
|  20|0x00000000a1400000, 0x00000000a1500000, 0x00000000a1500000|100%| O|  |TAMS 0x00000000a1500000, 0x00000000a1400000| Updating 
|  21|0x00000000a1500000, 0x00000000a1600000, 0x00000000a1600000|100%| O|  |TAMS 0x00000000a1600000, 0x00000000a1500000| Updating 
|  22|0x00000000a1600000, 0x00000000a1700000, 0x00000000a1700000|100%| O|  |TAMS 0x00000000a1700000, 0x00000000a1600000| Updating 
|  23|0x00000000a1700000, 0x00000000a1800000, 0x00000000a1800000|100%| O|  |TAMS 0x00000000a1800000, 0x00000000a1700000| Updating 
|  24|0x00000000a1800000, 0x00000000a1900000, 0x00000000a1900000|100%|HS|  |TAMS 0x00000000a1900000, 0x00000000a1800000| Complete 
|  25|0x00000000a1900000, 0x00000000a1a00000, 0x00000000a1a00000|100%|HS|  |TAMS 0x00000000a1a00000, 0x00000000a1900000| Complete 
|  26|0x00000000a1a00000, 0x00000000a1b00000, 0x00000000a1b00000|100%|HS|  |TAMS 0x00000000a1b00000, 0x00000000a1a00000| Complete 
|  27|0x00000000a1b00000, 0x00000000a1c00000, 0x00000000a1c00000|100%|HC|  |TAMS 0x00000000a1c00000, 0x00000000a1b00000| Complete 
|  28|0x00000000a1c00000, 0x00000000a1d00000, 0x00000000a1d00000|100%|HC|  |TAMS 0x00000000a1d00000, 0x00000000a1c00000| Complete 
|  29|0x00000000a1d00000, 0x00000000a1e00000, 0x00000000a1e00000|100%|HS|  |TAMS 0x00000000a1e00000, 0x00000000a1d00000| Complete 
|  30|0x00000000a1e00000, 0x00000000a1f00000, 0x00000000a1f00000|100%|HC|  |TAMS 0x00000000a1f00000, 0x00000000a1e00000| Complete 
|  31|0x00000000a1f00000, 0x00000000a2000000, 0x00000000a2000000|100%| O|  |TAMS 0x00000000a2000000, 0x00000000a1f00000| Updating 
|  32|0x00000000a2000000, 0x00000000a2100000, 0x00000000a2100000|100%| O|  |TAMS 0x00000000a2100000, 0x00000000a2000000| Updating 
|  33|0x00000000a2100000, 0x00000000a2200000, 0x00000000a2200000|100%| O|  |TAMS 0x00000000a2200000, 0x00000000a2100000| Updating 
|  34|0x00000000a2200000, 0x00000000a2300000, 0x00000000a2300000|100%| O|  |TAMS 0x00000000a2300000, 0x00000000a2200000| Updating 
|  35|0x00000000a2300000, 0x00000000a2400000, 0x00000000a2400000|100%| O|  |TAMS 0x00000000a2400000, 0x00000000a2300000| Updating 
|  36|0x00000000a2400000, 0x00000000a2500000, 0x00000000a2500000|100%| O|  |TAMS 0x00000000a2500000, 0x00000000a2400000| Updating 
|  37|0x00000000a2500000, 0x00000000a2600000, 0x00000000a2600000|100%| O|  |TAMS 0x00000000a2600000, 0x00000000a2500000| Updating 
|  38|0x00000000a2600000, 0x00000000a2700000, 0x00000000a2700000|100%| O|  |TAMS 0x00000000a2700000, 0x00000000a2600000| Updating 
|  39|0x00000000a2700000, 0x00000000a2800000, 0x00000000a2800000|100%| O|  |TAMS 0x00000000a2800000, 0x00000000a2700000| Updating 
|  40|0x00000000a2800000, 0x00000000a2900000, 0x00000000a2900000|100%| O|  |TAMS 0x00000000a2900000, 0x00000000a2800000| Updating 
|  41|0x00000000a2900000, 0x00000000a2a00000, 0x00000000a2a00000|100%| O|  |TAMS 0x00000000a2a00000, 0x00000000a2900000| Updating 
|  42|0x00000000a2a00000, 0x00000000a2b00000, 0x00000000a2b00000|100%| O|  |TAMS 0x00000000a2b00000, 0x00000000a2a00000| Updating 
|  43|0x00000000a2b00000, 0x00000000a2c00000, 0x00000000a2c00000|100%| O|  |TAMS 0x00000000a2c00000, 0x00000000a2b00000| Updating 
|  44|0x00000000a2c00000, 0x00000000a2d00000, 0x00000000a2d00000|100%| O|  |TAMS 0x00000000a2d00000, 0x00000000a2c00000| Updating 
|  45|0x00000000a2d00000, 0x00000000a2e00000, 0x00000000a2e00000|100%| O|  |TAMS 0x00000000a2e00000, 0x00000000a2d00000| Updating 
|  46|0x00000000a2e00000, 0x00000000a2f00000, 0x00000000a2f00000|100%| O|  |TAMS 0x00000000a2f00000, 0x00000000a2e00000| Updating 
|  47|0x00000000a2f00000, 0x00000000a3000000, 0x00000000a3000000|100%| O|  |TAMS 0x00000000a3000000, 0x00000000a2f00000| Updating 
|  48|0x00000000a3000000, 0x00000000a3100000, 0x00000000a3100000|100%| O|  |TAMS 0x00000000a3100000, 0x00000000a3000000| Updating 
|  49|0x00000000a3100000, 0x00000000a3200000, 0x00000000a3200000|100%| O|  |TAMS 0x00000000a3200000, 0x00000000a3100000| Updating 
|  50|0x00000000a3200000, 0x00000000a3300000, 0x00000000a3300000|100%| O|  |TAMS 0x00000000a3300000, 0x00000000a3200000| Updating 
|  51|0x00000000a3300000, 0x00000000a3400000, 0x00000000a3400000|100%| O|  |TAMS 0x00000000a3400000, 0x00000000a3300000| Updating 
|  52|0x00000000a3400000, 0x00000000a3500000, 0x00000000a3500000|100%| O|  |TAMS 0x00000000a3500000, 0x00000000a3400000| Updating 
|  53|0x00000000a3500000, 0x00000000a3600000, 0x00000000a3600000|100%| O|  |TAMS 0x00000000a3600000, 0x00000000a3500000| Updating 
|  54|0x00000000a3600000, 0x00000000a3700000, 0x00000000a3700000|100%| O|  |TAMS 0x00000000a3700000, 0x00000000a3600000| Updating 
|  55|0x00000000a3700000, 0x00000000a3800000, 0x00000000a3800000|100%| O|  |TAMS 0x00000000a3800000, 0x00000000a3700000| Updating 
|  56|0x00000000a3800000, 0x00000000a3900000, 0x00000000a3900000|100%| O|  |TAMS 0x00000000a3900000, 0x00000000a3800000| Updating 
|  57|0x00000000a3900000, 0x00000000a3a00000, 0x00000000a3a00000|100%| O|  |TAMS 0x00000000a3a00000, 0x00000000a3900000| Updating 
|  58|0x00000000a3a00000, 0x00000000a3b00000, 0x00000000a3b00000|100%| O|  |TAMS 0x00000000a3b00000, 0x00000000a3a00000| Updating 
|  59|0x00000000a3b00000, 0x00000000a3c00000, 0x00000000a3c00000|100%| O|  |TAMS 0x00000000a3c00000, 0x00000000a3b00000| Updating 
|  60|0x00000000a3c00000, 0x00000000a3d00000, 0x00000000a3d00000|100%| O|  |TAMS 0x00000000a3d00000, 0x00000000a3c00000| Updating 
|  61|0x00000000a3d00000, 0x00000000a3e00000, 0x00000000a3e00000|100%| O|  |TAMS 0x00000000a3e00000, 0x00000000a3d00000| Updating 
|  62|0x00000000a3e00000, 0x00000000a3f00000, 0x00000000a3f00000|100%| O|  |TAMS 0x00000000a3f00000, 0x00000000a3e00000| Updating 
|  63|0x00000000a3f00000, 0x00000000a4000000, 0x00000000a4000000|100%| O|  |TAMS 0x00000000a4000000, 0x00000000a3f00000| Updating 
|  64|0x00000000a4000000, 0x00000000a4100000, 0x00000000a4100000|100%| O|  |TAMS 0x00000000a4100000, 0x00000000a4000000| Updating 
|  65|0x00000000a4100000, 0x00000000a4200000, 0x00000000a4200000|100%| O|  |TAMS 0x00000000a4200000, 0x00000000a4100000| Updating 
|  66|0x00000000a4200000, 0x00000000a4300000, 0x00000000a4300000|100%| O|  |TAMS 0x00000000a4300000, 0x00000000a4200000| Updating 
|  67|0x00000000a4300000, 0x00000000a4400000, 0x00000000a4400000|100%| O|  |TAMS 0x00000000a4400000, 0x00000000a4300000| Updating 
|  68|0x00000000a4400000, 0x00000000a4500000, 0x00000000a4500000|100%| O|  |TAMS 0x00000000a4500000, 0x00000000a4400000| Updating 
|  69|0x00000000a4500000, 0x00000000a4600000, 0x00000000a4600000|100%| O|  |TAMS 0x00000000a4600000, 0x00000000a4500000| Updating 
|  70|0x00000000a4600000, 0x00000000a4700000, 0x00000000a4700000|100%| O|  |TAMS 0x00000000a4700000, 0x00000000a4600000| Updating 
|  71|0x00000000a4700000, 0x00000000a4800000, 0x00000000a4800000|100%| O|  |TAMS 0x00000000a4800000, 0x00000000a4700000| Updating 
|  72|0x00000000a4800000, 0x00000000a4900000, 0x00000000a4900000|100%| O|  |TAMS 0x00000000a4900000, 0x00000000a4800000| Updating 
|  73|0x00000000a4900000, 0x00000000a4a00000, 0x00000000a4a00000|100%| O|  |TAMS 0x00000000a4a00000, 0x00000000a4900000| Updating 
|  74|0x00000000a4a00000, 0x00000000a4b00000, 0x00000000a4b00000|100%| O|  |TAMS 0x00000000a4b00000, 0x00000000a4a00000| Updating 
|  75|0x00000000a4b00000, 0x00000000a4c00000, 0x00000000a4c00000|100%| O|  |TAMS 0x00000000a4c00000, 0x00000000a4b00000| Updating 
|  76|0x00000000a4c00000, 0x00000000a4d00000, 0x00000000a4d00000|100%| O|  |TAMS 0x00000000a4d00000, 0x00000000a4c00000| Updating 
|  77|0x00000000a4d00000, 0x00000000a4e00000, 0x00000000a4e00000|100%| O|  |TAMS 0x00000000a4e00000, 0x00000000a4d00000| Updating 
|  78|0x00000000a4e00000, 0x00000000a4f00000, 0x00000000a4f00000|100%| O|  |TAMS 0x00000000a4f00000, 0x00000000a4e00000| Updating 
|  79|0x00000000a4f00000, 0x00000000a5000000, 0x00000000a5000000|100%| O|  |TAMS 0x00000000a5000000, 0x00000000a4f00000| Updating 
|  80|0x00000000a5000000, 0x00000000a5100000, 0x00000000a5100000|100%| O|  |TAMS 0x00000000a5100000, 0x00000000a5000000| Updating 
|  81|0x00000000a5100000, 0x00000000a5200000, 0x00000000a5200000|100%| O|  |TAMS 0x00000000a5200000, 0x00000000a5100000| Updating 
|  82|0x00000000a5200000, 0x00000000a5300000, 0x00000000a5300000|100%| O|  |TAMS 0x00000000a5300000, 0x00000000a5200000| Updating 
|  83|0x00000000a5300000, 0x00000000a5400000, 0x00000000a5400000|100%| O|  |TAMS 0x00000000a5400000, 0x00000000a5300000| Updating 
|  84|0x00000000a5400000, 0x00000000a5500000, 0x00000000a5500000|100%| O|  |TAMS 0x00000000a5500000, 0x00000000a5400000| Updating 
|  85|0x00000000a5500000, 0x00000000a5600000, 0x00000000a5600000|100%| O|  |TAMS 0x00000000a5600000, 0x00000000a5500000| Updating 
|  86|0x00000000a5600000, 0x00000000a5700000, 0x00000000a5700000|100%| O|  |TAMS 0x00000000a5700000, 0x00000000a5600000| Updating 
|  87|0x00000000a5700000, 0x00000000a5800000, 0x00000000a5800000|100%| O|  |TAMS 0x00000000a5800000, 0x00000000a5700000| Updating 
|  88|0x00000000a5800000, 0x00000000a5900000, 0x00000000a5900000|100%| O|  |TAMS 0x00000000a5900000, 0x00000000a5800000| Updating 
|  89|0x00000000a5900000, 0x00000000a5a00000, 0x00000000a5a00000|100%|HS|  |TAMS 0x00000000a5a00000, 0x00000000a5900000| Complete 
|  90|0x00000000a5a00000, 0x00000000a5b00000, 0x00000000a5b00000|100%| O|  |TAMS 0x00000000a5b00000, 0x00000000a5a00000| Updating 
|  91|0x00000000a5b00000, 0x00000000a5c00000, 0x00000000a5c00000|100%|HS|  |TAMS 0x00000000a5c00000, 0x00000000a5b00000| Complete 
|  92|0x00000000a5c00000, 0x00000000a5d00000, 0x00000000a5d00000|100%|HC|  |TAMS 0x00000000a5d00000, 0x00000000a5c00000| Complete 
|  93|0x00000000a5d00000, 0x00000000a5e00000, 0x00000000a5e00000|100%|HC|  |TAMS 0x00000000a5e00000, 0x00000000a5d00000| Complete 
|  94|0x00000000a5e00000, 0x00000000a5f00000, 0x00000000a5f00000|100%|HS|  |TAMS 0x00000000a5f00000, 0x00000000a5e00000| Complete 
|  95|0x00000000a5f00000, 0x00000000a6000000, 0x00000000a6000000|100%| O|  |TAMS 0x00000000a6000000, 0x00000000a5f00000| Updating 
|  96|0x00000000a6000000, 0x00000000a6100000, 0x00000000a6100000|100%| O|  |TAMS 0x00000000a6100000, 0x00000000a6000000| Updating 
|  97|0x00000000a6100000, 0x00000000a6200000, 0x00000000a6200000|100%| O|  |TAMS 0x00000000a6200000, 0x00000000a6100000| Updating 
|  98|0x00000000a6200000, 0x00000000a6300000, 0x00000000a6300000|100%| O|  |TAMS 0x00000000a6300000, 0x00000000a6200000| Updating 
|  99|0x00000000a6300000, 0x00000000a6400000, 0x00000000a6400000|100%| O|  |TAMS 0x00000000a6400000, 0x00000000a6300000| Updating 
| 100|0x00000000a6400000, 0x00000000a6500000, 0x00000000a6500000|100%| O|  |TAMS 0x00000000a6500000, 0x00000000a6400000| Updating 
| 101|0x00000000a6500000, 0x00000000a6600000, 0x00000000a6600000|100%| O|  |TAMS 0x00000000a6600000, 0x00000000a6500000| Updating 
| 102|0x00000000a6600000, 0x00000000a6700000, 0x00000000a6700000|100%| O|  |TAMS 0x00000000a6700000, 0x00000000a6600000| Updating 
| 103|0x00000000a6700000, 0x00000000a6800000, 0x00000000a6800000|100%| O|  |TAMS 0x00000000a6800000, 0x00000000a6700000| Updating 
| 104|0x00000000a6800000, 0x00000000a6900000, 0x00000000a6900000|100%| O|  |TAMS 0x00000000a6900000, 0x00000000a6800000| Updating 
| 105|0x00000000a6900000, 0x00000000a6a00000, 0x00000000a6a00000|100%| O|  |TAMS 0x00000000a6a00000, 0x00000000a6900000| Updating 
| 106|0x00000000a6a00000, 0x00000000a6b00000, 0x00000000a6b00000|100%| O|  |TAMS 0x00000000a6b00000, 0x00000000a6a00000| Updating 
| 107|0x00000000a6b00000, 0x00000000a6c00000, 0x00000000a6c00000|100%| O|  |TAMS 0x00000000a6c00000, 0x00000000a6b00000| Updating 
| 108|0x00000000a6c00000, 0x00000000a6d00000, 0x00000000a6d00000|100%| O|  |TAMS 0x00000000a6d00000, 0x00000000a6c00000| Updating 
| 109|0x00000000a6d00000, 0x00000000a6e00000, 0x00000000a6e00000|100%| O|  |TAMS 0x00000000a6e00000, 0x00000000a6d00000| Updating 
| 110|0x00000000a6e00000, 0x00000000a6f00000, 0x00000000a6f00000|100%| O|  |TAMS 0x00000000a6f00000, 0x00000000a6e00000| Updating 
| 111|0x00000000a6f00000, 0x00000000a7000000, 0x00000000a7000000|100%|HS|  |TAMS 0x00000000a7000000, 0x00000000a6f00000| Complete 
| 112|0x00000000a7000000, 0x00000000a7100000, 0x00000000a7100000|100%| O|  |TAMS 0x00000000a7100000, 0x00000000a7000000| Updating 
| 113|0x00000000a7100000, 0x00000000a7200000, 0x00000000a7200000|100%| O|  |TAMS 0x00000000a7200000, 0x00000000a7100000| Updating 
| 114|0x00000000a7200000, 0x00000000a7300000, 0x00000000a7300000|100%| O|  |TAMS 0x00000000a7300000, 0x00000000a7200000| Updating 
| 115|0x00000000a7300000, 0x00000000a7400000, 0x00000000a7400000|100%| O|  |TAMS 0x00000000a7400000, 0x00000000a7300000| Updating 
| 116|0x00000000a7400000, 0x00000000a7500000, 0x00000000a7500000|100%| O|  |TAMS 0x00000000a7500000, 0x00000000a7400000| Updating 
| 117|0x00000000a7500000, 0x00000000a7600000, 0x00000000a7600000|100%| O|  |TAMS 0x00000000a7600000, 0x00000000a7500000| Updating 
| 118|0x00000000a7600000, 0x00000000a7700000, 0x00000000a7700000|100%| O|  |TAMS 0x00000000a7700000, 0x00000000a7600000| Updating 
| 119|0x00000000a7700000, 0x00000000a7800000, 0x00000000a7800000|100%| O|  |TAMS 0x00000000a7800000, 0x00000000a7700000| Updating 
| 120|0x00000000a7800000, 0x00000000a7900000, 0x00000000a7900000|100%| O|  |TAMS 0x00000000a7900000, 0x00000000a7800000| Updating 
| 121|0x00000000a7900000, 0x00000000a7a00000, 0x00000000a7a00000|100%| O|  |TAMS 0x00000000a7a00000, 0x00000000a7900000| Updating 
| 122|0x00000000a7a00000, 0x00000000a7b00000, 0x00000000a7b00000|100%| O|  |TAMS 0x00000000a7b00000, 0x00000000a7a00000| Updating 
| 123|0x00000000a7b00000, 0x00000000a7c00000, 0x00000000a7c00000|100%| O|  |TAMS 0x00000000a7c00000, 0x00000000a7b00000| Updating 
| 124|0x00000000a7c00000, 0x00000000a7d00000, 0x00000000a7d00000|100%| O|  |TAMS 0x00000000a7d00000, 0x00000000a7c00000| Updating 
| 125|0x00000000a7d00000, 0x00000000a7e00000, 0x00000000a7e00000|100%| O|  |TAMS 0x00000000a7e00000, 0x00000000a7d00000| Updating 
| 126|0x00000000a7e00000, 0x00000000a7f00000, 0x00000000a7f00000|100%| O|  |TAMS 0x00000000a7f00000, 0x00000000a7e00000| Updating 
| 127|0x00000000a7f00000, 0x00000000a8000000, 0x00000000a8000000|100%| O|  |TAMS 0x00000000a8000000, 0x00000000a7f00000| Updating 
| 128|0x00000000a8000000, 0x00000000a8100000, 0x00000000a8100000|100%| O|  |TAMS 0x00000000a8100000, 0x00000000a8000000| Updating 
| 129|0x00000000a8100000, 0x00000000a8200000, 0x00000000a8200000|100%| O|  |TAMS 0x00000000a8200000, 0x00000000a8100000| Updating 
| 130|0x00000000a8200000, 0x00000000a8300000, 0x00000000a8300000|100%| O|  |TAMS 0x00000000a8300000, 0x00000000a8200000| Updating 
| 131|0x00000000a8300000, 0x00000000a8400000, 0x00000000a8400000|100%| O|  |TAMS 0x00000000a8400000, 0x00000000a8300000| Updating 
| 132|0x00000000a8400000, 0x00000000a8500000, 0x00000000a8500000|100%| O|  |TAMS 0x00000000a8500000, 0x00000000a8400000| Updating 
| 133|0x00000000a8500000, 0x00000000a8600000, 0x00000000a8600000|100%| O|  |TAMS 0x00000000a8600000, 0x00000000a8500000| Updating 
| 134|0x00000000a8600000, 0x00000000a8700000, 0x00000000a8700000|100%| O|  |TAMS 0x00000000a8700000, 0x00000000a8600000| Updating 
| 135|0x00000000a8700000, 0x00000000a8800000, 0x00000000a8800000|100%| O|  |TAMS 0x00000000a8800000, 0x00000000a8700000| Updating 
| 136|0x00000000a8800000, 0x00000000a8900000, 0x00000000a8900000|100%| O|  |TAMS 0x00000000a8900000, 0x00000000a8800000| Updating 
| 137|0x00000000a8900000, 0x00000000a8a00000, 0x00000000a8a00000|100%| O|  |TAMS 0x00000000a8a00000, 0x00000000a8900000| Updating 
| 138|0x00000000a8a00000, 0x00000000a8b00000, 0x00000000a8b00000|100%| O|  |TAMS 0x00000000a8b00000, 0x00000000a8a00000| Updating 
| 139|0x00000000a8b00000, 0x00000000a8c00000, 0x00000000a8c00000|100%| O|  |TAMS 0x00000000a8c00000, 0x00000000a8b00000| Updating 
| 140|0x00000000a8c00000, 0x00000000a8d00000, 0x00000000a8d00000|100%| O|  |TAMS 0x00000000a8d00000, 0x00000000a8c00000| Updating 
| 141|0x00000000a8d00000, 0x00000000a8e00000, 0x00000000a8e00000|100%|HS|  |TAMS 0x00000000a8e00000, 0x00000000a8d00000| Complete 
| 142|0x00000000a8e00000, 0x00000000a8f00000, 0x00000000a8f00000|100%|HC|  |TAMS 0x00000000a8f00000, 0x00000000a8e00000| Complete 
| 143|0x00000000a8f00000, 0x00000000a9000000, 0x00000000a9000000|100%|HC|  |TAMS 0x00000000a9000000, 0x00000000a8f00000| Complete 
| 144|0x00000000a9000000, 0x00000000a9100000, 0x00000000a9100000|100%|HC|  |TAMS 0x00000000a9100000, 0x00000000a9000000| Complete 
| 145|0x00000000a9100000, 0x00000000a9200000, 0x00000000a9200000|100%|HC|  |TAMS 0x00000000a9200000, 0x00000000a9100000| Complete 
| 146|0x00000000a9200000, 0x00000000a9300000, 0x00000000a9300000|100%|HC|  |TAMS 0x00000000a9300000, 0x00000000a9200000| Complete 
| 147|0x00000000a9300000, 0x00000000a9400000, 0x00000000a9400000|100%|HC|  |TAMS 0x00000000a9400000, 0x00000000a9300000| Complete 
| 148|0x00000000a9400000, 0x00000000a9500000, 0x00000000a9500000|100%|HC|  |TAMS 0x00000000a9500000, 0x00000000a9400000| Complete 
| 149|0x00000000a9500000, 0x00000000a9600000, 0x00000000a9600000|100%|HC|  |TAMS 0x00000000a9600000, 0x00000000a9500000| Complete 
| 150|0x00000000a9600000, 0x00000000a9700000, 0x00000000a9700000|100%|HC|  |TAMS 0x00000000a9700000, 0x00000000a9600000| Complete 
| 151|0x00000000a9700000, 0x00000000a9800000, 0x00000000a9800000|100%| O|  |TAMS 0x00000000a9800000, 0x00000000a9700000| Updating 
| 152|0x00000000a9800000, 0x00000000a9900000, 0x00000000a9900000|100%| O|  |TAMS 0x00000000a9900000, 0x00000000a9800000| Updating 
| 153|0x00000000a9900000, 0x00000000a9a00000, 0x00000000a9a00000|100%| O|  |TAMS 0x00000000a9a00000, 0x00000000a9900000| Updating 
| 154|0x00000000a9a00000, 0x00000000a9b00000, 0x00000000a9b00000|100%| O|  |TAMS 0x00000000a9b00000, 0x00000000a9a00000| Updating 
| 155|0x00000000a9b00000, 0x00000000a9c00000, 0x00000000a9c00000|100%| O|  |TAMS 0x00000000a9c00000, 0x00000000a9b00000| Updating 
| 156|0x00000000a9c00000, 0x00000000a9d00000, 0x00000000a9d00000|100%| O|  |TAMS 0x00000000a9d00000, 0x00000000a9c00000| Updating 
| 157|0x00000000a9d00000, 0x00000000a9e00000, 0x00000000a9e00000|100%| O|  |TAMS 0x00000000a9e00000, 0x00000000a9d00000| Updating 
| 158|0x00000000a9e00000, 0x00000000a9f00000, 0x00000000a9f00000|100%| O|  |TAMS 0x00000000a9f00000, 0x00000000a9e00000| Updating 
| 159|0x00000000a9f00000, 0x00000000aa000000, 0x00000000aa000000|100%| O|  |TAMS 0x00000000aa000000, 0x00000000a9f00000| Updating 
| 160|0x00000000aa000000, 0x00000000aa100000, 0x00000000aa100000|100%| O|  |TAMS 0x00000000aa100000, 0x00000000aa000000| Updating 
| 161|0x00000000aa100000, 0x00000000aa200000, 0x00000000aa200000|100%| O|  |TAMS 0x00000000aa200000, 0x00000000aa100000| Updating 
| 162|0x00000000aa200000, 0x00000000aa300000, 0x00000000aa300000|100%| O|  |TAMS 0x00000000aa300000, 0x00000000aa200000| Updating 
| 163|0x00000000aa300000, 0x00000000aa400000, 0x00000000aa400000|100%| O|  |TAMS 0x00000000aa400000, 0x00000000aa300000| Updating 
| 164|0x00000000aa400000, 0x00000000aa500000, 0x00000000aa500000|100%| O|  |TAMS 0x00000000aa500000, 0x00000000aa400000| Updating 
| 165|0x00000000aa500000, 0x00000000aa600000, 0x00000000aa600000|100%| O|  |TAMS 0x00000000aa600000, 0x00000000aa500000| Updating 
| 166|0x00000000aa600000, 0x00000000aa700000, 0x00000000aa700000|100%| O|  |TAMS 0x00000000aa700000, 0x00000000aa600000| Updating 
| 167|0x00000000aa700000, 0x00000000aa800000, 0x00000000aa800000|100%| O|  |TAMS 0x00000000aa800000, 0x00000000aa700000| Updating 
| 168|0x00000000aa800000, 0x00000000aa900000, 0x00000000aa900000|100%| O|  |TAMS 0x00000000aa900000, 0x00000000aa800000| Updating 
| 169|0x00000000aa900000, 0x00000000aaa00000, 0x00000000aaa00000|100%| O|  |TAMS 0x00000000aaa00000, 0x00000000aa900000| Updating 
| 170|0x00000000aaa00000, 0x00000000aab00000, 0x00000000aab00000|100%| O|  |TAMS 0x00000000aab00000, 0x00000000aaa00000| Updating 
| 171|0x00000000aab00000, 0x00000000aac00000, 0x00000000aac00000|100%|HS|  |TAMS 0x00000000aab00000, 0x00000000aab00000| Complete 
| 172|0x00000000aac00000, 0x00000000aad00000, 0x00000000aad00000|100%|HS|  |TAMS 0x00000000aac00000, 0x00000000aac00000| Complete 
| 173|0x00000000aad00000, 0x00000000aae00000, 0x00000000aae00000|100%|HC|  |TAMS 0x00000000aad00000, 0x00000000aad00000| Complete 
| 174|0x00000000aae00000, 0x00000000aaf00000, 0x00000000aaf00000|100%| O|  |TAMS 0x00000000aae00000, 0x00000000aae00000| Untracked 
| 175|0x00000000aaf00000, 0x00000000ab000000, 0x00000000ab000000|100%| O|  |TAMS 0x00000000aaf00000, 0x00000000aaf00000| Untracked 
| 176|0x00000000ab000000, 0x00000000ab100000, 0x00000000ab100000|100%| O|  |TAMS 0x00000000ab000000, 0x00000000ab000000| Untracked 
| 177|0x00000000ab100000, 0x00000000ab200000, 0x00000000ab200000|100%| O|  |TAMS 0x00000000ab100000, 0x00000000ab100000| Untracked 
| 178|0x00000000ab200000, 0x00000000ab300000, 0x00000000ab300000|100%| O|  |TAMS 0x00000000ab200000, 0x00000000ab200000| Untracked 
| 179|0x00000000ab300000, 0x00000000ab400000, 0x00000000ab400000|100%| O|  |TAMS 0x00000000ab300000, 0x00000000ab300000| Untracked 
| 180|0x00000000ab400000, 0x00000000ab420200, 0x00000000ab500000| 12%| O|  |TAMS 0x00000000ab400000, 0x00000000ab400000| Untracked 
| 181|0x00000000ab500000, 0x00000000ab600000, 0x00000000ab600000|100%| O|  |TAMS 0x00000000ab600000, 0x00000000ab500000| Updating 
| 182|0x00000000ab600000, 0x00000000ab700000, 0x00000000ab700000|100%| O|  |TAMS 0x00000000ab700000, 0x00000000ab600000| Updating 
| 183|0x00000000ab700000, 0x00000000ab800000, 0x00000000ab800000|100%| O|  |TAMS 0x00000000ab800000, 0x00000000ab700000| Updating 
| 184|0x00000000ab800000, 0x00000000ab900000, 0x00000000ab900000|100%| O|  |TAMS 0x00000000ab900000, 0x00000000ab800000| Updating 
| 185|0x00000000ab900000, 0x00000000aba00000, 0x00000000aba00000|100%| O|  |TAMS 0x00000000aba00000, 0x00000000ab900000| Updating 
| 186|0x00000000aba00000, 0x00000000abb00000, 0x00000000abb00000|100%| O|  |TAMS 0x00000000abb00000, 0x00000000aba00000| Updating 
| 187|0x00000000abb00000, 0x00000000abc00000, 0x00000000abc00000|100%| O|  |TAMS 0x00000000abc00000, 0x00000000abb00000| Updating 
| 188|0x00000000abc00000, 0x00000000abd00000, 0x00000000abd00000|100%| O|  |TAMS 0x00000000abd00000, 0x00000000abc00000| Updating 
| 189|0x00000000abd00000, 0x00000000abe00000, 0x00000000abe00000|100%| O|  |TAMS 0x00000000abe00000, 0x00000000abd00000| Updating 
| 190|0x00000000abe00000, 0x00000000abf00000, 0x00000000abf00000|100%| O|  |TAMS 0x00000000abf00000, 0x00000000abe00000| Updating 
| 191|0x00000000abf00000, 0x00000000ac000000, 0x00000000ac000000|100%| O|  |TAMS 0x00000000ac000000, 0x00000000abf00000| Updating 
| 192|0x00000000ac000000, 0x00000000ac100000, 0x00000000ac100000|100%| O|  |TAMS 0x00000000ac100000, 0x00000000ac000000| Updating 
| 193|0x00000000ac100000, 0x00000000ac200000, 0x00000000ac200000|100%| O|  |TAMS 0x00000000ac200000, 0x00000000ac100000| Updating 
| 194|0x00000000ac200000, 0x00000000ac300000, 0x00000000ac300000|100%| O|  |TAMS 0x00000000ac300000, 0x00000000ac200000| Updating 
| 195|0x00000000ac300000, 0x00000000ac400000, 0x00000000ac400000|100%| O|  |TAMS 0x00000000ac400000, 0x00000000ac300000| Updating 
| 196|0x00000000ac400000, 0x00000000ac500000, 0x00000000ac500000|100%| O|  |TAMS 0x00000000ac500000, 0x00000000ac400000| Updating 
| 197|0x00000000ac500000, 0x00000000ac600000, 0x00000000ac600000|100%| O|  |TAMS 0x00000000ac600000, 0x00000000ac500000| Updating 
| 198|0x00000000ac600000, 0x00000000ac700000, 0x00000000ac700000|100%| O|  |TAMS 0x00000000ac700000, 0x00000000ac600000| Updating 
| 199|0x00000000ac700000, 0x00000000ac800000, 0x00000000ac800000|100%| O|  |TAMS 0x00000000ac800000, 0x00000000ac700000| Updating 
| 200|0x00000000ac800000, 0x00000000ac900000, 0x00000000ac900000|100%| O|  |TAMS 0x00000000ac900000, 0x00000000ac800000| Updating 
| 201|0x00000000ac900000, 0x00000000aca00000, 0x00000000aca00000|100%| O|  |TAMS 0x00000000aca00000, 0x00000000ac900000| Updating 
| 202|0x00000000aca00000, 0x00000000aca00000, 0x00000000acb00000|  0%| F|  |TAMS 0x00000000aca00000, 0x00000000aca00000| Untracked 
| 203|0x00000000acb00000, 0x00000000acb00000, 0x00000000acc00000|  0%| F|  |TAMS 0x00000000acb00000, 0x00000000acb00000| Untracked 
| 204|0x00000000acc00000, 0x00000000acd00000, 0x00000000acd00000|100%| O|  |TAMS 0x00000000acd00000, 0x00000000acc00000| Updating 
| 205|0x00000000acd00000, 0x00000000ace00000, 0x00000000ace00000|100%| O|  |TAMS 0x00000000ace00000, 0x00000000acd00000| Updating 
| 206|0x00000000ace00000, 0x00000000acf00000, 0x00000000acf00000|100%| O|  |TAMS 0x00000000acf00000, 0x00000000ace00000| Updating 
| 207|0x00000000acf00000, 0x00000000ad000000, 0x00000000ad000000|100%| O|  |TAMS 0x00000000ad000000, 0x00000000acf00000| Updating 
| 208|0x00000000ad000000, 0x00000000ad100000, 0x00000000ad100000|100%| O|  |TAMS 0x00000000ad100000, 0x00000000ad000000| Updating 
| 209|0x00000000ad100000, 0x00000000ad200000, 0x00000000ad200000|100%| O|  |TAMS 0x00000000ad200000, 0x00000000ad100000| Updating 
| 210|0x00000000ad200000, 0x00000000ad300000, 0x00000000ad300000|100%| O|  |TAMS 0x00000000ad300000, 0x00000000ad200000| Updating 
| 211|0x00000000ad300000, 0x00000000ad400000, 0x00000000ad400000|100%| O|  |TAMS 0x00000000ad400000, 0x00000000ad300000| Updating 
| 212|0x00000000ad400000, 0x00000000ad500000, 0x00000000ad500000|100%| O|  |TAMS 0x00000000ad500000, 0x00000000ad400000| Updating 
| 213|0x00000000ad500000, 0x00000000ad600000, 0x00000000ad600000|100%| O|  |TAMS 0x00000000ad600000, 0x00000000ad500000| Updating 
| 214|0x00000000ad600000, 0x00000000ad700000, 0x00000000ad700000|100%| O|  |TAMS 0x00000000ad700000, 0x00000000ad600000| Updating 
| 215|0x00000000ad700000, 0x00000000ad800000, 0x00000000ad800000|100%| O|  |TAMS 0x00000000ad800000, 0x00000000ad700000| Updating 
| 216|0x00000000ad800000, 0x00000000ad900000, 0x00000000ad900000|100%| O|  |TAMS 0x00000000ad900000, 0x00000000ad800000| Updating 
| 217|0x00000000ad900000, 0x00000000ada00000, 0x00000000ada00000|100%| O|  |TAMS 0x00000000ada00000, 0x00000000ad900000| Updating 
| 218|0x00000000ada00000, 0x00000000adb00000, 0x00000000adb00000|100%| O|  |TAMS 0x00000000adb00000, 0x00000000ada00000| Updating 
| 219|0x00000000adb00000, 0x00000000adc00000, 0x00000000adc00000|100%| O|  |TAMS 0x00000000adc00000, 0x00000000adb00000| Updating 
| 220|0x00000000adc00000, 0x00000000add00000, 0x00000000add00000|100%| O|  |TAMS 0x00000000add00000, 0x00000000adc00000| Updating 
| 221|0x00000000add00000, 0x00000000ade00000, 0x00000000ade00000|100%| O|  |TAMS 0x00000000ade00000, 0x00000000add00000| Updating 
| 222|0x00000000ade00000, 0x00000000adf00000, 0x00000000adf00000|100%| O|  |TAMS 0x00000000adf00000, 0x00000000ade00000| Updating 
| 223|0x00000000adf00000, 0x00000000ae000000, 0x00000000ae000000|100%| O|  |TAMS 0x00000000ae000000, 0x00000000adf00000| Updating 
| 224|0x00000000ae000000, 0x00000000ae100000, 0x00000000ae100000|100%| O|  |TAMS 0x00000000ae093a00, 0x00000000ae000000| Updating 
| 225|0x00000000ae100000, 0x00000000ae200000, 0x00000000ae200000|100%| O|  |TAMS 0x00000000ae200000, 0x00000000ae100000| Updating 
| 226|0x00000000ae200000, 0x00000000ae300000, 0x00000000ae300000|100%| O|  |TAMS 0x00000000ae300000, 0x00000000ae200000| Updating 
| 227|0x00000000ae300000, 0x00000000ae400000, 0x00000000ae400000|100%| O|  |TAMS 0x00000000ae400000, 0x00000000ae300000| Updating 
| 228|0x00000000ae400000, 0x00000000ae500000, 0x00000000ae500000|100%| O|  |TAMS 0x00000000ae500000, 0x00000000ae400000| Updating 
| 229|0x00000000ae500000, 0x00000000ae600000, 0x00000000ae600000|100%| O|  |TAMS 0x00000000ae600000, 0x00000000ae500000| Updating 
| 230|0x00000000ae600000, 0x00000000ae700000, 0x00000000ae700000|100%| O|  |TAMS 0x00000000ae700000, 0x00000000ae600000| Updating 
| 231|0x00000000ae700000, 0x00000000ae800000, 0x00000000ae800000|100%| O|  |TAMS 0x00000000ae800000, 0x00000000ae700000| Updating 
| 232|0x00000000ae800000, 0x00000000ae900000, 0x00000000ae900000|100%|HS|  |TAMS 0x00000000ae800000, 0x00000000ae800000| Complete 
| 233|0x00000000ae900000, 0x00000000aea00000, 0x00000000aea00000|100%|HS|  |TAMS 0x00000000ae900000, 0x00000000ae900000| Complete 
| 234|0x00000000aea00000, 0x00000000aeb00000, 0x00000000aeb00000|100%|HS|  |TAMS 0x00000000aea00000, 0x00000000aea00000| Complete 
| 235|0x00000000aeb00000, 0x00000000aec00000, 0x00000000aec00000|100%|HS|  |TAMS 0x00000000aeb00000, 0x00000000aeb00000| Complete 
| 236|0x00000000aec00000, 0x00000000aed00000, 0x00000000aed00000|100%|HS|  |TAMS 0x00000000aec00000, 0x00000000aec00000| Complete 
| 237|0x00000000aed00000, 0x00000000aee00000, 0x00000000aee00000|100%|HC|  |TAMS 0x00000000aed00000, 0x00000000aed00000| Complete 
| 238|0x00000000aee00000, 0x00000000aee00000, 0x00000000aef00000|  0%| F|  |TAMS 0x00000000aee00000, 0x00000000aee00000| Untracked 
| 239|0x00000000aef00000, 0x00000000aef00000, 0x00000000af000000|  0%| F|  |TAMS 0x00000000aef00000, 0x00000000aef00000| Untracked 
| 240|0x00000000af000000, 0x00000000af000000, 0x00000000af100000|  0%| F|  |TAMS 0x00000000af000000, 0x00000000af000000| Untracked 
| 241|0x00000000af100000, 0x00000000af100000, 0x00000000af200000|  0%| F|  |TAMS 0x00000000af100000, 0x00000000af100000| Untracked 
| 242|0x00000000af200000, 0x00000000af200000, 0x00000000af300000|  0%| F|  |TAMS 0x00000000af200000, 0x00000000af200000| Untracked 
| 243|0x00000000af300000, 0x00000000af300000, 0x00000000af400000|  0%| F|  |TAMS 0x00000000af300000, 0x00000000af300000| Untracked 
| 244|0x00000000af400000, 0x00000000af400000, 0x00000000af500000|  0%| F|  |TAMS 0x00000000af400000, 0x00000000af400000| Untracked 
| 245|0x00000000af500000, 0x00000000af500000, 0x00000000af600000|  0%| F|  |TAMS 0x00000000af500000, 0x00000000af500000| Untracked 
| 246|0x00000000af600000, 0x00000000af600000, 0x00000000af700000|  0%| F|  |TAMS 0x00000000af600000, 0x00000000af600000| Untracked 
| 247|0x00000000af700000, 0x00000000af700000, 0x00000000af800000|  0%| F|  |TAMS 0x00000000af700000, 0x00000000af700000| Untracked 
| 248|0x00000000af800000, 0x00000000af800000, 0x00000000af900000|  0%| F|  |TAMS 0x00000000af800000, 0x00000000af800000| Untracked 
| 249|0x00000000af900000, 0x00000000af900000, 0x00000000afa00000|  0%| F|  |TAMS 0x00000000af900000, 0x00000000af900000| Untracked 
| 250|0x00000000afa00000, 0x00000000afa00000, 0x00000000afb00000|  0%| F|  |TAMS 0x00000000afa00000, 0x00000000afa00000| Untracked 
| 251|0x00000000afb00000, 0x00000000afb00000, 0x00000000afc00000|  0%| F|  |TAMS 0x00000000afb00000, 0x00000000afb00000| Untracked 
| 252|0x00000000afc00000, 0x00000000afc00000, 0x00000000afd00000|  0%| F|  |TAMS 0x00000000afc00000, 0x00000000afc00000| Untracked 
| 253|0x00000000afd00000, 0x00000000afd00000, 0x00000000afe00000|  0%| F|  |TAMS 0x00000000afd00000, 0x00000000afd00000| Untracked 
| 254|0x00000000afe00000, 0x00000000afe00000, 0x00000000aff00000|  0%| F|  |TAMS 0x00000000afe00000, 0x00000000afe00000| Untracked 
| 255|0x00000000aff00000, 0x00000000aff00000, 0x00000000b0000000|  0%| F|  |TAMS 0x00000000aff00000, 0x00000000aff00000| Untracked 
| 256|0x00000000b0000000, 0x00000000b0000000, 0x00000000b0100000|  0%| F|  |TAMS 0x00000000b0000000, 0x00000000b0000000| Untracked 
| 257|0x00000000b0100000, 0x00000000b0100000, 0x00000000b0200000|  0%| F|  |TAMS 0x00000000b0100000, 0x00000000b0100000| Untracked 
| 258|0x00000000b0200000, 0x00000000b0200000, 0x00000000b0300000|  0%| F|  |TAMS 0x00000000b0200000, 0x00000000b0200000| Untracked 
| 259|0x00000000b0300000, 0x00000000b0300000, 0x00000000b0400000|  0%| F|  |TAMS 0x00000000b0300000, 0x00000000b0300000| Untracked 
| 260|0x00000000b0400000, 0x00000000b0400000, 0x00000000b0500000|  0%| F|  |TAMS 0x00000000b0400000, 0x00000000b0400000| Untracked 
| 261|0x00000000b0500000, 0x00000000b0500000, 0x00000000b0600000|  0%| F|  |TAMS 0x00000000b0500000, 0x00000000b0500000| Untracked 
| 262|0x00000000b0600000, 0x00000000b0600000, 0x00000000b0700000|  0%| F|  |TAMS 0x00000000b0600000, 0x00000000b0600000| Untracked 
| 263|0x00000000b0700000, 0x00000000b0700000, 0x00000000b0800000|  0%| F|  |TAMS 0x00000000b0700000, 0x00000000b0700000| Untracked 
| 264|0x00000000b0800000, 0x00000000b0800000, 0x00000000b0900000|  0%| F|  |TAMS 0x00000000b0800000, 0x00000000b0800000| Untracked 
| 265|0x00000000b0900000, 0x00000000b0900000, 0x00000000b0a00000|  0%| F|  |TAMS 0x00000000b0900000, 0x00000000b0900000| Untracked 
| 266|0x00000000b0a00000, 0x00000000b0a00000, 0x00000000b0b00000|  0%| F|  |TAMS 0x00000000b0a00000, 0x00000000b0a00000| Untracked 
| 267|0x00000000b0b00000, 0x00000000b0b00000, 0x00000000b0c00000|  0%| F|  |TAMS 0x00000000b0b00000, 0x00000000b0b00000| Untracked 
| 268|0x00000000b0c00000, 0x00000000b0c00000, 0x00000000b0d00000|  0%| F|  |TAMS 0x00000000b0c00000, 0x00000000b0c00000| Untracked 
| 269|0x00000000b0d00000, 0x00000000b0d00000, 0x00000000b0e00000|  0%| F|  |TAMS 0x00000000b0d00000, 0x00000000b0d00000| Untracked 
| 270|0x00000000b0e00000, 0x00000000b0e00000, 0x00000000b0f00000|  0%| F|  |TAMS 0x00000000b0e00000, 0x00000000b0e00000| Untracked 
| 271|0x00000000b0f00000, 0x00000000b0f00000, 0x00000000b1000000|  0%| F|  |TAMS 0x00000000b0f00000, 0x00000000b0f00000| Untracked 
| 272|0x00000000b1000000, 0x00000000b1000000, 0x00000000b1100000|  0%| F|  |TAMS 0x00000000b1000000, 0x00000000b1000000| Untracked 
| 273|0x00000000b1100000, 0x00000000b1100000, 0x00000000b1200000|  0%| F|  |TAMS 0x00000000b1100000, 0x00000000b1100000| Untracked 
| 274|0x00000000b1200000, 0x00000000b1200000, 0x00000000b1300000|  0%| F|  |TAMS 0x00000000b1200000, 0x00000000b1200000| Untracked 
| 275|0x00000000b1300000, 0x00000000b1300000, 0x00000000b1400000|  0%| F|  |TAMS 0x00000000b1300000, 0x00000000b1300000| Untracked 
| 276|0x00000000b1400000, 0x00000000b1400000, 0x00000000b1500000|  0%| F|  |TAMS 0x00000000b1400000, 0x00000000b1400000| Untracked 
| 277|0x00000000b1500000, 0x00000000b1500000, 0x00000000b1600000|  0%| F|  |TAMS 0x00000000b1500000, 0x00000000b1500000| Untracked 
| 278|0x00000000b1600000, 0x00000000b1600000, 0x00000000b1700000|  0%| F|  |TAMS 0x00000000b1600000, 0x00000000b1600000| Untracked 
| 279|0x00000000b1700000, 0x00000000b1700000, 0x00000000b1800000|  0%| F|  |TAMS 0x00000000b1700000, 0x00000000b1700000| Untracked 
| 280|0x00000000b1800000, 0x00000000b1800000, 0x00000000b1900000|  0%| F|  |TAMS 0x00000000b1800000, 0x00000000b1800000| Untracked 
| 281|0x00000000b1900000, 0x00000000b1900000, 0x00000000b1a00000|  0%| F|  |TAMS 0x00000000b1900000, 0x00000000b1900000| Untracked 
| 282|0x00000000b1a00000, 0x00000000b1a00000, 0x00000000b1b00000|  0%| F|  |TAMS 0x00000000b1a00000, 0x00000000b1a00000| Untracked 
| 283|0x00000000b1b00000, 0x00000000b1b00000, 0x00000000b1c00000|  0%| F|  |TAMS 0x00000000b1b00000, 0x00000000b1b00000| Untracked 
| 284|0x00000000b1c00000, 0x00000000b1c00000, 0x00000000b1d00000|  0%| F|  |TAMS 0x00000000b1c00000, 0x00000000b1c00000| Untracked 
| 285|0x00000000b1d00000, 0x00000000b1d00000, 0x00000000b1e00000|  0%| F|  |TAMS 0x00000000b1d00000, 0x00000000b1d00000| Untracked 
| 286|0x00000000b1e00000, 0x00000000b1e00000, 0x00000000b1f00000|  0%| F|  |TAMS 0x00000000b1e00000, 0x00000000b1e00000| Untracked 
| 287|0x00000000b1f00000, 0x00000000b1f00000, 0x00000000b2000000|  0%| F|  |TAMS 0x00000000b1f00000, 0x00000000b1f00000| Untracked 
| 288|0x00000000b2000000, 0x00000000b2100000, 0x00000000b2100000|100%| S|CS|TAMS 0x00000000b2000000, 0x00000000b2000000| Complete 
| 289|0x00000000b2100000, 0x00000000b2200000, 0x00000000b2200000|100%| S|CS|TAMS 0x00000000b2100000, 0x00000000b2100000| Complete 
| 290|0x00000000b2200000, 0x00000000b2300000, 0x00000000b2300000|100%| S|CS|TAMS 0x00000000b2200000, 0x00000000b2200000| Complete 
| 291|0x00000000b2300000, 0x00000000b2400000, 0x00000000b2400000|100%| S|CS|TAMS 0x00000000b2300000, 0x00000000b2300000| Complete 
| 292|0x00000000b2400000, 0x00000000b2500000, 0x00000000b2500000|100%| S|CS|TAMS 0x00000000b2400000, 0x00000000b2400000| Complete 
| 293|0x00000000b2500000, 0x00000000b2500000, 0x00000000b2600000|  0%| F|  |TAMS 0x00000000b2500000, 0x00000000b2500000| Untracked 
| 294|0x00000000b2600000, 0x00000000b2600000, 0x00000000b2700000|  0%| F|  |TAMS 0x00000000b2600000, 0x00000000b2600000| Untracked 
| 295|0x00000000b2700000, 0x00000000b2700000, 0x00000000b2800000|  0%| F|  |TAMS 0x00000000b2700000, 0x00000000b2700000| Untracked 
| 296|0x00000000b2800000, 0x00000000b2800000, 0x00000000b2900000|  0%| F|  |TAMS 0x00000000b2800000, 0x00000000b2800000| Untracked 
| 297|0x00000000b2900000, 0x00000000b2900000, 0x00000000b2a00000|  0%| F|  |TAMS 0x00000000b2900000, 0x00000000b2900000| Untracked 
| 298|0x00000000b2a00000, 0x00000000b2a00000, 0x00000000b2b00000|  0%| F|  |TAMS 0x00000000b2a00000, 0x00000000b2a00000| Untracked 
| 299|0x00000000b2b00000, 0x00000000b2b00000, 0x00000000b2c00000|  0%| F|  |TAMS 0x00000000b2b00000, 0x00000000b2b00000| Untracked 
| 300|0x00000000b2c00000, 0x00000000b2c00000, 0x00000000b2d00000|  0%| F|  |TAMS 0x00000000b2c00000, 0x00000000b2c00000| Untracked 
| 301|0x00000000b2d00000, 0x00000000b2d00000, 0x00000000b2e00000|  0%| F|  |TAMS 0x00000000b2d00000, 0x00000000b2d00000| Untracked 
| 302|0x00000000b2e00000, 0x00000000b2e00000, 0x00000000b2f00000|  0%| F|  |TAMS 0x00000000b2e00000, 0x00000000b2e00000| Untracked 
| 303|0x00000000b2f00000, 0x00000000b2f00000, 0x00000000b3000000|  0%| F|  |TAMS 0x00000000b2f00000, 0x00000000b2f00000| Untracked 
| 304|0x00000000b3000000, 0x00000000b3000000, 0x00000000b3100000|  0%| F|  |TAMS 0x00000000b3000000, 0x00000000b3000000| Untracked 
| 305|0x00000000b3100000, 0x00000000b3100000, 0x00000000b3200000|  0%| F|  |TAMS 0x00000000b3100000, 0x00000000b3100000| Untracked 
| 306|0x00000000b3200000, 0x00000000b3200000, 0x00000000b3300000|  0%| F|  |TAMS 0x00000000b3200000, 0x00000000b3200000| Untracked 
| 307|0x00000000b3300000, 0x00000000b3300000, 0x00000000b3400000|  0%| F|  |TAMS 0x00000000b3300000, 0x00000000b3300000| Untracked 
| 308|0x00000000b3400000, 0x00000000b3400000, 0x00000000b3500000|  0%| F|  |TAMS 0x00000000b3400000, 0x00000000b3400000| Untracked 
| 309|0x00000000b3500000, 0x00000000b3500000, 0x00000000b3600000|  0%| F|  |TAMS 0x00000000b3500000, 0x00000000b3500000| Untracked 
| 310|0x00000000b3600000, 0x00000000b3600000, 0x00000000b3700000|  0%| F|  |TAMS 0x00000000b3600000, 0x00000000b3600000| Untracked 
| 311|0x00000000b3700000, 0x00000000b3700000, 0x00000000b3800000|  0%| F|  |TAMS 0x00000000b3700000, 0x00000000b3700000| Untracked 
| 312|0x00000000b3800000, 0x00000000b3800000, 0x00000000b3900000|  0%| F|  |TAMS 0x00000000b3800000, 0x00000000b3800000| Untracked 
| 313|0x00000000b3900000, 0x00000000b3900000, 0x00000000b3a00000|  0%| F|  |TAMS 0x00000000b3900000, 0x00000000b3900000| Untracked 
| 314|0x00000000b3a00000, 0x00000000b3a00000, 0x00000000b3b00000|  0%| F|  |TAMS 0x00000000b3a00000, 0x00000000b3a00000| Untracked 
| 315|0x00000000b3b00000, 0x00000000b3b00000, 0x00000000b3c00000|  0%| F|  |TAMS 0x00000000b3b00000, 0x00000000b3b00000| Untracked 
| 316|0x00000000b3c00000, 0x00000000b3c00000, 0x00000000b3d00000|  0%| F|  |TAMS 0x00000000b3c00000, 0x00000000b3c00000| Untracked 
| 317|0x00000000b3d00000, 0x00000000b3d00000, 0x00000000b3e00000|  0%| F|  |TAMS 0x00000000b3d00000, 0x00000000b3d00000| Untracked 
| 318|0x00000000b3e00000, 0x00000000b3e00000, 0x00000000b3f00000|  0%| F|  |TAMS 0x00000000b3e00000, 0x00000000b3e00000| Untracked 
| 319|0x00000000b3f00000, 0x00000000b3f00000, 0x00000000b4000000|  0%| F|  |TAMS 0x00000000b3f00000, 0x00000000b3f00000| Untracked 
| 320|0x00000000b4000000, 0x00000000b4000000, 0x00000000b4100000|  0%| F|  |TAMS 0x00000000b4000000, 0x00000000b4000000| Untracked 
| 321|0x00000000b4100000, 0x00000000b4100000, 0x00000000b4200000|  0%| F|  |TAMS 0x00000000b4100000, 0x00000000b4100000| Untracked 
| 322|0x00000000b4200000, 0x00000000b4200000, 0x00000000b4300000|  0%| F|  |TAMS 0x00000000b4200000, 0x00000000b4200000| Untracked 
| 323|0x00000000b4300000, 0x00000000b4300000, 0x00000000b4400000|  0%| F|  |TAMS 0x00000000b4300000, 0x00000000b4300000| Untracked 
| 324|0x00000000b4400000, 0x00000000b4400000, 0x00000000b4500000|  0%| F|  |TAMS 0x00000000b4400000, 0x00000000b4400000| Untracked 
| 325|0x00000000b4500000, 0x00000000b4500000, 0x00000000b4600000|  0%| F|  |TAMS 0x00000000b4500000, 0x00000000b4500000| Untracked 
| 326|0x00000000b4600000, 0x00000000b4600000, 0x00000000b4700000|  0%| F|  |TAMS 0x00000000b4600000, 0x00000000b4600000| Untracked 

Card table byte_map: [0x0000024e137b0000,0x0000024e13ab0000] _byte_map_base: 0x0000024e132b0000

Marking Bits (Prev, Next): (CMBitMap*) 0x0000024e7cb54bb8, (CMBitMap*) 0x0000024e7cb54bf0
 Prev Bits: [0x0000024e13db0000, 0x0000024e155b0000)
 Next Bits: [0x0000024e155b0000, 0x0000024e16db0000)

Polling page: 0x0000024e00000000

Metaspace:

Usage:
  Non-class:    118.64 MB capacity,   116.58 MB ( 98%) used,     1.65 MB (  1%) free+waste,   418.44 KB ( <1%) overhead. 
      Class:     18.21 MB capacity,    16.90 MB ( 93%) used,     1.13 MB (  6%) free+waste,   187.00 KB (  1%) overhead. 
       Both:    136.85 MB capacity,   133.48 MB ( 98%) used,     2.79 MB (  2%) free+waste,   605.44 KB ( <1%) overhead. 

Virtual space:
  Non-class space:      120.00 MB reserved,     119.25 MB (>99%) committed 
      Class space:        1.00 GB reserved,      18.57 MB (  2%) committed 
             Both:        1.12 GB reserved,     137.82 MB ( 12%) committed 

Chunk freelists:
   Non-Class:  494.00 KB
       Class:  299.00 KB
        Both:  793.00 KB

MaxMetaspaceSize: 17179869184.00 GB
CompressedClassSpaceSize: 1.00 GB

CodeHeap 'non-profiled nmethods': size=120000Kb used=10214Kb max_used=10471Kb free=109785Kb
 bounds [0x0000024e0b500000, 0x0000024e0bf70000, 0x0000024e12a30000]
CodeHeap 'profiled nmethods': size=120000Kb used=37673Kb max_used=38660Kb free=82326Kb
 bounds [0x0000024e03fd0000, 0x0000024e065a0000, 0x0000024e0b500000]
CodeHeap 'non-nmethods': size=5760Kb used=2375Kb max_used=2452Kb free=3384Kb
 bounds [0x0000024e03a30000, 0x0000024e03cb0000, 0x0000024e03fd0000]
 total_blobs=18478 nmethods=17469 adapters=919
 compilation: enabled
              stopped_count=0, restarted_count=0
 full_count=0

Compilation events (20 events):
Event: 62.531 Thread 0x0000024e1c757800 nmethod 18952 0x0000024e0b5d4d90 code [0x0000024e0b5d4f20, 0x0000024e0b5d4f78]
Event: 62.531 Thread 0x0000024e1989d800 18956       3       java.lang.Long::toString (139 bytes)
Event: 62.531 Thread 0x0000024e1c757800 18955       4       com.android.tools.r8.internal.Zj::a (120 bytes)
Event: 62.532 Thread 0x0000024e1989d800 nmethod 18956 0x0000024e042cb490 code [0x0000024e042cb6c0, 0x0000024e042cbed8]
Event: 62.532 Thread 0x0000024e1989d800 18959       3       com.android.tools.r8.internal.Wj::a (22 bytes)
Event: 62.533 Thread 0x0000024e1989d800 nmethod 18959 0x0000024e042c0390 code [0x0000024e042c0580, 0x0000024e042c0908]
Event: 62.533 Thread 0x0000024e1989d800 18960       3       com.android.tools.r8.internal.Zj::<init> (10 bytes)
Event: 62.533 Thread 0x0000024e1989d800 nmethod 18960 0x0000024e042c1d10 code [0x0000024e042c1ee0, 0x0000024e042c20c8]
Event: 62.533 Thread 0x0000024e1989d800 18961       3       com.android.tools.r8.internal.Wj::a (17 bytes)
Event: 62.534 Thread 0x0000024e1989d800 nmethod 18961 0x0000024e042d1490 code [0x0000024e042d16c0, 0x0000024e042d1ce8]
Event: 62.534 Thread 0x0000024e1989d800 18962       3       com.android.tools.r8.internal.r7$$Lambda$2087/0x0000000101207c40::accept (12 bytes)
Event: 62.534 Thread 0x0000024e1989d800 nmethod 18962 0x0000024e042e3090 code [0x0000024e042e32e0, 0x0000024e042e3bb8]
Event: 62.534 Thread 0x0000024e1989d800 18963       3       com.android.tools.r8.internal.r7::a (25 bytes)
Event: 62.535 Thread 0x0000024e1989d800 nmethod 18963 0x0000024e04305510 code [0x0000024e04305780, 0x0000024e043060a8]
Event: 62.535 Thread 0x0000024e1989d800 18964       3       com.android.tools.r8.internal.fu$d::getLongValue (13 bytes)
Event: 62.535 Thread 0x0000024e1989d800 nmethod 18964 0x0000024e042c1910 code [0x0000024e042c1ac0, 0x0000024e042c1bf8]
Event: 62.539 Thread 0x0000024e19894000 nmethod 18949% 0x0000024e0b609210 code [0x0000024e0b6093e0, 0x0000024e0b609d18]
Event: 62.539 Thread 0x0000024e19894000 18965       4       com.android.tools.r8.internal.mp::a (286 bytes)
Event: 62.539 Thread 0x0000024e1c757800 nmethod 18955 0x0000024e0b608b10 code [0x0000024e0b608cc0, 0x0000024e0b609058]
Event: 62.539 Thread 0x0000024e1c757800 18966       4       com.android.tools.r8.internal.mp::a (368 bytes)

GC Heap History (20 events):
Event: 56.969 GC heap after
{Heap after GC invocations=72 (full 0):
 garbage-first heap   total 282624K, used 143757K [0x00000000a0000000, 0x0000000100000000)
  region size 1024K, 2 young (2048K), 2 survivors (2048K)
 Metaspace       used 135511K, capacity 139250K, committed 139596K, reserved 1169408K
  class space    used 17241K, capacity 18664K, committed 18764K, reserved 1048576K
}
Event: 57.808 GC heap before
{Heap before GC invocations=73 (full 0):
 garbage-first heap   total 282624K, used 228749K [0x00000000a0000000, 0x0000000100000000)
  region size 1024K, 54 young (55296K), 2 survivors (2048K)
 Metaspace       used 135958K, capacity 139605K, committed 139852K, reserved 1171456K
  class space    used 17300K, capacity 18719K, committed 18764K, reserved 1048576K
}
Event: 57.850 GC heap after
{Heap after GC invocations=74 (full 0):
 garbage-first heap   total 282624K, used 184320K [0x00000000a0000000, 0x0000000100000000)
  region size 1024K, 7 young (7168K), 7 survivors (7168K)
 Metaspace       used 135958K, capacity 139605K, committed 139852K, reserved 1171456K
  class space    used 17300K, capacity 18719K, committed 18764K, reserved 1048576K
}
Event: 58.014 GC heap before
{Heap before GC invocations=74 (full 0):
 garbage-first heap   total 282624K, used 190464K [0x00000000a0000000, 0x0000000100000000)
  region size 1024K, 13 young (13312K), 7 survivors (7168K)
 Metaspace       used 136608K, capacity 140351K, committed 140620K, reserved 1171456K
  class space    used 17463K, capacity 18948K, committed 19020K, reserved 1048576K
}
Event: 58.047 GC heap after
{Heap after GC invocations=75 (full 0):
 garbage-first heap   total 282624K, used 178410K [0x00000000a0000000, 0x0000000100000000)
  region size 1024K, 2 young (2048K), 2 survivors (2048K)
 Metaspace       used 136608K, capacity 140351K, committed 140620K, reserved 1171456K
  class space    used 17463K, capacity 18948K, committed 19020K, reserved 1048576K
}
Event: 58.974 GC heap before
{Heap before GC invocations=75 (full 0):
 garbage-first heap   total 282624K, used 215274K [0x00000000a0000000, 0x0000000100000000)
  region size 1024K, 39 young (39936K), 2 survivors (2048K)
 Metaspace       used 136769K, capacity 140485K, committed 140620K, reserved 1171456K
  class space    used 17463K, capacity 18948K, committed 19020K, reserved 1048576K
}
Event: 59.012 GC heap after
{Heap after GC invocations=76 (full 0):
 garbage-first heap   total 282624K, used 198927K [0x00000000a0000000, 0x0000000100000000)
  region size 1024K, 5 young (5120K), 5 survivors (5120K)
 Metaspace       used 136769K, capacity 140485K, committed 140620K, reserved 1171456K
  class space    used 17463K, capacity 18948K, committed 19020K, reserved 1048576K
}
Event: 59.293 GC heap before
{Heap before GC invocations=76 (full 0):
 garbage-first heap   total 282624K, used 216335K [0x00000000a0000000, 0x0000000100000000)
  region size 1024K, 23 young (23552K), 5 survivors (5120K)
 Metaspace       used 136781K, capacity 140487K, committed 140620K, reserved 1171456K
  class space    used 17463K, capacity 18948K, committed 19020K, reserved 1048576K
}
Event: 59.337 GC heap after
{Heap after GC invocations=77 (full 0):
 garbage-first heap   total 282624K, used 210944K [0x00000000a0000000, 0x0000000100000000)
  region size 1024K, 4 young (4096K), 4 survivors (4096K)
 Metaspace       used 136781K, capacity 140487K, committed 140620K, reserved 1171456K
  class space    used 17463K, capacity 18948K, committed 19020K, reserved 1048576K
}
Event: 59.864 GC heap before
{Heap before GC invocations=77 (full 0):
 garbage-first heap   total 282624K, used 230400K [0x00000000a0000000, 0x0000000100000000)
  region size 1024K, 23 young (23552K), 4 survivors (4096K)
 Metaspace       used 136311K, capacity 139736K, committed 140620K, reserved 1171456K
  class space    used 17306K, capacity 18667K, committed 19020K, reserved 1048576K
}
Event: 59.923 GC heap after
{Heap after GC invocations=78 (full 0):
 garbage-first heap   total 334848K, used 222208K [0x00000000a0000000, 0x0000000100000000)
  region size 1024K, 3 young (3072K), 3 survivors (3072K)
 Metaspace       used 136311K, capacity 139736K, committed 140620K, reserved 1171456K
  class space    used 17306K, capacity 18667K, committed 19020K, reserved 1048576K
}
Event: 60.552 GC heap before
{Heap before GC invocations=79 (full 0):
 garbage-first heap   total 334848K, used 253952K [0x00000000a0000000, 0x0000000100000000)
  region size 1024K, 35 young (35840K), 3 survivors (3072K)
 Metaspace       used 136471K, capacity 139969K, committed 140876K, reserved 1171456K
  class space    used 17313K, capacity 18673K, committed 19020K, reserved 1048576K
}
Event: 60.601 GC heap after
{Heap after GC invocations=80 (full 0):
 garbage-first heap   total 334848K, used 233749K [0x00000000a0000000, 0x0000000100000000)
  region size 1024K, 5 young (5120K), 5 survivors (5120K)
 Metaspace       used 136471K, capacity 139969K, committed 140876K, reserved 1171456K
  class space    used 17313K, capacity 18673K, committed 19020K, reserved 1048576K
}
Event: 60.803 GC heap before
{Heap before GC invocations=80 (full 0):
 garbage-first heap   total 334848K, used 245013K [0x00000000a0000000, 0x0000000100000000)
  region size 1024K, 16 young (16384K), 5 survivors (5120K)
 Metaspace       used 136534K, capacity 140059K, committed 140876K, reserved 1171456K
  class space    used 17315K, capacity 18677K, committed 19020K, reserved 1048576K
}
Event: 60.835 GC heap after
{Heap after GC invocations=81 (full 0):
 garbage-first heap   total 334848K, used 230851K [0x00000000a0000000, 0x0000000100000000)
  region size 1024K, 2 young (2048K), 2 survivors (2048K)
 Metaspace       used 136534K, capacity 140059K, committed 140876K, reserved 1171456K
  class space    used 17315K, capacity 18677K, committed 19020K, reserved 1048576K
}
Event: 61.447 GC heap before
{Heap before GC invocations=81 (full 0):
 garbage-first heap   total 334848K, used 262595K [0x00000000a0000000, 0x0000000100000000)
  region size 1024K, 33 young (33792K), 2 survivors (2048K)
 Metaspace       used 136675K, capacity 140145K, committed 141132K, reserved 1171456K
  class space    used 17316K, capacity 18678K, committed 19020K, reserved 1048576K
}
Event: 61.462 GC heap after
{Heap after GC invocations=82 (full 0):
 garbage-first heap   total 334848K, used 235897K [0x00000000a0000000, 0x0000000100000000)
  region size 1024K, 5 young (5120K), 5 survivors (5120K)
 Metaspace       used 136675K, capacity 140145K, committed 141132K, reserved 1171456K
  class space    used 17316K, capacity 18678K, committed 19020K, reserved 1048576K
}
Event: 61.844 GC heap before
{Heap before GC invocations=82 (full 0):
 garbage-first heap   total 334848K, used 262521K [0x00000000a0000000, 0x0000000100000000)
  region size 1024K, 32 young (32768K), 5 survivors (5120K)
 Metaspace       used 136691K, capacity 140209K, committed 141132K, reserved 1171456K
  class space    used 17316K, capacity 18678K, committed 19020K, reserved 1048576K
}
Event: 61.879 GC heap after
{Heap after GC invocations=83 (full 0):
 garbage-first heap   total 334848K, used 242254K [0x00000000a0000000, 0x0000000100000000)
  region size 1024K, 5 young (5120K), 5 survivors (5120K)
 Metaspace       used 136691K, capacity 140209K, committed 141132K, reserved 1171456K
  class space    used 17316K, capacity 18678K, committed 19020K, reserved 1048576K
}
Event: 62.540 GC heap before
{Heap before GC invocations=83 (full 0):
 garbage-first heap   total 334848K, used 267854K [0x00000000a0000000, 0x0000000100000000)
  region size 1024K, 34 young (34816K), 5 survivors (5120K)
 Metaspace       used 136681K, capacity 140139K, committed 141132K, reserved 1171456K
  class space    used 17301K, capacity 18649K, committed 19020K, reserved 1048576K
}

Deoptimization events (20 events):
Event: 62.014 Thread 0x0000024e1de51800 Uncommon trap: trap_request=0xffffff6e fr.pc=0x0000024e0b56441c relative=0x000000000000085c
Event: 62.014 Thread 0x0000024e1de51800 Uncommon trap: reason=speculate_class_check action=maybe_recompile pc=0x0000024e0b56441c method=java.util.stream.AbstractPipeline.evaluate(Ljava/util/Spliterator;ZLjava/util/function/IntFunction;)Ljava/util/stream/Node; @ 23 c2
Event: 62.014 Thread 0x0000024e1de51800 DEOPT PACKING pc=0x0000024e0b56441c sp=0x0000005b389fd220
Event: 62.014 Thread 0x0000024e1de51800 DEOPT UNPACKING pc=0x0000024e03a578af sp=0x0000005b389fd158 mode 2
Event: 62.014 Thread 0x0000024e1de51800 Uncommon trap: trap_request=0xffffff6e fr.pc=0x0000024e0b56441c relative=0x000000000000085c
Event: 62.014 Thread 0x0000024e1de51800 Uncommon trap: reason=speculate_class_check action=maybe_recompile pc=0x0000024e0b56441c method=java.util.stream.AbstractPipeline.evaluate(Ljava/util/Spliterator;ZLjava/util/function/IntFunction;)Ljava/util/stream/Node; @ 23 c2
Event: 62.014 Thread 0x0000024e1de51800 DEOPT PACKING pc=0x0000024e0b56441c sp=0x0000005b389fd220
Event: 62.014 Thread 0x0000024e1de51800 DEOPT UNPACKING pc=0x0000024e03a578af sp=0x0000005b389fd158 mode 2
Event: 62.014 Thread 0x0000024e1de51800 Uncommon trap: trap_request=0xffffff6e fr.pc=0x0000024e0b56441c relative=0x000000000000085c
Event: 62.014 Thread 0x0000024e1de51800 Uncommon trap: reason=speculate_class_check action=maybe_recompile pc=0x0000024e0b56441c method=java.util.stream.AbstractPipeline.evaluate(Ljava/util/Spliterator;ZLjava/util/function/IntFunction;)Ljava/util/stream/Node; @ 23 c2
Event: 62.014 Thread 0x0000024e1de51800 DEOPT PACKING pc=0x0000024e0b56441c sp=0x0000005b389fd220
Event: 62.014 Thread 0x0000024e1de51800 DEOPT UNPACKING pc=0x0000024e03a578af sp=0x0000005b389fd158 mode 2
Event: 62.324 Thread 0x0000024e1de51800 DEOPT PACKING pc=0x0000024e0409a1fb sp=0x0000005b389fd330
Event: 62.324 Thread 0x0000024e1de51800 DEOPT UNPACKING pc=0x0000024e03a576ce sp=0x0000005b389fc7e8 mode 0
Event: 62.326 Thread 0x0000024e1de51800 DEOPT PACKING pc=0x0000024e0409a1fb sp=0x0000005b389fd3d0
Event: 62.326 Thread 0x0000024e1de51800 DEOPT UNPACKING pc=0x0000024e03a576ce sp=0x0000005b389fc888 mode 0
Event: 62.331 Thread 0x0000024e1de51800 DEOPT PACKING pc=0x0000024e0409a1fb sp=0x0000005b389fd3d0
Event: 62.331 Thread 0x0000024e1de51800 DEOPT UNPACKING pc=0x0000024e03a576ce sp=0x0000005b389fc888 mode 0
Event: 62.337 Thread 0x0000024e1de51800 DEOPT PACKING pc=0x0000024e0409a1fb sp=0x0000005b389fd3d0
Event: 62.337 Thread 0x0000024e1de51800 DEOPT UNPACKING pc=0x0000024e03a576ce sp=0x0000005b389fc888 mode 0

Classes redefined (0 events):
No events

Internal exceptions (20 events):
Event: 55.733 Thread 0x0000024e1de4b000 Exception <a 'java/lang/NoSuchMethodError'{0x00000000b1208f28}: 'void java.lang.invoke.DirectMethodHandle$Holder.invokeVirtual(java.lang.Object, java.lang.Object, int, java.lang.Object)'> (0x00000000b1208f28) thrown at [./src/hotspot/share/interpreter/linkResolver.cpp, line 773]
Event: 56.121 Thread 0x0000024e1de50800 Exception <a 'java/lang/NoSuchMethodError'{0x00000000b0ce7740}: 'java.lang.Object java.lang.invoke.DirectMethodHandle$Holder.invokeInterface(java.lang.Object, java.lang.Object, int)'> (0x00000000b0ce7740) thrown at [./src/hotspot/share/interpreter/linkResolver.cpp, line 773]
Event: 56.139 Thread 0x0000024e1de4b000 Exception <a 'java/lang/NoSuchMethodError'{0x00000000b0b30f88}: 'java.lang.Object java.lang.invoke.DirectMethodHandle$Holder.invokeSpecial(java.lang.Object, java.lang.Object, java.lang.Object, java.lang.Object, java.lang.Object, java.lang.Object, java.lang.Object, java.lang.Object, java.lang.Object, java.lang.Object, java.lang.Object)'> (0x00000000b0b30f88) thrown at [./src/hotspot/share/interpreter/linkResolver.cpp, line 773]
Event: 56.141 Thread 0x0000024e1de4b000 Exception <a 'java/lang/NoSuchMethodError'{0x00000000b0b3c1b0}: 'java.lang.Object java.lang.invoke.Invokers$Holder.linkToTargetMethod(java.lang.Object, java.lang.Object, java.lang.Object, java.lang.Object, java.lang.Object, java.lang.Object, java.lang.Object, java.lang.Object, java.lang.Object, java.lang.Object)'> (0x00000000b0b3c1b0) thrown at [./src/hotspot/share/interpreter/linkResolver.cpp, line 773]
Event: 56.184 Thread 0x0000024e1de4b000 Exception <a 'java/lang/IncompatibleClassChangeError'{0x00000000b0a58d30}: Found class java.lang.Object, but interface was expected> (0x00000000b0a58d30) thrown at [./src/hotspot/share/interpreter/linkResolver.cpp, line 839]
Event: 56.454 Thread 0x0000024e1de50800 Exception <a 'java/lang/IncompatibleClassChangeError'{0x00000000b03425a8}: Found class java.lang.Object, but interface was expected> (0x00000000b03425a8) thrown at [./src/hotspot/share/interpreter/linkResolver.cpp, line 839]
Event: 56.498 Thread 0x0000024e1de50800 Exception <a 'java/lang/NoSuchMethodError'{0x00000000b0248540}: 'void java.lang.invoke.DirectMethodHandle$Holder.invokeSpecial(java.lang.Object, java.lang.Object, int, java.lang.Object, java.lang.Object, java.lang.Object, java.lang.Object)'> (0x00000000b0248540) thrown at [./src/hotspot/share/interpreter/linkResolver.cpp, line 773]
Event: 56.498 Thread 0x0000024e1de4b000 Exception <a 'java/lang/NoSuchMethodError'{0x00000000b020b630}: 'void java.lang.invoke.DirectMethodHandle$Holder.invokeSpecial(java.lang.Object, java.lang.Object, int, java.lang.Object, java.lang.Object, java.lang.Object, java.lang.Object)'> (0x00000000b020b630) thrown at [./src/hotspot/share/interpreter/linkResolver.cpp, line 773]
Event: 56.502 Thread 0x0000024e1de4b000 Exception <a 'java/lang/NoSuchMethodError'{0x00000000b0215548}: 'java.lang.Object java.lang.invoke.Invokers$Holder.linkToTargetMethod(java.lang.Object, int, java.lang.Object, java.lang.Object, java.lang.Object, java.lang.Object)'> (0x00000000b0215548) thrown at [./src/hotspot/share/interpreter/linkResolver.cpp, line 773]
Event: 56.502 Thread 0x0000024e1de50800 Exception <a 'java/lang/NoSuchMethodError'{0x00000000b0253718}: 'java.lang.Object java.lang.invoke.Invokers$Holder.linkToTargetMethod(java.lang.Object, int, java.lang.Object, java.lang.Object, java.lang.Object, java.lang.Object)'> (0x00000000b0253718) thrown at [./src/hotspot/share/interpreter/linkResolver.cpp, line 773]
Event: 56.503 Thread 0x0000024e1de4b000 Exception <a 'java/lang/NoSuchMethodError'{0x00000000b0218e70}: 'void java.lang.invoke.DirectMethodHandle$Holder.invokeSpecial(java.lang.Object, java.lang.Object, java.lang.Object, java.lang.Object, java.lang.Object, java.lang.Object, java.lang.Object, java.lang.Object, java.lang.Object)'> (0x00000000b0218e70) thrown at [./src/hotspot/share/interpreter/linkResolver.cpp, line 773]
Event: 56.503 Thread 0x0000024e1de50800 Exception <a 'java/lang/NoSuchMethodError'{0x00000000b0256dd0}: 'void java.lang.invoke.DirectMethodHandle$Holder.invokeSpecial(java.lang.Object, java.lang.Object, java.lang.Object, java.lang.Object, java.lang.Object, java.lang.Object, java.lang.Object, java.lang.Object, java.lang.Object)'> (0x00000000b0256dd0) thrown at [./src/hotspot/share/interpreter/linkResolver.cpp, line 773]
Event: 56.511 Thread 0x0000024e1de50800 Exception <a 'java/lang/NoSuchMethodError'{0x00000000b026e3b8}: 'void java.lang.invoke.DirectMethodHandle$Holder.invokeStatic(java.lang.Object, java.lang.Object, java.lang.Object, java.lang.Object, java.lang.Object, java.lang.Object, java.lang.Object, java.lang.Object)'> (0x00000000b026e3b8) thrown at [./src/hotspot/share/interpreter/linkResolver.cpp, line 773]
Event: 56.612 Thread 0x0000024e1de4b000 Exception <a 'java/lang/IncompatibleClassChangeError'{0x00000000b00b12f8}: Found class java.lang.Object, but interface was expected> (0x00000000b00b12f8) thrown at [./src/hotspot/share/interpreter/linkResolver.cpp, line 839]
Event: 56.694 Thread 0x0000024e1de4b000 Exception <a 'java/lang/NoSuchMethodError'{0x00000000afe8ca78}: 'void java.lang.invoke.DirectMethodHandle$Holder.invokeVirtual(java.lang.Object, java.lang.Object, int)'> (0x00000000afe8ca78) thrown at [./src/hotspot/share/interpreter/linkResolver.cpp, line 773]
Event: 56.695 Thread 0x0000024e1de50800 Exception <a 'java/lang/NoSuchMethodError'{0x00000000afec27a8}: 'void java.lang.invoke.DirectMethodHandle$Holder.invokeVirtual(java.lang.Object, java.lang.Object, int)'> (0x00000000afec27a8) thrown at [./src/hotspot/share/interpreter/linkResolver.cpp, line 773]
Event: 56.754 Thread 0x0000024e1de50800 Exception <a 'sun/nio/fs/WindowsException'{0x00000000afd807c0}> (0x00000000afd807c0) thrown at [./src/hotspot/share/prims/jni.cpp, line 615]
Event: 56.754 Thread 0x0000024e1de4b000 Exception <a 'sun/nio/fs/WindowsException'{0x00000000afd60d10}> (0x00000000afd60d10) thrown at [./src/hotspot/share/prims/jni.cpp, line 615]
Event: 57.106 Thread 0x0000024e1de51800 Exception <a 'sun/nio/fs/WindowsException'{0x00000000b12f1718}> (0x00000000b12f1718) thrown at [./src/hotspot/share/prims/jni.cpp, line 615]
Event: 57.720 Thread 0x0000024e1de51800 Implicit null exception at 0x0000024e0bec211c to 0x0000024e0bec2c68

Events (20 events):
Event: 60.835 Executing VM operation: G1CollectForAllocation done
Event: 61.234 loading class com/android/tools/r8/graph/v0
Event: 61.234 loading class com/android/tools/r8/graph/v0 done
Event: 61.234 loading class com/android/tools/r8/naming/b
Event: 61.234 loading class com/android/tools/r8/naming/b done
Event: 61.238 loading class com/android/tools/r8/graph/Z
Event: 61.238 loading class com/android/tools/r8/graph/Z done
Event: 61.238 loading class com/android/tools/r8/graph/v0
Event: 61.238 loading class com/android/tools/r8/graph/v0 done
Event: 61.446 Executing VM operation: G1CollectForAllocation
Event: 61.462 Executing VM operation: G1CollectForAllocation done
Event: 61.844 Executing VM operation: G1CollectForAllocation
Event: 61.879 Executing VM operation: G1CollectForAllocation done
Event: 62.107 Executing VM operation: ICBufferFull
Event: 62.108 Executing VM operation: ICBufferFull done
Event: 62.130 loading class com/android/tools/r8/graph/v0$a
Event: 62.130 loading class com/android/tools/r8/graph/v0$a done
Event: 62.389 Executing VM operation: CGC_Operation
Event: 62.438 Executing VM operation: CGC_Operation done
Event: 62.540 Executing VM operation: G1CollectForAllocation


Dynamic libraries:
0x00007ff7c5d50000 - 0x00007ff7c5d5a000 	C:\Program Files\Android\Android Studio\jre\bin\java.exe
0x00007ffb699f0000 - 0x00007ffb69be5000 	C:\WINDOWS\SYSTEM32\ntdll.dll
0x00007ffb67db0000 - 0x00007ffb67e6e000 	C:\WINDOWS\System32\KERNEL32.DLL
0x00007ffb67420000 - 0x00007ffb676e8000 	C:\WINDOWS\System32\KERNELBASE.dll
0x00007ffb671d0000 - 0x00007ffb672d0000 	C:\WINDOWS\System32\ucrtbase.dll
0x00007ffb56f50000 - 0x00007ffb56f69000 	C:\Program Files\Android\Android Studio\jre\bin\jli.dll
0x00007ffb56f70000 - 0x00007ffb56f87000 	C:\Program Files\Android\Android Studio\jre\bin\VCRUNTIME140.dll
0x00007ffb68910000 - 0x00007ffb68ab0000 	C:\WINDOWS\System32\USER32.dll
0x00007ffb676f0000 - 0x00007ffb67712000 	C:\WINDOWS\System32\win32u.dll
0x00007ffb67af0000 - 0x00007ffb67b1b000 	C:\WINDOWS\System32\GDI32.dll
0x00007ffb67880000 - 0x00007ffb6798d000 	C:\WINDOWS\System32\gdi32full.dll
0x00007ffb67130000 - 0x00007ffb671cd000 	C:\WINDOWS\System32\msvcp_win.dll
0x00007ffb5c970000 - 0x00007ffb5cc0a000 	C:\WINDOWS\WinSxS\amd64_microsoft.windows.common-controls_6595b64144ccf1df_6.0.19041.1110_none_60b5254171f9507e\COMCTL32.dll
0x00007ffb69900000 - 0x00007ffb6999e000 	C:\WINDOWS\System32\msvcrt.dll
0x00007ffb67f90000 - 0x00007ffb67fc0000 	C:\WINDOWS\System32\IMM32.DLL
0x00007ffb54290000 - 0x00007ffb5432d000 	C:\Program Files\Android\Android Studio\jre\bin\msvcp140.dll
0x00007ffac8000000 - 0x00007ffac8acf000 	C:\Program Files\Android\Android Studio\jre\bin\server\jvm.dll
0x00007ffb67d00000 - 0x00007ffb67dae000 	C:\WINDOWS\System32\ADVAPI32.dll
0x00007ffb67b20000 - 0x00007ffb67bbc000 	C:\WINDOWS\System32\sechost.dll
0x00007ffb68510000 - 0x00007ffb68635000 	C:\WINDOWS\System32\RPCRT4.dll
0x00007ffb699a0000 - 0x00007ffb699a8000 	C:\WINDOWS\System32\PSAPI.DLL
0x00007ffb4a320000 - 0x00007ffb4a329000 	C:\WINDOWS\SYSTEM32\WSOCK32.dll
0x00007ffb68640000 - 0x00007ffb686ab000 	C:\WINDOWS\System32\WS2_32.dll
0x00007ffb5f0c0000 - 0x00007ffb5f0ca000 	C:\WINDOWS\SYSTEM32\VERSION.dll
0x00007ffb485c0000 - 0x00007ffb485e7000 	C:\WINDOWS\SYSTEM32\WINMM.dll
0x00007ffb65980000 - 0x00007ffb65992000 	C:\WINDOWS\SYSTEM32\kernel.appcore.dll
0x00007ffb50410000 - 0x00007ffb50421000 	C:\Program Files\Android\Android Studio\jre\bin\verify.dll
0x00007ffb65690000 - 0x00007ffb65874000 	C:\WINDOWS\SYSTEM32\DBGHELP.DLL
0x00007ffb5c900000 - 0x00007ffb5c92c000 	C:\WINDOWS\SYSTEM32\dbgcore.DLL
0x00007ffb67320000 - 0x00007ffb673a2000 	C:\WINDOWS\System32\bcryptPrimitives.dll
0x00007ffb35070000 - 0x00007ffb35099000 	C:\Program Files\Android\Android Studio\jre\bin\java.dll
0x00007ffb61310000 - 0x00007ffb6131b000 	C:\Program Files\Android\Android Studio\jre\bin\jimage.dll
0x00007ffb503f0000 - 0x00007ffb50408000 	C:\Program Files\Android\Android Studio\jre\bin\zip.dll
0x00007ffb68c10000 - 0x00007ffb69354000 	C:\WINDOWS\System32\SHELL32.dll
0x00007ffb64e30000 - 0x00007ffb655c4000 	C:\WINDOWS\SYSTEM32\windows.storage.dll
0x00007ffb69520000 - 0x00007ffb69875000 	C:\WINDOWS\System32\combase.dll
0x00007ffb66b50000 - 0x00007ffb66b7e000 	C:\WINDOWS\SYSTEM32\Wldp.dll
0x00007ffb67a40000 - 0x00007ffb67aed000 	C:\WINDOWS\System32\SHCORE.dll
0x00007ffb68020000 - 0x00007ffb68075000 	C:\WINDOWS\System32\shlwapi.dll
0x00007ffb67040000 - 0x00007ffb6705f000 	C:\WINDOWS\SYSTEM32\profapi.dll
0x00007ffb34fa0000 - 0x00007ffb34fba000 	C:\Program Files\Android\Android Studio\jre\bin\net.dll
0x00007ffb62100000 - 0x00007ffb6220c000 	C:\WINDOWS\SYSTEM32\WINHTTP.dll
0x00007ffb668b0000 - 0x00007ffb6691a000 	C:\WINDOWS\system32\mswsock.dll
0x00007ffb34f80000 - 0x00007ffb34f94000 	C:\Program Files\Android\Android Studio\jre\bin\nio.dll
0x00007ffb4cd50000 - 0x00007ffb4cd77000 	C:\Users\migue\.gradle\native\8bec1ad78214c89d9ad589b4d07fe93259594b29d510b10fafb7a158f7737e5d\windows-amd64\native-platform.dll
0x00007ffad9360000 - 0x00007ffad949d000 	C:\Users\migue\.gradle\native\53dbd7edfb1c66fb8903c78663c9afc45aea4f116125fa6feffd364cf09443e8\windows-amd64\native-platform-file-events.dll
0x00007ffb61220000 - 0x00007ffb6122a000 	C:\Program Files\Android\Android Studio\jre\bin\management.dll
0x00007ffb60240000 - 0x00007ffb6024c000 	C:\Program Files\Android\Android Studio\jre\bin\management_ext.dll
0x00007ffb66aa0000 - 0x00007ffb66ab8000 	C:\WINDOWS\SYSTEM32\CRYPTSP.dll
0x00007ffb661c0000 - 0x00007ffb661f4000 	C:\WINDOWS\system32\rsaenh.dll
0x00007ffb67100000 - 0x00007ffb67127000 	C:\WINDOWS\System32\bcrypt.dll
0x00007ffb67000000 - 0x00007ffb6702e000 	C:\WINDOWS\SYSTEM32\USERENV.dll
0x00007ffb66ac0000 - 0x00007ffb66acc000 	C:\WINDOWS\SYSTEM32\CRYPTBASE.dll
0x00007ffb66550000 - 0x00007ffb6658b000 	C:\WINDOWS\SYSTEM32\IPHLPAPI.DLL
0x00007ffb69360000 - 0x00007ffb69368000 	C:\WINDOWS\System32\NSI.dll
0x00007ffb5e680000 - 0x00007ffb5e697000 	C:\WINDOWS\SYSTEM32\dhcpcsvc6.DLL
0x00007ffb5f320000 - 0x00007ffb5f33d000 	C:\WINDOWS\SYSTEM32\dhcpcsvc.DLL
0x00007ffb665e0000 - 0x00007ffb666ab000 	C:\WINDOWS\SYSTEM32\DNSAPI.dll
0x00007ffb61450000 - 0x00007ffb61458000 	C:\Program Files\Android\Android Studio\jre\bin\rmi.dll
0x00007ffb2a380000 - 0x00007ffb2a397000 	C:\WINDOWS\system32\napinsp.dll
0x00007ffb2a670000 - 0x00007ffb2a68b000 	C:\WINDOWS\system32\pnrpnsp.dll
0x00007ffb62390000 - 0x00007ffb623a5000 	C:\WINDOWS\system32\wshbth.dll
0x00007ffb620e0000 - 0x00007ffb620fd000 	C:\WINDOWS\system32\NLAapi.dll
0x00007ffb2ccd0000 - 0x00007ffb2cce2000 	C:\WINDOWS\System32\winrnr.dll
0x00007ffb60770000 - 0x00007ffb6077a000 	C:\Windows\System32\rasadhlp.dll
0x00007ffb5e440000 - 0x00007ffb5e4bf000 	C:\WINDOWS\System32\fwpuclnt.dll

dbghelp: loaded successfully - version: 4.0.5 - missing functions: none
symbol engine: initialized successfully - sym options: 0x614 - pdb path: .;C:\Program Files\Android\Android Studio\jre\bin;C:\WINDOWS\SYSTEM32;C:\WINDOWS\WinSxS\amd64_microsoft.windows.common-controls_6595b64144ccf1df_6.0.19041.1110_none_60b5254171f9507e;C:\Program Files\Android\Android Studio\jre\bin\server;C:\Users\migue\.gradle\native\8bec1ad78214c89d9ad589b4d07fe93259594b29d510b10fafb7a158f7737e5d\windows-amd64;C:\Users\migue\.gradle\native\53dbd7edfb1c66fb8903c78663c9afc45aea4f116125fa6feffd364cf09443e8\windows-amd64

VM Arguments:
jvm_args: --add-opens=java.base/java.util=ALL-UNNAMED --add-opens=java.base/java.lang=ALL-UNNAMED --add-opens=java.base/java.lang.invoke=ALL-UNNAMED --add-opens=java.base/java.util=ALL-UNNAMED --add-opens=java.prefs/java.util.prefs=ALL-UNNAMED --add-opens=java.prefs/java.util.prefs=ALL-UNNAMED --add-opens=java.base/java.nio.charset=ALL-UNNAMED --add-opens=java.base/java.net=ALL-UNNAMED --add-opens=java.base/java.util.concurrent.atomic=ALL-UNNAMED -Xmx1536m -Dfile.encoding=windows-1252 -Duser.country=ES -Duser.language=es -Duser.variant 
java_command: org.gradle.launcher.daemon.bootstrap.GradleDaemon 7.0.2
java_class_path (initial): C:\Users\migue\.gradle\wrapper\dists\gradle-7.0.2-all\7era6s5ay7zsbhuvl0oc9g94s\gradle-7.0.2\lib\gradle-launcher-7.0.2.jar
Launcher Type: SUN_STANDARD

[Global flags]
     intx CICompilerCount                          = 4                                         {product} {ergonomic}
     uint ConcGCThreads                            = 2                                         {product} {ergonomic}
     uint G1ConcRefinementThreads                  = 8                                         {product} {ergonomic}
   size_t G1HeapRegionSize                         = 1048576                                   {product} {ergonomic}
    uintx GCDrainStackTargetSize                   = 64                                        {product} {ergonomic}
   size_t InitialHeapSize                          = 132120576                                 {product} {ergonomic}
   size_t MarkStackSize                            = 4194304                                   {product} {ergonomic}
   size_t MaxHeapSize                              = 1610612736                                {product} {command line}
   size_t MaxNewSize                               = 965738496                                 {product} {ergonomic}
   size_t MinHeapDeltaBytes                        = 1048576                                   {product} {ergonomic}
    uintx NonNMethodCodeHeapSize                   = 5836300                                {pd product} {ergonomic}
    uintx NonProfiledCodeHeapSize                  = 122910970                              {pd product} {ergonomic}
    uintx ProfiledCodeHeapSize                     = 122910970                              {pd product} {ergonomic}
    uintx ReservedCodeCacheSize                    = 251658240                              {pd product} {ergonomic}
     bool SegmentedCodeCache                       = true                                      {product} {ergonomic}
     bool UseCompressedClassPointers               = true                                 {lp64_product} {ergonomic}
     bool UseCompressedOops                        = true                                 {lp64_product} {ergonomic}
     bool UseG1GC                                  = true                                      {product} {ergonomic}
     bool UseLargePagesIndividualAllocation        = false                                  {pd product} {ergonomic}

Logging:
Log output configuration:
 #0: stdout all=warning uptime,level,tags
 #1: stderr all=off uptime,level,tags

Environment Variables:
PATH=C:\Program Files\Common Files\Oracle\Java\javapath;C:\windows\system32;C:\windows;C:\windows\System32\Wbem;C:\windows\System32\WindowsPowerShell\v1.0\;C:\windows\System32\OpenSSH\;C:\Program Files (x86)\NVIDIA Corporation\PhysX\Common;C:\Program Files\NVIDIA Corporation\NVIDIA NvDLISR;C:\Program Files\Microsoft SQL Server\130\Tools\Binn\;C:\Program Files\Microsoft SQL Server\Client SDK\ODBC\170\Tools\Binn\;C:\Program Files\dotnet\;C:\PHP;C:\WINDOWS\system32;C:\WINDOWS;C:\WINDOWS\System32\Wbem;C:\WINDOWS\System32\WindowsPowerShell\v1.0\;C:\WINDOWS\System32\OpenSSH\;C:\Program Files\Git\cmd;C:\Program Files\Java\jdk-17.0.1\bin;C:\Users\migue\AppData\Local\Programs\Python\Python38-32\Scripts\;C:\Users\migue\AppData\Local\Programs\Python\Python38-32\;C:\Users\migue\AppData\Local\Microsoft\WindowsApps;C:\Users\migue\AppData\Local\Programs\Microsoft VS Code\bin;C:\Users\migue\.dotnet\tools;C:\Users\migue\AppData\Local\atom\bin;C:\Users\migue\.dotnet\tools;C:\Users\migue\AppData\Local\Microsoft\WindowsApps;
USERNAME=migue
OS=Windows_NT
PROCESSOR_IDENTIFIER=Intel64 Family 6 Model 142 Stepping 12, GenuineIntel



---------------  S Y S T E M  ---------------

OS: Windows 10 , 64 bit Build 19041 (10.0.19041.1503)
OS uptime: 11 days 20:40 hours

CPU:total 8 (initial active 8) (4 cores per cpu, 2 threads per core) family 6 model 142 stepping 12 microcode 0xde, cmov, cx8, fxsr, mmx, sse, sse2, sse3, ssse3, sse4.1, sse4.2, popcnt, avx, avx2, aes, clmul, erms, 3dnowpref, lzcnt, ht, tsc, tscinvbit, bmi1, bmi2, adx, fma

Memory: 4k page, system-wide physical 7977M (349M free)
TotalPageFile size 32553M (AvailPageFile size 49M)
current process WorkingSet (physical memory assigned to process): 530M, peak: 541M
current process commit charge ("private bytes"): 729M, peak: 787M

vm_info: OpenJDK 64-Bit Server VM (11.0.10+0-b96-7249189) for windows-amd64 JRE (11.0.10+0-b96-7249189), built on Mar 31 2021 21:44:00 by "builder" with MS VC++ 14.0 (VS2015)

END.
