#
# There is insufficient memory for the Java Runtime Environment to continue.
# Native memory allocation (mmap) failed to map 328204288 bytes for Failed to commit area from 0x00000000b1a00000 to 0x00000000c5300000 of length 328204288.
# Possible reasons:
#   The system is out of physical RAM or swap space
#   The process is running with CompressedOops enabled, and the Java Heap may be blocking the growth of the native heap
# Possible solutions:
#   Reduce memory load on the system
#   Increase physical memory or swap space
#   Check if swap backing store is full
#   Decrease Java heap size (-Xmx/-Xms)
#   Decrease number of Java threads
#   Decrease Java thread stack sizes (-Xss)
#   Set larger code cache with -XX:ReservedCodeCacheSize=
#   JVM is running with Unscaled Compressed Oops mode in which the Java heap is
#     placed in the first 4GB address space. The Java Heap base address is the
#     maximum limit for the native heap growth. Please use -XX:HeapBaseMinAddress
#     to set the Java Heap base and to place the Java Heap above 4GB virtual address.
# This output file may be truncated or incomplete.
#
#  Out of Memory Error (./src/hotspot/os/windows/os_windows.cpp:3301), pid=29060, tid=32996
#
# JRE version: OpenJDK Runtime Environment (11.0.10) (build 11.0.10+0-b96-7249189)
# Java VM: OpenJDK 64-Bit Server VM (11.0.10+0-b96-7249189, mixed mode, tiered, compressed oops, g1 gc, windows-amd64)
# No core dump will be written. Minidumps are not enabled by default on client versions of Windows
#

---------------  S U M M A R Y ------------

Command Line: --add-opens=java.base/java.util=ALL-UNNAMED --add-opens=java.base/java.lang=ALL-UNNAMED --add-opens=java.base/java.lang.invoke=ALL-UNNAMED --add-opens=java.base/java.util=ALL-UNNAMED --add-opens=java.prefs/java.util.prefs=ALL-UNNAMED --add-opens=java.prefs/java.util.prefs=ALL-UNNAMED --add-opens=java.base/java.nio.charset=ALL-UNNAMED --add-opens=java.base/java.net=ALL-UNNAMED --add-opens=java.base/java.util.concurrent.atomic=ALL-UNNAMED -Xmx1536m -Dfile.encoding=windows-1252 -Duser.country=ES -Duser.language=es -Duser.variant org.gradle.launcher.daemon.bootstrap.GradleDaemon 7.0.2

Host: Intel(R) Core(TM) i5-10210U CPU @ 1.60GHz, 8 cores, 7G,  Windows 10 , 64 bit Build 19041 (10.0.19041.1503)
Time: Wed Feb 23 02:24:11 2022 Hora estándar del Centro elapsed time: 64.116536 seconds (0d 0h 1m 4s)

---------------  T H R E A D  ---------------

Current thread (0x0000024cb33e1800):  VMThread "VM Thread" [stack: 0x0000007b8d700000,0x0000007b8d800000] [id=32996]

Stack: [0x0000007b8d700000,0x0000007b8d800000]
[error occurred during error reporting (printing stack bounds), id 0xc0000005, EXCEPTION_ACCESS_VIOLATION (0xc0000005) at pc=0x0000024c9d5d0f2d]

Native frames: (J=compiled Java code, j=interpreted, Vv=VM code, C=native code)
V  [jvm.dll+0x5ecfaa]
V  [jvm.dll+0x722bd5]
V  [jvm.dll+0x72412d]
V  [jvm.dll+0x724745]
V  [jvm.dll+0x7246fb]
V  [jvm.dll+0x5ec348]
V  [jvm.dll+0x5ecad8]
C  [ntdll.dll+0xa20cf]
C  [ntdll.dll+0x51454]
C  [ntdll.dll+0xa0bfe]
C  0x0000024c9d5d0f2d

VM_Operation (0x0000007b8fefddb0): G1CollectForAllocation, mode: safepoint, requested by thread 0x0000024cb508d800


---------------  P R O C E S S  ---------------

Threads class SMR info:
_java_thread_list=0x0000024cbb3bad90, length=76, elements={
0x0000024c9830c000, 0x0000024cb3404000, 0x0000024cb3407000, 0x0000024cb3dc4000,
0x0000024cb3dc6000, 0x0000024cb3dc7000, 0x0000024cb3dd2800, 0x0000024cb342a000,
0x0000024cb343f000, 0x0000024cb3f2a000, 0x0000024cb643d800, 0x0000024cb66ac800,
0x0000024cb66ad000, 0x0000024cb66aa800, 0x0000024cb66aa000, 0x0000024cb66ab800,
0x0000024cb66ae000, 0x0000024cb66a8000, 0x0000024cb66ae800, 0x0000024cb66a9000,
0x0000024cb57ec000, 0x0000024cb57ea800, 0x0000024cb57eb000, 0x0000024cb57e9800,
0x0000024cb57e8800, 0x0000024cb57ed000, 0x0000024cb57ed800, 0x0000024cb57e8000,
0x0000024cb57ee800, 0x0000024cb5070800, 0x0000024cb5073000, 0x0000024cb5070000,
0x0000024cb5076800, 0x0000024cb5089800, 0x0000024cb508c800, 0x0000024cb508e800,
0x0000024cb508d800, 0x0000024cb508c000, 0x0000024cb5090000, 0x0000024cb508a800,
0x0000024cb5091000, 0x0000024cb508b000, 0x0000024cb5096800, 0x0000024cb5091800,
0x0000024cb5095800, 0x0000024cb5092800, 0x0000024cb5093000, 0x0000024cb5094000,
0x0000024cb5095000, 0x0000024cb5097800, 0x0000024cb5098000, 0x0000024cba0dc800,
0x0000024cba0dd000, 0x0000024cba0df000, 0x0000024cba0de000, 0x0000024cba0d9000,
0x0000024cba0df800, 0x0000024cba0db800, 0x0000024cba0da000, 0x0000024cba0e0800,
0x0000024cba0db000, 0x0000024cba0e5800, 0x0000024cba0e6000, 0x0000024cba0e7000,
0x0000024cba0e3000, 0x0000024cba0e4000, 0x0000024cba0e1800, 0x0000024cba0e2000,
0x0000024cb4728000, 0x0000024cb472c000, 0x0000024cb4727000, 0x0000024cb4729800,
0x0000024cb472a800, 0x0000024cb472e800, 0x0000024cb472b800, 0x0000024cb4729000
}

Java Threads: ( => current thread )
  0x0000024c9830c000 JavaThread "main" [_thread_blocked, id=21484, stack(0x0000007b8d100000,0x0000007b8d200000)]
  0x0000024cb3404000 JavaThread "Reference Handler" daemon [_thread_blocked, id=25160, stack(0x0000007b8d800000,0x0000007b8d900000)]
  0x0000024cb3407000 JavaThread "Finalizer" daemon [_thread_blocked, id=28756, stack(0x0000007b8d900000,0x0000007b8da00000)]
  0x0000024cb3dc4000 JavaThread "Signal Dispatcher" daemon [_thread_blocked, id=2840, stack(0x0000007b8da00000,0x0000007b8db00000)]
  0x0000024cb3dc6000 JavaThread "Attach Listener" daemon [_thread_blocked, id=32156, stack(0x0000007b8db00000,0x0000007b8dc00000)]
  0x0000024cb3dc7000 JavaThread "Service Thread" daemon [_thread_blocked, id=10048, stack(0x0000007b8dc00000,0x0000007b8dd00000)]
  0x0000024cb3dd2800 JavaThread "C2 CompilerThread0" daemon [_thread_blocked, id=31568, stack(0x0000007b8dd00000,0x0000007b8de00000)]
  0x0000024cb342a000 JavaThread "C1 CompilerThread0" daemon [_thread_blocked, id=28324, stack(0x0000007b8de00000,0x0000007b8df00000)]
  0x0000024cb343f000 JavaThread "Sweeper thread" daemon [_thread_blocked, id=24068, stack(0x0000007b8df00000,0x0000007b8e000000)]
  0x0000024cb3f2a000 JavaThread "Common-Cleaner" daemon [_thread_blocked, id=15572, stack(0x0000007b8e000000,0x0000007b8e100000)]
  0x0000024cb643d800 JavaThread "Daemon health stats" [_thread_blocked, id=32644, stack(0x0000007b8e600000,0x0000007b8e700000)]
  0x0000024cb66ac800 JavaThread "Incoming local TCP Connector on port 57704" [_thread_in_native, id=14000, stack(0x0000007b8e200000,0x0000007b8e300000)]
  0x0000024cb66ad000 JavaThread "Daemon periodic checks" [_thread_blocked, id=28896, stack(0x0000007b8e500000,0x0000007b8e600000)]
  0x0000024cb66aa800 JavaThread "Daemon" [_thread_blocked, id=1932, stack(0x0000007b8e700000,0x0000007b8e800000)]
  0x0000024cb66aa000 JavaThread "Handler for socket connection from /127.0.0.1:57704 to /127.0.0.1:57705" [_thread_in_native, id=2964, stack(0x0000007b8e800000,0x0000007b8e900000)]
  0x0000024cb66ab800 JavaThread "Cancel handler" [_thread_blocked, id=25820, stack(0x0000007b8e900000,0x0000007b8ea00000)]
  0x0000024cb66ae000 JavaThread "Daemon worker" [_thread_blocked, id=33776, stack(0x0000007b8ea00000,0x0000007b8eb00000)]
  0x0000024cb66a8000 JavaThread "Asynchronous log dispatcher for DefaultDaemonConnection: socket connection from /127.0.0.1:57704 to /127.0.0.1:57705" [_thread_blocked, id=22824, stack(0x0000007b8eb00000,0x0000007b8ec00000)]
  0x0000024cb66ae800 JavaThread "Stdin handler" [_thread_blocked, id=572, stack(0x0000007b8ec00000,0x0000007b8ed00000)]
  0x0000024cb66a9000 JavaThread "Daemon client event forwarder" [_thread_blocked, id=32600, stack(0x0000007b8ed00000,0x0000007b8ee00000)]
  0x0000024cb57ec000 JavaThread "Cache worker for file hash cache (C:\Users\migue\.gradle\caches\7.0.2\fileHashes)" [_thread_blocked, id=32628, stack(0x0000007b8f300000,0x0000007b8f400000)]
  0x0000024cb57ea800 JavaThread "File lock request listener" [_thread_in_native, id=19912, stack(0x0000007b8f400000,0x0000007b8f500000)]
  0x0000024cb57eb000 JavaThread "Cache worker for journal cache (C:\Users\migue\.gradle\caches\journal-1)" [_thread_blocked, id=17060, stack(0x0000007b8f600000,0x0000007b8f700000)]
  0x0000024cb57e9800 JavaThread "Cache worker for file hash cache (C:\Users\migue\AndroidStudioProjects\MiguelD330\GuessTheWord\.gradle\7.0.2\fileHashes)" [_thread_blocked, id=31420, stack(0x0000007b8f800000,0x0000007b8f900000)]
  0x0000024cb57e8800 JavaThread "File watcher server" daemon [_thread_blocked, id=27584, stack(0x0000007b8f900000,0x0000007b8fa00000)]
  0x0000024cb57ed000 JavaThread "File watcher consumer" daemon [_thread_blocked, id=34412, stack(0x0000007b8fa00000,0x0000007b8fb00000)]
  0x0000024cb57ed800 JavaThread "Cache worker for checksums cache (C:\Users\migue\AndroidStudioProjects\MiguelD330\GuessTheWord\.gradle\checksums)" [_thread_blocked, id=12636, stack(0x0000007b8fb00000,0x0000007b8fc00000)]
  0x0000024cb57e8000 JavaThread "Cache worker for cache directory md-supplier (C:\Users\migue\.gradle\caches\7.0.2\md-supplier)" [_thread_blocked, id=14276, stack(0x0000007b8fc00000,0x0000007b8fd00000)]
  0x0000024cb57ee800 JavaThread "Cache worker for cache directory md-rule (C:\Users\migue\.gradle\caches\7.0.2\md-rule)" [_thread_blocked, id=9020, stack(0x0000007b8fd00000,0x0000007b8fe00000)]
  0x0000024cb5070800 JavaThread "Cache worker for execution history cache (C:\Users\migue\.gradle\caches\7.0.2\executionHistory)" [_thread_blocked, id=29168, stack(0x0000007b8ff00000,0x0000007b90000000)]
  0x0000024cb5073000 JavaThread "jar transforms" [_thread_blocked, id=12272, stack(0x0000007b90000000,0x0000007b90100000)]
  0x0000024cb5070000 JavaThread "jar transforms Thread 2" [_thread_blocked, id=32240, stack(0x0000007b90100000,0x0000007b90200000)]
  0x0000024cb5076800 JavaThread "Cache worker for file content cache (C:\Users\migue\.gradle\caches\7.0.2\fileContent)" [_thread_blocked, id=30276, stack(0x0000007b90200000,0x0000007b90300000)]
  0x0000024cb5089800 JavaThread "Cache worker for dependencies-accessors (C:\Users\migue\AndroidStudioProjects\MiguelD330\GuessTheWord\.gradle\7.0.2\dependencies-accessors)" [_thread_blocked, id=4044, stack(0x0000007b90300000,0x0000007b90400000)]
  0x0000024cb508c800 JavaThread "jar transforms Thread 3" [_thread_blocked, id=21616, stack(0x0000007b90400000,0x0000007b90500000)]
  0x0000024cb508e800 JavaThread "Cache worker for Build Output Cleanup Cache (C:\Users\migue\AndroidStudioProjects\MiguelD330\GuessTheWord\.gradle\buildOutputCleanup)" [_thread_blocked, id=29700, stack(0x0000007b90500000,0x0000007b90600000)]
  0x0000024cb508d800 JavaThread "Build operations" [_thread_blocked, id=34128, stack(0x0000007b8fe00000,0x0000007b8ff00000)]
  0x0000024cb508c000 JavaThread "Build operations Thread 2" [_thread_blocked, id=26372, stack(0x0000007b90600000,0x0000007b90700000)]
  0x0000024cb5090000 JavaThread "Build operations Thread 3" [_thread_blocked, id=28648, stack(0x0000007b90700000,0x0000007b90800000)]
  0x0000024cb508a800 JavaThread "Build operations Thread 4" [_thread_blocked, id=25308, stack(0x0000007b90800000,0x0000007b90900000)]
  0x0000024cb5091000 JavaThread "Build operations Thread 5" [_thread_blocked, id=29460, stack(0x0000007b90900000,0x0000007b90a00000)]
  0x0000024cb508b000 JavaThread "Build operations Thread 6" [_thread_blocked, id=26676, stack(0x0000007b90a00000,0x0000007b90b00000)]
  0x0000024cb5096800 JavaThread "Build operations Thread 7" [_thread_blocked, id=8580, stack(0x0000007b90b00000,0x0000007b90c00000)]
  0x0000024cb5091800 JavaThread "Build operations Thread 8" [_thread_blocked, id=34668, stack(0x0000007b90c00000,0x0000007b90d00000)]
  0x0000024cb5095800 JavaThread "jar transforms Thread 4" [_thread_blocked, id=21388, stack(0x0000007b90d00000,0x0000007b90e00000)]
  0x0000024cb5092800 JavaThread "jar transforms Thread 5" [_thread_blocked, id=31860, stack(0x0000007b90e00000,0x0000007b90f00000)]
  0x0000024cb5093000 JavaThread "jar transforms Thread 6" [_thread_blocked, id=4732, stack(0x0000007b90f00000,0x0000007b91000000)]
  0x0000024cb5094000 JavaThread "jar transforms Thread 7" [_thread_blocked, id=24356, stack(0x0000007b91000000,0x0000007b91100000)]
  0x0000024cb5095000 JavaThread "jar transforms Thread 8" [_thread_blocked, id=27024, stack(0x0000007b91100000,0x0000007b91200000)]
  0x0000024cb5097800 JavaThread "Memory manager" [_thread_blocked, id=27516, stack(0x0000007b8f700000,0x0000007b8f800000)]
  0x0000024cb5098000 JavaThread "build event listener" [_thread_blocked, id=29364, stack(0x0000007b91200000,0x0000007b91300000)]
  0x0000024cba0dc800 JavaThread "build event listener" [_thread_blocked, id=22584, stack(0x0000007b91300000,0x0000007b91400000)]
  0x0000024cba0dd000 JavaThread "Execution worker for ':'" [_thread_blocked, id=768, stack(0x0000007b91400000,0x0000007b91500000)]
  0x0000024cba0df000 JavaThread "Execution worker for ':' Thread 2" [_thread_blocked, id=31728, stack(0x0000007b91500000,0x0000007b91600000)]
  0x0000024cba0de000 JavaThread "Execution worker for ':' Thread 3" [_thread_blocked, id=28768, stack(0x0000007b91600000,0x0000007b91700000)]
  0x0000024cba0d9000 JavaThread "Execution worker for ':' Thread 4" [_thread_blocked, id=30184, stack(0x0000007b91700000,0x0000007b91800000)]
  0x0000024cba0df800 JavaThread "Execution worker for ':' Thread 5" [_thread_blocked, id=34160, stack(0x0000007b91800000,0x0000007b91900000)]
  0x0000024cba0db800 JavaThread "Execution worker for ':' Thread 6" [_thread_blocked, id=18648, stack(0x0000007b91900000,0x0000007b91a00000)]
  0x0000024cba0da000 JavaThread "Execution worker for ':' Thread 7" [_thread_blocked, id=32092, stack(0x0000007b91a00000,0x0000007b91b00000)]
  0x0000024cba0e0800 JavaThread "Cache worker for execution history cache (C:\Users\migue\AndroidStudioProjects\MiguelD330\GuessTheWord\.gradle\7.0.2\executionHistory)" [_thread_blocked, id=19496, stack(0x0000007b91b00000,0x0000007b91c00000)]
  0x0000024cba0db000 JavaThread "WorkerExecutor Queue" [_thread_blocked, id=25060, stack(0x0000007b91c00000,0x0000007b91d00000)]
  0x0000024cba0e5800 JavaThread "WorkerExecutor Queue Thread 2" [_thread_blocked, id=29032, stack(0x0000007b91d00000,0x0000007b91e00000)]
  0x0000024cba0e6000 JavaThread "WorkerExecutor Queue Thread 3" [_thread_blocked, id=9932, stack(0x0000007b91e00000,0x0000007b91f00000)]
  0x0000024cba0e7000 JavaThread "pool-3-thread-1" [_thread_blocked, id=30960, stack(0x0000007b91f00000,0x0000007b92000000)]
  0x0000024cba0e3000 JavaThread "stderr" [_thread_in_native, id=2100, stack(0x0000007b92000000,0x0000007b92100000)]
  0x0000024cba0e4000 JavaThread "stdout" [_thread_in_native, id=23008, stack(0x0000007b92100000,0x0000007b92200000)]
  0x0000024cba0e1800 JavaThread "RMI Scheduler(0)" daemon [_thread_blocked, id=8708, stack(0x0000007b92400000,0x0000007b92500000)]
  0x0000024cba0e2000 JavaThread "RMI GC Daemon" daemon [_thread_blocked, id=21928, stack(0x0000007b92600000,0x0000007b92700000)]
  0x0000024cb4728000 JavaThread "RMI TCP Accept-0" daemon [_thread_in_native, id=26172, stack(0x0000007b92700000,0x0000007b92800000)]
  0x0000024cb472c000 JavaThread "RMI Reaper" [_thread_blocked, id=9600, stack(0x0000007b92800000,0x0000007b92900000)]
  0x0000024cb4727000 JavaThread "RMI TCP Connection(1)-127.0.0.1" daemon [_thread_in_native, id=6764, stack(0x0000007b92900000,0x0000007b92a00000)]
  0x0000024cb4729800 JavaThread "WorkerExecutor Queue Thread 4" [_thread_blocked, id=32888, stack(0x0000007b92500000,0x0000007b92600000)]
  0x0000024cb472a800 JavaThread "RMI RenewClean-[127.0.0.1:17132,org.jetbrains.kotlin.daemon.common.LoopbackNetworkInterface$ClientLoopbackSocketFactory@7516ecd2]" daemon [_thread_blocked, id=30436, stack(0x0000007b92b00000,0x0000007b92c00000)]
  0x0000024cb472e800 JavaThread "RMI TCP Connection(2)-127.0.0.1" daemon [_thread_in_native, id=30852, stack(0x0000007b92c00000,0x0000007b92d00000)]
  0x0000024cb472b800 JavaThread "Cache worker for Java compile cache (C:\Users\migue\.gradle\caches\7.0.2\javaCompile)" [_thread_blocked, id=23660, stack(0x0000007b8ce00000,0x0000007b8cf00000)]
  0x0000024cb4729000 JavaThread "Cache worker for Java compile cache (C:\Users\migue\AndroidStudioProjects\MiguelD330\GuessTheWord\.gradle\7.0.2\javaCompile)" [_thread_blocked, id=17188, stack(0x0000007b8cf00000,0x0000007b8d000000)]

Other Threads:
=>0x0000024cb33e1800 VMThread "VM Thread" [stack: 0x0000007b8d700000,0x0000007b8d800000] [id=32996]
  0x0000024cb3f76000 WatcherThread [stack: 0x0000007b8e100000,0x0000007b8e200000] [id=34636]
  0x0000024c98325000 GCTaskThread "GC Thread#0" [stack: 0x0000007b8d200000,0x0000007b8d300000] [id=29252]
  0x0000024cb4de4000 GCTaskThread "GC Thread#1" [stack: 0x0000007b8e300000,0x0000007b8e400000] [id=29280]
  0x0000024cb4abd800 GCTaskThread "GC Thread#2" [stack: 0x0000007b8e400000,0x0000007b8e500000] [id=32460]
  0x0000024cb6d45800 GCTaskThread "GC Thread#3" [stack: 0x0000007b8ee00000,0x0000007b8ef00000] [id=32548]
  0x0000024cb56c9000 GCTaskThread "GC Thread#4" [stack: 0x0000007b8ef00000,0x0000007b8f000000] [id=21912]
  0x0000024cb4d9c000 GCTaskThread "GC Thread#5" [stack: 0x0000007b8f000000,0x0000007b8f100000] [id=26160]
  0x0000024cb51fa800 GCTaskThread "GC Thread#6" [stack: 0x0000007b8f100000,0x0000007b8f200000] [id=32552]
  0x0000024cb4a65000 GCTaskThread "GC Thread#7" [stack: 0x0000007b8f200000,0x0000007b8f300000] [id=32080]
  0x0000024c9834e800 ConcurrentGCThread "G1 Main Marker" [stack: 0x0000007b8d300000,0x0000007b8d400000] [id=34624]
  0x0000024c9834f800 ConcurrentGCThread "G1 Conc#0" [stack: 0x0000007b8d400000,0x0000007b8d500000] [id=26756]
  0x0000024cb6e35000 ConcurrentGCThread "G1 Conc#1" [stack: 0x0000007b8f500000,0x0000007b8f600000] [id=11540]
  0x0000024c983ed000 ConcurrentGCThread "G1 Refine#0" [stack: 0x0000007b8d500000,0x0000007b8d600000] [id=18180]
  0x0000024cba229000 ConcurrentGCThread "G1 Refine#1" [stack: 0x0000007b92a00000,0x0000007b92b00000] [id=17108]
  0x0000024c983ee000 ConcurrentGCThread "G1 Young RemSet Sampling" [stack: 0x0000007b8d600000,0x0000007b8d700000] [id=24248]

Threads with active compile tasks:
C2 CompilerThread0  64155 15536       4       org.gradle.api.internal.cache.StringInterner::intern (20 bytes)
C1 CompilerThread0  64155 15568       3       com.google.common.collect.ImmutableSet::construct (252 bytes)

VM state:at safepoint (normal execution)

VM Mutex/Monitor currently owned by a thread:  ([mutex/lock_event])
[0x0000024c982fbb80] Threads_lock - owner thread: 0x0000024cb33e1800
[0x0000024c9830a3d0] Heap_lock - owner thread: 0x0000024cb508d800

Heap address: 0x00000000a0000000, size: 1536 MB, Compressed Oops mode: 32-bit
Narrow klass base: 0x0000000000000000, Narrow klass shift: 3
Compressed class space size: 1073741824 Address: 0x0000000100000000

Heap:
 garbage-first heap   total 609280K, used 219700K [0x00000000a0000000, 0x0000000100000000)
  region size 1024K, 2 young (2048K), 2 survivors (2048K)
 Metaspace       used 121890K, capacity 124591K, committed 124748K, reserved 1157120K
  class space    used 15151K, capacity 16204K, committed 16204K, reserved 1048576K
Heap Regions: E=young(eden), S=young(survivor), O=old, HS=humongous(starts), HC=humongous(continues), CS=collection set, F=free, A=archive, TAMS=top-at-mark-start (previous, next)
|   0|0x00000000a0000000, 0x00000000a0100000, 0x00000000a0100000|100%| O|  |TAMS 0x00000000a0100000, 0x00000000a0000000| Untracked 
|   1|0x00000000a0100000, 0x00000000a0200000, 0x00000000a0200000|100%| O|  |TAMS 0x00000000a0200000, 0x00000000a0100000| Untracked 
|   2|0x00000000a0200000, 0x00000000a0300000, 0x00000000a0300000|100%| O|  |TAMS 0x00000000a0300000, 0x00000000a0200000| Untracked 
|   3|0x00000000a0300000, 0x00000000a0400000, 0x00000000a0400000|100%|HS|  |TAMS 0x00000000a0400000, 0x00000000a0300000| Complete 
|   4|0x00000000a0400000, 0x00000000a0500000, 0x00000000a0500000|100%|HC|  |TAMS 0x00000000a0500000, 0x00000000a0400000| Complete 
|   5|0x00000000a0500000, 0x00000000a0600000, 0x00000000a0600000|100%|HC|  |TAMS 0x00000000a0600000, 0x00000000a0500000| Complete 
|   6|0x00000000a0600000, 0x00000000a0700000, 0x00000000a0700000|100%| O|  |TAMS 0x00000000a0700000, 0x00000000a0600000| Untracked 
|   7|0x00000000a0700000, 0x00000000a0800000, 0x00000000a0800000|100%| O|  |TAMS 0x00000000a0800000, 0x00000000a0700000| Untracked 
|   8|0x00000000a0800000, 0x00000000a0900000, 0x00000000a0900000|100%| O|  |TAMS 0x00000000a0900000, 0x00000000a0800000| Untracked 
|   9|0x00000000a0900000, 0x00000000a0a00000, 0x00000000a0a00000|100%| O|  |TAMS 0x00000000a0a00000, 0x00000000a0900000| Untracked 
|  10|0x00000000a0a00000, 0x00000000a0b00000, 0x00000000a0b00000|100%| O|  |TAMS 0x00000000a0b00000, 0x00000000a0a00000| Untracked 
|  11|0x00000000a0b00000, 0x00000000a0c00000, 0x00000000a0c00000|100%| O|  |TAMS 0x00000000a0c00000, 0x00000000a0b00000| Untracked 
|  12|0x00000000a0c00000, 0x00000000a0d00000, 0x00000000a0d00000|100%| O|  |TAMS 0x00000000a0d00000, 0x00000000a0c00000| Untracked 
|  13|0x00000000a0d00000, 0x00000000a0e00000, 0x00000000a0e00000|100%| O|  |TAMS 0x00000000a0e00000, 0x00000000a0d00000| Untracked 
|  14|0x00000000a0e00000, 0x00000000a0f00000, 0x00000000a0f00000|100%| O|  |TAMS 0x00000000a0f00000, 0x00000000a0e00000| Untracked 
|  15|0x00000000a0f00000, 0x00000000a1000000, 0x00000000a1000000|100%| O|  |TAMS 0x00000000a1000000, 0x00000000a0f00000| Untracked 
|  16|0x00000000a1000000, 0x00000000a1100000, 0x00000000a1100000|100%|HS|  |TAMS 0x00000000a1100000, 0x00000000a1000000| Complete 
|  17|0x00000000a1100000, 0x00000000a1200000, 0x00000000a1200000|100%| O|  |TAMS 0x00000000a1200000, 0x00000000a1100000| Untracked 
|  18|0x00000000a1200000, 0x00000000a1300000, 0x00000000a1300000|100%| O|  |TAMS 0x00000000a1300000, 0x00000000a1200000| Untracked 
|  19|0x00000000a1300000, 0x00000000a1400000, 0x00000000a1400000|100%| O|  |TAMS 0x00000000a1400000, 0x00000000a1300000| Untracked 
|  20|0x00000000a1400000, 0x00000000a1500000, 0x00000000a1500000|100%| O|  |TAMS 0x00000000a1500000, 0x00000000a1400000| Untracked 
|  21|0x00000000a1500000, 0x00000000a1600000, 0x00000000a1600000|100%| O|  |TAMS 0x00000000a1600000, 0x00000000a1500000| Untracked 
|  22|0x00000000a1600000, 0x00000000a1700000, 0x00000000a1700000|100%| O|  |TAMS 0x00000000a1700000, 0x00000000a1600000| Untracked 
|  23|0x00000000a1700000, 0x00000000a1800000, 0x00000000a1800000|100%|HS|  |TAMS 0x00000000a1800000, 0x00000000a1700000| Complete 
|  24|0x00000000a1800000, 0x00000000a1900000, 0x00000000a1900000|100%|HS|  |TAMS 0x00000000a1900000, 0x00000000a1800000| Complete 
|  25|0x00000000a1900000, 0x00000000a1a00000, 0x00000000a1a00000|100%|HS|  |TAMS 0x00000000a1a00000, 0x00000000a1900000| Complete 
|  26|0x00000000a1a00000, 0x00000000a1b00000, 0x00000000a1b00000|100%|HC|  |TAMS 0x00000000a1b00000, 0x00000000a1a00000| Complete 
|  27|0x00000000a1b00000, 0x00000000a1c00000, 0x00000000a1c00000|100%|HC|  |TAMS 0x00000000a1c00000, 0x00000000a1b00000| Complete 
|  28|0x00000000a1c00000, 0x00000000a1d00000, 0x00000000a1d00000|100%|HS|  |TAMS 0x00000000a1d00000, 0x00000000a1c00000| Complete 
|  29|0x00000000a1d00000, 0x00000000a1e00000, 0x00000000a1e00000|100%|HC|  |TAMS 0x00000000a1e00000, 0x00000000a1d00000| Complete 
|  30|0x00000000a1e00000, 0x00000000a1f00000, 0x00000000a1f00000|100%| O|  |TAMS 0x00000000a1f00000, 0x00000000a1e00000| Untracked 
|  31|0x00000000a1f00000, 0x00000000a2000000, 0x00000000a2000000|100%| O|  |TAMS 0x00000000a2000000, 0x00000000a1f00000| Untracked 
|  32|0x00000000a2000000, 0x00000000a2100000, 0x00000000a2100000|100%| O|  |TAMS 0x00000000a2100000, 0x00000000a2000000| Untracked 
|  33|0x00000000a2100000, 0x00000000a2200000, 0x00000000a2200000|100%| O|  |TAMS 0x00000000a2200000, 0x00000000a2100000| Untracked 
|  34|0x00000000a2200000, 0x00000000a2300000, 0x00000000a2300000|100%| O|  |TAMS 0x00000000a2300000, 0x00000000a2200000| Untracked 
|  35|0x00000000a2300000, 0x00000000a2400000, 0x00000000a2400000|100%| O|  |TAMS 0x00000000a2400000, 0x00000000a2300000| Untracked 
|  36|0x00000000a2400000, 0x00000000a2500000, 0x00000000a2500000|100%| O|  |TAMS 0x00000000a2500000, 0x00000000a2400000| Untracked 
|  37|0x00000000a2500000, 0x00000000a2600000, 0x00000000a2600000|100%| O|  |TAMS 0x00000000a2600000, 0x00000000a2500000| Untracked 
|  38|0x00000000a2600000, 0x00000000a2700000, 0x00000000a2700000|100%| O|  |TAMS 0x00000000a2700000, 0x00000000a2600000| Untracked 
|  39|0x00000000a2700000, 0x00000000a2800000, 0x00000000a2800000|100%| O|  |TAMS 0x00000000a2800000, 0x00000000a2700000| Untracked 
|  40|0x00000000a2800000, 0x00000000a2900000, 0x00000000a2900000|100%| O|  |TAMS 0x00000000a2900000, 0x00000000a2800000| Untracked 
|  41|0x00000000a2900000, 0x00000000a2a00000, 0x00000000a2a00000|100%| O|  |TAMS 0x00000000a2a00000, 0x00000000a2900000| Untracked 
|  42|0x00000000a2a00000, 0x00000000a2b00000, 0x00000000a2b00000|100%| O|  |TAMS 0x00000000a2b00000, 0x00000000a2a00000| Untracked 
|  43|0x00000000a2b00000, 0x00000000a2c00000, 0x00000000a2c00000|100%| O|  |TAMS 0x00000000a2c00000, 0x00000000a2b00000| Untracked 
|  44|0x00000000a2c00000, 0x00000000a2d00000, 0x00000000a2d00000|100%| O|  |TAMS 0x00000000a2d00000, 0x00000000a2c00000| Untracked 
|  45|0x00000000a2d00000, 0x00000000a2e00000, 0x00000000a2e00000|100%| O|  |TAMS 0x00000000a2e00000, 0x00000000a2d00000| Untracked 
|  46|0x00000000a2e00000, 0x00000000a2f00000, 0x00000000a2f00000|100%| O|  |TAMS 0x00000000a2f00000, 0x00000000a2e00000| Untracked 
|  47|0x00000000a2f00000, 0x00000000a3000000, 0x00000000a3000000|100%| O|  |TAMS 0x00000000a3000000, 0x00000000a2f00000| Untracked 
|  48|0x00000000a3000000, 0x00000000a3100000, 0x00000000a3100000|100%| O|  |TAMS 0x00000000a3100000, 0x00000000a3000000| Untracked 
|  49|0x00000000a3100000, 0x00000000a3200000, 0x00000000a3200000|100%| O|  |TAMS 0x00000000a3200000, 0x00000000a3100000| Untracked 
|  50|0x00000000a3200000, 0x00000000a3300000, 0x00000000a3300000|100%| O|  |TAMS 0x00000000a3300000, 0x00000000a3200000| Untracked 
|  51|0x00000000a3300000, 0x00000000a3400000, 0x00000000a3400000|100%| O|  |TAMS 0x00000000a3400000, 0x00000000a3300000| Untracked 
|  52|0x00000000a3400000, 0x00000000a3500000, 0x00000000a3500000|100%| O|  |TAMS 0x00000000a3500000, 0x00000000a3400000| Untracked 
|  53|0x00000000a3500000, 0x00000000a3600000, 0x00000000a3600000|100%| O|  |TAMS 0x00000000a3600000, 0x00000000a3500000| Untracked 
|  54|0x00000000a3600000, 0x00000000a3700000, 0x00000000a3700000|100%| O|  |TAMS 0x00000000a3700000, 0x00000000a3600000| Untracked 
|  55|0x00000000a3700000, 0x00000000a3800000, 0x00000000a3800000|100%| O|  |TAMS 0x00000000a3800000, 0x00000000a3700000| Untracked 
|  56|0x00000000a3800000, 0x00000000a3900000, 0x00000000a3900000|100%| O|  |TAMS 0x00000000a3900000, 0x00000000a3800000| Untracked 
|  57|0x00000000a3900000, 0x00000000a3a00000, 0x00000000a3a00000|100%| O|  |TAMS 0x00000000a3a00000, 0x00000000a3900000| Untracked 
|  58|0x00000000a3a00000, 0x00000000a3b00000, 0x00000000a3b00000|100%| O|  |TAMS 0x00000000a3b00000, 0x00000000a3a00000| Untracked 
|  59|0x00000000a3b00000, 0x00000000a3c00000, 0x00000000a3c00000|100%| O|  |TAMS 0x00000000a3c00000, 0x00000000a3b00000| Untracked 
|  60|0x00000000a3c00000, 0x00000000a3d00000, 0x00000000a3d00000|100%| O|  |TAMS 0x00000000a3d00000, 0x00000000a3c00000| Untracked 
|  61|0x00000000a3d00000, 0x00000000a3e00000, 0x00000000a3e00000|100%| O|  |TAMS 0x00000000a3e00000, 0x00000000a3d00000| Untracked 
|  62|0x00000000a3e00000, 0x00000000a3f00000, 0x00000000a3f00000|100%| O|  |TAMS 0x00000000a3f00000, 0x00000000a3e00000| Untracked 
|  63|0x00000000a3f00000, 0x00000000a4000000, 0x00000000a4000000|100%| O|  |TAMS 0x00000000a4000000, 0x00000000a3f00000| Untracked 
|  64|0x00000000a4000000, 0x00000000a4100000, 0x00000000a4100000|100%| O|  |TAMS 0x00000000a4100000, 0x00000000a4000000| Untracked 
|  65|0x00000000a4100000, 0x00000000a4200000, 0x00000000a4200000|100%| O|  |TAMS 0x00000000a4200000, 0x00000000a4100000| Untracked 
|  66|0x00000000a4200000, 0x00000000a4300000, 0x00000000a4300000|100%| O|  |TAMS 0x00000000a4300000, 0x00000000a4200000| Untracked 
|  67|0x00000000a4300000, 0x00000000a4400000, 0x00000000a4400000|100%| O|  |TAMS 0x00000000a4400000, 0x00000000a4300000| Untracked 
|  68|0x00000000a4400000, 0x00000000a4500000, 0x00000000a4500000|100%| O|  |TAMS 0x00000000a4500000, 0x00000000a4400000| Untracked 
|  69|0x00000000a4500000, 0x00000000a4600000, 0x00000000a4600000|100%| O|  |TAMS 0x00000000a4600000, 0x00000000a4500000| Untracked 
|  70|0x00000000a4600000, 0x00000000a4700000, 0x00000000a4700000|100%| O|  |TAMS 0x00000000a4700000, 0x00000000a4600000| Untracked 
|  71|0x00000000a4700000, 0x00000000a4800000, 0x00000000a4800000|100%| O|  |TAMS 0x00000000a4800000, 0x00000000a4700000| Untracked 
|  72|0x00000000a4800000, 0x00000000a4900000, 0x00000000a4900000|100%| O|  |TAMS 0x00000000a4900000, 0x00000000a4800000| Untracked 
|  73|0x00000000a4900000, 0x00000000a4a00000, 0x00000000a4a00000|100%| O|  |TAMS 0x00000000a4a00000, 0x00000000a4900000| Untracked 
|  74|0x00000000a4a00000, 0x00000000a4b00000, 0x00000000a4b00000|100%| O|  |TAMS 0x00000000a4b00000, 0x00000000a4a00000| Untracked 
|  75|0x00000000a4b00000, 0x00000000a4c00000, 0x00000000a4c00000|100%| O|  |TAMS 0x00000000a4c00000, 0x00000000a4b00000| Untracked 
|  76|0x00000000a4c00000, 0x00000000a4d00000, 0x00000000a4d00000|100%| O|  |TAMS 0x00000000a4d00000, 0x00000000a4c00000| Untracked 
|  77|0x00000000a4d00000, 0x00000000a4e00000, 0x00000000a4e00000|100%| O|  |TAMS 0x00000000a4e00000, 0x00000000a4d00000| Untracked 
|  78|0x00000000a4e00000, 0x00000000a4f00000, 0x00000000a4f00000|100%| O|  |TAMS 0x00000000a4f00000, 0x00000000a4e00000| Untracked 
|  79|0x00000000a4f00000, 0x00000000a5000000, 0x00000000a5000000|100%| O|  |TAMS 0x00000000a5000000, 0x00000000a4f00000| Untracked 
|  80|0x00000000a5000000, 0x00000000a5100000, 0x00000000a5100000|100%| O|  |TAMS 0x00000000a5100000, 0x00000000a5000000| Untracked 
|  81|0x00000000a5100000, 0x00000000a5200000, 0x00000000a5200000|100%| O|  |TAMS 0x00000000a5200000, 0x00000000a5100000| Untracked 
|  82|0x00000000a5200000, 0x00000000a5300000, 0x00000000a5300000|100%| O|  |TAMS 0x00000000a5300000, 0x00000000a5200000| Untracked 
|  83|0x00000000a5300000, 0x00000000a5400000, 0x00000000a5400000|100%| O|  |TAMS 0x00000000a5400000, 0x00000000a5300000| Untracked 
|  84|0x00000000a5400000, 0x00000000a5500000, 0x00000000a5500000|100%| O|  |TAMS 0x00000000a5500000, 0x00000000a5400000| Untracked 
|  85|0x00000000a5500000, 0x00000000a5600000, 0x00000000a5600000|100%| O|  |TAMS 0x00000000a5600000, 0x00000000a5500000| Untracked 
|  86|0x00000000a5600000, 0x00000000a5700000, 0x00000000a5700000|100%| O|  |TAMS 0x00000000a5700000, 0x00000000a5600000| Untracked 
|  87|0x00000000a5700000, 0x00000000a5800000, 0x00000000a5800000|100%| O|  |TAMS 0x00000000a5800000, 0x00000000a5700000| Untracked 
|  88|0x00000000a5800000, 0x00000000a5900000, 0x00000000a5900000|100%| O|  |TAMS 0x00000000a5900000, 0x00000000a5800000| Untracked 
|  89|0x00000000a5900000, 0x00000000a5a00000, 0x00000000a5a00000|100%| O|  |TAMS 0x00000000a5a00000, 0x00000000a5900000| Untracked 
|  90|0x00000000a5a00000, 0x00000000a5b00000, 0x00000000a5b00000|100%| O|  |TAMS 0x00000000a5b00000, 0x00000000a5a00000| Untracked 
|  91|0x00000000a5b00000, 0x00000000a5c00000, 0x00000000a5c00000|100%| O|  |TAMS 0x00000000a5c00000, 0x00000000a5b00000| Untracked 
|  92|0x00000000a5c00000, 0x00000000a5d00000, 0x00000000a5d00000|100%| O|  |TAMS 0x00000000a5d00000, 0x00000000a5c00000| Untracked 
|  93|0x00000000a5d00000, 0x00000000a5e00000, 0x00000000a5e00000|100%| O|  |TAMS 0x00000000a5e00000, 0x00000000a5d00000| Untracked 
|  94|0x00000000a5e00000, 0x00000000a5f00000, 0x00000000a5f00000|100%| O|  |TAMS 0x00000000a5f00000, 0x00000000a5e00000| Untracked 
|  95|0x00000000a5f00000, 0x00000000a6000000, 0x00000000a6000000|100%| O|  |TAMS 0x00000000a6000000, 0x00000000a5f00000| Untracked 
|  96|0x00000000a6000000, 0x00000000a6100000, 0x00000000a6100000|100%| O|  |TAMS 0x00000000a6100000, 0x00000000a6000000| Untracked 
|  97|0x00000000a6100000, 0x00000000a6200000, 0x00000000a6200000|100%| O|  |TAMS 0x00000000a6200000, 0x00000000a6100000| Untracked 
|  98|0x00000000a6200000, 0x00000000a6300000, 0x00000000a6300000|100%| O|  |TAMS 0x00000000a6300000, 0x00000000a6200000| Untracked 
|  99|0x00000000a6300000, 0x00000000a6400000, 0x00000000a6400000|100%| O|  |TAMS 0x00000000a6400000, 0x00000000a6300000| Untracked 
| 100|0x00000000a6400000, 0x00000000a6500000, 0x00000000a6500000|100%| O|  |TAMS 0x00000000a6500000, 0x00000000a6400000| Untracked 
| 101|0x00000000a6500000, 0x00000000a6600000, 0x00000000a6600000|100%| O|  |TAMS 0x00000000a6600000, 0x00000000a6500000| Untracked 
| 102|0x00000000a6600000, 0x00000000a6700000, 0x00000000a6700000|100%| O|  |TAMS 0x00000000a6700000, 0x00000000a6600000| Untracked 
| 103|0x00000000a6700000, 0x00000000a6800000, 0x00000000a6800000|100%|HS|  |TAMS 0x00000000a6800000, 0x00000000a6700000| Complete 
| 104|0x00000000a6800000, 0x00000000a6900000, 0x00000000a6900000|100%| O|  |TAMS 0x00000000a6900000, 0x00000000a6800000| Untracked 
| 105|0x00000000a6900000, 0x00000000a6a00000, 0x00000000a6a00000|100%|HS|  |TAMS 0x00000000a6a00000, 0x00000000a6900000| Complete 
| 106|0x00000000a6a00000, 0x00000000a6b00000, 0x00000000a6b00000|100%|HC|  |TAMS 0x00000000a6b00000, 0x00000000a6a00000| Complete 
| 107|0x00000000a6b00000, 0x00000000a6c00000, 0x00000000a6c00000|100%|HC|  |TAMS 0x00000000a6c00000, 0x00000000a6b00000| Complete 
| 108|0x00000000a6c00000, 0x00000000a6d00000, 0x00000000a6d00000|100%|HS|  |TAMS 0x00000000a6d00000, 0x00000000a6c00000| Complete 
| 109|0x00000000a6d00000, 0x00000000a6e00000, 0x00000000a6e00000|100%|HC|  |TAMS 0x00000000a6e00000, 0x00000000a6d00000| Complete 
| 110|0x00000000a6e00000, 0x00000000a6f00000, 0x00000000a6f00000|100%| O|  |TAMS 0x00000000a6f00000, 0x00000000a6e00000| Untracked 
| 111|0x00000000a6f00000, 0x00000000a7000000, 0x00000000a7000000|100%| O|  |TAMS 0x00000000a7000000, 0x00000000a6f00000| Untracked 
| 112|0x00000000a7000000, 0x00000000a7100000, 0x00000000a7100000|100%| O|  |TAMS 0x00000000a7100000, 0x00000000a7000000| Untracked 
| 113|0x00000000a7100000, 0x00000000a7200000, 0x00000000a7200000|100%| O|  |TAMS 0x00000000a7200000, 0x00000000a7100000| Untracked 
| 114|0x00000000a7200000, 0x00000000a7300000, 0x00000000a7300000|100%| O|  |TAMS 0x00000000a7300000, 0x00000000a7200000| Untracked 
| 115|0x00000000a7300000, 0x00000000a7400000, 0x00000000a7400000|100%| O|  |TAMS 0x00000000a7400000, 0x00000000a7300000| Untracked 
| 116|0x00000000a7400000, 0x00000000a7500000, 0x00000000a7500000|100%| O|  |TAMS 0x00000000a7500000, 0x00000000a7400000| Untracked 
| 117|0x00000000a7500000, 0x00000000a7600000, 0x00000000a7600000|100%| O|  |TAMS 0x00000000a7600000, 0x00000000a7500000| Untracked 
| 118|0x00000000a7600000, 0x00000000a7700000, 0x00000000a7700000|100%| O|  |TAMS 0x00000000a7700000, 0x00000000a7600000| Untracked 
| 119|0x00000000a7700000, 0x00000000a7800000, 0x00000000a7800000|100%| O|  |TAMS 0x00000000a7800000, 0x00000000a7700000| Untracked 
| 120|0x00000000a7800000, 0x00000000a7900000, 0x00000000a7900000|100%| O|  |TAMS 0x00000000a7900000, 0x00000000a7800000| Untracked 
| 121|0x00000000a7900000, 0x00000000a7a00000, 0x00000000a7a00000|100%| O|  |TAMS 0x00000000a7a00000, 0x00000000a7900000| Untracked 
| 122|0x00000000a7a00000, 0x00000000a7b00000, 0x00000000a7b00000|100%| O|  |TAMS 0x00000000a7b00000, 0x00000000a7a00000| Untracked 
| 123|0x00000000a7b00000, 0x00000000a7c00000, 0x00000000a7c00000|100%| O|  |TAMS 0x00000000a7c00000, 0x00000000a7b00000| Untracked 
| 124|0x00000000a7c00000, 0x00000000a7d00000, 0x00000000a7d00000|100%| O|  |TAMS 0x00000000a7d00000, 0x00000000a7c00000| Untracked 
| 125|0x00000000a7d00000, 0x00000000a7e00000, 0x00000000a7e00000|100%| O|  |TAMS 0x00000000a7e00000, 0x00000000a7d00000| Untracked 
| 126|0x00000000a7e00000, 0x00000000a7f00000, 0x00000000a7f00000|100%| O|  |TAMS 0x00000000a7f00000, 0x00000000a7e00000| Untracked 
| 127|0x00000000a7f00000, 0x00000000a8000000, 0x00000000a8000000|100%| O|  |TAMS 0x00000000a8000000, 0x00000000a7f00000| Untracked 
| 128|0x00000000a8000000, 0x00000000a8100000, 0x00000000a8100000|100%| O|  |TAMS 0x00000000a8100000, 0x00000000a8000000| Untracked 
| 129|0x00000000a8100000, 0x00000000a8200000, 0x00000000a8200000|100%| O|  |TAMS 0x00000000a8200000, 0x00000000a8100000| Untracked 
| 130|0x00000000a8200000, 0x00000000a8300000, 0x00000000a8300000|100%| O|  |TAMS 0x00000000a8300000, 0x00000000a8200000| Untracked 
| 131|0x00000000a8300000, 0x00000000a8400000, 0x00000000a8400000|100%| O|  |TAMS 0x00000000a8400000, 0x00000000a8300000| Untracked 
| 132|0x00000000a8400000, 0x00000000a8500000, 0x00000000a8500000|100%| O|  |TAMS 0x00000000a8500000, 0x00000000a8400000| Untracked 
| 133|0x00000000a8500000, 0x00000000a8600000, 0x00000000a8600000|100%| O|  |TAMS 0x00000000a8600000, 0x00000000a8500000| Untracked 
| 134|0x00000000a8600000, 0x00000000a8700000, 0x00000000a8700000|100%| O|  |TAMS 0x00000000a8700000, 0x00000000a8600000| Untracked 
| 135|0x00000000a8700000, 0x00000000a8800000, 0x00000000a8800000|100%| O|  |TAMS 0x00000000a8800000, 0x00000000a8700000| Untracked 
| 136|0x00000000a8800000, 0x00000000a8900000, 0x00000000a8900000|100%| O|  |TAMS 0x00000000a8900000, 0x00000000a8800000| Untracked 
| 137|0x00000000a8900000, 0x00000000a8a00000, 0x00000000a8a00000|100%| O|  |TAMS 0x00000000a8a00000, 0x00000000a8900000| Untracked 
| 138|0x00000000a8a00000, 0x00000000a8b00000, 0x00000000a8b00000|100%| O|  |TAMS 0x00000000a8b00000, 0x00000000a8a00000| Untracked 
| 139|0x00000000a8b00000, 0x00000000a8c00000, 0x00000000a8c00000|100%| O|  |TAMS 0x00000000a8c00000, 0x00000000a8b00000| Untracked 
| 140|0x00000000a8c00000, 0x00000000a8d00000, 0x00000000a8d00000|100%| O|  |TAMS 0x00000000a8d00000, 0x00000000a8c00000| Untracked 
| 141|0x00000000a8d00000, 0x00000000a8e00000, 0x00000000a8e00000|100%| O|  |TAMS 0x00000000a8e00000, 0x00000000a8d00000| Untracked 
| 142|0x00000000a8e00000, 0x00000000a8f00000, 0x00000000a8f00000|100%| O|  |TAMS 0x00000000a8f00000, 0x00000000a8e00000| Untracked 
| 143|0x00000000a8f00000, 0x00000000a9000000, 0x00000000a9000000|100%| O|  |TAMS 0x00000000a9000000, 0x00000000a8f00000| Untracked 
| 144|0x00000000a9000000, 0x00000000a9100000, 0x00000000a9100000|100%| O|  |TAMS 0x00000000a9100000, 0x00000000a9000000| Untracked 
| 145|0x00000000a9100000, 0x00000000a9200000, 0x00000000a9200000|100%| O|  |TAMS 0x00000000a9200000, 0x00000000a9100000| Untracked 
| 146|0x00000000a9200000, 0x00000000a9300000, 0x00000000a9300000|100%| O|  |TAMS 0x00000000a9300000, 0x00000000a9200000| Untracked 
| 147|0x00000000a9300000, 0x00000000a9400000, 0x00000000a9400000|100%| O|  |TAMS 0x00000000a9400000, 0x00000000a9300000| Untracked 
| 148|0x00000000a9400000, 0x00000000a9500000, 0x00000000a9500000|100%| O|  |TAMS 0x00000000a9500000, 0x00000000a9400000| Untracked 
| 149|0x00000000a9500000, 0x00000000a9600000, 0x00000000a9600000|100%| O|  |TAMS 0x00000000a9600000, 0x00000000a9500000| Untracked 
| 150|0x00000000a9600000, 0x00000000a9700000, 0x00000000a9700000|100%| O|  |TAMS 0x00000000a9700000, 0x00000000a9600000| Untracked 
| 151|0x00000000a9700000, 0x00000000a9800000, 0x00000000a9800000|100%| O|  |TAMS 0x00000000a9800000, 0x00000000a9700000| Untracked 
| 152|0x00000000a9800000, 0x00000000a9900000, 0x00000000a9900000|100%| O|  |TAMS 0x00000000a9900000, 0x00000000a9800000| Untracked 
| 153|0x00000000a9900000, 0x00000000a9a00000, 0x00000000a9a00000|100%| O|  |TAMS 0x00000000a9a00000, 0x00000000a9900000| Untracked 
| 154|0x00000000a9a00000, 0x00000000a9b00000, 0x00000000a9b00000|100%| O|  |TAMS 0x00000000a9b00000, 0x00000000a9a00000| Untracked 
| 155|0x00000000a9b00000, 0x00000000a9c00000, 0x00000000a9c00000|100%| O|  |TAMS 0x00000000a9c00000, 0x00000000a9b00000| Untracked 
| 156|0x00000000a9c00000, 0x00000000a9c00000, 0x00000000a9d00000|  0%| F|  |TAMS 0x00000000a9c00000, 0x00000000a9c00000| Untracked 
| 157|0x00000000a9d00000, 0x00000000a9d00000, 0x00000000a9e00000|  0%| F|  |TAMS 0x00000000a9d00000, 0x00000000a9d00000| Untracked 
| 158|0x00000000a9e00000, 0x00000000a9f00000, 0x00000000a9f00000|100%| O|  |TAMS 0x00000000a9f00000, 0x00000000a9e00000| Untracked 
| 159|0x00000000a9f00000, 0x00000000aa000000, 0x00000000aa000000|100%| O|  |TAMS 0x00000000aa000000, 0x00000000a9f00000| Untracked 
| 160|0x00000000aa000000, 0x00000000aa100000, 0x00000000aa100000|100%| O|  |TAMS 0x00000000aa100000, 0x00000000aa000000| Untracked 
| 161|0x00000000aa100000, 0x00000000aa200000, 0x00000000aa200000|100%| O|  |TAMS 0x00000000aa200000, 0x00000000aa100000| Untracked 
| 162|0x00000000aa200000, 0x00000000aa300000, 0x00000000aa300000|100%| O|  |TAMS 0x00000000aa300000, 0x00000000aa200000| Untracked 
| 163|0x00000000aa300000, 0x00000000aa400000, 0x00000000aa400000|100%| O|  |TAMS 0x00000000aa400000, 0x00000000aa300000| Untracked 
| 164|0x00000000aa400000, 0x00000000aa500000, 0x00000000aa500000|100%| O|  |TAMS 0x00000000aa500000, 0x00000000aa400000| Untracked 
| 165|0x00000000aa500000, 0x00000000aa600000, 0x00000000aa600000|100%| O|  |TAMS 0x00000000aa600000, 0x00000000aa500000| Untracked 
| 166|0x00000000aa600000, 0x00000000aa700000, 0x00000000aa700000|100%| O|  |TAMS 0x00000000aa700000, 0x00000000aa600000| Untracked 
| 167|0x00000000aa700000, 0x00000000aa800000, 0x00000000aa800000|100%| O|  |TAMS 0x00000000aa800000, 0x00000000aa700000| Untracked 
| 168|0x00000000aa800000, 0x00000000aa900000, 0x00000000aa900000|100%| O|  |TAMS 0x00000000aa900000, 0x00000000aa800000| Untracked 
| 169|0x00000000aa900000, 0x00000000aaa00000, 0x00000000aaa00000|100%| O|  |TAMS 0x00000000aaa00000, 0x00000000aa900000| Untracked 
| 170|0x00000000aaa00000, 0x00000000aab00000, 0x00000000aab00000|100%| O|  |TAMS 0x00000000aab00000, 0x00000000aaa00000| Untracked 
| 171|0x00000000aab00000, 0x00000000aac00000, 0x00000000aac00000|100%| O|  |TAMS 0x00000000aac00000, 0x00000000aab00000| Untracked 
| 172|0x00000000aac00000, 0x00000000aad00000, 0x00000000aad00000|100%| O|  |TAMS 0x00000000aac00000, 0x00000000aac00000| Untracked 
| 173|0x00000000aad00000, 0x00000000aae00000, 0x00000000aae00000|100%| O|  |TAMS 0x00000000aad00000, 0x00000000aad00000| Untracked 
| 174|0x00000000aae00000, 0x00000000aaf00000, 0x00000000aaf00000|100%| O|  |TAMS 0x00000000aae00000, 0x00000000aae00000| Untracked 
| 175|0x00000000aaf00000, 0x00000000ab000000, 0x00000000ab000000|100%| O|  |TAMS 0x00000000aaf00000, 0x00000000aaf00000| Untracked 
| 176|0x00000000ab000000, 0x00000000ab100000, 0x00000000ab100000|100%| O|  |TAMS 0x00000000ab000000, 0x00000000ab000000| Untracked 
| 177|0x00000000ab100000, 0x00000000ab200000, 0x00000000ab200000|100%| O|  |TAMS 0x00000000ab100000, 0x00000000ab100000| Untracked 
| 178|0x00000000ab200000, 0x00000000ab300000, 0x00000000ab300000|100%| O|  |TAMS 0x00000000ab200000, 0x00000000ab200000| Untracked 
| 179|0x00000000ab300000, 0x00000000ab400000, 0x00000000ab400000|100%| O|  |TAMS 0x00000000ab300000, 0x00000000ab300000| Untracked 
| 180|0x00000000ab400000, 0x00000000ab500000, 0x00000000ab500000|100%| O|  |TAMS 0x00000000ab400000, 0x00000000ab400000| Untracked 
| 181|0x00000000ab500000, 0x00000000ab600000, 0x00000000ab600000|100%| O|  |TAMS 0x00000000ab500000, 0x00000000ab500000| Untracked 
| 182|0x00000000ab600000, 0x00000000ab700000, 0x00000000ab700000|100%| O|  |TAMS 0x00000000ab600000, 0x00000000ab600000| Untracked 
| 183|0x00000000ab700000, 0x00000000ab800000, 0x00000000ab800000|100%| O|  |TAMS 0x00000000ab800000, 0x00000000ab700000| Untracked 
| 184|0x00000000ab800000, 0x00000000ab900000, 0x00000000ab900000|100%| O|  |TAMS 0x00000000ab900000, 0x00000000ab800000| Untracked 
| 185|0x00000000ab900000, 0x00000000aba00000, 0x00000000aba00000|100%| O|  |TAMS 0x00000000ab900000, 0x00000000ab900000| Untracked 
| 186|0x00000000aba00000, 0x00000000abb00000, 0x00000000abb00000|100%| O|  |TAMS 0x00000000aba00000, 0x00000000aba00000| Untracked 
| 187|0x00000000abb00000, 0x00000000abc00000, 0x00000000abc00000|100%| O|  |TAMS 0x00000000abb00000, 0x00000000abb00000| Untracked 
| 188|0x00000000abc00000, 0x00000000abd00000, 0x00000000abd00000|100%| O|  |TAMS 0x00000000abc00000, 0x00000000abc00000| Untracked 
| 189|0x00000000abd00000, 0x00000000abe00000, 0x00000000abe00000|100%| O|  |TAMS 0x00000000abd00000, 0x00000000abd00000| Untracked 
| 190|0x00000000abe00000, 0x00000000abf00000, 0x00000000abf00000|100%| O|  |TAMS 0x00000000abe00000, 0x00000000abe00000| Untracked 
| 191|0x00000000abf00000, 0x00000000ac000000, 0x00000000ac000000|100%| O|  |TAMS 0x00000000abf00000, 0x00000000abf00000| Untracked 
| 192|0x00000000ac000000, 0x00000000ac100000, 0x00000000ac100000|100%| O|  |TAMS 0x00000000ac000000, 0x00000000ac000000| Untracked 
| 193|0x00000000ac100000, 0x00000000ac200000, 0x00000000ac200000|100%| O|  |TAMS 0x00000000ac100000, 0x00000000ac100000| Untracked 
| 194|0x00000000ac200000, 0x00000000ac300000, 0x00000000ac300000|100%| O|  |TAMS 0x00000000ac200000, 0x00000000ac200000| Untracked 
| 195|0x00000000ac300000, 0x00000000ac400000, 0x00000000ac400000|100%| O|  |TAMS 0x00000000ac300000, 0x00000000ac300000| Untracked 
| 196|0x00000000ac400000, 0x00000000ac500000, 0x00000000ac500000|100%| O|  |TAMS 0x00000000ac400000, 0x00000000ac400000| Untracked 
| 197|0x00000000ac500000, 0x00000000ac600000, 0x00000000ac600000|100%| O|  |TAMS 0x00000000ac500000, 0x00000000ac500000| Untracked 
| 198|0x00000000ac600000, 0x00000000ac700000, 0x00000000ac700000|100%| O|  |TAMS 0x00000000ac600000, 0x00000000ac600000| Untracked 
| 199|0x00000000ac700000, 0x00000000ac800000, 0x00000000ac800000|100%| O|  |TAMS 0x00000000ac700000, 0x00000000ac700000| Untracked 
| 200|0x00000000ac800000, 0x00000000ac900000, 0x00000000ac900000|100%| O|  |TAMS 0x00000000ac800000, 0x00000000ac800000| Untracked 
| 201|0x00000000ac900000, 0x00000000aca00000, 0x00000000aca00000|100%| O|  |TAMS 0x00000000ac900000, 0x00000000ac900000| Untracked 
| 202|0x00000000aca00000, 0x00000000acb00000, 0x00000000acb00000|100%| O|  |TAMS 0x00000000aca00000, 0x00000000aca00000| Untracked 
| 203|0x00000000acb00000, 0x00000000acc00000, 0x00000000acc00000|100%| O|  |TAMS 0x00000000acb00000, 0x00000000acb00000| Untracked 
| 204|0x00000000acc00000, 0x00000000acd00000, 0x00000000acd00000|100%| O|  |TAMS 0x00000000acc00000, 0x00000000acc00000| Untracked 
| 205|0x00000000acd00000, 0x00000000ace00000, 0x00000000ace00000|100%| O|  |TAMS 0x00000000acd00000, 0x00000000acd00000| Untracked 
| 206|0x00000000ace00000, 0x00000000acf00000, 0x00000000acf00000|100%| O|  |TAMS 0x00000000ace00000, 0x00000000ace00000| Untracked 
| 207|0x00000000acf00000, 0x00000000ad000000, 0x00000000ad000000|100%| O|  |TAMS 0x00000000acf00000, 0x00000000acf00000| Untracked 
| 208|0x00000000ad000000, 0x00000000ad100000, 0x00000000ad100000|100%| O|  |TAMS 0x00000000ad000000, 0x00000000ad000000| Untracked 
| 209|0x00000000ad100000, 0x00000000ad200000, 0x00000000ad200000|100%| O|  |TAMS 0x00000000ad100000, 0x00000000ad100000| Untracked 
| 210|0x00000000ad200000, 0x00000000ad300000, 0x00000000ad300000|100%| O|  |TAMS 0x00000000ad200000, 0x00000000ad200000| Untracked 
| 211|0x00000000ad300000, 0x00000000ad400000, 0x00000000ad400000|100%| O|  |TAMS 0x00000000ad300000, 0x00000000ad300000| Untracked 
| 212|0x00000000ad400000, 0x00000000ad500000, 0x00000000ad500000|100%| O|  |TAMS 0x00000000ad400000, 0x00000000ad400000| Untracked 
| 213|0x00000000ad500000, 0x00000000ad600000, 0x00000000ad600000|100%| O|  |TAMS 0x00000000ad500000, 0x00000000ad500000| Untracked 
| 214|0x00000000ad600000, 0x00000000ad700000, 0x00000000ad700000|100%| O|  |TAMS 0x00000000ad600000, 0x00000000ad600000| Untracked 
| 215|0x00000000ad700000, 0x00000000ad73aa00, 0x00000000ad800000| 22%| O|  |TAMS 0x00000000ad700000, 0x00000000ad700000| Untracked 
| 216|0x00000000ad800000, 0x00000000ad800000, 0x00000000ad900000|  0%| F|  |TAMS 0x00000000ad800000, 0x00000000ad800000| Untracked 
| 217|0x00000000ad900000, 0x00000000ad900000, 0x00000000ada00000|  0%| F|  |TAMS 0x00000000ad900000, 0x00000000ad900000| Untracked 
| 218|0x00000000ada00000, 0x00000000ada00000, 0x00000000adb00000|  0%| F|  |TAMS 0x00000000ada00000, 0x00000000ada00000| Untracked 
| 219|0x00000000adb00000, 0x00000000adb00000, 0x00000000adc00000|  0%| F|  |TAMS 0x00000000adb00000, 0x00000000adb00000| Untracked 
| 220|0x00000000adc00000, 0x00000000adc00000, 0x00000000add00000|  0%| F|  |TAMS 0x00000000adc00000, 0x00000000adc00000| Untracked 
| 221|0x00000000add00000, 0x00000000add00000, 0x00000000ade00000|  0%| F|  |TAMS 0x00000000add00000, 0x00000000add00000| Untracked 
| 222|0x00000000ade00000, 0x00000000ade00000, 0x00000000adf00000|  0%| F|  |TAMS 0x00000000ade00000, 0x00000000ade00000| Untracked 
| 223|0x00000000adf00000, 0x00000000adf00000, 0x00000000ae000000|  0%| F|  |TAMS 0x00000000adf00000, 0x00000000adf00000| Untracked 
| 224|0x00000000ae000000, 0x00000000ae000000, 0x00000000ae100000|  0%| F|  |TAMS 0x00000000ae000000, 0x00000000ae000000| Untracked 
| 225|0x00000000ae100000, 0x00000000ae100000, 0x00000000ae200000|  0%| F|  |TAMS 0x00000000ae100000, 0x00000000ae100000| Untracked 
| 226|0x00000000ae200000, 0x00000000ae200000, 0x00000000ae300000|  0%| F|  |TAMS 0x00000000ae200000, 0x00000000ae200000| Untracked 
| 227|0x00000000ae300000, 0x00000000ae300000, 0x00000000ae400000|  0%| F|  |TAMS 0x00000000ae300000, 0x00000000ae300000| Untracked 
| 228|0x00000000ae400000, 0x00000000ae400000, 0x00000000ae500000|  0%| F|  |TAMS 0x00000000ae400000, 0x00000000ae400000| Untracked 
| 229|0x00000000ae500000, 0x00000000ae500000, 0x00000000ae600000|  0%| F|  |TAMS 0x00000000ae500000, 0x00000000ae500000| Untracked 
| 230|0x00000000ae600000, 0x00000000ae600000, 0x00000000ae700000|  0%| F|  |TAMS 0x00000000ae600000, 0x00000000ae600000| Untracked 
| 231|0x00000000ae700000, 0x00000000ae700000, 0x00000000ae800000|  0%| F|  |TAMS 0x00000000ae700000, 0x00000000ae700000| Untracked 
| 232|0x00000000ae800000, 0x00000000ae800000, 0x00000000ae900000|  0%| F|  |TAMS 0x00000000ae800000, 0x00000000ae800000| Untracked 
| 233|0x00000000ae900000, 0x00000000ae900000, 0x00000000aea00000|  0%| F|  |TAMS 0x00000000ae900000, 0x00000000ae900000| Untracked 
| 234|0x00000000aea00000, 0x00000000aea00000, 0x00000000aeb00000|  0%| F|  |TAMS 0x00000000aea00000, 0x00000000aea00000| Untracked 
| 235|0x00000000aeb00000, 0x00000000aeb00000, 0x00000000aec00000|  0%| F|  |TAMS 0x00000000aeb00000, 0x00000000aeb00000| Untracked 
| 236|0x00000000aec00000, 0x00000000aec00000, 0x00000000aed00000|  0%| F|  |TAMS 0x00000000aec00000, 0x00000000aec00000| Untracked 
| 237|0x00000000aed00000, 0x00000000aed00000, 0x00000000aee00000|  0%| F|  |TAMS 0x00000000aed00000, 0x00000000aed00000| Untracked 
| 238|0x00000000aee00000, 0x00000000aee00000, 0x00000000aef00000|  0%| F|  |TAMS 0x00000000aee00000, 0x00000000aee00000| Untracked 
| 239|0x00000000aef00000, 0x00000000aef00000, 0x00000000af000000|  0%| F|  |TAMS 0x00000000aef00000, 0x00000000aef00000| Untracked 
| 240|0x00000000af000000, 0x00000000af000000, 0x00000000af100000|  0%| F|  |TAMS 0x00000000af000000, 0x00000000af000000| Untracked 
| 241|0x00000000af100000, 0x00000000af100000, 0x00000000af200000|  0%| F|  |TAMS 0x00000000af100000, 0x00000000af100000| Untracked 
| 242|0x00000000af200000, 0x00000000af200000, 0x00000000af300000|  0%| F|  |TAMS 0x00000000af200000, 0x00000000af200000| Untracked 
| 243|0x00000000af300000, 0x00000000af300000, 0x00000000af400000|  0%| F|  |TAMS 0x00000000af300000, 0x00000000af300000| Untracked 
| 244|0x00000000af400000, 0x00000000af400000, 0x00000000af500000|  0%| F|  |TAMS 0x00000000af400000, 0x00000000af400000| Untracked 
| 245|0x00000000af500000, 0x00000000af500000, 0x00000000af600000|  0%| F|  |TAMS 0x00000000af500000, 0x00000000af500000| Untracked 
| 246|0x00000000af600000, 0x00000000af600000, 0x00000000af700000|  0%| F|  |TAMS 0x00000000af600000, 0x00000000af600000| Untracked 
| 247|0x00000000af700000, 0x00000000af700000, 0x00000000af800000|  0%| F|  |TAMS 0x00000000af700000, 0x00000000af700000| Untracked 
| 248|0x00000000af800000, 0x00000000af800000, 0x00000000af900000|  0%| F|  |TAMS 0x00000000af800000, 0x00000000af800000| Untracked 
| 249|0x00000000af900000, 0x00000000af900000, 0x00000000afa00000|  0%| F|  |TAMS 0x00000000af900000, 0x00000000af900000| Untracked 
| 250|0x00000000afa00000, 0x00000000afa00000, 0x00000000afb00000|  0%| F|  |TAMS 0x00000000afa00000, 0x00000000afa00000| Untracked 
| 251|0x00000000afb00000, 0x00000000afb00000, 0x00000000afc00000|  0%| F|  |TAMS 0x00000000afb00000, 0x00000000afb00000| Untracked 
| 252|0x00000000afc00000, 0x00000000afc00000, 0x00000000afd00000|  0%| F|  |TAMS 0x00000000afc00000, 0x00000000afc00000| Untracked 
| 253|0x00000000afd00000, 0x00000000afd00000, 0x00000000afe00000|  0%| F|  |TAMS 0x00000000afd00000, 0x00000000afd00000| Untracked 
| 254|0x00000000afe00000, 0x00000000afe00000, 0x00000000aff00000|  0%| F|  |TAMS 0x00000000afe00000, 0x00000000afe00000| Untracked 
| 255|0x00000000aff00000, 0x00000000aff00000, 0x00000000b0000000|  0%| F|  |TAMS 0x00000000aff00000, 0x00000000aff00000| Untracked 
| 256|0x00000000b0000000, 0x00000000b0000000, 0x00000000b0100000|  0%| F|  |TAMS 0x00000000b0000000, 0x00000000b0000000| Untracked 
| 257|0x00000000b0100000, 0x00000000b0100000, 0x00000000b0200000|  0%| F|  |TAMS 0x00000000b0100000, 0x00000000b0100000| Untracked 
| 258|0x00000000b0200000, 0x00000000b0200000, 0x00000000b0300000|  0%| F|  |TAMS 0x00000000b0200000, 0x00000000b0200000| Untracked 
| 259|0x00000000b0300000, 0x00000000b0300000, 0x00000000b0400000|  0%| F|  |TAMS 0x00000000b0300000, 0x00000000b0300000| Untracked 
| 260|0x00000000b0400000, 0x00000000b0400000, 0x00000000b0500000|  0%| F|  |TAMS 0x00000000b0400000, 0x00000000b0400000| Untracked 
| 261|0x00000000b0500000, 0x00000000b0500000, 0x00000000b0600000|  0%| F|  |TAMS 0x00000000b0500000, 0x00000000b0500000| Untracked 
| 262|0x00000000b0600000, 0x00000000b0600000, 0x00000000b0700000|  0%| F|  |TAMS 0x00000000b0600000, 0x00000000b0600000| Untracked 
| 263|0x00000000b0700000, 0x00000000b0700000, 0x00000000b0800000|  0%| F|  |TAMS 0x00000000b0700000, 0x00000000b0700000| Untracked 
| 264|0x00000000b0800000, 0x00000000b08529a0, 0x00000000b0900000| 32%| S|CS|TAMS 0x00000000b0800000, 0x00000000b0800000| Complete 
| 265|0x00000000b0900000, 0x00000000b0a00000, 0x00000000b0a00000|100%| S|CS|TAMS 0x00000000b0900000, 0x00000000b0900000| Complete 
| 266|0x00000000b0a00000, 0x00000000b0a00000, 0x00000000b0b00000|  0%| F|  |TAMS 0x00000000b0a00000, 0x00000000b0a00000| Untracked 
| 267|0x00000000b0b00000, 0x00000000b0b00000, 0x00000000b0c00000|  0%| F|  |TAMS 0x00000000b0b00000, 0x00000000b0b00000| Untracked 
| 268|0x00000000b0c00000, 0x00000000b0c00000, 0x00000000b0d00000|  0%| F|  |TAMS 0x00000000b0c00000, 0x00000000b0c00000| Untracked 
| 269|0x00000000b0d00000, 0x00000000b0d00000, 0x00000000b0e00000|  0%| F|  |TAMS 0x00000000b0d00000, 0x00000000b0d00000| Untracked 
| 270|0x00000000b0e00000, 0x00000000b0e00000, 0x00000000b0f00000|  0%| F|  |TAMS 0x00000000b0e00000, 0x00000000b0e00000| Untracked 
| 271|0x00000000b0f00000, 0x00000000b0f00000, 0x00000000b1000000|  0%| F|  |TAMS 0x00000000b0f00000, 0x00000000b0f00000| Untracked 
| 272|0x00000000b1000000, 0x00000000b1000000, 0x00000000b1100000|  0%| F|  |TAMS 0x00000000b1000000, 0x00000000b1000000| Untracked 
| 273|0x00000000b1100000, 0x00000000b1100000, 0x00000000b1200000|  0%| F|  |TAMS 0x00000000b1100000, 0x00000000b1100000| Untracked 
| 274|0x00000000b1200000, 0x00000000b1200000, 0x00000000b1300000|  0%| F|  |TAMS 0x00000000b1200000, 0x00000000b1200000| Untracked 
| 275|0x00000000b1300000, 0x00000000b1300000, 0x00000000b1400000|  0%| F|  |TAMS 0x00000000b1300000, 0x00000000b1300000| Untracked 
| 276|0x00000000b1400000, 0x00000000b1400000, 0x00000000b1500000|  0%| F|  |TAMS 0x00000000b1400000, 0x00000000b1400000| Untracked 
| 277|0x00000000b1500000, 0x00000000b1500000, 0x00000000b1600000|  0%| F|  |TAMS 0x00000000b1500000, 0x00000000b1500000| Untracked 
| 278|0x00000000b1600000, 0x00000000b1600000, 0x00000000b1700000|  0%| F|  |TAMS 0x00000000b1600000, 0x00000000b1600000| Untracked 
| 279|0x00000000b1700000, 0x00000000b1700000, 0x00000000b1800000|  0%| F|  |TAMS 0x00000000b1700000, 0x00000000b1700000| Untracked 
| 280|0x00000000b1800000, 0x00000000b1800000, 0x00000000b1900000|  0%| F|  |TAMS 0x00000000b1800000, 0x00000000b1800000| Untracked 
| 281|0x00000000b1900000, 0x00000000b1900000, 0x00000000b1a00000|  0%| F|  |TAMS 0x00000000b1900000, 0x00000000b1900000| Untracked 

Card table byte_map: [0x0000024cad360000,0x0000024cad660000] _byte_map_base: 0x0000024cace60000

Marking Bits (Prev, Next): (CMBitMap*) 0x0000024c98347a78, (CMBitMap*) 0x0000024c98347ab0
 Prev Bits: [0x0000024cad960000, 0x0000024caf160000)
 Next Bits: [0x0000024caf160000, 0x0000024cb0960000)

Polling page: 0x0000024c983f0000

Metaspace:

Usage:
  Non-class:    105.85 MB capacity,   104.24 MB ( 98%) used,     1.29 MB (  1%) free+waste,   323.06 KB ( <1%) overhead. 
      Class:     15.82 MB capacity,    14.80 MB ( 94%) used,   911.27 KB (  6%) free+waste,   140.81 KB ( <1%) overhead. 
       Both:    121.67 MB capacity,   119.03 MB ( 98%) used,     2.18 MB (  2%) free+waste,   463.88 KB ( <1%) overhead. 

Virtual space:
  Non-class space:      106.00 MB reserved,     106.00 MB (100%) committed 
      Class space:        1.00 GB reserved,      15.82 MB (  2%) committed 
             Both:        1.10 GB reserved,     121.82 MB ( 11%) committed 

Chunk freelists:
   Non-Class:  29.00 KB
       Class:  0 bytes
        Both:  29.00 KB

MaxMetaspaceSize: 17179869184.00 GB
CompressedClassSpaceSize: 1.00 GB

CodeHeap 'non-profiled nmethods': size=120000Kb used=7157Kb max_used=7157Kb free=112842Kb
 bounds [0x0000024ca50a0000, 0x0000024ca57a0000, 0x0000024cac5d0000]
CodeHeap 'profiled nmethods': size=120000Kb used=31444Kb max_used=31444Kb free=88555Kb
 bounds [0x0000024c9db70000, 0x0000024c9fa30000, 0x0000024ca50a0000]
CodeHeap 'non-nmethods': size=5760Kb used=2351Kb max_used=2379Kb free=3408Kb
 bounds [0x0000024c9d5d0000, 0x0000024c9d840000, 0x0000024c9db70000]
 total_blobs=15957 nmethods=14974 adapters=894
 compilation: enabled
              stopped_count=0, restarted_count=0
 full_count=0

Compilation events (20 events):
Event: 64.101 Thread 0x0000024cb342a000 nmethod 15555 0x0000024c9fa20510 code [0x0000024c9fa20720, 0x0000024c9fa20ca8]
Event: 64.101 Thread 0x0000024cb342a000 15556       3       it.unimi.dsi.fastutil.ints.IntOpenHashSet::add (120 bytes)
Event: 64.101 Thread 0x0000024cb342a000 nmethod 15556 0x0000024c9fa20f10 code [0x0000024c9fa21100, 0x0000024c9fa215f8]
Event: 64.101 Thread 0x0000024cb342a000 15557       3       it.unimi.dsi.fastutil.HashCommon::mix (12 bytes)
Event: 64.101 Thread 0x0000024cb342a000 nmethod 15557 0x0000024c9fa21810 code [0x0000024c9fa219c0, 0x0000024c9fa21ab8]
Event: 64.101 Thread 0x0000024cb342a000 15558       3       org.gradle.api.internal.tasks.compile.incremental.deps.DependentsSet::dependents (52 bytes)
Event: 64.102 Thread 0x0000024cb342a000 nmethod 15558 0x0000024c9fa21b90 code [0x0000024c9fa21de0, 0x0000024c9fa22688]
Event: 64.102 Thread 0x0000024cb342a000 15560       3       org.gradle.internal.serialize.IntSetSerializer::read (54 bytes)
Event: 64.103 Thread 0x0000024cb342a000 nmethod 15560 0x0000024c9fa22990 code [0x0000024c9fa22bc0, 0x0000024c9fa23158]
Event: 64.103 Thread 0x0000024cb342a000 15561       3       java.lang.StrictMath::floorOrCeil (128 bytes)
Event: 64.103 Thread 0x0000024cb342a000 nmethod 15561 0x0000024c9fa23390 code [0x0000024c9fa23560, 0x0000024c9fa239b8]
Event: 64.103 Thread 0x0000024cb342a000 15562       3       java.lang.Math::getExponent (17 bytes)
Event: 64.103 Thread 0x0000024cb342a000 nmethod 15562 0x0000024c9fa23a90 code [0x0000024c9fa23c40, 0x0000024c9fa23d58]
Event: 64.103 Thread 0x0000024cb342a000 15563       3       java.lang.Math::ceil (5 bytes)
Event: 64.104 Thread 0x0000024cb342a000 nmethod 15563 0x0000024c9fa23e10 code [0x0000024c9fa24000, 0x0000024c9fa24188]
Event: 64.104 Thread 0x0000024cb342a000 15564       3       java.lang.StrictMath::ceil (10 bytes)
Event: 64.104 Thread 0x0000024cb342a000 nmethod 15564 0x0000024c9fa24290 code [0x0000024c9fa24480, 0x0000024c9fa245a8]
Event: 64.104 Thread 0x0000024cb342a000 15565       3       it.unimi.dsi.fastutil.HashCommon::arraySize (71 bytes)
Event: 64.105 Thread 0x0000024cb342a000 nmethod 15565 0x0000024c9fa24690 code [0x0000024c9fa24920, 0x0000024c9fa24ef8]
Event: 64.106 Thread 0x0000024cb342a000 15568       3       com.google.common.collect.ImmutableSet::construct (252 bytes)

GC Heap History (20 events):
Event: 54.522 GC heap after
{Heap after GC invocations=64 (full 0):
 garbage-first heap   total 187392K, used 160213K [0x00000000a0000000, 0x0000000100000000)
  region size 1024K, 2 young (2048K), 2 survivors (2048K)
 Metaspace       used 120250K, capacity 122996K, committed 123084K, reserved 1157120K
  class space    used 14996K, capacity 16028K, committed 16076K, reserved 1048576K
}
Event: 54.748 GC heap before
{Heap before GC invocations=64 (full 0):
 garbage-first heap   total 187392K, used 167381K [0x00000000a0000000, 0x0000000100000000)
  region size 1024K, 9 young (9216K), 2 survivors (2048K)
 Metaspace       used 120768K, capacity 123498K, committed 123596K, reserved 1157120K
  class space    used 15027K, capacity 16065K, committed 16076K, reserved 1048576K
}
Event: 54.753 GC heap after
{Heap after GC invocations=65 (full 0):
 garbage-first heap   total 187392K, used 161638K [0x00000000a0000000, 0x0000000100000000)
  region size 1024K, 2 young (2048K), 2 survivors (2048K)
 Metaspace       used 120768K, capacity 123498K, committed 123596K, reserved 1157120K
  class space    used 15027K, capacity 16065K, committed 16076K, reserved 1048576K
}
Event: 54.817 GC heap before
{Heap before GC invocations=66 (full 0):
 garbage-first heap   total 187392K, used 168806K [0x00000000a0000000, 0x0000000100000000)
  region size 1024K, 9 young (9216K), 2 survivors (2048K)
 Metaspace       used 120768K, capacity 123498K, committed 123596K, reserved 1157120K
  class space    used 15027K, capacity 16065K, committed 16076K, reserved 1048576K
}
Event: 54.825 GC heap after
{Heap after GC invocations=67 (full 0):
 garbage-first heap   total 187392K, used 168597K [0x00000000a0000000, 0x0000000100000000)
  region size 1024K, 2 young (2048K), 2 survivors (2048K)
 Metaspace       used 120768K, capacity 123498K, committed 123596K, reserved 1157120K
  class space    used 15027K, capacity 16065K, committed 16076K, reserved 1048576K
}
Event: 54.878 GC heap before
{Heap before GC invocations=67 (full 0):
 garbage-first heap   total 187392K, used 174741K [0x00000000a0000000, 0x0000000100000000)
  region size 1024K, 9 young (9216K), 2 survivors (2048K)
 Metaspace       used 120768K, capacity 123498K, committed 123596K, reserved 1157120K
  class space    used 15027K, capacity 16065K, committed 16076K, reserved 1048576K
}
Event: 54.886 GC heap after
{Heap after GC invocations=68 (full 0):
 garbage-first heap   total 187392K, used 174712K [0x00000000a0000000, 0x0000000100000000)
  region size 1024K, 2 young (2048K), 2 survivors (2048K)
 Metaspace       used 120768K, capacity 123498K, committed 123596K, reserved 1157120K
  class space    used 15027K, capacity 16065K, committed 16076K, reserved 1048576K
}
Event: 54.910 GC heap before
{Heap before GC invocations=68 (full 0):
 garbage-first heap   total 187392K, used 181880K [0x00000000a0000000, 0x0000000100000000)
  region size 1024K, 9 young (9216K), 2 survivors (2048K)
 Metaspace       used 120768K, capacity 123498K, committed 123596K, reserved 1157120K
  class space    used 15027K, capacity 16065K, committed 16076K, reserved 1048576K
}
Event: 54.921 GC heap after
{Heap after GC invocations=69 (full 0):
 garbage-first heap   total 189440K, used 180224K [0x00000000a0000000, 0x0000000100000000)
  region size 1024K, 2 young (2048K), 2 survivors (2048K)
 Metaspace       used 120768K, capacity 123498K, committed 123596K, reserved 1157120K
  class space    used 15027K, capacity 16065K, committed 16076K, reserved 1048576K
}
Event: 54.953 GC heap before
{Heap before GC invocations=69 (full 0):
 garbage-first heap   total 189440K, used 187392K [0x00000000a0000000, 0x0000000100000000)
  region size 1024K, 9 young (9216K), 2 survivors (2048K)
 Metaspace       used 120768K, capacity 123498K, committed 123596K, reserved 1157120K
  class space    used 15027K, capacity 16065K, committed 16076K, reserved 1048576K
}
Event: 54.964 GC heap after
{Heap after GC invocations=70 (full 0):
 garbage-first heap   total 195584K, used 186025K [0x00000000a0000000, 0x0000000100000000)
  region size 1024K, 2 young (2048K), 2 survivors (2048K)
 Metaspace       used 120768K, capacity 123498K, committed 123596K, reserved 1157120K
  class space    used 15027K, capacity 16065K, committed 16076K, reserved 1048576K
}
Event: 54.998 GC heap before
{Heap before GC invocations=70 (full 0):
 garbage-first heap   total 195584K, used 192169K [0x00000000a0000000, 0x0000000100000000)
  region size 1024K, 9 young (9216K), 2 survivors (2048K)
 Metaspace       used 120772K, capacity 123498K, committed 123596K, reserved 1157120K
  class space    used 15027K, capacity 16065K, committed 16076K, reserved 1048576K
}
Event: 55.008 GC heap after
{Heap after GC invocations=71 (full 0):
 garbage-first heap   total 288768K, used 191488K [0x00000000a0000000, 0x0000000100000000)
  region size 1024K, 2 young (2048K), 2 survivors (2048K)
 Metaspace       used 120772K, capacity 123498K, committed 123596K, reserved 1157120K
  class space    used 15027K, capacity 16065K, committed 16076K, reserved 1048576K
}
Event: 55.298 GC heap before
{Heap before GC invocations=71 (full 0):
 garbage-first heap   total 288768K, used 216064K [0x00000000a0000000, 0x0000000100000000)
  region size 1024K, 27 young (27648K), 2 survivors (2048K)
 Metaspace       used 120861K, capacity 123582K, committed 123596K, reserved 1157120K
  class space    used 15029K, capacity 16067K, committed 16076K, reserved 1048576K
}
Event: 55.360 GC heap after
{Heap after GC invocations=72 (full 0):
 garbage-first heap   total 288768K, used 211444K [0x00000000a0000000, 0x0000000100000000)
  region size 1024K, 4 young (4096K), 4 survivors (4096K)
 Metaspace       used 120861K, capacity 123582K, committed 123596K, reserved 1157120K
  class space    used 15029K, capacity 16067K, committed 16076K, reserved 1048576K
}
Event: 55.465 GC heap before
{Heap before GC invocations=72 (full 0):
 garbage-first heap   total 288768K, used 227828K [0x00000000a0000000, 0x0000000100000000)
  region size 1024K, 20 young (20480K), 4 survivors (4096K)
 Metaspace       used 120944K, capacity 123712K, committed 123852K, reserved 1157120K
  class space    used 15030K, capacity 16067K, committed 16076K, reserved 1048576K
}
Event: 55.480 GC heap after
{Heap after GC invocations=73 (full 0):
 garbage-first heap   total 288768K, used 219491K [0x00000000a0000000, 0x0000000100000000)
  region size 1024K, 3 young (3072K), 3 survivors (3072K)
 Metaspace       used 120944K, capacity 123712K, committed 123852K, reserved 1157120K
  class space    used 15030K, capacity 16067K, committed 16076K, reserved 1048576K
}
Event: 56.479 GC heap before
{Heap before GC invocations=74 (full 0):
 garbage-first heap   total 288768K, used 232803K [0x00000000a0000000, 0x0000000100000000)
  region size 1024K, 17 young (17408K), 3 survivors (3072K)
 Metaspace       used 121135K, capacity 123757K, committed 123852K, reserved 1157120K
  class space    used 15044K, capacity 16075K, committed 16076K, reserved 1048576K
}
Event: 56.487 GC heap after
{Heap after GC invocations=75 (full 0):
 garbage-first heap   total 288768K, used 218997K [0x00000000a0000000, 0x0000000100000000)
  region size 1024K, 1 young (1024K), 1 survivors (1024K)
 Metaspace       used 121135K, capacity 123757K, committed 123852K, reserved 1157120K
  class space    used 15044K, capacity 16075K, committed 16076K, reserved 1048576K
}
Event: 64.108 GC heap before
{Heap before GC invocations=75 (full 0):
 garbage-first heap   total 288768K, used 233333K [0x00000000a0000000, 0x0000000100000000)
  region size 1024K, 16 young (16384K), 1 survivors (1024K)
 Metaspace       used 121890K, capacity 124591K, committed 124748K, reserved 1157120K
  class space    used 15151K, capacity 16204K, committed 16204K, reserved 1048576K
}

Deoptimization events (20 events):
Event: 56.458 Thread 0x0000024cb66ae000 Uncommon trap: trap_request=0xffffffd6 fr.pc=0x0000024ca56943a8 relative=0x0000000000000748
Event: 56.458 Thread 0x0000024cb66ae000 Uncommon trap: reason=array_check action=maybe_recompile pc=0x0000024ca56943a8 method=java.util.ComparableTimSort.binarySort([Ljava/lang/Object;III)V @ 193 c2
Event: 56.458 Thread 0x0000024cb66ae000 DEOPT PACKING pc=0x0000024ca56943a8 sp=0x0000007b8eaf68a0
Event: 56.458 Thread 0x0000024cb66ae000 DEOPT UNPACKING pc=0x0000024c9d5f78af sp=0x0000007b8eaf6840 mode 2
Event: 56.503 Thread 0x0000024cb472e800 Uncommon trap: trap_request=0xffffffde fr.pc=0x0000024ca53fab7c relative=0x00000000000000bc
Event: 56.503 Thread 0x0000024cb472e800 Uncommon trap: reason=class_check action=maybe_recompile pc=0x0000024ca53fab7c method=java.lang.ThreadLocal.set(Ljava/lang/Object;)V @ 26 c2
Event: 56.503 Thread 0x0000024cb472e800 DEOPT PACKING pc=0x0000024ca53fab7c sp=0x0000007b92cfd5a0
Event: 56.503 Thread 0x0000024cb472e800 DEOPT UNPACKING pc=0x0000024c9d5f78af sp=0x0000007b92cfd530 mode 2
Event: 63.447 Thread 0x0000024cb472e800 Uncommon trap: trap_request=0xffffff4d fr.pc=0x0000024ca5692ba0 relative=0x00000000000007c0
Event: 63.448 Thread 0x0000024cb472e800 Uncommon trap: reason=unstable_if action=reinterpret pc=0x0000024ca5692ba0 method=java.io.ObjectInputStream$BlockDataInputStream.readUTFSpan(Ljava/lang/StringBuilder;J)J @ 88 c2
Event: 63.448 Thread 0x0000024cb472e800 DEOPT PACKING pc=0x0000024ca5692ba0 sp=0x0000007b92cfb420
Event: 63.448 Thread 0x0000024cb472e800 DEOPT UNPACKING pc=0x0000024c9d5f78af sp=0x0000007b92cfb3c8 mode 2
Event: 63.766 Thread 0x0000024cb5098000 Uncommon trap: trap_request=0xffffff4d fr.pc=0x0000024ca558d5f0 relative=0x0000000000000830
Event: 63.766 Thread 0x0000024cb5098000 Uncommon trap: reason=unstable_if action=reinterpret pc=0x0000024ca558d5f0 method=java.util.concurrent.ConcurrentHashMap.replaceNode(Ljava/lang/Object;Ljava/lang/Object;Ljava/lang/Object;)Ljava/lang/Object; @ 136 c2
Event: 63.766 Thread 0x0000024cb5098000 DEOPT PACKING pc=0x0000024ca558d5f0 sp=0x0000007b912fe5b0
Event: 63.766 Thread 0x0000024cb5098000 DEOPT UNPACKING pc=0x0000024c9d5f78af sp=0x0000007b912fe518 mode 2
Event: 63.905 Thread 0x0000024cb66ae000 Uncommon trap: trap_request=0xffffff4d fr.pc=0x0000024ca543d074 relative=0x0000000000000814
Event: 63.905 Thread 0x0000024cb66ae000 Uncommon trap: reason=unstable_if action=reinterpret pc=0x0000024ca543d074 method=org.objectweb.asm.MethodWriter.visitLabel(Lorg/objectweb/asm/Label;)V @ 312 c2
Event: 63.905 Thread 0x0000024cb66ae000 DEOPT PACKING pc=0x0000024ca543d074 sp=0x0000007b8eaf7e50
Event: 63.905 Thread 0x0000024cb66ae000 DEOPT UNPACKING pc=0x0000024c9d5f78af sp=0x0000007b8eaf7e28 mode 2

Classes redefined (0 events):
No events

Internal exceptions (20 events):
Event: 54.494 Thread 0x0000024cba0e5800 Exception <a 'sun/nio/fs/WindowsException'{0x00000000aae7e6c0}> (0x00000000aae7e6c0) thrown at [./src/hotspot/share/prims/jni.cpp, line 615]
Event: 54.504 Thread 0x0000024cba0e5800 Exception <a 'sun/nio/fs/WindowsException'{0x00000000aaec3ba8}> (0x00000000aaec3ba8) thrown at [./src/hotspot/share/prims/jni.cpp, line 615]
Event: 54.505 Thread 0x0000024cba0e5800 Exception <a 'sun/nio/fs/WindowsException'{0x00000000aaec4680}> (0x00000000aaec4680) thrown at [./src/hotspot/share/prims/jni.cpp, line 615]
Event: 54.557 Thread 0x0000024cba0e5800 Exception <a 'sun/nio/fs/WindowsException'{0x00000000ab6d69b0}> (0x00000000ab6d69b0) thrown at [./src/hotspot/share/prims/jni.cpp, line 615]
Event: 54.558 Thread 0x0000024cba0e5800 Exception <a 'sun/nio/fs/WindowsException'{0x00000000ab6d7458}> (0x00000000ab6d7458) thrown at [./src/hotspot/share/prims/jni.cpp, line 615]
Event: 54.558 Thread 0x0000024cba0e5800 Exception <a 'sun/nio/fs/WindowsException'{0x00000000ab6d7f50}> (0x00000000ab6d7f50) thrown at [./src/hotspot/share/prims/jni.cpp, line 615]
Event: 54.558 Thread 0x0000024cba0e5800 Exception <a 'sun/nio/fs/WindowsException'{0x00000000ab6d87b8}> (0x00000000ab6d87b8) thrown at [./src/hotspot/share/prims/jni.cpp, line 615]
Event: 54.558 Thread 0x0000024cba0e5800 Exception <a 'sun/nio/fs/WindowsException'{0x00000000ab6d9220}> (0x00000000ab6d9220) thrown at [./src/hotspot/share/prims/jni.cpp, line 615]
Event: 54.558 Thread 0x0000024cba0e5800 Exception <a 'sun/nio/fs/WindowsException'{0x00000000ab6d92a0}> (0x00000000ab6d92a0) thrown at [./src/hotspot/share/prims/jni.cpp, line 615]
Event: 54.559 Thread 0x0000024cba0e5800 Exception <a 'sun/nio/fs/WindowsException'{0x00000000ab6da518}> (0x00000000ab6da518) thrown at [./src/hotspot/share/prims/jni.cpp, line 615]
Event: 54.565 Thread 0x0000024cba0e5800 Exception <a 'sun/nio/fs/WindowsException'{0x00000000ab6ed8e0}> (0x00000000ab6ed8e0) thrown at [./src/hotspot/share/prims/jni.cpp, line 615]
Event: 54.565 Thread 0x0000024cba0e5800 Exception <a 'sun/nio/fs/WindowsException'{0x00000000ab6ee378}> (0x00000000ab6ee378) thrown at [./src/hotspot/share/prims/jni.cpp, line 615]
Event: 54.609 Thread 0x0000024cba0e5800 Exception <a 'sun/nio/fs/WindowsException'{0x00000000ab5f7b48}> (0x00000000ab5f7b48) thrown at [./src/hotspot/share/prims/jni.cpp, line 615]
Event: 54.609 Thread 0x0000024cba0e5800 Exception <a 'sun/nio/fs/WindowsException'{0x00000000ab5f8608}> (0x00000000ab5f8608) thrown at [./src/hotspot/share/prims/jni.cpp, line 615]
Event: 54.616 Thread 0x0000024cba0e5800 Exception <a 'sun/nio/fs/WindowsException'{0x00000000ab4166b8}> (0x00000000ab4166b8) thrown at [./src/hotspot/share/prims/jni.cpp, line 615]
Event: 54.617 Thread 0x0000024cba0e5800 Exception <a 'sun/nio/fs/WindowsException'{0x00000000ab417160}> (0x00000000ab417160) thrown at [./src/hotspot/share/prims/jni.cpp, line 615]
Event: 55.496 Thread 0x0000024cba0e5800 Exception <a 'java/lang/NoSuchMethodError'{0x00000000b19a4790}: <clinit>> (0x00000000b19a4790) thrown at [./src/hotspot/share/prims/jni.cpp, line 1362]
Event: 55.497 Thread 0x0000024cba0e5800 Exception <a 'java/lang/NoSuchMethodError'{0x00000000b19b2750}: <clinit>> (0x00000000b19b2750) thrown at [./src/hotspot/share/prims/jni.cpp, line 1362]
Event: 55.511 Thread 0x0000024cba0e5800 Exception <a 'java/lang/NoSuchMethodError'{0x00000000b19cf9c0}: <clinit>> (0x00000000b19cf9c0) thrown at [./src/hotspot/share/prims/jni.cpp, line 1362]
Event: 56.469 Thread 0x0000024cb472a800 Exception <a 'java/lang/InterruptedException'{0x00000000b0c26478}> (0x00000000b0c26478) thrown at [./src/hotspot/share/runtime/objectMonitor.cpp, line 1635]

Events (20 events):
Event: 64.090 Executing VM operation: Deoptimize done
Event: 64.092 loading class it/unimi/dsi/fastutil/Hash
Event: 64.092 loading class it/unimi/dsi/fastutil/Hash done
Event: 64.092 loading class it/unimi/dsi/fastutil/ints/AbstractIntSet
Event: 64.092 loading class it/unimi/dsi/fastutil/ints/AbstractIntSet done
Event: 64.093 loading class it/unimi/dsi/fastutil/ints/AbstractIntCollection
Event: 64.093 loading class it/unimi/dsi/fastutil/ints/AbstractIntCollection done
Event: 64.096 loading class it/unimi/dsi/fastutil/ints/IntIterator
Event: 64.096 loading class it/unimi/dsi/fastutil/ints/IntIterator done
Event: 64.096 loading class java/util/PrimitiveIterator$OfInt
Event: 64.096 loading class java/util/PrimitiveIterator
Event: 64.097 loading class java/util/PrimitiveIterator done
Event: 64.097 loading class java/util/PrimitiveIterator$OfInt done
Event: 64.097 loading class it/unimi/dsi/fastutil/ints/IntSpliterator
Event: 64.097 loading class it/unimi/dsi/fastutil/ints/IntSpliterator done
Event: 64.098 loading class it/unimi/dsi/fastutil/HashCommon
Event: 64.098 loading class it/unimi/dsi/fastutil/HashCommon done
Event: 64.099 loading class java/lang/StrictMath
Event: 64.100 loading class java/lang/StrictMath done
Event: 64.108 Executing VM operation: G1CollectForAllocation


Dynamic libraries:
0x00007ff7c5d50000 - 0x00007ff7c5d5a000 	C:\Program Files\Android\Android Studio\jre\bin\java.exe
0x00007ffb699f0000 - 0x00007ffb69be5000 	C:\WINDOWS\SYSTEM32\ntdll.dll
0x00007ffb67db0000 - 0x00007ffb67e6e000 	C:\WINDOWS\System32\KERNEL32.DLL
0x00007ffb67420000 - 0x00007ffb676e8000 	C:\WINDOWS\System32\KERNELBASE.dll
0x00007ffb671d0000 - 0x00007ffb672d0000 	C:\WINDOWS\System32\ucrtbase.dll
0x00007ffb56f50000 - 0x00007ffb56f69000 	C:\Program Files\Android\Android Studio\jre\bin\jli.dll
0x00007ffb56f70000 - 0x00007ffb56f87000 	C:\Program Files\Android\Android Studio\jre\bin\VCRUNTIME140.dll
0x00007ffb68910000 - 0x00007ffb68ab0000 	C:\WINDOWS\System32\USER32.dll
0x00007ffb676f0000 - 0x00007ffb67712000 	C:\WINDOWS\System32\win32u.dll
0x00007ffb67af0000 - 0x00007ffb67b1b000 	C:\WINDOWS\System32\GDI32.dll
0x00007ffb67880000 - 0x00007ffb6798d000 	C:\WINDOWS\System32\gdi32full.dll
0x00007ffb67130000 - 0x00007ffb671cd000 	C:\WINDOWS\System32\msvcp_win.dll
0x00007ffb5c970000 - 0x00007ffb5cc0a000 	C:\WINDOWS\WinSxS\amd64_microsoft.windows.common-controls_6595b64144ccf1df_6.0.19041.1110_none_60b5254171f9507e\COMCTL32.dll
0x00007ffb69900000 - 0x00007ffb6999e000 	C:\WINDOWS\System32\msvcrt.dll
0x00007ffb67f90000 - 0x00007ffb67fc0000 	C:\WINDOWS\System32\IMM32.DLL
0x00007ffb54290000 - 0x00007ffb5432d000 	C:\Program Files\Android\Android Studio\jre\bin\msvcp140.dll
0x00007ffac8000000 - 0x00007ffac8acf000 	C:\Program Files\Android\Android Studio\jre\bin\server\jvm.dll
0x00007ffb67d00000 - 0x00007ffb67dae000 	C:\WINDOWS\System32\ADVAPI32.dll
0x00007ffb67b20000 - 0x00007ffb67bbc000 	C:\WINDOWS\System32\sechost.dll
0x00007ffb68510000 - 0x00007ffb68635000 	C:\WINDOWS\System32\RPCRT4.dll
0x00007ffb699a0000 - 0x00007ffb699a8000 	C:\WINDOWS\System32\PSAPI.DLL
0x00007ffb5f0c0000 - 0x00007ffb5f0ca000 	C:\WINDOWS\SYSTEM32\VERSION.dll
0x00007ffb485c0000 - 0x00007ffb485e7000 	C:\WINDOWS\SYSTEM32\WINMM.dll
0x00007ffb4a320000 - 0x00007ffb4a329000 	C:\WINDOWS\SYSTEM32\WSOCK32.dll
0x00007ffb68640000 - 0x00007ffb686ab000 	C:\WINDOWS\System32\WS2_32.dll
0x00007ffb65980000 - 0x00007ffb65992000 	C:\WINDOWS\SYSTEM32\kernel.appcore.dll
0x00007ffb50410000 - 0x00007ffb50421000 	C:\Program Files\Android\Android Studio\jre\bin\verify.dll
0x00007ffb65690000 - 0x00007ffb65874000 	C:\WINDOWS\SYSTEM32\DBGHELP.DLL
0x00007ffb5c900000 - 0x00007ffb5c92c000 	C:\WINDOWS\SYSTEM32\dbgcore.DLL
0x00007ffb67320000 - 0x00007ffb673a2000 	C:\WINDOWS\System32\bcryptPrimitives.dll
0x00007ffb35070000 - 0x00007ffb35099000 	C:\Program Files\Android\Android Studio\jre\bin\java.dll
0x00007ffb61310000 - 0x00007ffb6131b000 	C:\Program Files\Android\Android Studio\jre\bin\jimage.dll
0x00007ffb503f0000 - 0x00007ffb50408000 	C:\Program Files\Android\Android Studio\jre\bin\zip.dll
0x00007ffb68c10000 - 0x00007ffb69354000 	C:\WINDOWS\System32\SHELL32.dll
0x00007ffb64e30000 - 0x00007ffb655c4000 	C:\WINDOWS\SYSTEM32\windows.storage.dll
0x00007ffb69520000 - 0x00007ffb69875000 	C:\WINDOWS\System32\combase.dll
0x00007ffb66b50000 - 0x00007ffb66b7e000 	C:\WINDOWS\SYSTEM32\Wldp.dll
0x00007ffb67a40000 - 0x00007ffb67aed000 	C:\WINDOWS\System32\SHCORE.dll
0x00007ffb68020000 - 0x00007ffb68075000 	C:\WINDOWS\System32\shlwapi.dll
0x00007ffb67040000 - 0x00007ffb6705f000 	C:\WINDOWS\SYSTEM32\profapi.dll
0x00007ffb34fa0000 - 0x00007ffb34fba000 	C:\Program Files\Android\Android Studio\jre\bin\net.dll
0x00007ffb62100000 - 0x00007ffb6220c000 	C:\WINDOWS\SYSTEM32\WINHTTP.dll
0x00007ffb668b0000 - 0x00007ffb6691a000 	C:\WINDOWS\system32\mswsock.dll
0x00007ffb34f80000 - 0x00007ffb34f94000 	C:\Program Files\Android\Android Studio\jre\bin\nio.dll
0x00007ffb4cd50000 - 0x00007ffb4cd77000 	C:\Users\migue\.gradle\native\8bec1ad78214c89d9ad589b4d07fe93259594b29d510b10fafb7a158f7737e5d\windows-amd64\native-platform.dll
0x00007ffad9360000 - 0x00007ffad949d000 	C:\Users\migue\.gradle\native\53dbd7edfb1c66fb8903c78663c9afc45aea4f116125fa6feffd364cf09443e8\windows-amd64\native-platform-file-events.dll
0x00007ffb61220000 - 0x00007ffb6122a000 	C:\Program Files\Android\Android Studio\jre\bin\management.dll
0x00007ffb60240000 - 0x00007ffb6024c000 	C:\Program Files\Android\Android Studio\jre\bin\management_ext.dll
0x00007ffb66aa0000 - 0x00007ffb66ab8000 	C:\WINDOWS\SYSTEM32\CRYPTSP.dll
0x00007ffb661c0000 - 0x00007ffb661f4000 	C:\WINDOWS\system32\rsaenh.dll
0x00007ffb67100000 - 0x00007ffb67127000 	C:\WINDOWS\System32\bcrypt.dll
0x00007ffb67000000 - 0x00007ffb6702e000 	C:\WINDOWS\SYSTEM32\USERENV.dll
0x00007ffb66ac0000 - 0x00007ffb66acc000 	C:\WINDOWS\SYSTEM32\CRYPTBASE.dll
0x00007ffb66550000 - 0x00007ffb6658b000 	C:\WINDOWS\SYSTEM32\IPHLPAPI.DLL
0x00007ffb69360000 - 0x00007ffb69368000 	C:\WINDOWS\System32\NSI.dll
0x00007ffb5e680000 - 0x00007ffb5e697000 	C:\WINDOWS\SYSTEM32\dhcpcsvc6.DLL
0x00007ffb5f320000 - 0x00007ffb5f33d000 	C:\WINDOWS\SYSTEM32\dhcpcsvc.DLL
0x00007ffb665e0000 - 0x00007ffb666ab000 	C:\WINDOWS\SYSTEM32\DNSAPI.dll
0x00007ffb5ad80000 - 0x00007ffb5ad9e000 	C:\Users\migue\AppData\Local\Temp\native-platform4622602779393624613dir\native-platform.dll
0x00007ffb61450000 - 0x00007ffb61458000 	C:\Program Files\Android\Android Studio\jre\bin\rmi.dll
0x00007ffb2a380000 - 0x00007ffb2a397000 	C:\WINDOWS\system32\napinsp.dll
0x00007ffb2a670000 - 0x00007ffb2a68b000 	C:\WINDOWS\system32\pnrpnsp.dll
0x00007ffb62390000 - 0x00007ffb623a5000 	C:\WINDOWS\system32\wshbth.dll
0x00007ffb620e0000 - 0x00007ffb620fd000 	C:\WINDOWS\system32\NLAapi.dll
0x00007ffb2ccd0000 - 0x00007ffb2cce2000 	C:\WINDOWS\System32\winrnr.dll
0x00007ffb60770000 - 0x00007ffb6077a000 	C:\Windows\System32\rasadhlp.dll
0x00007ffb5e440000 - 0x00007ffb5e4bf000 	C:\WINDOWS\System32\fwpuclnt.dll

dbghelp: loaded successfully - version: 4.0.5 - missing functions: none
symbol engine: initialized successfully - sym options: 0x614 - pdb path: .;C:\Program Files\Android\Android Studio\jre\bin;C:\WINDOWS\SYSTEM32;C:\WINDOWS\WinSxS\amd64_microsoft.windows.common-controls_6595b64144ccf1df_6.0.19041.1110_none_60b5254171f9507e;C:\Program Files\Android\Android Studio\jre\bin\server;C:\Users\migue\.gradle\native\8bec1ad78214c89d9ad589b4d07fe93259594b29d510b10fafb7a158f7737e5d\windows-amd64;C:\Users\migue\.gradle\native\53dbd7edfb1c66fb8903c78663c9afc45aea4f116125fa6feffd364cf09443e8\windows-amd64;C:\Users\migue\AppData\Local\Temp\native-platform4622602779393624613dir

VM Arguments:
jvm_args: --add-opens=java.base/java.util=ALL-UNNAMED --add-opens=java.base/java.lang=ALL-UNNAMED --add-opens=java.base/java.lang.invoke=ALL-UNNAMED --add-opens=java.base/java.util=ALL-UNNAMED --add-opens=java.prefs/java.util.prefs=ALL-UNNAMED --add-opens=java.prefs/java.util.prefs=ALL-UNNAMED --add-opens=java.base/java.nio.charset=ALL-UNNAMED --add-opens=java.base/java.net=ALL-UNNAMED --add-opens=java.base/java.util.concurrent.atomic=ALL-UNNAMED -Xmx1536m -Dfile.encoding=windows-1252 -Duser.country=ES -Duser.language=es -Duser.variant 
java_command: org.gradle.launcher.daemon.bootstrap.GradleDaemon 7.0.2
java_class_path (initial): C:\Users\migue\.gradle\wrapper\dists\gradle-7.0.2-all\7era6s5ay7zsbhuvl0oc9g94s\gradle-7.0.2\lib\gradle-launcher-7.0.2.jar
Launcher Type: SUN_STANDARD

[Global flags]
     intx CICompilerCount                          = 4                                         {product} {ergonomic}
     uint ConcGCThreads                            = 2                                         {product} {ergonomic}
     uint G1ConcRefinementThreads                  = 8                                         {product} {ergonomic}
   size_t G1HeapRegionSize                         = 1048576                                   {product} {ergonomic}
    uintx GCDrainStackTargetSize                   = 64                                        {product} {ergonomic}
   size_t InitialHeapSize                          = 132120576                                 {product} {ergonomic}
   size_t MarkStackSize                            = 4194304                                   {product} {ergonomic}
   size_t MaxHeapSize                              = 1610612736                                {product} {command line}
   size_t MaxNewSize                               = 965738496                                 {product} {ergonomic}
   size_t MinHeapDeltaBytes                        = 1048576                                   {product} {ergonomic}
    uintx NonNMethodCodeHeapSize                   = 5836300                                {pd product} {ergonomic}
    uintx NonProfiledCodeHeapSize                  = 122910970                              {pd product} {ergonomic}
    uintx ProfiledCodeHeapSize                     = 122910970                              {pd product} {ergonomic}
    uintx ReservedCodeCacheSize                    = 251658240                              {pd product} {ergonomic}
     bool SegmentedCodeCache                       = true                                      {product} {ergonomic}
     bool UseCompressedClassPointers               = true                                 {lp64_product} {ergonomic}
     bool UseCompressedOops                        = true                                 {lp64_product} {ergonomic}
     bool UseG1GC                                  = true                                      {product} {ergonomic}
     bool UseLargePagesIndividualAllocation        = false                                  {pd product} {ergonomic}

Logging:
Log output configuration:
 #0: stdout all=warning uptime,level,tags
 #1: stderr all=off uptime,level,tags

Environment Variables:
PATH=C:\Program Files\Common Files\Oracle\Java\javapath;C:\windows\system32;C:\windows;C:\windows\System32\Wbem;C:\windows\System32\WindowsPowerShell\v1.0\;C:\windows\System32\OpenSSH\;C:\Program Files (x86)\NVIDIA Corporation\PhysX\Common;C:\Program Files\NVIDIA Corporation\NVIDIA NvDLISR;C:\Program Files\Microsoft SQL Server\130\Tools\Binn\;C:\Program Files\Microsoft SQL Server\Client SDK\ODBC\170\Tools\Binn\;C:\Program Files\dotnet\;C:\PHP;C:\WINDOWS\system32;C:\WINDOWS;C:\WINDOWS\System32\Wbem;C:\WINDOWS\System32\WindowsPowerShell\v1.0\;C:\WINDOWS\System32\OpenSSH\;C:\Program Files\Git\cmd;C:\Program Files\Java\jdk-17.0.1\bin;C:\Users\migue\AppData\Local\Programs\Python\Python38-32\Scripts\;C:\Users\migue\AppData\Local\Programs\Python\Python38-32\;C:\Users\migue\AppData\Local\Microsoft\WindowsApps;C:\Users\migue\AppData\Local\Programs\Microsoft VS Code\bin;C:\Users\migue\.dotnet\tools;C:\Users\migue\AppData\Local\atom\bin;C:\Users\migue\.dotnet\tools;C:\Users\migue\AppData\Local\Microsoft\WindowsApps;
USERNAME=migue
OS=Windows_NT
PROCESSOR_IDENTIFIER=Intel64 Family 6 Model 142 Stepping 12, GenuineIntel



---------------  S Y S T E M  ---------------

OS: Windows 10 , 64 bit Build 19041 (10.0.19041.1503)
OS uptime: 11 days 20:27 hours

CPU:total 8 (initial active 8) (4 cores per cpu, 2 threads per core) family 6 model 142 stepping 12 microcode 0xde, cmov, cx8, fxsr, mmx, sse, sse2, sse3, ssse3, sse4.1, sse4.2, popcnt, avx, avx2, aes, clmul, erms, 3dnowpref, lzcnt, ht, tsc, tscinvbit, bmi1, bmi2, adx, fma

Memory: 4k page, system-wide physical 7977M (224M free)
TotalPageFile size 32553M (AvailPageFile size 112M)
current process WorkingSet (physical memory assigned to process): 402M, peak: 442M
current process commit charge ("private bytes"): 610M, peak: 923M

vm_info: OpenJDK 64-Bit Server VM (11.0.10+0-b96-7249189) for windows-amd64 JRE (11.0.10+0-b96-7249189), built on Mar 31 2021 21:44:00 by "builder" with MS VC++ 14.0 (VS2015)

END.
