#
# There is insufficient memory for the Java Runtime Environment to continue.
# Native memory allocation (malloc) failed to allocate 1076496 bytes for Chunk::new
# Possible reasons:
#   The system is out of physical RAM or swap space
#   The process is running with CompressedOops enabled, and the Java Heap may be blocking the growth of the native heap
# Possible solutions:
#   Reduce memory load on the system
#   Increase physical memory or swap space
#   Check if swap backing store is full
#   Decrease Java heap size (-Xmx/-Xms)
#   Decrease number of Java threads
#   Decrease Java thread stack sizes (-Xss)
#   Set larger code cache with -XX:ReservedCodeCacheSize=
#   JVM is running with Unscaled Compressed Oops mode in which the Java heap is
#     placed in the first 4GB address space. The Java Heap base address is the
#     maximum limit for the native heap growth. Please use -XX:HeapBaseMinAddress
#     to set the Java Heap base and to place the Java Heap above 4GB virtual address.
# This output file may be truncated or incomplete.
#
#  Out of Memory Error (./src/hotspot/share/memory/arena.cpp:197), pid=8856, tid=27896
#
# JRE version: OpenJDK Runtime Environment (11.0.10) (build 11.0.10+0-b96-7249189)
# Java VM: OpenJDK 64-Bit Server VM (11.0.10+0-b96-7249189, mixed mode, tiered, compressed oops, g1 gc, windows-amd64)
# No core dump will be written. Minidumps are not enabled by default on client versions of Windows
#

---------------  S U M M A R Y ------------

Command Line: --add-opens=java.base/java.util=ALL-UNNAMED --add-opens=java.base/java.lang=ALL-UNNAMED --add-opens=java.base/java.lang.invoke=ALL-UNNAMED --add-opens=java.base/java.util=ALL-UNNAMED --add-opens=java.prefs/java.util.prefs=ALL-UNNAMED --add-opens=java.prefs/java.util.prefs=ALL-UNNAMED --add-opens=java.base/java.nio.charset=ALL-UNNAMED --add-opens=java.base/java.net=ALL-UNNAMED --add-opens=java.base/java.util.concurrent.atomic=ALL-UNNAMED -Xmx1536m -Dfile.encoding=windows-1252 -Duser.country=ES -Duser.language=es -Duser.variant org.gradle.launcher.daemon.bootstrap.GradleDaemon 7.0.2

Host: Intel(R) Core(TM) i5-10210U CPU @ 1.60GHz, 8 cores, 7G,  Windows 10 , 64 bit Build 19041 (10.0.19041.1503)
Time: Wed Feb 23 12:56:38 2022 Hora estándar del Centro elapsed time: 20.284149 seconds (0d 0h 0m 20s)

---------------  T H R E A D  ---------------

Current thread (0x0000013967c2e000):  JavaThread "C2 CompilerThread1" daemon [_thread_in_native, id=27896, stack(0x0000002efda00000,0x0000002efdb00000)]


Current CompileTask:
C2:  20284 8321       4       java.io.WinNTFileSystem::normalize (143 bytes)

Stack: [0x0000002efda00000,0x0000002efdb00000]
Native frames: (J=compiled Java code, j=interpreted, Vv=VM code, C=native code)
V  [jvm.dll+0x5ecfaa]
V  [jvm.dll+0x722bd5]
V  [jvm.dll+0x72412d]
V  [jvm.dll+0x7247e3]
V  [jvm.dll+0x242928]
V  [jvm.dll+0xbc4fc]
V  [jvm.dll+0xbca0c]
V  [jvm.dll+0x352d3b]
V  [jvm.dll+0x320ad3]
V  [jvm.dll+0x31ffca]
V  [jvm.dll+0x1fb602]
V  [jvm.dll+0x1fa7f4]
V  [jvm.dll+0x18354c]
V  [jvm.dll+0x208ee7]
V  [jvm.dll+0x207731]
V  [jvm.dll+0x6eb1cf]
V  [jvm.dll+0x6e3d45]
V  [jvm.dll+0x5ebe96]
C  [ucrtbase.dll+0x21bb2]
C  [KERNEL32.DLL+0x17034]
C  [ntdll.dll+0x52651]


---------------  P R O C E S S  ---------------

Threads class SMR info:
_java_thread_list=0x000001396b684470, length=62, elements={
0x000001394b14d000, 0x0000013964a7a000, 0x0000013964a7d000, 0x0000013965435800,
0x0000013965437800, 0x0000013965438800, 0x0000013965439800, 0x000001396543d000,
0x0000013965440000, 0x0000013965576000, 0x00000139678dd800, 0x00000139678de800,
0x00000139678d9000, 0x00000139678d9800, 0x00000139678df800, 0x00000139678da800,
0x00000139678dc000, 0x00000139678db800, 0x00000139678dd000, 0x00000139679ae000,
0x00000139679ad800, 0x00000139679b1800, 0x00000139679b3000, 0x00000139679b0800,
0x00000139679b2000, 0x00000139679b4000, 0x00000139679b4800, 0x00000139679af000,
0x00000139679b5800, 0x00000139679af800, 0x00000139679b9800, 0x00000139679b6000,
0x00000139679bb000, 0x00000139679ba800, 0x00000139679bc000, 0x00000139679b7000,
0x0000013967a08800, 0x0000013967a09800, 0x0000013967a0a000, 0x0000013967a0b000,
0x0000013967a07000, 0x0000013967a06000, 0x0000013967a07800, 0x0000013967a05800,
0x0000013967a0c800, 0x0000013967a10000, 0x0000013967a0c000, 0x0000013967a10800,
0x0000013967a0e800, 0x0000013967c2e000, 0x00000139680be800, 0x0000013967a13000,
0x0000013967a12800, 0x0000013967a0d800, 0x0000013967a14000, 0x000001396b148000,
0x000001396b146800, 0x000001396b149000, 0x000001396b147800, 0x000001396b14a000,
0x000001396b145000, 0x000001396b145800
}

Java Threads: ( => current thread )
  0x000001394b14d000 JavaThread "main" [_thread_blocked, id=2824, stack(0x0000002efb400000,0x0000002efb500000)]
  0x0000013964a7a000 JavaThread "Reference Handler" daemon [_thread_blocked, id=23476, stack(0x0000002efbb00000,0x0000002efbc00000)]
  0x0000013964a7d000 JavaThread "Finalizer" daemon [_thread_blocked, id=27220, stack(0x0000002efbc00000,0x0000002efbd00000)]
  0x0000013965435800 JavaThread "Signal Dispatcher" daemon [_thread_blocked, id=19792, stack(0x0000002efbd00000,0x0000002efbe00000)]
  0x0000013965437800 JavaThread "Attach Listener" daemon [_thread_blocked, id=23072, stack(0x0000002efbe00000,0x0000002efbf00000)]
  0x0000013965438800 JavaThread "Service Thread" daemon [_thread_blocked, id=15764, stack(0x0000002efbf00000,0x0000002efc000000)]
  0x0000013965439800 JavaThread "C2 CompilerThread0" daemon [_thread_in_native, id=22356, stack(0x0000002efc000000,0x0000002efc100000)]
  0x000001396543d000 JavaThread "C1 CompilerThread0" daemon [_thread_in_native, id=30276, stack(0x0000002efc100000,0x0000002efc200000)]
  0x0000013965440000 JavaThread "Sweeper thread" daemon [_thread_blocked, id=14668, stack(0x0000002efc200000,0x0000002efc300000)]
  0x0000013965576000 JavaThread "Common-Cleaner" daemon [_thread_blocked, id=24516, stack(0x0000002efc300000,0x0000002efc400000)]
  0x00000139678dd800 JavaThread "Daemon health stats" [_thread_blocked, id=8328, stack(0x0000002efc900000,0x0000002efca00000)]
  0x00000139678de800 JavaThread "Incoming local TCP Connector on port 53821" [_thread_in_native, id=19788, stack(0x0000002efc500000,0x0000002efc600000)]
  0x00000139678d9000 JavaThread "Daemon periodic checks" [_thread_blocked, id=12216, stack(0x0000002efc800000,0x0000002efc900000)]
  0x00000139678d9800 JavaThread "Daemon" [_thread_blocked, id=32516, stack(0x0000002efca00000,0x0000002efcb00000)]
  0x00000139678df800 JavaThread "Handler for socket connection from /127.0.0.1:53821 to /127.0.0.1:53822" [_thread_in_native, id=34752, stack(0x0000002efcb00000,0x0000002efcc00000)]
  0x00000139678da800 JavaThread "Cancel handler" [_thread_blocked, id=34624, stack(0x0000002efcc00000,0x0000002efcd00000)]
  0x00000139678dc000 JavaThread "Daemon worker" [_thread_in_Java, id=34684, stack(0x0000002efcd00000,0x0000002efce00000)]
  0x00000139678db800 JavaThread "Asynchronous log dispatcher for DefaultDaemonConnection: socket connection from /127.0.0.1:53821 to /127.0.0.1:53822" [_thread_blocked, id=32996, stack(0x0000002efce00000,0x0000002efcf00000)]
  0x00000139678dd000 JavaThread "Stdin handler" [_thread_blocked, id=28348, stack(0x0000002efcf00000,0x0000002efd000000)]
  0x00000139679ae000 JavaThread "Daemon client event forwarder" [_thread_blocked, id=27856, stack(0x0000002efd000000,0x0000002efd100000)]
  0x00000139679ad800 JavaThread "Cache worker for file hash cache (C:\Users\migue\.gradle\caches\7.0.2\fileHashes)" [_thread_blocked, id=30840, stack(0x0000002efd600000,0x0000002efd700000)]
  0x00000139679b1800 JavaThread "File lock request listener" [_thread_in_native, id=34748, stack(0x0000002efd700000,0x0000002efd800000)]
  0x00000139679b3000 JavaThread "Cache worker for journal cache (C:\Users\migue\.gradle\caches\journal-1)" [_thread_blocked, id=31192, stack(0x0000002efd900000,0x0000002efda00000)]
  0x00000139679b0800 JavaThread "Cache worker for file hash cache (C:\Users\migue\AndroidStudioProjects\MiguelD330\GuessTheWord\.gradle\7.0.2\fileHashes)" [_thread_blocked, id=16988, stack(0x0000002efdb00000,0x0000002efdc00000)]
  0x00000139679b2000 JavaThread "File watcher server" daemon [_thread_in_native, id=31820, stack(0x0000002efdc00000,0x0000002efdd00000)]
  0x00000139679b4000 JavaThread "File watcher consumer" daemon [_thread_blocked, id=23016, stack(0x0000002efdd00000,0x0000002efde00000)]
  0x00000139679b4800 JavaThread "Cache worker for checksums cache (C:\Users\migue\AndroidStudioProjects\MiguelD330\GuessTheWord\.gradle\checksums)" [_thread_blocked, id=18420, stack(0x0000002efde00000,0x0000002efdf00000)]
  0x00000139679af000 JavaThread "Cache worker for cache directory md-supplier (C:\Users\migue\.gradle\caches\7.0.2\md-supplier)" [_thread_blocked, id=11092, stack(0x0000002efdf00000,0x0000002efe000000)]
  0x00000139679b5800 JavaThread "Cache worker for cache directory md-rule (C:\Users\migue\.gradle\caches\7.0.2\md-rule)" [_thread_blocked, id=32508, stack(0x0000002efe000000,0x0000002efe100000)]
  0x00000139679af800 JavaThread "Cache worker for execution history cache (C:\Users\migue\.gradle\caches\7.0.2\executionHistory)" [_thread_blocked, id=29072, stack(0x0000002efe100000,0x0000002efe200000)]
  0x00000139679b9800 JavaThread "jar transforms" [_thread_blocked, id=29080, stack(0x0000002efe300000,0x0000002efe400000)]
  0x00000139679b6000 JavaThread "jar transforms Thread 2" [_thread_blocked, id=9500, stack(0x0000002efe400000,0x0000002efe500000)]
  0x00000139679bb000 JavaThread "Cache worker for file content cache (C:\Users\migue\.gradle\caches\7.0.2\fileContent)" [_thread_blocked, id=14424, stack(0x0000002efe500000,0x0000002efe600000)]
  0x00000139679ba800 JavaThread "Cache worker for dependencies-accessors (C:\Users\migue\AndroidStudioProjects\MiguelD330\GuessTheWord\.gradle\7.0.2\dependencies-accessors)" [_thread_blocked, id=34600, stack(0x0000002efe600000,0x0000002efe700000)]
  0x00000139679bc000 JavaThread "jar transforms Thread 3" [_thread_blocked, id=34148, stack(0x0000002efe700000,0x0000002efe800000)]
  0x00000139679b7000 JavaThread "Cache worker for Build Output Cleanup Cache (C:\Users\migue\AndroidStudioProjects\MiguelD330\GuessTheWord\.gradle\buildOutputCleanup)" [_thread_blocked, id=25328, stack(0x0000002efe800000,0x0000002efe900000)]
  0x0000013967a08800 JavaThread "Build operations" [_thread_blocked, id=20940, stack(0x0000002efe200000,0x0000002efe300000)]
  0x0000013967a09800 JavaThread "Build operations Thread 2" [_thread_blocked, id=29648, stack(0x0000002efe900000,0x0000002efea00000)]
  0x0000013967a0a000 JavaThread "Build operations Thread 3" [_thread_blocked, id=13572, stack(0x0000002efea00000,0x0000002efeb00000)]
  0x0000013967a0b000 JavaThread "Build operations Thread 4" [_thread_blocked, id=29832, stack(0x0000002efeb00000,0x0000002efec00000)]
  0x0000013967a07000 JavaThread "Build operations Thread 5" [_thread_blocked, id=27816, stack(0x0000002efec00000,0x0000002efed00000)]
  0x0000013967a06000 JavaThread "Build operations Thread 6" [_thread_blocked, id=32696, stack(0x0000002efed00000,0x0000002efee00000)]
  0x0000013967a07800 JavaThread "Build operations Thread 7" [_thread_blocked, id=6344, stack(0x0000002efee00000,0x0000002efef00000)]
  0x0000013967a05800 JavaThread "Build operations Thread 8" [_thread_blocked, id=568, stack(0x0000002efef00000,0x0000002eff000000)]
  0x0000013967a0c800 JavaThread "jar transforms Thread 4" [_thread_blocked, id=26540, stack(0x0000002eff000000,0x0000002eff100000)]
  0x0000013967a10000 JavaThread "jar transforms Thread 5" [_thread_blocked, id=30336, stack(0x0000002eff100000,0x0000002eff200000)]
  0x0000013967a0c000 JavaThread "jar transforms Thread 6" [_thread_blocked, id=2384, stack(0x0000002eff200000,0x0000002eff300000)]
  0x0000013967a10800 JavaThread "jar transforms Thread 7" [_thread_blocked, id=22620, stack(0x0000002eff300000,0x0000002eff400000)]
  0x0000013967a0e800 JavaThread "jar transforms Thread 8" [_thread_blocked, id=28792, stack(0x0000002eff400000,0x0000002eff500000)]
=>0x0000013967c2e000 JavaThread "C2 CompilerThread1" daemon [_thread_in_native, id=27896, stack(0x0000002efda00000,0x0000002efdb00000)]
  0x00000139680be800 JavaThread "C2 CompilerThread2" daemon [_thread_in_native, id=32456, stack(0x0000002eff500000,0x0000002eff600000)]
  0x0000013967a13000 JavaThread "Memory manager" [_thread_blocked, id=29476, stack(0x0000002eff600000,0x0000002eff700000)]
  0x0000013967a12800 JavaThread "build event listener" [_thread_blocked, id=30444, stack(0x0000002eff700000,0x0000002eff800000)]
  0x0000013967a0d800 JavaThread "build event listener" [_thread_blocked, id=8844, stack(0x0000002eff800000,0x0000002eff900000)]
  0x0000013967a14000 JavaThread "Execution worker for ':'" [_thread_blocked, id=25640, stack(0x0000002eff900000,0x0000002effa00000)]
  0x000001396b148000 JavaThread "Execution worker for ':' Thread 2" [_thread_blocked, id=28096, stack(0x0000002effa00000,0x0000002effb00000)]
  0x000001396b146800 JavaThread "Execution worker for ':' Thread 3" [_thread_blocked, id=16684, stack(0x0000002effb00000,0x0000002effc00000)]
  0x000001396b149000 JavaThread "Execution worker for ':' Thread 4" [_thread_blocked, id=21616, stack(0x0000002effc00000,0x0000002effd00000)]
  0x000001396b147800 JavaThread "Execution worker for ':' Thread 5" [_thread_blocked, id=32036, stack(0x0000002effd00000,0x0000002effe00000)]
  0x000001396b14a000 JavaThread "Execution worker for ':' Thread 6" [_thread_blocked, id=31288, stack(0x0000002effe00000,0x0000002efff00000)]
  0x000001396b145000 JavaThread "Execution worker for ':' Thread 7" [_thread_blocked, id=25612, stack(0x0000002efff00000,0x0000002f00000000)]
  0x000001396b145800 JavaThread "Cache worker for execution history cache (C:\Users\migue\AndroidStudioProjects\MiguelD330\GuessTheWord\.gradle\7.0.2\executionHistory)" [_thread_blocked, id=29224, stack(0x0000002e80000000,0x0000002e80100000)]

Other Threads:
  0x0000013964a76800 VMThread "VM Thread" [stack: 0x0000002efba00000,0x0000002efbb00000] [id=15652]
  0x0000013965585800 WatcherThread [stack: 0x0000002efc400000,0x0000002efc500000] [id=17072]
  0x000001394b164000 GCTaskThread "GC Thread#0" [stack: 0x0000002efb500000,0x0000002efb600000] [id=14772]
  0x0000013965d88000 GCTaskThread "GC Thread#1" [stack: 0x0000002efc600000,0x0000002efc700000] [id=16928]
  0x0000013965d82000 GCTaskThread "GC Thread#2" [stack: 0x0000002efc700000,0x0000002efc800000] [id=30732]
  0x0000013965d86800 GCTaskThread "GC Thread#3" [stack: 0x0000002efd100000,0x0000002efd200000] [id=34560]
  0x0000013965d84000 GCTaskThread "GC Thread#4" [stack: 0x0000002efd200000,0x0000002efd300000] [id=27440]
  0x0000013965d87000 GCTaskThread "GC Thread#5" [stack: 0x0000002efd300000,0x0000002efd400000] [id=27932]
  0x0000013965d88800 GCTaskThread "GC Thread#6" [stack: 0x0000002efd400000,0x0000002efd500000] [id=11788]
  0x0000013965d89800 GCTaskThread "GC Thread#7" [stack: 0x0000002efd500000,0x0000002efd600000] [id=26172]
  0x000001394b18e800 ConcurrentGCThread "G1 Main Marker" [stack: 0x0000002efb600000,0x0000002efb700000] [id=14696]
  0x000001394b18f800 ConcurrentGCThread "G1 Conc#0" [stack: 0x0000002efb700000,0x0000002efb800000] [id=29488]
  0x0000013965d85800 ConcurrentGCThread "G1 Conc#1" [stack: 0x0000002efd800000,0x0000002efd900000] [id=27988]
  0x000001394b22e000 ConcurrentGCThread "G1 Refine#0" [stack: 0x0000002efb800000,0x0000002efb900000] [id=8744]
  0x00000139648c0800 ConcurrentGCThread "G1 Young RemSet Sampling" [stack: 0x0000002efb900000,0x0000002efba00000] [id=1736]

Threads with active compile tasks:
C2 CompilerThread0  20344 8217       4       java.lang.String::split (324 bytes)
C1 CompilerThread0  20344 8437       3       org.gradle.api.internal.artifacts.repositories.resolver.DirectDependencyMetadataAdapter_Decorated::getGroup (39 bytes)
C2 CompilerThread1  20344 8321       4       java.io.WinNTFileSystem::normalize (143 bytes)
C2 CompilerThread2  20344 8405       4       com.esotericsoftware.kryo.io.Input::readString (127 bytes)

VM state:not at safepoint (normal execution)

VM Mutex/Monitor currently owned by a thread:  ([mutex/lock_event])
[0x000001394b1484a0] MethodCompileQueue_lock - owner thread: 0x0000000000000000

Heap address: 0x00000000a0000000, size: 1536 MB, Compressed Oops mode: 32-bit
Narrow klass base: 0x0000000000000000, Narrow klass shift: 3
Compressed class space size: 1073741824 Address: 0x0000000100000000

Heap:
 garbage-first heap   total 129024K, used 103808K [0x00000000a0000000, 0x0000000100000000)
  region size 1024K, 41 young (41984K), 5 survivors (5120K)
 Metaspace       used 82962K, capacity 84954K, committed 85068K, reserved 1122304K
  class space    used 10770K, capacity 11494K, committed 11596K, reserved 1048576K
Heap Regions: E=young(eden), S=young(survivor), O=old, HS=humongous(starts), HC=humongous(continues), CS=collection set, F=free, A=archive, TAMS=top-at-mark-start (previous, next)
|   0|0x00000000a0000000, 0x00000000a0100000, 0x00000000a0100000|100%| O|  |TAMS 0x00000000a0100000, 0x00000000a0000000| Untracked 
|   1|0x00000000a0100000, 0x00000000a0200000, 0x00000000a0200000|100%| O|  |TAMS 0x00000000a0200000, 0x00000000a0100000| Untracked 
|   2|0x00000000a0200000, 0x00000000a0300000, 0x00000000a0300000|100%| O|  |TAMS 0x00000000a0300000, 0x00000000a0200000| Untracked 
|   3|0x00000000a0300000, 0x00000000a0400000, 0x00000000a0400000|100%|HS|  |TAMS 0x00000000a0400000, 0x00000000a0300000| Complete 
|   4|0x00000000a0400000, 0x00000000a0500000, 0x00000000a0500000|100%|HC|  |TAMS 0x00000000a0500000, 0x00000000a0400000| Complete 
|   5|0x00000000a0500000, 0x00000000a0600000, 0x00000000a0600000|100%|HC|  |TAMS 0x00000000a0600000, 0x00000000a0500000| Complete 
|   6|0x00000000a0600000, 0x00000000a0700000, 0x00000000a0700000|100%| O|  |TAMS 0x00000000a0700000, 0x00000000a0600000| Untracked 
|   7|0x00000000a0700000, 0x00000000a0800000, 0x00000000a0800000|100%| O|  |TAMS 0x00000000a0800000, 0x00000000a0700000| Untracked 
|   8|0x00000000a0800000, 0x00000000a0900000, 0x00000000a0900000|100%| O|  |TAMS 0x00000000a0900000, 0x00000000a0800000| Untracked 
|   9|0x00000000a0900000, 0x00000000a0a00000, 0x00000000a0a00000|100%| O|  |TAMS 0x00000000a0a00000, 0x00000000a0900000| Untracked 
|  10|0x00000000a0a00000, 0x00000000a0b00000, 0x00000000a0b00000|100%| O|  |TAMS 0x00000000a0b00000, 0x00000000a0a00000| Untracked 
|  11|0x00000000a0b00000, 0x00000000a0c00000, 0x00000000a0c00000|100%| O|  |TAMS 0x00000000a0c00000, 0x00000000a0b00000| Untracked 
|  12|0x00000000a0c00000, 0x00000000a0d00000, 0x00000000a0d00000|100%| O|  |TAMS 0x00000000a0d00000, 0x00000000a0c00000| Untracked 
|  13|0x00000000a0d00000, 0x00000000a0e00000, 0x00000000a0e00000|100%| O|  |TAMS 0x00000000a0e00000, 0x00000000a0d00000| Untracked 
|  14|0x00000000a0e00000, 0x00000000a0f00000, 0x00000000a0f00000|100%| O|  |TAMS 0x00000000a0f00000, 0x00000000a0e00000| Untracked 
|  15|0x00000000a0f00000, 0x00000000a1000000, 0x00000000a1000000|100%| O|  |TAMS 0x00000000a1000000, 0x00000000a0f00000| Untracked 
|  16|0x00000000a1000000, 0x00000000a1100000, 0x00000000a1100000|100%|HS|  |TAMS 0x00000000a1100000, 0x00000000a1000000| Complete 
|  17|0x00000000a1100000, 0x00000000a1200000, 0x00000000a1200000|100%| O|  |TAMS 0x00000000a1200000, 0x00000000a1100000| Untracked 
|  18|0x00000000a1200000, 0x00000000a1300000, 0x00000000a1300000|100%| O|  |TAMS 0x00000000a1300000, 0x00000000a1200000| Untracked 
|  19|0x00000000a1300000, 0x00000000a1400000, 0x00000000a1400000|100%| O|  |TAMS 0x00000000a1400000, 0x00000000a1300000| Untracked 
|  20|0x00000000a1400000, 0x00000000a1500000, 0x00000000a1500000|100%| O|  |TAMS 0x00000000a1500000, 0x00000000a1400000| Untracked 
|  21|0x00000000a1500000, 0x00000000a1600000, 0x00000000a1600000|100%| O|  |TAMS 0x00000000a1600000, 0x00000000a1500000| Untracked 
|  22|0x00000000a1600000, 0x00000000a1700000, 0x00000000a1700000|100%| O|  |TAMS 0x00000000a1700000, 0x00000000a1600000| Untracked 
|  23|0x00000000a1700000, 0x00000000a1800000, 0x00000000a1800000|100%|HS|  |TAMS 0x00000000a1800000, 0x00000000a1700000| Complete 
|  24|0x00000000a1800000, 0x00000000a1900000, 0x00000000a1900000|100%|HS|  |TAMS 0x00000000a1900000, 0x00000000a1800000| Complete 
|  25|0x00000000a1900000, 0x00000000a1a00000, 0x00000000a1a00000|100%|HS|  |TAMS 0x00000000a1a00000, 0x00000000a1900000| Complete 
|  26|0x00000000a1a00000, 0x00000000a1b00000, 0x00000000a1b00000|100%|HC|  |TAMS 0x00000000a1b00000, 0x00000000a1a00000| Complete 
|  27|0x00000000a1b00000, 0x00000000a1c00000, 0x00000000a1c00000|100%|HC|  |TAMS 0x00000000a1c00000, 0x00000000a1b00000| Complete 
|  28|0x00000000a1c00000, 0x00000000a1d00000, 0x00000000a1d00000|100%|HS|  |TAMS 0x00000000a1d00000, 0x00000000a1c00000| Complete 
|  29|0x00000000a1d00000, 0x00000000a1e00000, 0x00000000a1e00000|100%|HC|  |TAMS 0x00000000a1e00000, 0x00000000a1d00000| Complete 
|  30|0x00000000a1e00000, 0x00000000a1f00000, 0x00000000a1f00000|100%| O|  |TAMS 0x00000000a1f00000, 0x00000000a1e00000| Untracked 
|  31|0x00000000a1f00000, 0x00000000a2000000, 0x00000000a2000000|100%| O|  |TAMS 0x00000000a2000000, 0x00000000a1f00000| Untracked 
|  32|0x00000000a2000000, 0x00000000a2100000, 0x00000000a2100000|100%| O|  |TAMS 0x00000000a2100000, 0x00000000a2000000| Untracked 
|  33|0x00000000a2100000, 0x00000000a2200000, 0x00000000a2200000|100%| O|  |TAMS 0x00000000a2200000, 0x00000000a2100000| Untracked 
|  34|0x00000000a2200000, 0x00000000a2300000, 0x00000000a2300000|100%| O|  |TAMS 0x00000000a2300000, 0x00000000a2200000| Untracked 
|  35|0x00000000a2300000, 0x00000000a2400000, 0x00000000a2400000|100%| O|  |TAMS 0x00000000a2400000, 0x00000000a2300000| Untracked 
|  36|0x00000000a2400000, 0x00000000a2500000, 0x00000000a2500000|100%| O|  |TAMS 0x00000000a2500000, 0x00000000a2400000| Untracked 
|  37|0x00000000a2500000, 0x00000000a2600000, 0x00000000a2600000|100%| O|  |TAMS 0x00000000a2600000, 0x00000000a2500000| Untracked 
|  38|0x00000000a2600000, 0x00000000a2700000, 0x00000000a2700000|100%| O|  |TAMS 0x00000000a2700000, 0x00000000a2600000| Untracked 
|  39|0x00000000a2700000, 0x00000000a2800000, 0x00000000a2800000|100%| O|  |TAMS 0x00000000a2800000, 0x00000000a2700000| Untracked 
|  40|0x00000000a2800000, 0x00000000a2900000, 0x00000000a2900000|100%| O|  |TAMS 0x00000000a2900000, 0x00000000a2800000| Untracked 
|  41|0x00000000a2900000, 0x00000000a2a00000, 0x00000000a2a00000|100%| O|  |TAMS 0x00000000a2a00000, 0x00000000a2900000| Untracked 
|  42|0x00000000a2a00000, 0x00000000a2b00000, 0x00000000a2b00000|100%| O|  |TAMS 0x00000000a2b00000, 0x00000000a2a00000| Untracked 
|  43|0x00000000a2b00000, 0x00000000a2c00000, 0x00000000a2c00000|100%| O|  |TAMS 0x00000000a2c00000, 0x00000000a2b00000| Untracked 
|  44|0x00000000a2c00000, 0x00000000a2d00000, 0x00000000a2d00000|100%| O|  |TAMS 0x00000000a2d00000, 0x00000000a2c00000| Untracked 
|  45|0x00000000a2d00000, 0x00000000a2e00000, 0x00000000a2e00000|100%| O|  |TAMS 0x00000000a2e00000, 0x00000000a2d00000| Untracked 
|  46|0x00000000a2e00000, 0x00000000a2f00000, 0x00000000a2f00000|100%| O|  |TAMS 0x00000000a2f00000, 0x00000000a2e00000| Untracked 
|  47|0x00000000a2f00000, 0x00000000a3000000, 0x00000000a3000000|100%| O|  |TAMS 0x00000000a3000000, 0x00000000a2f00000| Untracked 
|  48|0x00000000a3000000, 0x00000000a3100000, 0x00000000a3100000|100%| O|  |TAMS 0x00000000a3100000, 0x00000000a3000000| Untracked 
|  49|0x00000000a3100000, 0x00000000a3200000, 0x00000000a3200000|100%| O|  |TAMS 0x00000000a3200000, 0x00000000a3100000| Untracked 
|  50|0x00000000a3200000, 0x00000000a3300000, 0x00000000a3300000|100%| O|  |TAMS 0x00000000a3300000, 0x00000000a3200000| Untracked 
|  51|0x00000000a3300000, 0x00000000a3400000, 0x00000000a3400000|100%| O|  |TAMS 0x00000000a3400000, 0x00000000a3300000| Untracked 
|  52|0x00000000a3400000, 0x00000000a3500000, 0x00000000a3500000|100%| O|  |TAMS 0x00000000a3500000, 0x00000000a3400000| Untracked 
|  53|0x00000000a3500000, 0x00000000a3600000, 0x00000000a3600000|100%| O|  |TAMS 0x00000000a3600000, 0x00000000a3500000| Untracked 
|  54|0x00000000a3600000, 0x00000000a3700000, 0x00000000a3700000|100%| O|  |TAMS 0x00000000a3700000, 0x00000000a3600000| Untracked 
|  55|0x00000000a3700000, 0x00000000a3800000, 0x00000000a3800000|100%| O|  |TAMS 0x00000000a3800000, 0x00000000a3700000| Untracked 
|  56|0x00000000a3800000, 0x00000000a3900000, 0x00000000a3900000|100%| O|  |TAMS 0x00000000a3900000, 0x00000000a3800000| Untracked 
|  57|0x00000000a3900000, 0x00000000a3a00000, 0x00000000a3a00000|100%| O|  |TAMS 0x00000000a3a00000, 0x00000000a3900000| Untracked 
|  58|0x00000000a3a00000, 0x00000000a3b00000, 0x00000000a3b00000|100%| O|  |TAMS 0x00000000a3b00000, 0x00000000a3a00000| Untracked 
|  59|0x00000000a3b00000, 0x00000000a3c00000, 0x00000000a3c00000|100%| O|  |TAMS 0x00000000a3b1f200, 0x00000000a3b00000| Untracked 
|  60|0x00000000a3c00000, 0x00000000a3d00000, 0x00000000a3d00000|100%| O|  |TAMS 0x00000000a3c00000, 0x00000000a3c00000| Untracked 
|  61|0x00000000a3d00000, 0x00000000a3d70800, 0x00000000a3e00000| 43%| O|  |TAMS 0x00000000a3d00000, 0x00000000a3d00000| Untracked 
|  62|0x00000000a3e00000, 0x00000000a3e00000, 0x00000000a3f00000|  0%| F|  |TAMS 0x00000000a3e00000, 0x00000000a3e00000| Untracked 
|  63|0x00000000a3f00000, 0x00000000a3f00000, 0x00000000a4000000|  0%| F|  |TAMS 0x00000000a3f00000, 0x00000000a3f00000| Untracked 
|  64|0x00000000a4000000, 0x00000000a4000000, 0x00000000a4100000|  0%| F|  |TAMS 0x00000000a4000000, 0x00000000a4000000| Untracked 
|  65|0x00000000a4100000, 0x00000000a4100000, 0x00000000a4200000|  0%| F|  |TAMS 0x00000000a4100000, 0x00000000a4100000| Untracked 
|  66|0x00000000a4200000, 0x00000000a4200000, 0x00000000a4300000|  0%| F|  |TAMS 0x00000000a4200000, 0x00000000a4200000| Untracked 
|  67|0x00000000a4300000, 0x00000000a4300000, 0x00000000a4400000|  0%| F|  |TAMS 0x00000000a4300000, 0x00000000a4300000| Untracked 
|  68|0x00000000a4400000, 0x00000000a4400000, 0x00000000a4500000|  0%| F|  |TAMS 0x00000000a4400000, 0x00000000a4400000| Untracked 
|  69|0x00000000a4500000, 0x00000000a4500000, 0x00000000a4600000|  0%| F|  |TAMS 0x00000000a4500000, 0x00000000a4500000| Untracked 
|  70|0x00000000a4600000, 0x00000000a4600000, 0x00000000a4700000|  0%| F|  |TAMS 0x00000000a4600000, 0x00000000a4600000| Untracked 
|  71|0x00000000a4700000, 0x00000000a4700000, 0x00000000a4800000|  0%| F|  |TAMS 0x00000000a4700000, 0x00000000a4700000| Untracked 
|  72|0x00000000a4800000, 0x00000000a4800000, 0x00000000a4900000|  0%| F|  |TAMS 0x00000000a4800000, 0x00000000a4800000| Untracked 
|  73|0x00000000a4900000, 0x00000000a4900000, 0x00000000a4a00000|  0%| F|  |TAMS 0x00000000a4900000, 0x00000000a4900000| Untracked 
|  74|0x00000000a4a00000, 0x00000000a4a00000, 0x00000000a4b00000|  0%| F|  |TAMS 0x00000000a4a00000, 0x00000000a4a00000| Untracked 
|  75|0x00000000a4b00000, 0x00000000a4b00000, 0x00000000a4c00000|  0%| F|  |TAMS 0x00000000a4b00000, 0x00000000a4b00000| Untracked 
|  76|0x00000000a4c00000, 0x00000000a4c00000, 0x00000000a4d00000|  0%| F|  |TAMS 0x00000000a4c00000, 0x00000000a4c00000| Untracked 
|  77|0x00000000a4d00000, 0x00000000a4d00000, 0x00000000a4e00000|  0%| F|  |TAMS 0x00000000a4d00000, 0x00000000a4d00000| Untracked 
|  78|0x00000000a4e00000, 0x00000000a4e00000, 0x00000000a4f00000|  0%| F|  |TAMS 0x00000000a4e00000, 0x00000000a4e00000| Untracked 
|  79|0x00000000a4f00000, 0x00000000a4fef870, 0x00000000a5000000| 93%| S|CS|TAMS 0x00000000a4f00000, 0x00000000a4f00000| Complete 
|  80|0x00000000a5000000, 0x00000000a5000000, 0x00000000a5100000|  0%| F|  |TAMS 0x00000000a5000000, 0x00000000a5000000| Untracked 
|  81|0x00000000a5100000, 0x00000000a5100000, 0x00000000a5200000|  0%| F|  |TAMS 0x00000000a5100000, 0x00000000a5100000| Untracked 
|  82|0x00000000a5200000, 0x00000000a5200000, 0x00000000a5300000|  0%| F|  |TAMS 0x00000000a5200000, 0x00000000a5200000| Untracked 
|  83|0x00000000a5300000, 0x00000000a5300000, 0x00000000a5400000|  0%| F|  |TAMS 0x00000000a5300000, 0x00000000a5300000| Untracked 
|  84|0x00000000a5400000, 0x00000000a5500000, 0x00000000a5500000|100%| S|CS|TAMS 0x00000000a5400000, 0x00000000a5400000| Complete 
|  85|0x00000000a5500000, 0x00000000a5600000, 0x00000000a5600000|100%| S|CS|TAMS 0x00000000a5500000, 0x00000000a5500000| Complete 
|  86|0x00000000a5600000, 0x00000000a5700000, 0x00000000a5700000|100%| S|CS|TAMS 0x00000000a5600000, 0x00000000a5600000| Complete 
|  87|0x00000000a5700000, 0x00000000a5700000, 0x00000000a5800000|  0%| F|  |TAMS 0x00000000a5700000, 0x00000000a5700000| Untracked 
|  88|0x00000000a5800000, 0x00000000a5900000, 0x00000000a5900000|100%| S|CS|TAMS 0x00000000a5800000, 0x00000000a5800000| Complete 
|  89|0x00000000a5900000, 0x00000000a5900000, 0x00000000a5a00000|  0%| F|  |TAMS 0x00000000a5900000, 0x00000000a5900000| Untracked 
|  90|0x00000000a5a00000, 0x00000000a5a80800, 0x00000000a5b00000| 50%| E|  |TAMS 0x00000000a5a00000, 0x00000000a5a00000| Complete 
|  91|0x00000000a5b00000, 0x00000000a5c00000, 0x00000000a5c00000|100%| E|CS|TAMS 0x00000000a5b00000, 0x00000000a5b00000| Complete 
|  92|0x00000000a5c00000, 0x00000000a5d00000, 0x00000000a5d00000|100%| E|CS|TAMS 0x00000000a5c00000, 0x00000000a5c00000| Complete 
|  93|0x00000000a5d00000, 0x00000000a5e00000, 0x00000000a5e00000|100%| E|CS|TAMS 0x00000000a5d00000, 0x00000000a5d00000| Complete 
|  94|0x00000000a5e00000, 0x00000000a5f00000, 0x00000000a5f00000|100%| E|CS|TAMS 0x00000000a5e00000, 0x00000000a5e00000| Complete 
|  95|0x00000000a5f00000, 0x00000000a6000000, 0x00000000a6000000|100%| E|CS|TAMS 0x00000000a5f00000, 0x00000000a5f00000| Complete 
|  96|0x00000000a6000000, 0x00000000a6100000, 0x00000000a6100000|100%| E|CS|TAMS 0x00000000a6000000, 0x00000000a6000000| Complete 
|  97|0x00000000a6100000, 0x00000000a6200000, 0x00000000a6200000|100%| E|CS|TAMS 0x00000000a6100000, 0x00000000a6100000| Complete 
|  98|0x00000000a6200000, 0x00000000a6300000, 0x00000000a6300000|100%| E|CS|TAMS 0x00000000a6200000, 0x00000000a6200000| Complete 
|  99|0x00000000a6300000, 0x00000000a6400000, 0x00000000a6400000|100%| E|CS|TAMS 0x00000000a6300000, 0x00000000a6300000| Complete 
| 100|0x00000000a6400000, 0x00000000a6500000, 0x00000000a6500000|100%| E|CS|TAMS 0x00000000a6400000, 0x00000000a6400000| Complete 
| 101|0x00000000a6500000, 0x00000000a6600000, 0x00000000a6600000|100%| E|CS|TAMS 0x00000000a6500000, 0x00000000a6500000| Complete 
| 102|0x00000000a6600000, 0x00000000a6700000, 0x00000000a6700000|100%| E|CS|TAMS 0x00000000a6600000, 0x00000000a6600000| Complete 
| 103|0x00000000a6700000, 0x00000000a6800000, 0x00000000a6800000|100%| E|CS|TAMS 0x00000000a6700000, 0x00000000a6700000| Complete 
| 104|0x00000000a6800000, 0x00000000a6900000, 0x00000000a6900000|100%| E|CS|TAMS 0x00000000a6800000, 0x00000000a6800000| Complete 
| 105|0x00000000a6900000, 0x00000000a6a00000, 0x00000000a6a00000|100%| E|CS|TAMS 0x00000000a6900000, 0x00000000a6900000| Complete 
| 106|0x00000000a6a00000, 0x00000000a6b00000, 0x00000000a6b00000|100%| E|CS|TAMS 0x00000000a6a00000, 0x00000000a6a00000| Complete 
| 107|0x00000000a6b00000, 0x00000000a6c00000, 0x00000000a6c00000|100%| E|CS|TAMS 0x00000000a6b00000, 0x00000000a6b00000| Complete 
| 108|0x00000000a6c00000, 0x00000000a6d00000, 0x00000000a6d00000|100%| E|CS|TAMS 0x00000000a6c00000, 0x00000000a6c00000| Complete 
| 109|0x00000000a6d00000, 0x00000000a6e00000, 0x00000000a6e00000|100%| E|CS|TAMS 0x00000000a6d00000, 0x00000000a6d00000| Complete 
| 110|0x00000000a6e00000, 0x00000000a6f00000, 0x00000000a6f00000|100%| E|CS|TAMS 0x00000000a6e00000, 0x00000000a6e00000| Complete 
| 111|0x00000000a6f00000, 0x00000000a7000000, 0x00000000a7000000|100%| E|CS|TAMS 0x00000000a6f00000, 0x00000000a6f00000| Complete 
| 112|0x00000000a7000000, 0x00000000a7100000, 0x00000000a7100000|100%| E|CS|TAMS 0x00000000a7000000, 0x00000000a7000000| Complete 
| 113|0x00000000a7100000, 0x00000000a7200000, 0x00000000a7200000|100%| E|CS|TAMS 0x00000000a7100000, 0x00000000a7100000| Complete 
| 114|0x00000000a7200000, 0x00000000a7300000, 0x00000000a7300000|100%| E|CS|TAMS 0x00000000a7200000, 0x00000000a7200000| Complete 
| 115|0x00000000a7300000, 0x00000000a7400000, 0x00000000a7400000|100%| E|CS|TAMS 0x00000000a7300000, 0x00000000a7300000| Complete 
| 116|0x00000000a7400000, 0x00000000a7500000, 0x00000000a7500000|100%| E|CS|TAMS 0x00000000a7400000, 0x00000000a7400000| Complete 
| 117|0x00000000a7500000, 0x00000000a7600000, 0x00000000a7600000|100%| E|CS|TAMS 0x00000000a7500000, 0x00000000a7500000| Complete 
| 118|0x00000000a7600000, 0x00000000a7700000, 0x00000000a7700000|100%| E|CS|TAMS 0x00000000a7600000, 0x00000000a7600000| Complete 
| 119|0x00000000a7700000, 0x00000000a7800000, 0x00000000a7800000|100%| E|CS|TAMS 0x00000000a7700000, 0x00000000a7700000| Complete 
| 120|0x00000000a7800000, 0x00000000a7900000, 0x00000000a7900000|100%| E|CS|TAMS 0x00000000a7800000, 0x00000000a7800000| Complete 
| 121|0x00000000a7900000, 0x00000000a7a00000, 0x00000000a7a00000|100%| E|CS|TAMS 0x00000000a7900000, 0x00000000a7900000| Complete 
| 122|0x00000000a7a00000, 0x00000000a7b00000, 0x00000000a7b00000|100%| E|CS|TAMS 0x00000000a7a00000, 0x00000000a7a00000| Complete 
| 123|0x00000000a7b00000, 0x00000000a7c00000, 0x00000000a7c00000|100%| E|CS|TAMS 0x00000000a7b00000, 0x00000000a7b00000| Complete 
| 124|0x00000000a7c00000, 0x00000000a7d00000, 0x00000000a7d00000|100%| E|CS|TAMS 0x00000000a7c00000, 0x00000000a7c00000| Complete 
| 125|0x00000000a7d00000, 0x00000000a7e00000, 0x00000000a7e00000|100%| E|CS|TAMS 0x00000000a7d00000, 0x00000000a7d00000| Complete 

Card table byte_map: [0x000001395e9d0000,0x000001395ecd0000] _byte_map_base: 0x000001395e4d0000

Marking Bits (Prev, Next): (CMBitMap*) 0x000001394b187dc0, (CMBitMap*) 0x000001394b187d88
 Prev Bits: [0x00000139607d0000, 0x0000013961fd0000)
 Next Bits: [0x000001395efd0000, 0x00000139607d0000)

Polling page: 0x000001394b230000

Metaspace:

Usage:
  Non-class:     71.74 MB capacity,    70.50 MB ( 98%) used,     1.03 MB (  1%) free+waste,   210.88 KB ( <1%) overhead. 
      Class:     11.22 MB capacity,    10.52 MB ( 94%) used,   626.70 KB (  5%) free+waste,    96.88 KB ( <1%) overhead. 
       Both:     82.96 MB capacity,    81.02 MB ( 98%) used,     1.64 MB (  2%) free+waste,   307.75 KB ( <1%) overhead. 

Virtual space:
  Non-class space:       72.00 MB reserved,      71.75 MB (>99%) committed 
      Class space:        1.00 GB reserved,      11.32 MB (  1%) committed 
             Both:        1.07 GB reserved,      83.07 MB (  8%) committed 

Chunk freelists:
   Non-Class:  12.00 KB
       Class:  0 bytes
        Both:  12.00 KB

MaxMetaspaceSize: 17179869184.00 GB
CompressedClassSpaceSize: 1.00 GB

CodeHeap 'non-profiled nmethods': size=120000Kb used=5191Kb max_used=5191Kb free=114809Kb
 bounds [0x0000013956730000, 0x0000013956c50000, 0x000001395dc60000]
CodeHeap 'profiled nmethods': size=120000Kb used=18076Kb max_used=18076Kb free=101923Kb
 bounds [0x000001394f200000, 0x00000139503b0000, 0x0000013956730000]
CodeHeap 'non-nmethods': size=5760Kb used=2277Kb max_used=2349Kb free=3482Kb
 bounds [0x000001394ec60000, 0x000001394eed0000, 0x000001394f200000]
 total_blobs=9259 nmethods=8381 adapters=789
 compilation: enabled
              stopped_count=0, restarted_count=0
 full_count=0

Compilation events (20 events):
Event: 20.264 Thread 0x000001396543d000 8371       3       org.gradle.internal.component.model.AttributeMatchingExplanationBuilder$$Lambda$445/0x0000000100604c40::canSkipExplanation (4 bytes)
Event: 20.264 Thread 0x000001396543d000 nmethod 8371 0x000001395037c490 code [0x000001395037c640, 0x000001395037c798]
Event: 20.264 Thread 0x000001396543d000 8372       3       org.gradle.api.internal.attributes.DefaultAttributesSchema$MergedSchema::hashCode (15 bytes)
Event: 20.265 Thread 0x000001396543d000 nmethod 8372 0x000001395037c890 code [0x000001395037ca60, 0x000001395037cde8]
Event: 20.265 Thread 0x000001396543d000 8373       3       org.gradle.internal.component.model.AttributeConfigurationSelector::singleVariant (25 bytes)
Event: 20.265 Thread 0x000001396543d000 nmethod 8373 0x000001395037cf10 code [0x000001395037d140, 0x000001395037d8a8]
Event: 20.265 Thread 0x000001396543d000 8374       3       org.gradle.internal.component.model.SelectedByVariantMatchingConfigurationMetadata::of (25 bytes)
Event: 20.265 Thread 0x000001396543d000 nmethod 8374 0x000001395037da90 code [0x000001395037dc80, 0x000001395037e088]
Event: 20.265 Thread 0x000001396543d000 8375       3       org.gradle.internal.component.model.DefaultSelectedByVariantMatchingConfigurationMetadata::<init> (10 bytes)
Event: 20.265 Thread 0x000001396543d000 nmethod 8375 0x000001395037e210 code [0x000001395037e3c0, 0x000001395037e578]
Event: 20.265 Thread 0x000001396543d000 8376       3       org.gradle.api.internal.artifacts.ivyservice.resolveengine.graph.builder.ResolveState$$Lambda$446/0x0000000100604040::get$Lambda (12 bytes)
Event: 20.266 Thread 0x000001396543d000 nmethod 8376 0x000001395037e610 code [0x000001395037e7e0, 0x000001395037eb58]
Event: 20.266 Thread 0x000001396543d000 8368       3       org.gradle.api.internal.artifacts.ivyservice.resolveengine.excludes.factories.OptimizingExcludeFactory$$Lambda$447/0x0000000100604440::get$Lambda (9 bytes)
Event: 20.266 Thread 0x000001396543d000 nmethod 8368 0x000001395037ec90 code [0x000001395037ee60, 0x000001395037f0b8]
Event: 20.267 Thread 0x000001396543d000 8377   !   3       java.io.FileInputStream::close (69 bytes)
Event: 20.267 Thread 0x000001396543d000 nmethod 8377 0x000001395037f190 code [0x000001395037f380, 0x000001395037f938]
Event: 20.270 Thread 0x00000139680be800 nmethod 8358 0x0000013956c3e990 code [0x0000013956c3eba0, 0x0000013956c3f158]
Event: 20.270 Thread 0x00000139680be800 8365       4       com.google.common.collect.ImmutableSet::chooseTableSize (61 bytes)
Event: 20.272 Thread 0x00000139680be800 nmethod 8365 0x0000013956c3f690 code [0x0000013956c3f840, 0x0000013956c3f8f8]
Event: 20.273 Thread 0x000001396543d000 8378       3       org.gradle.api.internal.artifacts.ivyservice.ivyresolve.CachingModuleComponentRepository$LocateInCacheRepositoryAccess::getProcessedMetadata (41 bytes)

GC Heap History (20 events):
Event: 9.882 GC heap before
{Heap before GC invocations=8 (full 0):
 garbage-first heap   total 129024K, used 88730K [0x00000000a0000000, 0x0000000100000000)
  region size 1024K, 69 young (70656K), 8 survivors (8192K)
 Metaspace       used 44746K, capacity 45815K, committed 45900K, reserved 1089536K
  class space    used 5749K, capacity 6139K, committed 6220K, reserved 1048576K
}
Event: 9.893 GC heap after
{Heap after GC invocations=9 (full 0):
 garbage-first heap   total 129024K, used 29128K [0x00000000a0000000, 0x0000000100000000)
  region size 1024K, 7 young (7168K), 7 survivors (7168K)
 Metaspace       used 44746K, capacity 45815K, committed 45900K, reserved 1089536K
  class space    used 5749K, capacity 6139K, committed 6220K, reserved 1048576K
}
Event: 11.805 GC heap before
{Heap before GC invocations=9 (full 0):
 garbage-first heap   total 129024K, used 99784K [0x00000000a0000000, 0x0000000100000000)
  region size 1024K, 69 young (70656K), 7 survivors (7168K)
 Metaspace       used 47653K, capacity 48942K, committed 49100K, reserved 1091584K
  class space    used 6084K, capacity 6512K, committed 6604K, reserved 1048576K
}
Event: 11.818 GC heap after
{Heap after GC invocations=10 (full 0):
 garbage-first heap   total 129024K, used 47746K [0x00000000a0000000, 0x0000000100000000)
  region size 1024K, 9 young (9216K), 9 survivors (9216K)
 Metaspace       used 47653K, capacity 48942K, committed 49100K, reserved 1091584K
  class space    used 6084K, capacity 6512K, committed 6604K, reserved 1048576K
}
Event: 13.028 GC heap before
{Heap before GC invocations=10 (full 0):
 garbage-first heap   total 129024K, used 95874K [0x00000000a0000000, 0x0000000100000000)
  region size 1024K, 56 young (57344K), 9 survivors (9216K)
 Metaspace       used 54148K, capacity 55581K, committed 55756K, reserved 1097728K
  class space    used 6866K, capacity 7350K, committed 7372K, reserved 1048576K
}
Event: 13.037 GC heap after
{Heap after GC invocations=11 (full 0):
 garbage-first heap   total 129024K, used 50173K [0x00000000a0000000, 0x0000000100000000)
  region size 1024K, 2 young (2048K), 2 survivors (2048K)
 Metaspace       used 54148K, capacity 55581K, committed 55756K, reserved 1097728K
  class space    used 6866K, capacity 7350K, committed 7372K, reserved 1048576K
}
Event: 13.813 GC heap before
{Heap before GC invocations=11 (full 0):
 garbage-first heap   total 129024K, used 76797K [0x00000000a0000000, 0x0000000100000000)
  region size 1024K, 29 young (29696K), 2 survivors (2048K)
 Metaspace       used 58686K, capacity 60172K, committed 60236K, reserved 1101824K
  class space    used 7434K, capacity 7981K, committed 8012K, reserved 1048576K
}
Event: 13.823 GC heap after
{Heap after GC invocations=12 (full 0):
 garbage-first heap   total 129024K, used 51833K [0x00000000a0000000, 0x0000000100000000)
  region size 1024K, 4 young (4096K), 4 survivors (4096K)
 Metaspace       used 58686K, capacity 60172K, committed 60236K, reserved 1101824K
  class space    used 7434K, capacity 7981K, committed 8012K, reserved 1048576K
}
Event: 14.647 GC heap before
{Heap before GC invocations=13 (full 0):
 garbage-first heap   total 129024K, used 91769K [0x00000000a0000000, 0x0000000100000000)
  region size 1024K, 44 young (45056K), 4 survivors (4096K)
 Metaspace       used 62244K, capacity 63801K, committed 64076K, reserved 1105920K
  class space    used 7883K, capacity 8415K, committed 8524K, reserved 1048576K
}
Event: 14.661 GC heap after
{Heap after GC invocations=14 (full 0):
 garbage-first heap   total 129024K, used 55086K [0x00000000a0000000, 0x0000000100000000)
  region size 1024K, 6 young (6144K), 6 survivors (6144K)
 Metaspace       used 62244K, capacity 63801K, committed 64076K, reserved 1105920K
  class space    used 7883K, capacity 8415K, committed 8524K, reserved 1048576K
}
Event: 15.616 GC heap before
{Heap before GC invocations=15 (full 0):
 garbage-first heap   total 129024K, used 96046K [0x00000000a0000000, 0x0000000100000000)
  region size 1024K, 45 young (46080K), 6 survivors (6144K)
 Metaspace       used 65659K, capacity 67263K, committed 67532K, reserved 1107968K
  class space    used 8303K, capacity 8834K, committed 8908K, reserved 1048576K
}
Event: 15.627 GC heap after
{Heap after GC invocations=16 (full 0):
 garbage-first heap   total 129024K, used 57484K [0x00000000a0000000, 0x0000000100000000)
  region size 1024K, 3 young (3072K), 3 survivors (3072K)
 Metaspace       used 65659K, capacity 67263K, committed 67532K, reserved 1107968K
  class space    used 8303K, capacity 8834K, committed 8908K, reserved 1048576K
}
Event: 16.269 GC heap before
{Heap before GC invocations=16 (full 0):
 garbage-first heap   total 129024K, used 98444K [0x00000000a0000000, 0x0000000100000000)
  region size 1024K, 43 young (44032K), 3 survivors (3072K)
 Metaspace       used 67655K, capacity 69269K, committed 69452K, reserved 1110016K
  class space    used 8586K, capacity 9162K, committed 9292K, reserved 1048576K
}
Event: 16.278 GC heap after
{Heap after GC invocations=17 (full 0):
 garbage-first heap   total 129024K, used 60814K [0x00000000a0000000, 0x0000000100000000)
  region size 1024K, 6 young (6144K), 6 survivors (6144K)
 Metaspace       used 67655K, capacity 69269K, committed 69452K, reserved 1110016K
  class space    used 8586K, capacity 9162K, committed 9292K, reserved 1048576K
}
Event: 17.321 GC heap before
{Heap before GC invocations=17 (full 0):
 garbage-first heap   total 129024K, used 100750K [0x00000000a0000000, 0x0000000100000000)
  region size 1024K, 45 young (46080K), 6 survivors (6144K)
 Metaspace       used 72278K, capacity 74006K, committed 74316K, reserved 1114112K
  class space    used 9325K, capacity 9944K, committed 10060K, reserved 1048576K
}
Event: 17.334 GC heap after
{Heap after GC invocations=18 (full 0):
 garbage-first heap   total 129024K, used 63178K [0x00000000a0000000, 0x0000000100000000)
  region size 1024K, 3 young (3072K), 3 survivors (3072K)
 Metaspace       used 72278K, capacity 74006K, committed 74316K, reserved 1114112K
  class space    used 9325K, capacity 9944K, committed 10060K, reserved 1048576K
}
Event: 18.400 GC heap before
{Heap before GC invocations=18 (full 0):
 garbage-first heap   total 129024K, used 102090K [0x00000000a0000000, 0x0000000100000000)
  region size 1024K, 41 young (41984K), 3 survivors (3072K)
 Metaspace       used 77129K, capacity 78867K, committed 79052K, reserved 1118208K
  class space    used 9941K, capacity 10577K, committed 10700K, reserved 1048576K
}
Event: 18.411 GC heap after
{Heap after GC invocations=19 (full 0):
 garbage-first heap   total 129024K, used 65338K [0x00000000a0000000, 0x0000000100000000)
  region size 1024K, 5 young (5120K), 5 survivors (5120K)
 Metaspace       used 77129K, capacity 78867K, committed 79052K, reserved 1118208K
  class space    used 9941K, capacity 10577K, committed 10700K, reserved 1048576K
}
Event: 19.323 GC heap before
{Heap before GC invocations=20 (full 0):
 garbage-first heap   total 129024K, used 103226K [0x00000000a0000000, 0x0000000100000000)
  region size 1024K, 42 young (43008K), 5 survivors (5120K)
 Metaspace       used 80552K, capacity 82375K, committed 82508K, reserved 1120256K
  class space    used 10415K, capacity 11068K, committed 11084K, reserved 1048576K
}
Event: 19.332 GC heap after
{Heap after GC invocations=21 (full 0):
 garbage-first heap   total 129024K, used 67968K [0x00000000a0000000, 0x0000000100000000)
  region size 1024K, 5 young (5120K), 5 survivors (5120K)
 Metaspace       used 80552K, capacity 82375K, committed 82508K, reserved 1120256K
  class space    used 10415K, capacity 11068K, committed 11084K, reserved 1048576K
}

Deoptimization events (20 events):
Event: 19.867 Thread 0x00000139678dc000 DEOPT PACKING pc=0x0000013956ad7e3c sp=0x0000002efcdfb6d0
Event: 19.867 Thread 0x00000139678dc000 DEOPT UNPACKING pc=0x000001394ec878af sp=0x0000002efcdfb6c8 mode 2
Event: 19.869 Thread 0x00000139679ae000 Uncommon trap: trap_request=0xffffff6e fr.pc=0x0000013956c12ed4 relative=0x0000000000000774
Event: 19.869 Thread 0x00000139679ae000 Uncommon trap: reason=speculate_class_check action=maybe_recompile pc=0x0000013956c12ed4 method=sun.security.provider.DigestBase.implCompressMultiBlock([BII)I @ 11 c2
Event: 19.869 Thread 0x00000139679ae000 DEOPT PACKING pc=0x0000013956c12ed4 sp=0x0000002efd0fcf00
Event: 19.869 Thread 0x00000139679ae000 DEOPT UNPACKING pc=0x000001394ec878af sp=0x0000002efd0fce38 mode 2
Event: 19.894 Thread 0x000001396b145800 Uncommon trap: trap_request=0xffffffc6 fr.pc=0x0000013956a4730c relative=0x000000000000068c
Event: 19.894 Thread 0x000001396b145800 Uncommon trap: reason=bimorphic_or_optimized_type_check action=maybe_recompile pc=0x0000013956a4730c method=java.util.Arrays.binarySearch0([Ljava/lang/Object;IILjava/lang/Object;Ljava/util/Comparator;)I @ 48 c2
Event: 19.894 Thread 0x000001396b145800 DEOPT PACKING pc=0x0000013956a4730c sp=0x0000002e800fe050
Event: 19.894 Thread 0x000001396b145800 DEOPT UNPACKING pc=0x000001394ec878af sp=0x0000002e800fdfd0 mode 2
Event: 19.894 Thread 0x000001396b145800 Uncommon trap: trap_request=0xffffffc6 fr.pc=0x0000013956a4730c relative=0x000000000000068c
Event: 19.894 Thread 0x000001396b145800 Uncommon trap: reason=bimorphic_or_optimized_type_check action=maybe_recompile pc=0x0000013956a4730c method=java.util.Arrays.binarySearch0([Ljava/lang/Object;IILjava/lang/Object;Ljava/util/Comparator;)I @ 48 c2
Event: 19.894 Thread 0x000001396b145800 DEOPT PACKING pc=0x0000013956a4730c sp=0x0000002e800fe050
Event: 19.894 Thread 0x000001396b145800 DEOPT UNPACKING pc=0x000001394ec878af sp=0x0000002e800fdfd0 mode 2
Event: 19.990 Thread 0x00000139678dc000 DEOPT PACKING pc=0x00000139500d51bb sp=0x0000002efcdf6430
Event: 19.990 Thread 0x00000139678dc000 DEOPT UNPACKING pc=0x000001394ec876ce sp=0x0000002efcdf5970 mode 0
Event: 20.163 Thread 0x00000139678dc000 DEOPT PACKING pc=0x00000139500b89b8 sp=0x0000002efcdf5920
Event: 20.163 Thread 0x00000139678dc000 DEOPT UNPACKING pc=0x000001394ec876ce sp=0x0000002efcdf4e28 mode 0
Event: 20.258 Thread 0x00000139678dc000 DEOPT PACKING pc=0x00000139500b89b8 sp=0x0000002efcdf6900
Event: 20.258 Thread 0x00000139678dc000 DEOPT UNPACKING pc=0x000001394ec876ce sp=0x0000002efcdf5e18 mode 0

Classes redefined (0 events):
No events

Internal exceptions (20 events):
Event: 18.170 Thread 0x00000139678dc000 Exception <a 'sun/nio/fs/WindowsException'{0x00000000a5f15518}> (0x00000000a5f15518) thrown at [./src/hotspot/share/prims/jni.cpp, line 615]
Event: 18.431 Thread 0x00000139678dc000 Exception <a 'java/lang/NullPointerException'{0x00000000a7c179a8}> (0x00000000a7c179a8) thrown at [./src/hotspot/share/interpreter/linkResolver.cpp, line 1440]
Event: 18.633 Thread 0x00000139678dc000 Implicit null exception at 0x0000013956ba0e0d to 0x0000013956ba14bc
Event: 18.854 Thread 0x00000139678dc000 Exception <a 'java/lang/NoSuchMethodError'{0x00000000a6d49578}: 'int java.lang.invoke.DirectMethodHandle$Holder.invokeStatic(java.lang.Object, java.lang.Object, int, java.lang.Object)'> (0x00000000a6d49578) thrown at [./src/hotspot/share/interpreter/linkResolver.cpp, line 773]
Event: 18.855 Thread 0x00000139678dc000 Exception <a 'java/lang/NoSuchMethodError'{0x00000000a6d50420}: 'java.lang.Object java.lang.invoke.Invokers$Holder.linkToTargetMethod(java.lang.Object, int, java.lang.Object)'> (0x00000000a6d50420) thrown at [./src/hotspot/share/interpreter/linkResolver.cpp, line 773]
Event: 18.907 Thread 0x00000139678dc000 Exception <a 'sun/nio/fs/WindowsException'{0x00000000a6c450d0}> (0x00000000a6c450d0) thrown at [./src/hotspot/share/prims/jni.cpp, line 615]
Event: 18.907 Thread 0x00000139678dc000 Exception <a 'sun/nio/fs/WindowsException'{0x00000000a6c461b8}> (0x00000000a6c461b8) thrown at [./src/hotspot/share/prims/jni.cpp, line 615]
Event: 18.908 Thread 0x00000139678dc000 Exception <a 'sun/nio/fs/WindowsException'{0x00000000a6c472d8}> (0x00000000a6c472d8) thrown at [./src/hotspot/share/prims/jni.cpp, line 615]
Event: 18.909 Thread 0x00000139678dc000 Exception <a 'sun/nio/fs/WindowsException'{0x00000000a6c483f8}> (0x00000000a6c483f8) thrown at [./src/hotspot/share/prims/jni.cpp, line 615]
Event: 19.346 Thread 0x00000139678dc000 Exception <a 'java/lang/NoSuchMethodError'{0x00000000a7d6c8f8}: 'java.lang.Object java.lang.invoke.Invokers$Holder.linkToTargetMethod(java.lang.Object, int, int, java.lang.Object)'> (0x00000000a7d6c8f8) thrown at [./src/hotspot/share/interpreter/linkResolver.cpp, line 773]
Event: 19.776 Thread 0x00000139679ae000 Exception <a 'java/lang/NoSuchMethodError'{0x00000000a6888e88}: <clinit>> (0x00000000a6888e88) thrown at [./src/hotspot/share/prims/jni.cpp, line 1362]
Event: 19.777 Thread 0x00000139679ae000 Exception <a 'java/lang/NoSuchMethodError'{0x00000000a68943e8}: <clinit>> (0x00000000a68943e8) thrown at [./src/hotspot/share/prims/jni.cpp, line 1362]
Event: 19.782 Thread 0x00000139679ae000 Exception <a 'java/lang/NoSuchMethodError'{0x00000000a68a1408}: <clinit>> (0x00000000a68a1408) thrown at [./src/hotspot/share/prims/jni.cpp, line 1362]
Event: 19.784 Thread 0x00000139679ae000 Exception <a 'java/lang/NoSuchMethodError'{0x00000000a68da378}: <clinit>> (0x00000000a68da378) thrown at [./src/hotspot/share/prims/jni.cpp, line 1362]
Event: 19.784 Thread 0x00000139679ae000 Exception <a 'java/lang/NoSuchMethodError'{0x00000000a68dbaf0}: <clinit>> (0x00000000a68dbaf0) thrown at [./src/hotspot/share/prims/jni.cpp, line 1362]
Event: 19.824 Thread 0x0000013967a0d800 Exception <a 'java/lang/NoSuchMethodError'{0x00000000a658e7e0}: <clinit>> (0x00000000a658e7e0) thrown at [./src/hotspot/share/prims/jni.cpp, line 1362]
Event: 19.828 Thread 0x0000013967a0d800 Exception <a 'java/lang/NoSuchMethodError'{0x00000000a65a38d0}: <clinit>> (0x00000000a65a38d0) thrown at [./src/hotspot/share/prims/jni.cpp, line 1362]
Event: 19.831 Thread 0x0000013967a0d800 Exception <a 'java/lang/NoSuchMethodError'{0x00000000a65bcf08}: <clinit>> (0x00000000a65bcf08) thrown at [./src/hotspot/share/prims/jni.cpp, line 1362]
Event: 19.869 Thread 0x00000139679ae000 Exception <a 'java/lang/NoSuchMethodError'{0x00000000a63af5b0}: <clinit>> (0x00000000a63af5b0) thrown at [./src/hotspot/share/prims/jni.cpp, line 1362]
Event: 19.906 Thread 0x00000139678dc000 Exception <a 'java/lang/NoSuchMethodError'{0x00000000a6273d20}: 'java.lang.Object java.lang.invoke.Invokers$Holder.linkToTargetMethod(java.lang.Object, java.lang.Object, java.lang.Object, int, java.lang.Object, java.lang.Object)'> (0x00000000a6273d20) thrown at [./src/hotspot/share/interpreter/linkResolver.cpp, line 773]

Events (20 events):
Event: 20.014 loading class org/gradle/api/internal/artifacts/repositories/resolver/AbstractDependenciesMetadataAdapter
Event: 20.014 loading class org/gradle/api/internal/artifacts/repositories/resolver/AbstractDependenciesMetadataAdapter done
Event: 20.018 loading class org/gradle/api/artifacts/DirectDependenciesMetadata
Event: 20.018 loading class org/gradle/api/artifacts/DirectDependenciesMetadata done
Event: 20.018 loading class com/android/build/gradle/internal/dependency/AndroidXDependencySubstitution$replaceOldSupportLibraries$1$1$1$2
Event: 20.018 loading class com/android/build/gradle/internal/dependency/AndroidXDependencySubstitution$replaceOldSupportLibraries$1$1$1$2 done
Event: 20.019 loading class org/gradle/api/internal/artifacts/repositories/resolver/DirectDependencyMetadataAdapter
Event: 20.019 loading class org/gradle/api/internal/artifacts/repositories/resolver/DirectDependencyMetadataAdapter done
Event: 20.020 loading class org/gradle/api/internal/artifacts/repositories/resolver/AbstractDependencyMetadataAdapter
Event: 20.020 loading class org/gradle/api/internal/artifacts/repositories/resolver/AbstractDependencyMetadataAdapter done
Event: 20.022 loading class org/gradle/internal/component/external/model/ivy/IvyDependencyDescriptor
Event: 20.022 loading class org/gradle/internal/component/external/model/ivy/IvyDependencyDescriptor done
Event: 20.026 loading class org/gradle/api/artifacts/DirectDependencyMetadata
Event: 20.026 loading class org/gradle/api/artifacts/DirectDependencyMetadata done
Event: 20.125 loading class org/gradle/internal/component/model/IvyArtifactName
Event: 20.125 loading class org/gradle/internal/component/model/IvyArtifactName done
Event: 20.125 loading class org/gradle/api/internal/artifacts/ivyservice/dependencysubstitution/DefaultDependencyArtifactSelector
Event: 20.125 loading class org/gradle/api/internal/artifacts/ivyservice/dependencysubstitution/DefaultDependencyArtifactSelector done
Event: 20.126 loading class org/gradle/internal/component/model/IvyArtifactName
Event: 20.126 loading class org/gradle/internal/component/model/IvyArtifactName done


Dynamic libraries:
0x00007ff7c5d50000 - 0x00007ff7c5d5a000 	C:\Program Files\Android\Android Studio\jre\bin\java.exe
0x00007ffb699f0000 - 0x00007ffb69be5000 	C:\WINDOWS\SYSTEM32\ntdll.dll
0x00007ffb67db0000 - 0x00007ffb67e6e000 	C:\WINDOWS\System32\KERNEL32.DLL
0x00007ffb67420000 - 0x00007ffb676e8000 	C:\WINDOWS\System32\KERNELBASE.dll
0x00007ffb671d0000 - 0x00007ffb672d0000 	C:\WINDOWS\System32\ucrtbase.dll
0x00007ffb56f70000 - 0x00007ffb56f87000 	C:\Program Files\Android\Android Studio\jre\bin\VCRUNTIME140.dll
0x00007ffb56f50000 - 0x00007ffb56f69000 	C:\Program Files\Android\Android Studio\jre\bin\jli.dll
0x00007ffb68910000 - 0x00007ffb68ab0000 	C:\WINDOWS\System32\USER32.dll
0x00007ffb676f0000 - 0x00007ffb67712000 	C:\WINDOWS\System32\win32u.dll
0x00007ffb67af0000 - 0x00007ffb67b1b000 	C:\WINDOWS\System32\GDI32.dll
0x00007ffb67880000 - 0x00007ffb6798d000 	C:\WINDOWS\System32\gdi32full.dll
0x00007ffb67130000 - 0x00007ffb671cd000 	C:\WINDOWS\System32\msvcp_win.dll
0x00007ffb5c970000 - 0x00007ffb5cc0a000 	C:\WINDOWS\WinSxS\amd64_microsoft.windows.common-controls_6595b64144ccf1df_6.0.19041.1110_none_60b5254171f9507e\COMCTL32.dll
0x00007ffb69900000 - 0x00007ffb6999e000 	C:\WINDOWS\System32\msvcrt.dll
0x00007ffb67f90000 - 0x00007ffb67fc0000 	C:\WINDOWS\System32\IMM32.DLL
0x00007ffb54290000 - 0x00007ffb5432d000 	C:\Program Files\Android\Android Studio\jre\bin\msvcp140.dll
0x00007ffac8000000 - 0x00007ffac8acf000 	C:\Program Files\Android\Android Studio\jre\bin\server\jvm.dll
0x00007ffb67d00000 - 0x00007ffb67dae000 	C:\WINDOWS\System32\ADVAPI32.dll
0x00007ffb67b20000 - 0x00007ffb67bbc000 	C:\WINDOWS\System32\sechost.dll
0x00007ffb68510000 - 0x00007ffb68635000 	C:\WINDOWS\System32\RPCRT4.dll
0x00007ffb699a0000 - 0x00007ffb699a8000 	C:\WINDOWS\System32\PSAPI.DLL
0x00007ffb4a320000 - 0x00007ffb4a329000 	C:\WINDOWS\SYSTEM32\WSOCK32.dll
0x00007ffb485c0000 - 0x00007ffb485e7000 	C:\WINDOWS\SYSTEM32\WINMM.dll
0x00007ffb5f0c0000 - 0x00007ffb5f0ca000 	C:\WINDOWS\SYSTEM32\VERSION.dll
0x00007ffb68640000 - 0x00007ffb686ab000 	C:\WINDOWS\System32\WS2_32.dll
0x00007ffb65980000 - 0x00007ffb65992000 	C:\WINDOWS\SYSTEM32\kernel.appcore.dll
0x00007ffb50410000 - 0x00007ffb50421000 	C:\Program Files\Android\Android Studio\jre\bin\verify.dll
0x00007ffb65690000 - 0x00007ffb65874000 	C:\WINDOWS\SYSTEM32\DBGHELP.DLL
0x00007ffb5c900000 - 0x00007ffb5c92c000 	C:\WINDOWS\SYSTEM32\dbgcore.DLL
0x00007ffb67320000 - 0x00007ffb673a2000 	C:\WINDOWS\System32\bcryptPrimitives.dll
0x00007ffb35070000 - 0x00007ffb35099000 	C:\Program Files\Android\Android Studio\jre\bin\java.dll
0x00007ffb61310000 - 0x00007ffb6131b000 	C:\Program Files\Android\Android Studio\jre\bin\jimage.dll
0x00007ffb503f0000 - 0x00007ffb50408000 	C:\Program Files\Android\Android Studio\jre\bin\zip.dll
0x00007ffb68c10000 - 0x00007ffb69354000 	C:\WINDOWS\System32\SHELL32.dll
0x00007ffb64e30000 - 0x00007ffb655c4000 	C:\WINDOWS\SYSTEM32\windows.storage.dll
0x00007ffb69520000 - 0x00007ffb69875000 	C:\WINDOWS\System32\combase.dll
0x00007ffb66b50000 - 0x00007ffb66b7e000 	C:\WINDOWS\SYSTEM32\Wldp.dll
0x00007ffb67a40000 - 0x00007ffb67aed000 	C:\WINDOWS\System32\SHCORE.dll
0x00007ffb68020000 - 0x00007ffb68075000 	C:\WINDOWS\System32\shlwapi.dll
0x00007ffb67040000 - 0x00007ffb6705f000 	C:\WINDOWS\SYSTEM32\profapi.dll
0x00007ffb34fa0000 - 0x00007ffb34fba000 	C:\Program Files\Android\Android Studio\jre\bin\net.dll
0x00007ffb62100000 - 0x00007ffb6220c000 	C:\WINDOWS\SYSTEM32\WINHTTP.dll
0x00007ffb668b0000 - 0x00007ffb6691a000 	C:\WINDOWS\system32\mswsock.dll
0x00007ffb34f80000 - 0x00007ffb34f94000 	C:\Program Files\Android\Android Studio\jre\bin\nio.dll
0x00007ffb4cd50000 - 0x00007ffb4cd77000 	C:\Users\migue\.gradle\native\8bec1ad78214c89d9ad589b4d07fe93259594b29d510b10fafb7a158f7737e5d\windows-amd64\native-platform.dll
0x00007ffad9360000 - 0x00007ffad949d000 	C:\Users\migue\.gradle\native\53dbd7edfb1c66fb8903c78663c9afc45aea4f116125fa6feffd364cf09443e8\windows-amd64\native-platform-file-events.dll
0x00007ffb61220000 - 0x00007ffb6122a000 	C:\Program Files\Android\Android Studio\jre\bin\management.dll
0x00007ffb60240000 - 0x00007ffb6024c000 	C:\Program Files\Android\Android Studio\jre\bin\management_ext.dll
0x00007ffb66aa0000 - 0x00007ffb66ab8000 	C:\WINDOWS\SYSTEM32\CRYPTSP.dll
0x00007ffb661c0000 - 0x00007ffb661f4000 	C:\WINDOWS\system32\rsaenh.dll
0x00007ffb67100000 - 0x00007ffb67127000 	C:\WINDOWS\System32\bcrypt.dll
0x00007ffb67000000 - 0x00007ffb6702e000 	C:\WINDOWS\SYSTEM32\USERENV.dll
0x00007ffb66ac0000 - 0x00007ffb66acc000 	C:\WINDOWS\SYSTEM32\CRYPTBASE.dll
0x00007ffb66550000 - 0x00007ffb6658b000 	C:\WINDOWS\SYSTEM32\IPHLPAPI.DLL
0x00007ffb69360000 - 0x00007ffb69368000 	C:\WINDOWS\System32\NSI.dll
0x00007ffb5e680000 - 0x00007ffb5e697000 	C:\WINDOWS\SYSTEM32\dhcpcsvc6.DLL
0x00007ffb5f320000 - 0x00007ffb5f33d000 	C:\WINDOWS\SYSTEM32\dhcpcsvc.DLL
0x00007ffb665e0000 - 0x00007ffb666ab000 	C:\WINDOWS\SYSTEM32\DNSAPI.dll

dbghelp: loaded successfully - version: 4.0.5 - missing functions: none
symbol engine: initialized successfully - sym options: 0x614 - pdb path: .;C:\Program Files\Android\Android Studio\jre\bin;C:\WINDOWS\SYSTEM32;C:\WINDOWS\WinSxS\amd64_microsoft.windows.common-controls_6595b64144ccf1df_6.0.19041.1110_none_60b5254171f9507e;C:\Program Files\Android\Android Studio\jre\bin\server;C:\Users\migue\.gradle\native\8bec1ad78214c89d9ad589b4d07fe93259594b29d510b10fafb7a158f7737e5d\windows-amd64;C:\Users\migue\.gradle\native\53dbd7edfb1c66fb8903c78663c9afc45aea4f116125fa6feffd364cf09443e8\windows-amd64

VM Arguments:
jvm_args: --add-opens=java.base/java.util=ALL-UNNAMED --add-opens=java.base/java.lang=ALL-UNNAMED --add-opens=java.base/java.lang.invoke=ALL-UNNAMED --add-opens=java.base/java.util=ALL-UNNAMED --add-opens=java.prefs/java.util.prefs=ALL-UNNAMED --add-opens=java.prefs/java.util.prefs=ALL-UNNAMED --add-opens=java.base/java.nio.charset=ALL-UNNAMED --add-opens=java.base/java.net=ALL-UNNAMED --add-opens=java.base/java.util.concurrent.atomic=ALL-UNNAMED -Xmx1536m -Dfile.encoding=windows-1252 -Duser.country=ES -Duser.language=es -Duser.variant 
java_command: org.gradle.launcher.daemon.bootstrap.GradleDaemon 7.0.2
java_class_path (initial): C:\Users\migue\.gradle\wrapper\dists\gradle-7.0.2-all\7era6s5ay7zsbhuvl0oc9g94s\gradle-7.0.2\lib\gradle-launcher-7.0.2.jar
Launcher Type: SUN_STANDARD

[Global flags]
     intx CICompilerCount                          = 4                                         {product} {ergonomic}
     uint ConcGCThreads                            = 2                                         {product} {ergonomic}
     uint G1ConcRefinementThreads                  = 8                                         {product} {ergonomic}
   size_t G1HeapRegionSize                         = 1048576                                   {product} {ergonomic}
    uintx GCDrainStackTargetSize                   = 64                                        {product} {ergonomic}
   size_t InitialHeapSize                          = 132120576                                 {product} {ergonomic}
   size_t MarkStackSize                            = 4194304                                   {product} {ergonomic}
   size_t MaxHeapSize                              = 1610612736                                {product} {command line}
   size_t MaxNewSize                               = 965738496                                 {product} {ergonomic}
   size_t MinHeapDeltaBytes                        = 1048576                                   {product} {ergonomic}
    uintx NonNMethodCodeHeapSize                   = 5836300                                {pd product} {ergonomic}
    uintx NonProfiledCodeHeapSize                  = 122910970                              {pd product} {ergonomic}
    uintx ProfiledCodeHeapSize                     = 122910970                              {pd product} {ergonomic}
    uintx ReservedCodeCacheSize                    = 251658240                              {pd product} {ergonomic}
     bool SegmentedCodeCache                       = true                                      {product} {ergonomic}
     bool UseCompressedClassPointers               = true                                 {lp64_product} {ergonomic}
     bool UseCompressedOops                        = true                                 {lp64_product} {ergonomic}
     bool UseG1GC                                  = true                                      {product} {ergonomic}
     bool UseLargePagesIndividualAllocation        = false                                  {pd product} {ergonomic}

Logging:
Log output configuration:
 #0: stdout all=warning uptime,level,tags
 #1: stderr all=off uptime,level,tags

Environment Variables:
PATH=C:\Program Files\Common Files\Oracle\Java\javapath;C:\windows\system32;C:\windows;C:\windows\System32\Wbem;C:\windows\System32\WindowsPowerShell\v1.0\;C:\windows\System32\OpenSSH\;C:\Program Files (x86)\NVIDIA Corporation\PhysX\Common;C:\Program Files\NVIDIA Corporation\NVIDIA NvDLISR;C:\Program Files\Microsoft SQL Server\130\Tools\Binn\;C:\Program Files\Microsoft SQL Server\Client SDK\ODBC\170\Tools\Binn\;C:\Program Files\dotnet\;C:\PHP;C:\WINDOWS\system32;C:\WINDOWS;C:\WINDOWS\System32\Wbem;C:\WINDOWS\System32\WindowsPowerShell\v1.0\;C:\WINDOWS\System32\OpenSSH\;C:\Program Files\Git\cmd;C:\Program Files\Java\jdk-17.0.1\bin;C:\Users\migue\AppData\Local\Programs\Python\Python38-32\Scripts\;C:\Users\migue\AppData\Local\Programs\Python\Python38-32\;C:\Users\migue\AppData\Local\Microsoft\WindowsApps;C:\Users\migue\AppData\Local\Programs\Microsoft VS Code\bin;C:\Users\migue\.dotnet\tools;C:\Users\migue\AppData\Local\atom\bin;C:\Users\migue\.dotnet\tools;C:\Users\migue\AppData\Local\Microsoft\WindowsApps;
USERNAME=migue
OS=Windows_NT
PROCESSOR_IDENTIFIER=Intel64 Family 6 Model 142 Stepping 12, GenuineIntel



---------------  S Y S T E M  ---------------

OS: Windows 10 , 64 bit Build 19041 (10.0.19041.1503)
OS uptime: 12 days 7:00 hours

CPU:total 8 (initial active 8) (4 cores per cpu, 2 threads per core) family 6 model 142 stepping 12 microcode 0xde, cmov, cx8, fxsr, mmx, sse, sse2, sse3, ssse3, sse4.1, sse4.2, popcnt, avx, avx2, aes, clmul, erms, 3dnowpref, lzcnt, ht, tsc, tscinvbit, bmi1, bmi2, adx, fma

Memory: 4k page, system-wide physical 7977M (23M free)
TotalPageFile size 32553M (AvailPageFile size 0M)
current process WorkingSet (physical memory assigned to process): 338M, peak: 358M
current process commit charge ("private bytes"): 415M, peak: 420M

vm_info: OpenJDK 64-Bit Server VM (11.0.10+0-b96-7249189) for windows-amd64 JRE (11.0.10+0-b96-7249189), built on Mar 31 2021 21:44:00 by "builder" with MS VC++ 14.0 (VS2015)

END.
